

Microchip MPLAB XC8 Assembler V2.40 build 20220703182018 
                                                                                               Tue Jun 17 10:24:30 2025

Microchip MPLAB XC8 C Compiler v2.40 (Free license) build 20220703182018 Og1 
     1                           	processor	16F887
     2                           	pagewidth 120
     3                           	opt	flic
     4                           	psect	strings,global,class=STRING,delta=2,noexec
     5                           	psect	cinit,global,class=CODE,merge=1,delta=2
     6                           	psect	bssCOMMON,global,class=COMMON,space=1,delta=1,noexec
     7                           	psect	bssBANK0,global,class=BANK0,space=1,delta=1,noexec
     8                           	psect	cstackCOMMON,global,class=COMMON,space=1,delta=1,noexec
     9                           	psect	maintext,global,class=CODE,split=1,delta=2
    10                           	psect	text1,local,class=CODE,merge=1,delta=2
    11                           	psect	text2,local,class=CODE,merge=1,delta=2
    12                           	psect	text3,local,class=CODE,merge=1,delta=2
    13                           	psect	text4,local,class=CODE,merge=1,delta=2
    14                           	psect	text5,local,class=CODE,merge=1,delta=2
    15                           	psect	text6,local,class=CODE,merge=1,delta=2
    16                           	psect	idloc,global,abs,ovrld,class=IDLOC,space=5,delta=2,noexec
    17                           	psect	config,global,abs,ovrld,class=CONFIG,space=4,delta=2,noexec
    18                           	dabs	1,0x7E,2
    19     0000                     
    20                           ; Version 2.40
    21                           ; Generated 17/11/2021 GMT
    22                           ; 
    23                           ; Copyright © 2021, Microchip Technology Inc. and its subsidiaries ("Microchip")
    24                           ; All rights reserved.
    25                           ; 
    26                           ; This software is developed by Microchip Technology Inc. and its subsidiaries ("Microch
      +                          ip").
    27                           ; 
    28                           ; Redistribution and use in source and binary forms, with or without modification, are
    29                           ; permitted provided that the following conditions are met:
    30                           ; 
    31                           ;     1. Redistributions of source code must retain the above copyright notice, this lis
      +                          t of
    32                           ;        conditions and the following disclaimer.
    33                           ; 
    34                           ;     2. Redistributions in binary form must reproduce the above copyright notice, this 
      +                          list
    35                           ;        of conditions and the following disclaimer in the documentation and/or other
    36                           ;        materials provided with the distribution. Publication is not required when
    37                           ;        this file is used in an embedded application.
    38                           ; 
    39                           ;     3. Microchip's name may not be used to endorse or promote products derived from th
      +                          is
    40                           ;        software without specific prior written permission.
    41                           ; 
    42                           ; THIS SOFTWARE IS PROVIDED BY MICROCHIP "AS IS" AND ANY EXPRESS OR IMPLIED WARRANTIES,
    43                           ; INCLUDING, BUT NOT LIMITED TO, THE IMPLIED WARRANTIES OF MERCHANTABILITY AND FITNESS F
      +                          OR
    44                           ; PURPOSE ARE DISCLAIMED.  IN NO EVENT SHALL MICROCHIP BE LIABLE FOR ANY DIRECT, INDIREC
      +                          T,
    45                           ; INCIDENTAL, SPECIAL, EXEMPLARY, OR CONSEQUENTIAL DAMAGES (INCLUDING BUT NOT LIMITED TO
    46                           ; PROCUREMENT OF SUBSTITUTE GOODS OR SERVICES; LOSS OF USE, DATA OR PROFITS; OR BUSINESS
    47                           ; INTERRUPTION) HOWSOEVER CAUSED AND ON ANY THEORY OF LIABILITY, WHETHER IN CONTRACT, ST
      +                          RICT
    48                           ; LIABILITY, OR TORT (INCLUDING NEGLIGENCE OR OTHERWISE) ARISING IN ANY WAY OUT OF THE U
      +                          SE OF
    49                           ; THIS SOFTWARE, EVEN IF ADVISED OF THE POSSIBILITY OF SUCH DAMAGE.
    50                           ; 
    51                           ; 
    52                           ; Code-generator required, PIC16F887 Definitions
    53                           ; 
    54                           ; SFR Addresses
    55     0000                     	;# 
    56     0001                     	;# 
    57     0002                     	;# 
    58     0003                     	;# 
    59     0004                     	;# 
    60     0005                     	;# 
    61     0006                     	;# 
    62     0007                     	;# 
    63     0008                     	;# 
    64     0009                     	;# 
    65     000A                     	;# 
    66     000B                     	;# 
    67     000C                     	;# 
    68     000D                     	;# 
    69     000E                     	;# 
    70     000E                     	;# 
    71     000F                     	;# 
    72     0010                     	;# 
    73     0011                     	;# 
    74     0012                     	;# 
    75     0013                     	;# 
    76     0014                     	;# 
    77     0015                     	;# 
    78     0015                     	;# 
    79     0016                     	;# 
    80     0017                     	;# 
    81     0018                     	;# 
    82     0019                     	;# 
    83     001A                     	;# 
    84     001B                     	;# 
    85     001B                     	;# 
    86     001C                     	;# 
    87     001D                     	;# 
    88     001E                     	;# 
    89     001F                     	;# 
    90     0081                     	;# 
    91     0085                     	;# 
    92     0086                     	;# 
    93     0087                     	;# 
    94     0088                     	;# 
    95     0089                     	;# 
    96     008C                     	;# 
    97     008D                     	;# 
    98     008E                     	;# 
    99     008F                     	;# 
   100     0090                     	;# 
   101     0091                     	;# 
   102     0092                     	;# 
   103     0093                     	;# 
   104     0093                     	;# 
   105     0093                     	;# 
   106     0094                     	;# 
   107     0095                     	;# 
   108     0096                     	;# 
   109     0097                     	;# 
   110     0098                     	;# 
   111     0099                     	;# 
   112     009A                     	;# 
   113     009B                     	;# 
   114     009C                     	;# 
   115     009D                     	;# 
   116     009E                     	;# 
   117     009F                     	;# 
   118     0105                     	;# 
   119     0107                     	;# 
   120     0108                     	;# 
   121     0109                     	;# 
   122     010C                     	;# 
   123     010C                     	;# 
   124     010D                     	;# 
   125     010E                     	;# 
   126     010F                     	;# 
   127     0185                     	;# 
   128     0187                     	;# 
   129     0188                     	;# 
   130     0189                     	;# 
   131     018C                     	;# 
   132     018D                     	;# 
   133     0000                     	;# 
   134     0001                     	;# 
   135     0002                     	;# 
   136     0003                     	;# 
   137     0004                     	;# 
   138     0005                     	;# 
   139     0006                     	;# 
   140     0007                     	;# 
   141     0008                     	;# 
   142     0009                     	;# 
   143     000A                     	;# 
   144     000B                     	;# 
   145     000C                     	;# 
   146     000D                     	;# 
   147     000E                     	;# 
   148     000E                     	;# 
   149     000F                     	;# 
   150     0010                     	;# 
   151     0011                     	;# 
   152     0012                     	;# 
   153     0013                     	;# 
   154     0014                     	;# 
   155     0015                     	;# 
   156     0015                     	;# 
   157     0016                     	;# 
   158     0017                     	;# 
   159     0018                     	;# 
   160     0019                     	;# 
   161     001A                     	;# 
   162     001B                     	;# 
   163     001B                     	;# 
   164     001C                     	;# 
   165     001D                     	;# 
   166     001E                     	;# 
   167     001F                     	;# 
   168     0081                     	;# 
   169     0085                     	;# 
   170     0086                     	;# 
   171     0087                     	;# 
   172     0088                     	;# 
   173     0089                     	;# 
   174     008C                     	;# 
   175     008D                     	;# 
   176     008E                     	;# 
   177     008F                     	;# 
   178     0090                     	;# 
   179     0091                     	;# 
   180     0092                     	;# 
   181     0093                     	;# 
   182     0093                     	;# 
   183     0093                     	;# 
   184     0094                     	;# 
   185     0095                     	;# 
   186     0096                     	;# 
   187     0097                     	;# 
   188     0098                     	;# 
   189     0099                     	;# 
   190     009A                     	;# 
   191     009B                     	;# 
   192     009C                     	;# 
   193     009D                     	;# 
   194     009E                     	;# 
   195     009F                     	;# 
   196     0105                     	;# 
   197     0107                     	;# 
   198     0108                     	;# 
   199     0109                     	;# 
   200     010C                     	;# 
   201     010C                     	;# 
   202     010D                     	;# 
   203     010E                     	;# 
   204     010F                     	;# 
   205     0185                     	;# 
   206     0187                     	;# 
   207     0188                     	;# 
   208     0189                     	;# 
   209     018C                     	;# 
   210     018D                     	;# 
   211     0018                     _RCSTA	set	24
   212     0009                     _PORTE	set	9
   213     0006                     _PORTB	set	6
   214     0007                     _PORTC	set	7
   215     001A                     _RCREG	set	26
   216     0008                     _PORTD	set	8
   217     0030                     _RB0	set	48
   218     0065                     _RCIF	set	101
   219     0048                     _RE0	set	72
   220     0049                     _RE1	set	73
   221     0098                     _TXSTA	set	152
   222     0099                     _SPBRG	set	153
   223     0089                     _TRISE	set	137
   224     0088                     _TRISD	set	136
   225     0086                     _TRISB	set	134
   226     0087                     _TRISC	set	135
   227     0189                     _ANSELH	set	393
   228     0188                     _ANSEL	set	392
   229                           
   230                           	psect	strings
   231     0003                     __pstrings:
   232     0003                     stringtab:
   233     0003                     __stringtab:
   234     0003                     stringcode:	
   235                           ;	String table - string pointers are 1 byte each
   236                           
   237     0003                     stringdir:
   238     0003  3000               	movlw	high stringdir
   239     0004  008A               	movwf	10
   240     0005  0804               	movf	4,w
   241     0006  0A84               	incf	4,f
   242     0007  0782               	addwf	2,f
   243     0008                     __stringbase:
   244     0008  3400               	retlw	0
   245     0009                     __end_of__stringtab:
   246     0009                     STR_6:
   247     0009  3420               	retlw	32	;' '
   248     000A  344F               	retlw	79	;'O'
   249     000B  3446               	retlw	70	;'F'
   250     000C  3446               	retlw	70	;'F'
   251     000D  3420               	retlw	32	;' '
   252     000E  3400               	retlw	0
   253     000F                     STR_3:
   254     000F  3420               	retlw	32	;' '
   255     0010  344F               	retlw	79	;'O'
   256     0011  344E               	retlw	78	;'N'
   257     0012  3420               	retlw	32	;' '
   258     0013  3400               	retlw	0
   259     0014                     STR_4:
   260     0014  344F               	retlw	79	;'O'
   261     0015  3446               	retlw	70	;'F'
   262     0016  3446               	retlw	70	;'F'
   263     0017  3400               	retlw	0
   264     0018                     STR_1:
   265     0018  344F               	retlw	79	;'O'
   266     0019  344E               	retlw	78	;'N'
   267     001A  3400               	retlw	0
   268     0014                     
   269                           	psect	cinit
   270     07F1                     start_initialization:	
   271                           ; #config settings
   272                           
   273     07F1                     __initialization:
   274                           
   275                           ; Clear objects allocated to COMMON
   276     07F1  01F7               	clrf	__pbssCOMMON& (0+127)
   277     07F2  01F8               	clrf	(__pbssCOMMON+1)& (0+127)
   278                           
   279                           ; Clear objects allocated to BANK0
   280     07F3  1283               	bcf	3,5	;RP0=0, select bank0
   281     07F4  1303               	bcf	3,6	;RP1=0, select bank0
   282     07F5  01A0               	clrf	__pbssBANK0& (0+127)
   283     07F6  01A1               	clrf	(__pbssBANK0+1)& (0+127)
   284     07F7  01A2               	clrf	(__pbssBANK0+2)& (0+127)
   285     07F8  01A3               	clrf	(__pbssBANK0+3)& (0+127)
   286     07F9  01A4               	clrf	(__pbssBANK0+4)& (0+127)
   287     07FA  01A5               	clrf	(__pbssBANK0+5)& (0+127)
   288     07FB  01A6               	clrf	(__pbssBANK0+6)& (0+127)
   289     07FC                     end_of_initialization:	
   290                           ;End of C runtime variable initialization code
   291                           
   292     07FC                     __end_of__initialization:
   293     07FC  0183               	clrf	3
   294     07FD  120A  118A  2F19   	ljmp	_main	;jump to C main() function
   295                           
   296                           	psect	bssCOMMON
   297     0077                     __pbssCOMMON:
   298     0077                     _i:
   299     0077                     	ds	2
   300                           
   301                           	psect	bssBANK0
   302     0020                     __pbssBANK0:
   303     0020                     _data:
   304     0020                     	ds	7
   305                           
   306                           	psect	cstackCOMMON
   307     0070                     __pcstackCOMMON:
   308     0070                     ?_delay:
   309     0070                     ?_enable:	
   310                           ; 1 bytes @ 0x0
   311                           
   312     0070                     ?_receive:	
   313                           ; 1 bytes @ 0x0
   314                           
   315     0070                     ?_main:	
   316                           ; 1 bytes @ 0x0
   317                           
   318     0070                     ?_strcheck:	
   319                           ; 1 bytes @ 0x0
   320                           
   321     0070                     strcheck@ptr2:	
   322                           ; 2 bytes @ 0x0
   323                           
   324     0070                     delay@t:	
   325                           ; 1 bytes @ 0x0
   326                           
   327                           
   328                           ; 2 bytes @ 0x0
   329     0070                     	ds	2
   330     0072                     ??_delay:
   331     0072                     ??_enable:	
   332                           ; 1 bytes @ 0x2
   333                           
   334     0072                     ?_lcd:	
   335                           ; 1 bytes @ 0x2
   336                           
   337     0072                     ?_print:	
   338                           ; 1 bytes @ 0x2
   339                           
   340     0072                     ??_strcheck:	
   341                           ; 1 bytes @ 0x2
   342                           
   343     0072                     print@ptr:	
   344                           ; 1 bytes @ 0x2
   345                           
   346     0072                     lcd@rs:	
   347                           ; 1 bytes @ 0x2
   348                           
   349                           
   350                           ; 2 bytes @ 0x2
   351     0072                     	ds	1
   352     0073                     ??_print:
   353     0073                     print@adrs:	
   354                           ; 1 bytes @ 0x3
   355                           
   356                           
   357                           ; 1 bytes @ 0x3
   358     0073                     	ds	1
   359     0074                     lcd@data:
   360     0074                     strcheck@ptr1:	
   361                           ; 1 bytes @ 0x4
   362                           
   363     0074                     print@k:	
   364                           ; 1 bytes @ 0x4
   365                           
   366                           
   367                           ; 2 bytes @ 0x4
   368     0074                     	ds	1
   369     0075                     ??_lcd:
   370     0075                     strcheck@j:	
   371                           ; 1 bytes @ 0x5
   372                           
   373                           
   374                           ; 2 bytes @ 0x5
   375     0075                     	ds	2
   376     0077                     ??_receive:
   377     0077                     ??_main:	
   378                           ; 1 bytes @ 0x7
   379                           
   380                           
   381                           	psect	maintext
   382     0719                     __pmaintext:	
   383                           ; 1 bytes @ 0x7
   384 ;;
   385 ;;Main: autosize = 0, tempsize = 0, incstack = 0, save=0
   386 ;;
   387 ;; *************** function _main *****************
   388 ;; Defined at:
   389 ;;		line 111 in file "rc3.c"
   390 ;; Parameters:    Size  Location     Type
   391 ;;		None
   392 ;; Auto vars:     Size  Location     Type
   393 ;;		None
   394 ;; Return value:  Size  Location     Type
   395 ;;                  1    wreg      void 
   396 ;; Registers used:
   397 ;;		wreg, fsr0l, fsr0h, status,2, status,0, pclath, cstack
   398 ;; Tracked objects:
   399 ;;		On entry : B00/0
   400 ;;		On exit  : 0/0
   401 ;;		Unchanged: 0/0
   402 ;; Data sizes:     COMMON   BANK0   BANK1   BANK3   BANK2
   403 ;;      Params:         0       0       0       0       0
   404 ;;      Locals:         0       0       0       0       0
   405 ;;      Temps:          0       0       0       0       0
   406 ;;      Totals:         0       0       0       0       0
   407 ;;Total ram usage:        0 bytes
   408 ;; Hardware stack levels required when called: 4
   409 ;; This function calls:
   410 ;;		_lcd
   411 ;;		_receive
   412 ;; This function is called by:
   413 ;;		Startup code after reset
   414 ;; This function uses a non-reentrant model
   415 ;;
   416                           
   417     0719                     _main:	
   418                           ;psect for function _main
   419                           
   420     0719                     l891:	
   421                           ;incstack = 0
   422                           ; Regs used in _main: [wreg-fsr0h+status,2+status,0+pclath+cstack]
   423                           
   424                           
   425                           ;rc3.c: 113:     PORTC=0x00;
   426     0719  1283               	bcf	3,5	;RP0=0, select bank0
   427     071A  1303               	bcf	3,6	;RP1=0, select bank0
   428     071B  0187               	clrf	7	;volatile
   429     071C                     l893:
   430                           
   431                           ;rc3.c: 114:     TRISC=0x80;
   432     071C  3080               	movlw	128
   433     071D  1683               	bsf	3,5	;RP0=1, select bank1
   434     071E  1303               	bcf	3,6	;RP1=0, select bank1
   435     071F  0087               	movwf	7	;volatile
   436     0720                     l895:
   437                           
   438                           ;rc3.c: 115:     PORTB=0x00;
   439     0720  1283               	bcf	3,5	;RP0=0, select bank0
   440     0721  1303               	bcf	3,6	;RP1=0, select bank0
   441     0722  0186               	clrf	6	;volatile
   442     0723                     l897:
   443                           
   444                           ;rc3.c: 116:     TRISB=0x00;
   445     0723  1683               	bsf	3,5	;RP0=1, select bank1
   446     0724  1303               	bcf	3,6	;RP1=0, select bank1
   447     0725  0186               	clrf	6	;volatile
   448     0726                     l899:
   449                           
   450                           ;rc3.c: 117:     PORTD=0x00;
   451     0726  1283               	bcf	3,5	;RP0=0, select bank0
   452     0727  1303               	bcf	3,6	;RP1=0, select bank0
   453     0728  0188               	clrf	8	;volatile
   454     0729                     l901:
   455                           
   456                           ;rc3.c: 118:     TRISD=0x00;
   457     0729  1683               	bsf	3,5	;RP0=1, select bank1
   458     072A  1303               	bcf	3,6	;RP1=0, select bank1
   459     072B  0188               	clrf	8	;volatile
   460     072C                     l903:
   461                           
   462                           ;rc3.c: 119:     PORTE=0x00;
   463     072C  1283               	bcf	3,5	;RP0=0, select bank0
   464     072D  1303               	bcf	3,6	;RP1=0, select bank0
   465     072E  0189               	clrf	9	;volatile
   466     072F                     l905:
   467                           
   468                           ;rc3.c: 120:     TRISE=0x00;
   469     072F  1683               	bsf	3,5	;RP0=1, select bank1
   470     0730  1303               	bcf	3,6	;RP1=0, select bank1
   471     0731  0189               	clrf	9	;volatile
   472     0732                     l907:
   473                           
   474                           ;rc3.c: 121:     ANSEL=ANSELH=0x00;
   475     0732  1683               	bsf	3,5	;RP0=1, select bank3
   476     0733  1703               	bsf	3,6	;RP1=1, select bank3
   477     0734  0189               	clrf	9	;volatile
   478     0735  0188               	clrf	8	;volatile
   479                           
   480                           ;rc3.c: 123:     SPBRG=25;
   481     0736  3019               	movlw	25
   482     0737  1683               	bsf	3,5	;RP0=1, select bank1
   483     0738  1303               	bcf	3,6	;RP1=0, select bank1
   484     0739  0099               	movwf	25	;volatile
   485                           
   486                           ;rc3.c: 124:     TXSTA=0x26;
   487     073A  3026               	movlw	38
   488     073B  0098               	movwf	24	;volatile
   489                           
   490                           ;rc3.c: 125:     RCSTA=0x90;
   491     073C  3090               	movlw	144
   492     073D  1283               	bcf	3,5	;RP0=0, select bank0
   493     073E  1303               	bcf	3,6	;RP1=0, select bank0
   494     073F  0098               	movwf	24	;volatile
   495     0740                     l909:
   496                           
   497                           ;rc3.c: 127:     lcd(0,0x38);
   498     0740  3000               	movlw	0
   499     0741  00F2               	movwf	lcd@rs
   500     0742  00F3               	movwf	lcd@rs+1
   501     0743  3038               	movlw	56
   502     0744  00F4               	movwf	lcd@data
   503     0745  120A  118A  2675  120A  118A  	fcall	_lcd
   504     074A                     l911:
   505                           
   506                           ;rc3.c: 128:     lcd(0,0x0c);
   507     074A  3000               	movlw	0
   508     074B  00F2               	movwf	lcd@rs
   509     074C  00F3               	movwf	lcd@rs+1
   510     074D  300C               	movlw	12
   511     074E  00F4               	movwf	lcd@data
   512     074F  120A  118A  2675  120A  118A  	fcall	_lcd
   513     0754                     l913:
   514                           
   515                           ;rc3.c: 129:     lcd(0,0x01);
   516     0754  3000               	movlw	0
   517     0755  00F2               	movwf	lcd@rs
   518     0756  00F3               	movwf	lcd@rs+1
   519     0757  01F4               	clrf	lcd@data
   520     0758  0AF4               	incf	lcd@data,f
   521     0759  120A  118A  2675  120A  118A  	fcall	_lcd
   522     075E                     l915:
   523                           
   524                           ;rc3.c: 130:     lcd(0,0x80);
   525     075E  3000               	movlw	0
   526     075F  00F2               	movwf	lcd@rs
   527     0760  00F3               	movwf	lcd@rs+1
   528     0761  3080               	movlw	128
   529     0762  00F4               	movwf	lcd@data
   530     0763  120A  118A  2675  120A  118A  	fcall	_lcd
   531     0768                     l917:
   532                           
   533                           ;rc3.c: 133:     {;rc3.c: 134:         receive();
   534     0768  120A  118A  2771  120A  118A  	fcall	_receive
   535     076D  2F68               	goto	l917
   536     076E  120A  118A  2800   	ljmp	start
   537     0771                     __end_of_main:
   538                           
   539                           	psect	text1
   540     0771                     __ptext1:	
   541 ;; *************** function _receive *****************
   542 ;; Defined at:
   543 ;;		line 75 in file "rc3.c"
   544 ;; Parameters:    Size  Location     Type
   545 ;;		None
   546 ;; Auto vars:     Size  Location     Type
   547 ;;		None
   548 ;; Return value:  Size  Location     Type
   549 ;;                  1    wreg      void 
   550 ;; Registers used:
   551 ;;		wreg, fsr0l, fsr0h, status,2, status,0, pclath, cstack
   552 ;; Tracked objects:
   553 ;;		On entry : 0/0
   554 ;;		On exit  : 0/0
   555 ;;		Unchanged: 0/0
   556 ;; Data sizes:     COMMON   BANK0   BANK1   BANK3   BANK2
   557 ;;      Params:         0       0       0       0       0
   558 ;;      Locals:         0       0       0       0       0
   559 ;;      Temps:          0       0       0       0       0
   560 ;;      Totals:         0       0       0       0       0
   561 ;;Total ram usage:        0 bytes
   562 ;; Hardware stack levels used: 1
   563 ;; Hardware stack levels required when called: 3
   564 ;; This function calls:
   565 ;;		_lcd
   566 ;;		_print
   567 ;;		_strcheck
   568 ;; This function is called by:
   569 ;;		_main
   570 ;; This function uses a non-reentrant model
   571 ;;
   572                           
   573     0771                     _receive:	
   574                           ;psect for function _receive
   575                           
   576     0771                     l855:	
   577                           ;incstack = 0
   578                           ; Regs used in _receive: [wreg-fsr0h+status,2+status,0+pclath+cstack]
   579                           
   580     0771                     l70:	
   581                           ;rc3.c: 77:     while(RCIF==0);
   582                           
   583     0771  1283               	bcf	3,5	;RP0=0, select bank0
   584     0772  1303               	bcf	3,6	;RP1=0, select bank0
   585     0773  1E8C               	btfss	12,5	;volatile
   586     0774  2F76               	goto	u191
   587     0775  2F77               	goto	u190
   588     0776                     u191:
   589     0776  2F71               	goto	l70
   590     0777                     u190:
   591     0777                     l857:
   592                           
   593                           ;rc3.c: 78:     data[i]=RCREG;
   594     0777  0877               	movf	_i,w
   595     0778  3E20               	addlw	(low (_data| 0))& (0+255)
   596     0779  0084               	movwf	4
   597     077A  081A               	movf	26,w	;volatile
   598     077B  1383               	bcf	3,7	;select IRP bank0
   599     077C  0080               	movwf	0
   600                           
   601                           ;rc3.c: 79:     if(data[i]==13)
   602     077D  0877               	movf	_i,w
   603     077E  3E20               	addlw	(low (_data| 0))& (0+255)
   604     077F  0084               	movwf	4
   605     0780  300D               	movlw	13
   606     0781  0600               	xorwf	0,w
   607     0782  1D03               	btfss	3,2
   608     0783  2F85               	goto	u201
   609     0784  2F86               	goto	u200
   610     0785                     u201:
   611     0785  2FD9               	goto	l885
   612     0786                     u200:
   613     0786                     l859:
   614                           
   615                           ;rc3.c: 80:     {;rc3.c: 81:         if(strcheck(data,"ON"))
   616     0786  3010               	movlw	(low ((STR_1-__stringbase)| (0+32768)))& (0+255)
   617     0787  00F0               	movwf	strcheck@ptr2
   618     0788  3020               	movlw	(low (_data| 0))& (0+255)
   619     0789  120A  118A  26D6  120A  118A  	fcall	_strcheck
   620     078E  0870               	movf	?_strcheck,w
   621     078F  0471               	iorwf	?_strcheck+1,w
   622     0790  1903               	btfsc	3,2
   623     0791  2F93               	goto	u211
   624     0792  2F94               	goto	u210
   625     0793                     u211:
   626     0793  2FAF               	goto	l871
   627     0794                     u210:
   628     0794                     l861:
   629                           
   630                           ;rc3.c: 82:         {;rc3.c: 83:             RB0=1;
   631     0794  1283               	bcf	3,5	;RP0=0, select bank0
   632     0795  1303               	bcf	3,6	;RP1=0, select bank0
   633     0796  1406               	bsf	6,0	;volatile
   634     0797                     l863:
   635                           
   636                           ;rc3.c: 84:             lcd(0,0x01);
   637     0797  3000               	movlw	0
   638     0798  00F2               	movwf	lcd@rs
   639     0799  00F3               	movwf	lcd@rs+1
   640     079A  01F4               	clrf	lcd@data
   641     079B  0AF4               	incf	lcd@data,f
   642     079C  120A  118A  2675  120A  118A  	fcall	_lcd
   643     07A1                     l865:
   644                           
   645                           ;rc3.c: 85:             print(0x80," ON ");
   646     07A1  3007               	movlw	(low ((STR_3-__stringbase)| (0+32768)))& (0+255)
   647     07A2  00F2               	movwf	print@ptr
   648     07A3  3080               	movlw	128
   649     07A4  120A  118A  26A0  120A  118A  	fcall	_print
   650     07A9                     l867:
   651                           
   652                           ;rc3.c: 86:             data[0]='\0';
   653     07A9  1283               	bcf	3,5	;RP0=0, select bank0
   654     07AA  1303               	bcf	3,6	;RP1=0, select bank0
   655     07AB  01A0               	clrf	_data
   656     07AC                     l869:
   657                           
   658                           ;rc3.c: 87:             i=0;
   659     07AC  01F7               	clrf	_i
   660     07AD  01F8               	clrf	_i+1
   661                           
   662                           ;rc3.c: 88:         }
   663     07AE  2FED               	goto	l889
   664     07AF                     l871:
   665     07AF  300C               	movlw	(low ((STR_4-__stringbase)| (0+32768)))& (0+255)
   666     07B0  00F0               	movwf	strcheck@ptr2
   667     07B1  3020               	movlw	(low (_data| 0))& (0+255)
   668     07B2  120A  118A  26D6  120A  118A  	fcall	_strcheck
   669     07B7  0870               	movf	?_strcheck,w
   670     07B8  0471               	iorwf	?_strcheck+1,w
   671     07B9  1903               	btfsc	3,2
   672     07BA  2FBC               	goto	u221
   673     07BB  2FBD               	goto	u220
   674     07BC                     u221:
   675     07BC  2FD3               	goto	l883
   676     07BD                     u220:
   677     07BD                     l873:
   678                           
   679                           ;rc3.c: 90:         {;rc3.c: 91:             RB0=0;
   680     07BD  1283               	bcf	3,5	;RP0=0, select bank0
   681     07BE  1303               	bcf	3,6	;RP1=0, select bank0
   682     07BF  1006               	bcf	6,0	;volatile
   683     07C0                     l875:
   684                           
   685                           ;rc3.c: 92:             lcd(0,0x01);
   686     07C0  3000               	movlw	0
   687     07C1  00F2               	movwf	lcd@rs
   688     07C2  00F3               	movwf	lcd@rs+1
   689     07C3  01F4               	clrf	lcd@data
   690     07C4  0AF4               	incf	lcd@data,f
   691     07C5  120A  118A  2675  120A  118A  	fcall	_lcd
   692     07CA                     l877:
   693                           
   694                           ;rc3.c: 93:             print(0x80," OFF ");
   695     07CA  3001               	movlw	(low ((STR_6-__stringbase)| (0+32768)))& (0+255)
   696     07CB  00F2               	movwf	print@ptr
   697     07CC  3080               	movlw	128
   698     07CD  120A  118A  26A0  120A  118A  	fcall	_print
   699     07D2  2FA9               	goto	l867
   700     07D3                     l883:
   701                           
   702                           ;rc3.c: 98:         {;rc3.c: 99:             data[0]='\0';
   703     07D3  1283               	bcf	3,5	;RP0=0, select bank0
   704     07D4  1303               	bcf	3,6	;RP1=0, select bank0
   705     07D5  01A0               	clrf	_data
   706                           
   707                           ;rc3.c: 100:             i=0;
   708     07D6  01F7               	clrf	_i
   709     07D7  01F8               	clrf	_i+1
   710     07D8  2FED               	goto	l889
   711     07D9                     l885:
   712                           
   713                           ;rc3.c: 104:     {;rc3.c: 105:         lcd(1,data[i]);
   714     07D9  3001               	movlw	1
   715     07DA  00F2               	movwf	lcd@rs
   716     07DB  3000               	movlw	0
   717     07DC  00F3               	movwf	lcd@rs+1
   718     07DD  0877               	movf	_i,w
   719     07DE  3E20               	addlw	(low (_data| 0))& (0+255)
   720     07DF  0084               	movwf	4
   721     07E0  0800               	movf	0,w
   722     07E1  00F4               	movwf	lcd@data
   723     07E2  120A  118A  2675  120A  118A  	fcall	_lcd
   724     07E7                     l887:
   725                           
   726                           ;rc3.c: 106:         i++;
   727     07E7  3001               	movlw	1
   728     07E8  07F7               	addwf	_i,f
   729     07E9  1803               	skipnc
   730     07EA  0AF8               	incf	_i+1,f
   731     07EB  3000               	movlw	0
   732     07EC  07F8               	addwf	_i+1,f
   733     07ED                     l889:
   734                           
   735                           ;rc3.c: 108:     RCIF=0;
   736     07ED  1283               	bcf	3,5	;RP0=0, select bank0
   737     07EE  1303               	bcf	3,6	;RP1=0, select bank0
   738     07EF  128C               	bcf	12,5	;volatile
   739     07F0                     l79:
   740     07F0  0008               	return
   741     07F1                     __end_of_receive:
   742                           
   743                           	psect	text2
   744     06D6                     __ptext2:	
   745 ;; *************** function _strcheck *****************
   746 ;; Defined at:
   747 ;;		line 57 in file "rc3.c"
   748 ;; Parameters:    Size  Location     Type
   749 ;;  ptr1            1    wreg     PTR unsigned char 
   750 ;;		 -> data(7), 
   751 ;;  ptr2            1    0[COMMON] PTR unsigned char 
   752 ;;		 -> STR_5(4), STR_2(3), 
   753 ;; Auto vars:     Size  Location     Type
   754 ;;  ptr1            1    4[COMMON] PTR unsigned char 
   755 ;;		 -> data(7), 
   756 ;;  j               2    5[COMMON] int 
   757 ;; Return value:  Size  Location     Type
   758 ;;                  2    0[COMMON] int 
   759 ;; Registers used:
   760 ;;		wreg, fsr0l, fsr0h, status,2, status,0, pclath
   761 ;; Tracked objects:
   762 ;;		On entry : 0/0
   763 ;;		On exit  : 0/0
   764 ;;		Unchanged: 0/0
   765 ;; Data sizes:     COMMON   BANK0   BANK1   BANK3   BANK2
   766 ;;      Params:         2       0       0       0       0
   767 ;;      Locals:         3       0       0       0       0
   768 ;;      Temps:          2       0       0       0       0
   769 ;;      Totals:         7       0       0       0       0
   770 ;;Total ram usage:        7 bytes
   771 ;; Hardware stack levels used: 2
   772 ;; This function calls:
   773 ;;		Nothing
   774 ;; This function is called by:
   775 ;;		_receive
   776 ;; This function uses a non-reentrant model
   777 ;;
   778                           
   779     06D6                     _strcheck:	
   780                           ;psect for function _strcheck
   781                           
   782                           
   783                           ;incstack = 0
   784                           ; Regs used in _strcheck: [wreg-fsr0h+status,2+status,0+pclath]
   785                           ;strcheck@ptr1 stored from wreg
   786     06D6  00F4               	movwf	strcheck@ptr1
   787     06D7                     l831:
   788                           
   789                           ;rc3.c: 57: int strcheck(char *ptr1,char *ptr2);rc3.c: 58: {;rc3.c: 59:     int j;;rc3.c
      +                          : 60:     for(j=0;*(ptr2+j)!='\0';j++)
   790     06D7  01F5               	clrf	strcheck@j
   791     06D8  01F6               	clrf	strcheck@j+1
   792     06D9  2F0B               	goto	l853
   793     06DA                     l833:
   794                           
   795                           ;rc3.c: 61:     {;rc3.c: 62:         if( *(ptr1+j)!=*(ptr2+j) )
   796     06DA  0875               	movf	strcheck@j,w
   797     06DB  0770               	addwf	strcheck@ptr2,w
   798     06DC  0084               	movwf	4
   799     06DD  120A  118A  2003  120A  118A  	fcall	stringdir
   800     06E2  00F2               	movwf	??_strcheck
   801     06E3  0875               	movf	strcheck@j,w
   802     06E4  0774               	addwf	strcheck@ptr1,w
   803     06E5  00F3               	movwf	??_strcheck+1
   804     06E6  0873               	movf	??_strcheck+1,w
   805     06E7  0084               	movwf	4
   806     06E8  1383               	bcf	3,7	;select IRP bank0
   807     06E9  0800               	movf	0,w
   808     06EA  0672               	xorwf	??_strcheck,w
   809     06EB  1903               	skipnz
   810     06EC  2EEE               	goto	u161
   811     06ED  2EEF               	goto	u160
   812     06EE                     u161:
   813     06EE  2EF2               	goto	l843
   814     06EF                     u160:
   815     06EF                     l835:
   816                           
   817                           ;rc3.c: 63:         {;rc3.c: 64:             return(0);
   818     06EF  01F0               	clrf	?_strcheck
   819     06F0  01F1               	clrf	?_strcheck+1
   820     06F1  2F18               	goto	l64
   821     06F2                     l843:
   822     06F2  0875               	movf	strcheck@j,w
   823     06F3  0770               	addwf	strcheck@ptr2,w
   824     06F4  3E01               	addlw	1
   825     06F5  0084               	movwf	4
   826     06F6  120A  118A  2003  120A  118A  	fcall	stringdir
   827     06FB  3A00               	xorlw	0
   828     06FC  1D03               	skipz
   829     06FD  2EFF               	goto	u171
   830     06FE  2F00               	goto	u170
   831     06FF                     u171:
   832     06FF  2F05               	goto	l851
   833     0700                     u170:
   834     0700                     l845:
   835                           
   836                           ;rc3.c: 68:         {;rc3.c: 69:             return(1);
   837     0700  3001               	movlw	1
   838     0701  00F0               	movwf	?_strcheck
   839     0702  3000               	movlw	0
   840     0703  00F1               	movwf	?_strcheck+1
   841     0704  2F18               	goto	l64
   842     0705                     l851:
   843                           
   844                           ;rc3.c: 72:     }
   845     0705  3001               	movlw	1
   846     0706  07F5               	addwf	strcheck@j,f
   847     0707  1803               	skipnc
   848     0708  0AF6               	incf	strcheck@j+1,f
   849     0709  3000               	movlw	0
   850     070A  07F6               	addwf	strcheck@j+1,f
   851     070B                     l853:
   852     070B  0875               	movf	strcheck@j,w
   853     070C  0770               	addwf	strcheck@ptr2,w
   854     070D  0084               	movwf	4
   855     070E  120A  118A  2003  120A  118A  	fcall	stringdir
   856     0713  3A00               	xorlw	0
   857     0714  1D03               	skipz
   858     0715  2F17               	goto	u181
   859     0716  2F18               	goto	u180
   860     0717                     u181:
   861     0717  2EDA               	goto	l833
   862     0718                     u180:
   863     0718                     l64:
   864     0718  0008               	return
   865     0719                     __end_of_strcheck:
   866                           
   867                           	psect	text3
   868     06A0                     __ptext3:	
   869 ;; *************** function _print *****************
   870 ;; Defined at:
   871 ;;		line 43 in file "rc3.c"
   872 ;; Parameters:    Size  Location     Type
   873 ;;  adrs            1    wreg     unsigned char 
   874 ;;  ptr             1    2[COMMON] PTR unsigned char 
   875 ;;		 -> STR_6(6), STR_3(5), 
   876 ;; Auto vars:     Size  Location     Type
   877 ;;  adrs            1    3[COMMON] unsigned char 
   878 ;;  k               2    4[COMMON] int 
   879 ;; Return value:  Size  Location     Type
   880 ;;                  1    wreg      void 
   881 ;; Registers used:
   882 ;;		wreg, fsr0l, fsr0h, status,2, status,0, pclath, cstack
   883 ;; Tracked objects:
   884 ;;		On entry : 0/0
   885 ;;		On exit  : 0/0
   886 ;;		Unchanged: 0/0
   887 ;; Data sizes:     COMMON   BANK0   BANK1   BANK3   BANK2
   888 ;;      Params:         1       0       0       0       0
   889 ;;      Locals:         3       0       0       0       0
   890 ;;      Temps:          0       0       0       0       0
   891 ;;      Totals:         4       0       0       0       0
   892 ;;Total ram usage:        4 bytes
   893 ;; Hardware stack levels used: 1
   894 ;; Hardware stack levels required when called: 2
   895 ;; This function calls:
   896 ;;		_enable
   897 ;; This function is called by:
   898 ;;		_receive
   899 ;; This function uses a non-reentrant model
   900 ;;
   901                           
   902     06A0                     _print:	
   903                           ;psect for function _print
   904                           
   905                           
   906                           ;incstack = 0
   907                           ; Regs used in _print: [wreg-fsr0h+status,2+status,0+pclath+cstack]
   908                           ;print@adrs stored from wreg
   909     06A0  00F3               	movwf	print@adrs
   910     06A1                     l815:
   911                           
   912                           ;rc3.c: 43: void print(char adrs ,char *ptr);rc3.c: 44: {;rc3.c: 45:     int k=0;
   913     06A1  01F4               	clrf	print@k
   914     06A2  01F5               	clrf	print@k+1
   915                           
   916                           ;rc3.c: 46:     for(k=0;*(ptr+k)!='\0';k++)
   917     06A3  01F4               	clrf	print@k
   918     06A4  01F5               	clrf	print@k+1
   919     06A5  2EC8               	goto	l829
   920     06A6                     l56:
   921                           
   922                           ;rc3.c: 47:     {;rc3.c: 48:         RE0=0;
   923     06A6  1283               	bcf	3,5	;RP0=0, select bank0
   924     06A7  1303               	bcf	3,6	;RP1=0, select bank0
   925     06A8  1009               	bcf	9,0	;volatile
   926     06A9                     l817:
   927                           
   928                           ;rc3.c: 49:         PORTD=adrs+k;
   929     06A9  0874               	movf	print@k,w
   930     06AA  0773               	addwf	print@adrs,w
   931     06AB  0088               	movwf	8	;volatile
   932     06AC                     l819:
   933                           
   934                           ;rc3.c: 50:         enable();
   935     06AC  120A  118A  2687  120A  118A  	fcall	_enable
   936     06B1                     l821:
   937                           
   938                           ;rc3.c: 51:         RE0=1;
   939     06B1  1283               	bcf	3,5	;RP0=0, select bank0
   940     06B2  1303               	bcf	3,6	;RP1=0, select bank0
   941     06B3  1409               	bsf	9,0	;volatile
   942     06B4                     l823:
   943                           
   944                           ;rc3.c: 52:         PORTD=*(ptr+k);
   945     06B4  0874               	movf	print@k,w
   946     06B5  0772               	addwf	print@ptr,w
   947     06B6  0084               	movwf	4
   948     06B7  120A  118A  2003  120A  118A  	fcall	stringdir
   949     06BC  0088               	movwf	8	;volatile
   950     06BD                     l825:
   951                           
   952                           ;rc3.c: 53:         enable();
   953     06BD  120A  118A  2687  120A  118A  	fcall	_enable
   954     06C2                     l827:
   955                           
   956                           ;rc3.c: 54:     }
   957     06C2  3001               	movlw	1
   958     06C3  07F4               	addwf	print@k,f
   959     06C4  1803               	skipnc
   960     06C5  0AF5               	incf	print@k+1,f
   961     06C6  3000               	movlw	0
   962     06C7  07F5               	addwf	print@k+1,f
   963     06C8                     l829:
   964     06C8  0874               	movf	print@k,w
   965     06C9  0772               	addwf	print@ptr,w
   966     06CA  0084               	movwf	4
   967     06CB  120A  118A  2003  120A  118A  	fcall	stringdir
   968     06D0  3A00               	xorlw	0
   969     06D1  1D03               	skipz
   970     06D2  2ED4               	goto	u151
   971     06D3  2ED5               	goto	u150
   972     06D4                     u151:
   973     06D4  2EA6               	goto	l56
   974     06D5                     u150:
   975     06D5                     l58:
   976     06D5  0008               	return
   977     06D6                     __end_of_print:
   978                           
   979                           	psect	text4
   980     0675                     __ptext4:	
   981 ;; *************** function _lcd *****************
   982 ;; Defined at:
   983 ;;		line 37 in file "rc3.c"
   984 ;; Parameters:    Size  Location     Type
   985 ;;  rs              2    2[COMMON] int 
   986 ;;  data            1    4[COMMON] unsigned char 
   987 ;; Auto vars:     Size  Location     Type
   988 ;;		None
   989 ;; Return value:  Size  Location     Type
   990 ;;                  1    wreg      void 
   991 ;; Registers used:
   992 ;;		wreg, status,2, status,0, pclath, cstack
   993 ;; Tracked objects:
   994 ;;		On entry : 0/0
   995 ;;		On exit  : 0/0
   996 ;;		Unchanged: 0/0
   997 ;; Data sizes:     COMMON   BANK0   BANK1   BANK3   BANK2
   998 ;;      Params:         3       0       0       0       0
   999 ;;      Locals:         0       0       0       0       0
  1000 ;;      Temps:          0       0       0       0       0
  1001 ;;      Totals:         3       0       0       0       0
  1002 ;;Total ram usage:        3 bytes
  1003 ;; Hardware stack levels used: 1
  1004 ;; Hardware stack levels required when called: 2
  1005 ;; This function calls:
  1006 ;;		_enable
  1007 ;; This function is called by:
  1008 ;;		_receive
  1009 ;;		_main
  1010 ;; This function uses a non-reentrant model
  1011 ;;
  1012                           
  1013     0675                     _lcd:	
  1014                           ;psect for function _lcd
  1015                           
  1016     0675                     l809:	
  1017                           ;incstack = 0
  1018                           ; Regs used in _lcd: [wreg+status,2+status,0+pclath+cstack]
  1019                           
  1020                           
  1021                           ;rc3.c: 37: void lcd(int rs,char data);rc3.c: 38: {;rc3.c: 39:     RE0=rs;
  1022     0675  1872               	btfsc	lcd@rs,0
  1023     0676  2E78               	goto	u131
  1024     0677  2E7C               	goto	u130
  1025     0678                     u131:
  1026     0678  1283               	bcf	3,5	;RP0=0, select bank0
  1027     0679  1303               	bcf	3,6	;RP1=0, select bank0
  1028     067A  1409               	bsf	9,0	;volatile
  1029     067B  2E7F               	goto	u144
  1030     067C                     u130:
  1031     067C  1283               	bcf	3,5	;RP0=0, select bank0
  1032     067D  1303               	bcf	3,6	;RP1=0, select bank0
  1033     067E  1009               	bcf	9,0	;volatile
  1034     067F                     u144:
  1035     067F                     l811:
  1036                           
  1037                           ;rc3.c: 40:     PORTD=data;
  1038     067F  0874               	movf	lcd@data,w
  1039     0680  0088               	movwf	8	;volatile
  1040     0681                     l813:
  1041                           
  1042                           ;rc3.c: 41:     enable();
  1043     0681  120A  118A  2687  120A  118A  	fcall	_enable
  1044     0686                     l52:
  1045     0686  0008               	return
  1046     0687                     __end_of_lcd:
  1047                           
  1048                           	psect	text5
  1049     0687                     __ptext5:	
  1050 ;; *************** function _enable *****************
  1051 ;; Defined at:
  1052 ;;		line 30 in file "rc3.c"
  1053 ;; Parameters:    Size  Location     Type
  1054 ;;		None
  1055 ;; Auto vars:     Size  Location     Type
  1056 ;;		None
  1057 ;; Return value:  Size  Location     Type
  1058 ;;                  1    wreg      void 
  1059 ;; Registers used:
  1060 ;;		wreg, status,2, status,0, pclath, cstack
  1061 ;; Tracked objects:
  1062 ;;		On entry : 0/0
  1063 ;;		On exit  : 0/0
  1064 ;;		Unchanged: 0/0
  1065 ;; Data sizes:     COMMON   BANK0   BANK1   BANK3   BANK2
  1066 ;;      Params:         0       0       0       0       0
  1067 ;;      Locals:         0       0       0       0       0
  1068 ;;      Temps:          0       0       0       0       0
  1069 ;;      Totals:         0       0       0       0       0
  1070 ;;Total ram usage:        0 bytes
  1071 ;; Hardware stack levels used: 1
  1072 ;; Hardware stack levels required when called: 1
  1073 ;; This function calls:
  1074 ;;		_delay
  1075 ;; This function is called by:
  1076 ;;		_lcd
  1077 ;;		_print
  1078 ;; This function uses a non-reentrant model
  1079 ;;
  1080                           
  1081     0687                     _enable:	
  1082                           ;psect for function _enable
  1083                           
  1084     0687                     l803:	
  1085                           ;incstack = 0
  1086                           ; Regs used in _enable: [wreg+status,2+status,0+pclath+cstack]
  1087                           
  1088                           
  1089                           ;rc3.c: 32:     RE1=1;
  1090     0687  1283               	bcf	3,5	;RP0=0, select bank0
  1091     0688  1303               	bcf	3,6	;RP1=0, select bank0
  1092     0689  1489               	bsf	9,1	;volatile
  1093     068A                     l805:
  1094                           
  1095                           ;rc3.c: 33:     delay(10);
  1096     068A  300A               	movlw	10
  1097     068B  00F0               	movwf	delay@t
  1098     068C  3000               	movlw	0
  1099     068D  00F1               	movwf	delay@t+1
  1100     068E  120A  118A  2666  120A  118A  	fcall	_delay
  1101     0693                     l807:
  1102                           
  1103                           ;rc3.c: 34:     RE1=0;
  1104     0693  1283               	bcf	3,5	;RP0=0, select bank0
  1105     0694  1303               	bcf	3,6	;RP1=0, select bank0
  1106     0695  1089               	bcf	9,1	;volatile
  1107                           
  1108                           ;rc3.c: 35:     delay(10);
  1109     0696  300A               	movlw	10
  1110     0697  00F0               	movwf	delay@t
  1111     0698  3000               	movlw	0
  1112     0699  00F1               	movwf	delay@t+1
  1113     069A  120A  118A  2666  120A  118A  	fcall	_delay
  1114     069F                     l49:
  1115     069F  0008               	return
  1116     06A0                     __end_of_enable:
  1117                           
  1118                           	psect	text6
  1119     0666                     __ptext6:	
  1120 ;; *************** function _delay *****************
  1121 ;; Defined at:
  1122 ;;		line 26 in file "rc3.c"
  1123 ;; Parameters:    Size  Location     Type
  1124 ;;  t               2    0[COMMON] unsigned int 
  1125 ;; Auto vars:     Size  Location     Type
  1126 ;;		None
  1127 ;; Return value:  Size  Location     Type
  1128 ;;                  1    wreg      void 
  1129 ;; Registers used:
  1130 ;;		wreg, status,2, status,0
  1131 ;; Tracked objects:
  1132 ;;		On entry : 0/0
  1133 ;;		On exit  : 0/0
  1134 ;;		Unchanged: 0/0
  1135 ;; Data sizes:     COMMON   BANK0   BANK1   BANK3   BANK2
  1136 ;;      Params:         2       0       0       0       0
  1137 ;;      Locals:         0       0       0       0       0
  1138 ;;      Temps:          0       0       0       0       0
  1139 ;;      Totals:         2       0       0       0       0
  1140 ;;Total ram usage:        2 bytes
  1141 ;; Hardware stack levels used: 1
  1142 ;; This function calls:
  1143 ;;		Nothing
  1144 ;; This function is called by:
  1145 ;;		_enable
  1146 ;; This function uses a non-reentrant model
  1147 ;;
  1148                           
  1149     0666                     _delay:	
  1150                           ;psect for function _delay
  1151                           
  1152     0666                     l799:	
  1153                           ;incstack = 0
  1154                           ; Regs used in _delay: [wreg+status,2+status,0]
  1155                           
  1156     0666                     l801:	
  1157                           ;rc3.c: 26: void delay(unsigned int t);rc3.c: 27: {;rc3.c: 28:     while(t--);
  1158                           
  1159     0666  3001               	movlw	1
  1160     0667  02F0               	subwf	delay@t,f
  1161     0668  3000               	movlw	0
  1162     0669  1C03               	skipc
  1163     066A  03F1               	decf	delay@t+1,f
  1164     066B  02F1               	subwf	delay@t+1,f
  1165     066C  0A70               	incf	delay@t,w
  1166     066D  1D03               	skipz
  1167     066E  2E73               	goto	u121
  1168     066F  0A71               	incf	delay@t+1,w
  1169     0670  1D03               	btfss	3,2
  1170     0671  2E73               	goto	u121
  1171     0672  2E74               	goto	u120
  1172     0673                     u121:
  1173     0673  2E66               	goto	l801
  1174     0674                     u120:
  1175     0674                     l46:
  1176     0674  0008               	return
  1177     0675                     __end_of_delay:
  1178     007E                     btemp	set	126	;btemp
  1179     007E                     wtemp0	set	126
  1180                           
  1181                           	psect	idloc
  1182                           
  1183                           ;Config register IDLOC0 @ 0x2000
  1184                           ;	unspecified, using default values
  1185     2000                     	org	8192
  1186     2000  3FFF               	dw	16383
  1187                           
  1188                           ;Config register IDLOC1 @ 0x2001
  1189                           ;	unspecified, using default values
  1190     2001                     	org	8193
  1191     2001  3FFF               	dw	16383
  1192                           
  1193                           ;Config register IDLOC2 @ 0x2002
  1194                           ;	unspecified, using default values
  1195     2002                     	org	8194
  1196     2002  3FFF               	dw	16383
  1197                           
  1198                           ;Config register IDLOC3 @ 0x2003
  1199                           ;	unspecified, using default values
  1200     2003                     	org	8195
  1201     2003  3FFF               	dw	16383
  1202                           
  1203                           	psect	config
  1204                           
  1205                           ;Config register CONFIG1 @ 0x2007
  1206                           ;	Oscillator Selection bits
  1207                           ;	FOSC = INTRC_NOCLKOUT, INTOSCIO oscillator: I/O function on RA6/OSC2/CLKOUT pin, I/O f
      +                          unction on RA7/OSC1/CLKIN
  1208                           ;	Watchdog Timer Enable bit
  1209                           ;	WDTE = OFF, WDT disabled and can be enabled by SWDTEN bit of the WDTCON register
  1210                           ;	Power-up Timer Enable bit
  1211                           ;	PWRTE = ON, PWRT enabled
  1212                           ;	RE3/MCLR pin function select bit
  1213                           ;	MCLRE = ON, RE3/MCLR pin function is MCLR
  1214                           ;	Code Protection bit
  1215                           ;	CP = OFF, Program memory code protection is disabled
  1216                           ;	Data Code Protection bit
  1217                           ;	CPD = OFF, Data memory code protection is disabled
  1218                           ;	Brown Out Reset Selection bits
  1219                           ;	BOREN = OFF, BOR disabled
  1220                           ;	Internal External Switchover bit
  1221                           ;	IESO = ON, Internal/External Switchover mode is enabled
  1222                           ;	Fail-Safe Clock Monitor Enabled bit
  1223                           ;	FCMEN = ON, Fail-Safe Clock Monitor is enabled
  1224                           ;	Low Voltage Programming Enable bit
  1225                           ;	LVP = OFF, RB3 pin has digital I/O, HV on MCLR must be used for programming
  1226                           ;	In-Circuit Debugger Mode bit
  1227                           ;	DEBUG = 0x1, unprogrammed default
  1228     2007                     	org	8199
  1229     2007  2CE4               	dw	11492
  1230                           
  1231                           ;Config register CONFIG2 @ 0x2008
  1232                           ;	Brown-out Reset Selection bit
  1233                           ;	BOR4V = BOR40V, Brown-out Reset set to 4.0V
  1234                           ;	Flash Program Memory Self Write Enable bits
  1235                           ;	WRT = OFF, Write protection off
  1236     2008                     	org	8200
  1237     2008  3FFF               	dw	16383

Data Sizes:
    Strings     18
    Constant    0
    Data        0
    BSS         9
    Persistent  0
    Stack       0

Auto Spaces:
    Space          Size  Autos    Used
    COMMON           14      7       9
    BANK0            80      0       7
    BANK1            80      0       0
    BANK3            96      0       0
    BANK2            96      0       0

Pointer List with Targets:

    strcheck@ptr2	PTR unsigned char  size(1) Largest target is 4
		 -> STR_5(CODE[4]), STR_2(CODE[3]), 

    strcheck@ptr1	PTR unsigned char  size(1) Largest target is 7
		 -> data(BANK0[7]), 

    print@ptr	PTR unsigned char  size(1) Largest target is 6
		 -> STR_6(CODE[6]), STR_3(CODE[5]), 


Critical Paths under _main in COMMON

    _receive->_strcheck
    _enable->_delay

Critical Paths under _main in BANK0

    None.

Critical Paths under _main in BANK1

    None.

Critical Paths under _main in BANK3

    None.

Critical Paths under _main in BANK2

    None.

Call Graph Tables:

 ---------------------------------------------------------------------------------
 (Depth) Function   	        Calls       Base Space   Used Autos Params    Refs
 ---------------------------------------------------------------------------------
 (0) _main                                                 0     0      0    3421
                                _lcd
                            _receive
 ---------------------------------------------------------------------------------
 (1) _receive                                              0     0      0    2139
                                _lcd
                              _print
                           _strcheck
 ---------------------------------------------------------------------------------
 (3) _strcheck                                             7     5      2     396
                                              0 COMMON     7     5      2
 ---------------------------------------------------------------------------------
 (2) _print                                                4     3      1     461
                                              2 COMMON     4     3      1
                             _enable
 ---------------------------------------------------------------------------------
 (2) _lcd                                                  3     0      3    1282
                                              2 COMMON     3     0      3
                             _enable
 ---------------------------------------------------------------------------------
 (3) _enable                                               0     0      0     174
                              _delay
 ---------------------------------------------------------------------------------
 (4) _delay                                                2     0      2     174
                                              0 COMMON     2     0      2
 ---------------------------------------------------------------------------------
 Estimated maximum stack depth 4
 ---------------------------------------------------------------------------------

 Call Graph Graphs:

 _main (ROOT)
   _lcd
     _enable
       _delay
   _receive
     _lcd
     _print
       _enable
     _strcheck

 Address spaces:
Name               Size   Autos  Total    Cost      Usage
BITCOMMON            E      0       0       0        0.0%
EEDATA             100      0       0       0        0.0%
NULL                 0      0       0       0        0.0%
CODE                 0      0       0       0        0.0%
COMMON               E      7       9       1       64.3%
BITSFR0              0      0       0       1        0.0%
SFR0                 0      0       0       1        0.0%
BITSFR1              0      0       0       2        0.0%
SFR1                 0      0       0       2        0.0%
STACK                0      0       0       2        0.0%
ABS                  0      0      10       3        0.0%
BITBANK0            50      0       0       4        0.0%
BITSFR3              0      0       0       4        0.0%
SFR3                 0      0       0       4        0.0%
BANK0               50      0       7       5        8.8%
BITSFR2              0      0       0       5        0.0%
SFR2                 0      0       0       5        0.0%
BITBANK1            50      0       0       6        0.0%
BANK1               50      0       0       7        0.0%
BITBANK3            60      0       0       8        0.0%
BANK3               60      0       0       9        0.0%
BITBANK2            60      0       0      10        0.0%
BANK2               60      0       0      11        0.0%
DATA                 0      0      10      12        0.0%


Microchip Technology PIC Macro Assembler V2.40 build 20220703182018 
Symbol Table                                                                                   Tue Jun 17 10:24:30 2025

                      _i 0077                        pc 0002                       l52 0686  
                     l46 0674                       l70 0771                       l56 06A6  
                     l64 0718                       l49 069F                       l58 06D5  
                     l79 07F0                       fsr 0004                      l801 0666  
                    l803 0687                      l811 067F                      l805 068A  
                    l813 0681                      l821 06B1                      l901 0729  
                    l807 0693                      l823 06B4                      l815 06A1  
                    l831 06D7                      l911 074A                      l903 072C  
                    l809 0675                      l825 06BD                      l817 06A9  
                    l833 06DA                      l913 0754                      l905 072F  
                    l827 06C2                      l819 06AC                      l851 0705  
                    l835 06EF                      l843 06F2                      l915 075E  
                    l907 0732                      l829 06C8                      l845 0700  
                    l853 070B                      l861 0794                      l917 0768  
                    l909 0740                      l863 0797                      l871 07AF  
                    l855 0771                      l873 07BD                      l865 07A1  
                    l857 0777                      l875 07C0                      l883 07D3  
                    l867 07A9                      l859 0786                      l891 0719  
                    l877 07CA                      l869 07AC                      l885 07D9  
                    l893 071C                      l799 0666                      l887 07E7  
                    l895 0720                      l889 07ED                      l897 0723  
                    l899 0726                      _RB0 0030                      _RE0 0048  
                    _RE1 0049                      u120 0674                      u200 0786  
                    u121 0673                      u201 0785                      u130 067C  
                    u210 0794                      u131 0678                      u211 0793  
                    u220 07BD                      u221 07BC                      u150 06D5  
                    u151 06D4                      u144 067F                      u160 06EF  
                    u161 06EE                      u170 0700                      u171 06FF  
                    u180 0718                      u181 0717                      u190 0777  
                    u191 0776                      _lcd 0675                      fsr0 0004  
                    indf 0000                     ?_lcd 0072                     STR_1 0018  
                   STR_2 0018                     STR_3 000F                     STR_4 0014  
                   STR_5 0014                     STR_6 0009                     _RCIF 0065  
                   _data 0020                     _main 0719                     btemp 007E  
                   start 0000                    ??_lcd 0075                    ?_main 0070  
                  _ANSEL 0188                    _RCREG 001A                    _RCSTA 0018  
                  _SPBRG 0099                    _PORTB 0006                    _PORTC 0007  
                  _PORTD 0008                    _PORTE 0009                    _TRISB 0086  
                  _TRISC 0087                    _TRISD 0088                    _TRISE 0089  
                  _TXSTA 0098                    _delay 0666                    lcd@rs 0072  
        __end_of_receive 07F1                    _print 06A0                    pclath 000A  
                  status 0003                    wtemp0 007E          __initialization 07F1  
           __end_of_main 0771                   ??_main 0077                   ?_delay 0070  
                 ?_print 0072                   _ANSELH 0189                   _enable 0687  
                 delay@t 0070                ??_receive 0077                   print@k 0074  
       __end_of_strcheck 0719  __end_of__initialization 07FC           __pcstackCOMMON 0070  
          __end_of_delay 0675            __end_of_print 06D6                  ??_delay 0072  
                ??_print 0073               __pbssBANK0 0020               __pmaintext 0719  
           strcheck@ptr1 0074             strcheck@ptr2 0070                  ?_enable 0070  
             __stringtab 0003                ?_strcheck 0070                  __ptext1 0771  
                __ptext2 06D6                  __ptext3 06A0                  __ptext4 0675  
                __ptext5 0687                  __ptext6 0666                  _receive 0771  
                lcd@data 0074     end_of_initialization 07FC               ??_strcheck 0072  
         __end_of_enable 06A0      start_initialization 07F1              __end_of_lcd 0687  
               ??_enable 0072              __pbssCOMMON 0077                ___latbits 0002  
              __pstrings 0003                 ?_receive 0070              __stringbase 0008  
     __end_of__stringtab 0009                print@adrs 0073                 _strcheck 06D6  
              strcheck@j 0075                stringcode 0003                 print@ptr 0072  
               stringdir 0003                 stringtab 0003  
