

Microchip MPLAB XC8 Assembler V2.40 build 20220703182018 
                                                                                               Mon May 26 15:28:01 2025

Microchip MPLAB XC8 C Compiler v2.40 (Free license) build 20220703182018 Og1 
     1                           	processor	16F887
     2                           	pagewidth 120
     3                           	opt	flic
     4                           	psect	cinit,global,class=CODE,merge=1,delta=2
     5                           	psect	bssCOMMON,global,class=COMMON,space=1,delta=1,noexec
     6                           	psect	cstackCOMMON,global,class=COMMON,space=1,delta=1,noexec
     7                           	psect	maintext,global,class=CODE,split=1,delta=2
     8                           	psect	text1,local,class=CODE,merge=1,delta=2
     9                           	psect	idloc,global,abs,ovrld,class=IDLOC,space=5,delta=2,noexec
    10                           	psect	config,global,abs,ovrld,class=CONFIG,space=4,delta=2,noexec
    11                           	dabs	1,0x7E,2
    12     0000                     
    13                           ; Version 2.40
    14                           ; Generated 17/11/2021 GMT
    15                           ; 
    16                           ; Copyright © 2021, Microchip Technology Inc. and its subsidiaries ("Microchip")
    17                           ; All rights reserved.
    18                           ; 
    19                           ; This software is developed by Microchip Technology Inc. and its subsidiaries ("Microch
      +                          ip").
    20                           ; 
    21                           ; Redistribution and use in source and binary forms, with or without modification, are
    22                           ; permitted provided that the following conditions are met:
    23                           ; 
    24                           ;     1. Redistributions of source code must retain the above copyright notice, this lis
      +                          t of
    25                           ;        conditions and the following disclaimer.
    26                           ; 
    27                           ;     2. Redistributions in binary form must reproduce the above copyright notice, this 
      +                          list
    28                           ;        of conditions and the following disclaimer in the documentation and/or other
    29                           ;        materials provided with the distribution. Publication is not required when
    30                           ;        this file is used in an embedded application.
    31                           ; 
    32                           ;     3. Microchip's name may not be used to endorse or promote products derived from th
      +                          is
    33                           ;        software without specific prior written permission.
    34                           ; 
    35                           ; THIS SOFTWARE IS PROVIDED BY MICROCHIP "AS IS" AND ANY EXPRESS OR IMPLIED WARRANTIES,
    36                           ; INCLUDING, BUT NOT LIMITED TO, THE IMPLIED WARRANTIES OF MERCHANTABILITY AND FITNESS F
      +                          OR
    37                           ; PURPOSE ARE DISCLAIMED.  IN NO EVENT SHALL MICROCHIP BE LIABLE FOR ANY DIRECT, INDIREC
      +                          T,
    38                           ; INCIDENTAL, SPECIAL, EXEMPLARY, OR CONSEQUENTIAL DAMAGES (INCLUDING BUT NOT LIMITED TO
    39                           ; PROCUREMENT OF SUBSTITUTE GOODS OR SERVICES; LOSS OF USE, DATA OR PROFITS; OR BUSINESS
    40                           ; INTERRUPTION) HOWSOEVER CAUSED AND ON ANY THEORY OF LIABILITY, WHETHER IN CONTRACT, ST
      +                          RICT
    41                           ; LIABILITY, OR TORT (INCLUDING NEGLIGENCE OR OTHERWISE) ARISING IN ANY WAY OUT OF THE U
      +                          SE OF
    42                           ; THIS SOFTWARE, EVEN IF ADVISED OF THE POSSIBILITY OF SUCH DAMAGE.
    43                           ; 
    44                           ; 
    45                           ; Code-generator required, PIC16F887 Definitions
    46                           ; 
    47                           ; SFR Addresses
    48     0000                     	;# 
    49     0001                     	;# 
    50     0002                     	;# 
    51     0003                     	;# 
    52     0004                     	;# 
    53     0005                     	;# 
    54     0006                     	;# 
    55     0007                     	;# 
    56     0008                     	;# 
    57     0009                     	;# 
    58     000A                     	;# 
    59     000B                     	;# 
    60     000C                     	;# 
    61     000D                     	;# 
    62     000E                     	;# 
    63     000E                     	;# 
    64     000F                     	;# 
    65     0010                     	;# 
    66     0011                     	;# 
    67     0012                     	;# 
    68     0013                     	;# 
    69     0014                     	;# 
    70     0015                     	;# 
    71     0015                     	;# 
    72     0016                     	;# 
    73     0017                     	;# 
    74     0018                     	;# 
    75     0019                     	;# 
    76     001A                     	;# 
    77     001B                     	;# 
    78     001B                     	;# 
    79     001C                     	;# 
    80     001D                     	;# 
    81     001E                     	;# 
    82     001F                     	;# 
    83     0081                     	;# 
    84     0085                     	;# 
    85     0086                     	;# 
    86     0087                     	;# 
    87     0088                     	;# 
    88     0089                     	;# 
    89     008C                     	;# 
    90     008D                     	;# 
    91     008E                     	;# 
    92     008F                     	;# 
    93     0090                     	;# 
    94     0091                     	;# 
    95     0092                     	;# 
    96     0093                     	;# 
    97     0093                     	;# 
    98     0093                     	;# 
    99     0094                     	;# 
   100     0095                     	;# 
   101     0096                     	;# 
   102     0097                     	;# 
   103     0098                     	;# 
   104     0099                     	;# 
   105     009A                     	;# 
   106     009B                     	;# 
   107     009C                     	;# 
   108     009D                     	;# 
   109     009E                     	;# 
   110     009F                     	;# 
   111     0105                     	;# 
   112     0107                     	;# 
   113     0108                     	;# 
   114     0109                     	;# 
   115     010C                     	;# 
   116     010C                     	;# 
   117     010D                     	;# 
   118     010E                     	;# 
   119     010F                     	;# 
   120     0185                     	;# 
   121     0187                     	;# 
   122     0188                     	;# 
   123     0189                     	;# 
   124     018C                     	;# 
   125     018D                     	;# 
   126     0000                     	;# 
   127     0001                     	;# 
   128     0002                     	;# 
   129     0003                     	;# 
   130     0004                     	;# 
   131     0005                     	;# 
   132     0006                     	;# 
   133     0007                     	;# 
   134     0008                     	;# 
   135     0009                     	;# 
   136     000A                     	;# 
   137     000B                     	;# 
   138     000C                     	;# 
   139     000D                     	;# 
   140     000E                     	;# 
   141     000E                     	;# 
   142     000F                     	;# 
   143     0010                     	;# 
   144     0011                     	;# 
   145     0012                     	;# 
   146     0013                     	;# 
   147     0014                     	;# 
   148     0015                     	;# 
   149     0015                     	;# 
   150     0016                     	;# 
   151     0017                     	;# 
   152     0018                     	;# 
   153     0019                     	;# 
   154     001A                     	;# 
   155     001B                     	;# 
   156     001B                     	;# 
   157     001C                     	;# 
   158     001D                     	;# 
   159     001E                     	;# 
   160     001F                     	;# 
   161     0081                     	;# 
   162     0085                     	;# 
   163     0086                     	;# 
   164     0087                     	;# 
   165     0088                     	;# 
   166     0089                     	;# 
   167     008C                     	;# 
   168     008D                     	;# 
   169     008E                     	;# 
   170     008F                     	;# 
   171     0090                     	;# 
   172     0091                     	;# 
   173     0092                     	;# 
   174     0093                     	;# 
   175     0093                     	;# 
   176     0093                     	;# 
   177     0094                     	;# 
   178     0095                     	;# 
   179     0096                     	;# 
   180     0097                     	;# 
   181     0098                     	;# 
   182     0099                     	;# 
   183     009A                     	;# 
   184     009B                     	;# 
   185     009C                     	;# 
   186     009D                     	;# 
   187     009E                     	;# 
   188     009F                     	;# 
   189     0105                     	;# 
   190     0107                     	;# 
   191     0108                     	;# 
   192     0109                     	;# 
   193     010C                     	;# 
   194     010C                     	;# 
   195     010D                     	;# 
   196     010E                     	;# 
   197     010F                     	;# 
   198     0185                     	;# 
   199     0187                     	;# 
   200     0188                     	;# 
   201     0189                     	;# 
   202     018C                     	;# 
   203     018D                     	;# 
   204     000E                     _TMR1	set	14
   205     0010                     _T1CON	set	16
   206     0007                     _PORTC	set	7
   207     0038                     _RC0	set	56
   208     0060                     _TMR1IF	set	96
   209     0087                     _TRISC	set	135
   210                           
   211                           	psect	cinit
   212     07FA                     start_initialization:	
   213                           ; #config settings
   214                           
   215     07FA                     __initialization:
   216                           
   217                           ; Clear objects allocated to COMMON
   218     07FA  01F0               	clrf	__pbssCOMMON& (0+127)
   219     07FB  01F1               	clrf	(__pbssCOMMON+1)& (0+127)
   220     07FC                     end_of_initialization:	
   221                           ;End of C runtime variable initialization code
   222                           
   223     07FC                     __end_of__initialization:
   224     07FC  0183               	clrf	3
   225     07FD  120A  118A  2FCF   	ljmp	_main	;jump to C main() function
   226                           
   227                           	psect	bssCOMMON
   228     0070                     __pbssCOMMON:
   229     0070                     _count:
   230     0070                     	ds	2
   231                           
   232                           	psect	cstackCOMMON
   233     0000                     __pcstackCOMMON:
   234     0000                     ?_timer:
   235     0000                     ??_timer:	
   236                           ; 1 bytes @ 0x0
   237                           
   238     0000                     ?_main:	
   239                           ; 1 bytes @ 0x0
   240                           
   241     0000                     ??_main:	
   242                           ; 1 bytes @ 0x0
   243                           
   244                           
   245                           	psect	maintext
   246     07CF                     __pmaintext:	
   247                           ; 1 bytes @ 0x0
   248 ;;
   249 ;;Main: autosize = 0, tempsize = 0, incstack = 0, save=0
   250 ;;
   251 ;; *************** function _main *****************
   252 ;; Defined at:
   253 ;;		line 35 in file "led_timer1.c"
   254 ;; Parameters:    Size  Location     Type
   255 ;;		None
   256 ;; Auto vars:     Size  Location     Type
   257 ;;		None
   258 ;; Return value:  Size  Location     Type
   259 ;;                  1    wreg      void 
   260 ;; Registers used:
   261 ;;		wreg, status,2, status,0, pclath, cstack
   262 ;; Tracked objects:
   263 ;;		On entry : B00/0
   264 ;;		On exit  : 0/0
   265 ;;		Unchanged: 0/0
   266 ;; Data sizes:     COMMON   BANK0   BANK1   BANK3   BANK2
   267 ;;      Params:         0       0       0       0       0
   268 ;;      Locals:         0       0       0       0       0
   269 ;;      Temps:          0       0       0       0       0
   270 ;;      Totals:         0       0       0       0       0
   271 ;;Total ram usage:        0 bytes
   272 ;; Hardware stack levels required when called: 1
   273 ;; This function calls:
   274 ;;		_timer
   275 ;; This function is called by:
   276 ;;		Startup code after reset
   277 ;; This function uses a non-reentrant model
   278 ;;
   279                           
   280     07CF                     _main:	
   281                           ;psect for function _main
   282                           
   283     07CF                     l626:	
   284                           ;incstack = 0
   285                           ; Regs used in _main: [wreg+status,2+status,0+pclath+cstack]
   286                           
   287                           
   288                           ;led_timer1.c: 37:     PORTC=TRISC=0x00;
   289     07CF  1683               	bsf	3,5	;RP0=1, select bank1
   290     07D0  1303               	bcf	3,6	;RP1=0, select bank1
   291     07D1  0187               	clrf	7	;volatile
   292     07D2  1283               	bcf	3,5	;RP0=0, select bank0
   293     07D3  1303               	bcf	3,6	;RP1=0, select bank0
   294     07D4  0187               	clrf	7	;volatile
   295     07D5                     l628:
   296                           
   297                           ;led_timer1.c: 38:     T1CON=0x8b1;
   298     07D5  30B1               	movlw	177
   299     07D6  0090               	movwf	16	;volatile
   300     07D7                     l630:
   301                           
   302                           ;led_timer1.c: 39:     TMR1=3036;
   303     07D7  300B               	movlw	11
   304     07D8  008F               	movwf	15	;volatile
   305     07D9  30DC               	movlw	220
   306     07DA  008E               	movwf	14	;volatile
   307     07DB                     l632:
   308                           
   309                           ;led_timer1.c: 41:     {;led_timer1.c: 42:         timer();
   310     07DB  120A  118A  27C1  120A  118A  	fcall	_timer
   311     07E0                     l634:
   312                           
   313                           ;led_timer1.c: 43:         if(count==2)
   314     07E0  3002               	movlw	2
   315     07E1  0670               	xorwf	_count,w
   316     07E2  0471               	iorwf	_count+1,w
   317     07E3  1D03               	btfss	3,2
   318     07E4  2FE6               	goto	u21
   319     07E5  2FE7               	goto	u20
   320     07E6                     u21:
   321     07E6  2FEA               	goto	l638
   322     07E7                     u20:
   323     07E7                     l636:
   324                           
   325                           ;led_timer1.c: 44:         {;led_timer1.c: 45:             RC0=1;
   326     07E7  1283               	bcf	3,5	;RP0=0, select bank0
   327     07E8  1303               	bcf	3,6	;RP1=0, select bank0
   328     07E9  1407               	bsf	7,0	;volatile
   329     07EA                     l638:
   330                           
   331                           ;led_timer1.c: 47:         if(count==4)
   332     07EA  3004               	movlw	4
   333     07EB  0670               	xorwf	_count,w
   334     07EC  0471               	iorwf	_count+1,w
   335     07ED  1D03               	btfss	3,2
   336     07EE  2FF0               	goto	u31
   337     07EF  2FF1               	goto	u30
   338     07F0                     u31:
   339     07F0  2FDB               	goto	l632
   340     07F1                     u30:
   341     07F1                     l640:
   342                           
   343                           ;led_timer1.c: 48:         {;led_timer1.c: 49:             RC0=0;
   344     07F1  1283               	bcf	3,5	;RP0=0, select bank0
   345     07F2  1303               	bcf	3,6	;RP1=0, select bank0
   346     07F3  1007               	bcf	7,0	;volatile
   347     07F4                     l642:
   348                           
   349                           ;led_timer1.c: 50:             count=0;
   350     07F4  01F0               	clrf	_count
   351     07F5  01F1               	clrf	_count+1
   352     07F6  2FDB               	goto	l632
   353     07F7  120A  118A  2800   	ljmp	start
   354     07FA                     __end_of_main:
   355                           
   356                           	psect	text1
   357     07C1                     __ptext1:	
   358 ;; *************** function _timer *****************
   359 ;; Defined at:
   360 ;;		line 26 in file "led_timer1.c"
   361 ;; Parameters:    Size  Location     Type
   362 ;;		None
   363 ;; Auto vars:     Size  Location     Type
   364 ;;		None
   365 ;; Return value:  Size  Location     Type
   366 ;;                  1    wreg      void 
   367 ;; Registers used:
   368 ;;		wreg
   369 ;; Tracked objects:
   370 ;;		On entry : 0/0
   371 ;;		On exit  : 0/0
   372 ;;		Unchanged: 0/0
   373 ;; Data sizes:     COMMON   BANK0   BANK1   BANK3   BANK2
   374 ;;      Params:         0       0       0       0       0
   375 ;;      Locals:         0       0       0       0       0
   376 ;;      Temps:          0       0       0       0       0
   377 ;;      Totals:         0       0       0       0       0
   378 ;;Total ram usage:        0 bytes
   379 ;; Hardware stack levels used: 1
   380 ;; This function calls:
   381 ;;		Nothing
   382 ;; This function is called by:
   383 ;;		_main
   384 ;; This function uses a non-reentrant model
   385 ;;
   386                           
   387     07C1                     _timer:	
   388                           ;psect for function _timer
   389                           
   390     07C1                     l620:	
   391                           ;incstack = 0
   392                           ; Regs used in _timer: [wreg]
   393                           
   394                           
   395                           ;led_timer1.c: 28:     if(TMR1IF==1)
   396     07C1  1283               	bcf	3,5	;RP0=0, select bank0
   397     07C2  1303               	bcf	3,6	;RP1=0, select bank0
   398     07C3  1C0C               	btfss	12,0	;volatile
   399     07C4  2FC6               	goto	u11
   400     07C5  2FC7               	goto	u10
   401     07C6                     u11:
   402     07C6  2FCE               	goto	l18
   403     07C7                     u10:
   404     07C7                     l622:
   405                           
   406                           ;led_timer1.c: 29:     {;led_timer1.c: 30:         count++;
   407     07C7  3001               	movlw	1
   408     07C8  07F0               	addwf	_count,f
   409     07C9  1803               	skipnc
   410     07CA  0AF1               	incf	_count+1,f
   411     07CB  3000               	movlw	0
   412     07CC  07F1               	addwf	_count+1,f
   413     07CD                     l624:
   414                           
   415                           ;led_timer1.c: 31:         TMR1IF=0;
   416     07CD  100C               	bcf	12,0	;volatile
   417     07CE                     l18:
   418     07CE  0008               	return
   419     07CF                     __end_of_timer:
   420     007E                     btemp	set	126	;btemp
   421     007E                     wtemp0	set	126
   422                           
   423                           	psect	idloc
   424                           
   425                           ;Config register IDLOC0 @ 0x2000
   426                           ;	unspecified, using default values
   427     2000                     	org	8192
   428     2000  3FFF               	dw	16383
   429                           
   430                           ;Config register IDLOC1 @ 0x2001
   431                           ;	unspecified, using default values
   432     2001                     	org	8193
   433     2001  3FFF               	dw	16383
   434                           
   435                           ;Config register IDLOC2 @ 0x2002
   436                           ;	unspecified, using default values
   437     2002                     	org	8194
   438     2002  3FFF               	dw	16383
   439                           
   440                           ;Config register IDLOC3 @ 0x2003
   441                           ;	unspecified, using default values
   442     2003                     	org	8195
   443     2003  3FFF               	dw	16383
   444                           
   445                           	psect	config
   446                           
   447                           ;Config register CONFIG1 @ 0x2007
   448                           ;	Oscillator Selection bits
   449                           ;	FOSC = INTRC_NOCLKOUT, INTOSCIO oscillator: I/O function on RA6/OSC2/CLKOUT pin, I/O f
      +                          unction on RA7/OSC1/CLKIN
   450                           ;	Watchdog Timer Enable bit
   451                           ;	WDTE = OFF, WDT disabled and can be enabled by SWDTEN bit of the WDTCON register
   452                           ;	Power-up Timer Enable bit
   453                           ;	PWRTE = ON, PWRT enabled
   454                           ;	RE3/MCLR pin function select bit
   455                           ;	MCLRE = ON, RE3/MCLR pin function is MCLR
   456                           ;	Code Protection bit
   457                           ;	CP = OFF, Program memory code protection is disabled
   458                           ;	Data Code Protection bit
   459                           ;	CPD = OFF, Data memory code protection is disabled
   460                           ;	Brown Out Reset Selection bits
   461                           ;	BOREN = OFF, BOR disabled
   462                           ;	Internal External Switchover bit
   463                           ;	IESO = ON, Internal/External Switchover mode is enabled
   464                           ;	Fail-Safe Clock Monitor Enabled bit
   465                           ;	FCMEN = ON, Fail-Safe Clock Monitor is enabled
   466                           ;	Low Voltage Programming Enable bit
   467                           ;	LVP = OFF, RB3 pin has digital I/O, HV on MCLR must be used for programming
   468                           ;	In-Circuit Debugger Mode bit
   469                           ;	DEBUG = 0x1, unprogrammed default
   470     2007                     	org	8199
   471     2007  2CE4               	dw	11492
   472                           
   473                           ;Config register CONFIG2 @ 0x2008
   474                           ;	Brown-out Reset Selection bit
   475                           ;	BOR4V = BOR40V, Brown-out Reset set to 4.0V
   476                           ;	Flash Program Memory Self Write Enable bits
   477                           ;	WRT = OFF, Write protection off
   478     2008                     	org	8200
   479     2008  3FFF               	dw	16383

Data Sizes:
    Strings     0
    Constant    0
    Data        0
    BSS         2
    Persistent  0
    Stack       0

Auto Spaces:
    Space          Size  Autos    Used
    COMMON           14      0       2
    BANK0            80      0       0
    BANK1            80      0       0
    BANK3            96      0       0
    BANK2            96      0       0

Pointer List with Targets:

    None.

Critical Paths under _main in COMMON

    None.

Critical Paths under _main in BANK0

    None.

Critical Paths under _main in BANK1

    None.

Critical Paths under _main in BANK3

    None.

Critical Paths under _main in BANK2

    None.

Call Graph Tables:

 ---------------------------------------------------------------------------------
 (Depth) Function   	        Calls       Base Space   Used Autos Params    Refs
 ---------------------------------------------------------------------------------
 (0) _main                                                 0     0      0       0
                              _timer
 ---------------------------------------------------------------------------------
 (1) _timer                                                0     0      0       0
 ---------------------------------------------------------------------------------
 Estimated maximum stack depth 1
 ---------------------------------------------------------------------------------

 Call Graph Graphs:

 _main (ROOT)
   _timer

 Address spaces:
Name               Size   Autos  Total    Cost      Usage
BITCOMMON            E      0       0       0        0.0%
EEDATA             100      0       0       0        0.0%
NULL                 0      0       0       0        0.0%
CODE                 0      0       0       0        0.0%
COMMON               E      0       2       1       14.3%
BITSFR0              0      0       0       1        0.0%
SFR0                 0      0       0       1        0.0%
BITSFR1              0      0       0       2        0.0%
SFR1                 0      0       0       2        0.0%
STACK                0      0       0       2        0.0%
ABS                  0      0       2       3        0.0%
BITBANK0            50      0       0       4        0.0%
BITSFR3              0      0       0       4        0.0%
SFR3                 0      0       0       4        0.0%
BANK0               50      0       0       5        0.0%
BITSFR2              0      0       0       5        0.0%
SFR2                 0      0       0       5        0.0%
BITBANK1            50      0       0       6        0.0%
BANK1               50      0       0       7        0.0%
BITBANK3            60      0       0       8        0.0%
BANK3               60      0       0       9        0.0%
BITBANK2            60      0       0      10        0.0%
BANK2               60      0       0      11        0.0%
DATA                 0      0       2      12        0.0%


Microchip Technology PIC Macro Assembler V2.40 build 20220703182018 
Symbol Table                                                                                   Mon May 26 15:28:01 2025

                     l18 07CE                       u10 07C7                       u11 07C6  
                     u20 07E7                       u21 07E6                       u30 07F1  
                     u31 07F0                      l620 07C1                      l622 07C7  
                    l630 07D7                      l624 07CD                      l640 07F1  
                    l632 07DB                      l642 07F4                      l634 07E0  
                    l626 07CF                      l636 07E7                      l628 07D5  
                    l638 07EA                      _RC0 0038                     _TMR1 000E  
                   _main 07CF                     btemp 007E                     start 0000  
                  ?_main 0000                    _T1CON 0010                    _PORTC 0007  
                  _TRISC 0087                    _count 0070                    _timer 07C1  
                  status 0003                    wtemp0 007E          __initialization 07FA  
           __end_of_main 07FA                   ??_main 0000                   ?_timer 0000  
                 _TMR1IF 0060  __end_of__initialization 07FC           __pcstackCOMMON 0000  
          __end_of_timer 07CF                  ??_timer 0000               __pmaintext 07CF  
                __ptext1 07C1     end_of_initialization 07FC      start_initialization 07FA  
            __pbssCOMMON 0070                ___latbits 0002  
