

Microchip MPLAB XC8 Assembler V2.40 build 20220703182018 
                                                                                               Fri May 23 12:43:00 2025

Microchip MPLAB XC8 C Compiler v2.40 (Free license) build 20220703182018 Og1 
     1                           	processor	16F887
     2                           	pagewidth 120
     3                           	opt	flic
     4                           	psect	strings,global,class=STRING,delta=2,noexec
     5                           	psect	cinit,global,class=CODE,merge=1,delta=2
     6                           	psect	cstackCOMMON,global,class=COMMON,space=1,delta=1,noexec
     7                           	psect	cstackBANK0,global,class=BANK0,space=1,delta=1,noexec
     8                           	psect	maintext,global,class=CODE,split=1,delta=2
     9                           	psect	text1,local,class=CODE,merge=1,delta=2
    10                           	psect	text2,local,class=CODE,merge=1,delta=2
    11                           	psect	text3,local,class=CODE,merge=1,delta=2
    12                           	psect	intentry,global,class=CODE,delta=2
    13                           	psect	text4,local,class=CODE,merge=1,delta=2
    14                           	psect	text5,local,class=CODE,merge=1,delta=2
    15                           	psect	text6,local,class=CODE,merge=1,delta=2
    16                           	psect	idloc,global,abs,ovrld,class=IDLOC,space=5,delta=2,noexec
    17                           	psect	config,global,abs,ovrld,class=CONFIG,space=4,delta=2,noexec
    18                           	dabs	1,0x7E,2
    19     0000                     
    20                           ; Version 2.40
    21                           ; Generated 17/11/2021 GMT
    22                           ; 
    23                           ; Copyright © 2021, Microchip Technology Inc. and its subsidiaries ("Microchip")
    24                           ; All rights reserved.
    25                           ; 
    26                           ; This software is developed by Microchip Technology Inc. and its subsidiaries ("Microch
      +                          ip").
    27                           ; 
    28                           ; Redistribution and use in source and binary forms, with or without modification, are
    29                           ; permitted provided that the following conditions are met:
    30                           ; 
    31                           ;     1. Redistributions of source code must retain the above copyright notice, this lis
      +                          t of
    32                           ;        conditions and the following disclaimer.
    33                           ; 
    34                           ;     2. Redistributions in binary form must reproduce the above copyright notice, this 
      +                          list
    35                           ;        of conditions and the following disclaimer in the documentation and/or other
    36                           ;        materials provided with the distribution. Publication is not required when
    37                           ;        this file is used in an embedded application.
    38                           ; 
    39                           ;     3. Microchip's name may not be used to endorse or promote products derived from th
      +                          is
    40                           ;        software without specific prior written permission.
    41                           ; 
    42                           ; THIS SOFTWARE IS PROVIDED BY MICROCHIP "AS IS" AND ANY EXPRESS OR IMPLIED WARRANTIES,
    43                           ; INCLUDING, BUT NOT LIMITED TO, THE IMPLIED WARRANTIES OF MERCHANTABILITY AND FITNESS F
      +                          OR
    44                           ; PURPOSE ARE DISCLAIMED.  IN NO EVENT SHALL MICROCHIP BE LIABLE FOR ANY DIRECT, INDIREC
      +                          T,
    45                           ; INCIDENTAL, SPECIAL, EXEMPLARY, OR CONSEQUENTIAL DAMAGES (INCLUDING BUT NOT LIMITED TO
    46                           ; PROCUREMENT OF SUBSTITUTE GOODS OR SERVICES; LOSS OF USE, DATA OR PROFITS; OR BUSINESS
    47                           ; INTERRUPTION) HOWSOEVER CAUSED AND ON ANY THEORY OF LIABILITY, WHETHER IN CONTRACT, ST
      +                          RICT
    48                           ; LIABILITY, OR TORT (INCLUDING NEGLIGENCE OR OTHERWISE) ARISING IN ANY WAY OUT OF THE U
      +                          SE OF
    49                           ; THIS SOFTWARE, EVEN IF ADVISED OF THE POSSIBILITY OF SUCH DAMAGE.
    50                           ; 
    51                           ; 
    52                           ; Code-generator required, PIC16F887 Definitions
    53                           ; 
    54                           ; SFR Addresses
    55     0000                     	;# 
    56     0001                     	;# 
    57     0002                     	;# 
    58     0003                     	;# 
    59     0004                     	;# 
    60     0005                     	;# 
    61     0006                     	;# 
    62     0007                     	;# 
    63     0008                     	;# 
    64     0009                     	;# 
    65     000A                     	;# 
    66     000B                     	;# 
    67     000C                     	;# 
    68     000D                     	;# 
    69     000E                     	;# 
    70     000E                     	;# 
    71     000F                     	;# 
    72     0010                     	;# 
    73     0011                     	;# 
    74     0012                     	;# 
    75     0013                     	;# 
    76     0014                     	;# 
    77     0015                     	;# 
    78     0015                     	;# 
    79     0016                     	;# 
    80     0017                     	;# 
    81     0018                     	;# 
    82     0019                     	;# 
    83     001A                     	;# 
    84     001B                     	;# 
    85     001B                     	;# 
    86     001C                     	;# 
    87     001D                     	;# 
    88     001E                     	;# 
    89     001F                     	;# 
    90     0081                     	;# 
    91     0085                     	;# 
    92     0086                     	;# 
    93     0087                     	;# 
    94     0088                     	;# 
    95     0089                     	;# 
    96     008C                     	;# 
    97     008D                     	;# 
    98     008E                     	;# 
    99     008F                     	;# 
   100     0090                     	;# 
   101     0091                     	;# 
   102     0092                     	;# 
   103     0093                     	;# 
   104     0093                     	;# 
   105     0093                     	;# 
   106     0094                     	;# 
   107     0095                     	;# 
   108     0096                     	;# 
   109     0097                     	;# 
   110     0098                     	;# 
   111     0099                     	;# 
   112     009A                     	;# 
   113     009B                     	;# 
   114     009C                     	;# 
   115     009D                     	;# 
   116     009E                     	;# 
   117     009F                     	;# 
   118     0105                     	;# 
   119     0107                     	;# 
   120     0108                     	;# 
   121     0109                     	;# 
   122     010C                     	;# 
   123     010C                     	;# 
   124     010D                     	;# 
   125     010E                     	;# 
   126     010F                     	;# 
   127     0185                     	;# 
   128     0187                     	;# 
   129     0188                     	;# 
   130     0189                     	;# 
   131     018C                     	;# 
   132     018D                     	;# 
   133     0000                     	;# 
   134     0001                     	;# 
   135     0002                     	;# 
   136     0003                     	;# 
   137     0004                     	;# 
   138     0005                     	;# 
   139     0006                     	;# 
   140     0007                     	;# 
   141     0008                     	;# 
   142     0009                     	;# 
   143     000A                     	;# 
   144     000B                     	;# 
   145     000C                     	;# 
   146     000D                     	;# 
   147     000E                     	;# 
   148     000E                     	;# 
   149     000F                     	;# 
   150     0010                     	;# 
   151     0011                     	;# 
   152     0012                     	;# 
   153     0013                     	;# 
   154     0014                     	;# 
   155     0015                     	;# 
   156     0015                     	;# 
   157     0016                     	;# 
   158     0017                     	;# 
   159     0018                     	;# 
   160     0019                     	;# 
   161     001A                     	;# 
   162     001B                     	;# 
   163     001B                     	;# 
   164     001C                     	;# 
   165     001D                     	;# 
   166     001E                     	;# 
   167     001F                     	;# 
   168     0081                     	;# 
   169     0085                     	;# 
   170     0086                     	;# 
   171     0087                     	;# 
   172     0088                     	;# 
   173     0089                     	;# 
   174     008C                     	;# 
   175     008D                     	;# 
   176     008E                     	;# 
   177     008F                     	;# 
   178     0090                     	;# 
   179     0091                     	;# 
   180     0092                     	;# 
   181     0093                     	;# 
   182     0093                     	;# 
   183     0093                     	;# 
   184     0094                     	;# 
   185     0095                     	;# 
   186     0096                     	;# 
   187     0097                     	;# 
   188     0098                     	;# 
   189     0099                     	;# 
   190     009A                     	;# 
   191     009B                     	;# 
   192     009C                     	;# 
   193     009D                     	;# 
   194     009E                     	;# 
   195     009F                     	;# 
   196     0105                     	;# 
   197     0107                     	;# 
   198     0108                     	;# 
   199     0109                     	;# 
   200     010C                     	;# 
   201     010C                     	;# 
   202     010D                     	;# 
   203     010E                     	;# 
   204     010F                     	;# 
   205     0185                     	;# 
   206     0187                     	;# 
   207     0188                     	;# 
   208     0189                     	;# 
   209     018C                     	;# 
   210     018D                     	;# 
   211     0009                     _PORTE	set	9
   212     0006                     _PORTB	set	6
   213     0008                     _PORTD	set	8
   214     005B                     _RBIE	set	91
   215     005F                     _GIE	set	95
   216     0032                     _RB2	set	50
   217     0031                     _RB1	set	49
   218     0030                     _RB0	set	48
   219     0058                     _RBIF	set	88
   220     0048                     _RE0	set	72
   221     0049                     _RE1	set	73
   222     0096                     _IOCB	set	150
   223     0089                     _TRISE	set	137
   224     0088                     _TRISD	set	136
   225     0086                     _TRISB	set	134
   226     0189                     _ANSELH	set	393
   227     0188                     _ANSEL	set	392
   228                           
   229                           	psect	strings
   230     0100                     __pstrings:
   231     0100                     stringtab:
   232     0100                     __stringtab:
   233     0100                     stringcode:	
   234                           ;	String table - string pointers are 1 byte each
   235                           
   236     0100                     stringdir:
   237     0100  3001               	movlw	high stringdir
   238     0101  008A               	movwf	10
   239     0102  0804               	movf	4,w
   240     0103  0A84               	incf	4,f
   241     0104  0782               	addwf	2,f
   242     0105                     __stringbase:
   243     0105  3400               	retlw	0
   244     0106                     __end_of__stringtab:
   245     0106                     STR_1:
   246     0106  3445               	retlw	69	;'E'
   247     0107  344D               	retlw	77	;'M'
   248     0108  3452               	retlw	82	;'R'
   249     0109  3431               	retlw	49	;'1'
   250     010A  3420               	retlw	32	;' '
   251     010B  3454               	retlw	84	;'T'
   252     010C  3452               	retlw	82	;'R'
   253     010D  3449               	retlw	73	;'I'
   254     010E  3447               	retlw	71	;'G'
   255     010F  3447               	retlw	71	;'G'
   256     0110  3445               	retlw	69	;'E'
   257     0111  3452               	retlw	82	;'R'
   258     0112  3445               	retlw	69	;'E'
   259     0113  3444               	retlw	68	;'D'
   260     0114  3400               	retlw	0
   261     0115                     STR_2:
   262     0115  3445               	retlw	69	;'E'
   263     0116  344D               	retlw	77	;'M'
   264     0117  3452               	retlw	82	;'R'
   265     0118  3432               	retlw	50	;'2'
   266     0119  3420               	retlw	32	;' '
   267     011A  3454               	retlw	84	;'T'
   268     011B  3452               	retlw	82	;'R'
   269     011C  3449               	retlw	73	;'I'
   270     011D  3447               	retlw	71	;'G'
   271     011E  3447               	retlw	71	;'G'
   272     011F  3445               	retlw	69	;'E'
   273     0120  3452               	retlw	82	;'R'
   274     0121  3445               	retlw	69	;'E'
   275     0122  3444               	retlw	68	;'D'
   276     0123  3400               	retlw	0
   277     0124                     STR_3:
   278     0124  3445               	retlw	69	;'E'
   279     0125  344D               	retlw	77	;'M'
   280     0126  3452               	retlw	82	;'R'
   281     0127  3433               	retlw	51	;'3'
   282     0128  3420               	retlw	32	;' '
   283     0129  3454               	retlw	84	;'T'
   284     012A  3452               	retlw	82	;'R'
   285     012B  3449               	retlw	73	;'I'
   286     012C  3447               	retlw	71	;'G'
   287     012D  3447               	retlw	71	;'G'
   288     012E  3445               	retlw	69	;'E'
   289     012F  3452               	retlw	82	;'R'
   290     0130  3445               	retlw	69	;'E'
   291     0131  3444               	retlw	68	;'D'
   292     0132  3400               	retlw	0
   293                           
   294                           	psect	cinit
   295     0013                     start_initialization:	
   296                           ; #config settings
   297                           
   298     0013                     __initialization:
   299     0013                     end_of_initialization:	
   300                           ;End of C runtime variable initialization code
   301                           
   302     0013                     __end_of__initialization:
   303     0013  0183               	clrf	3
   304     0014  120A  118A  2894   	ljmp	_main	;jump to C main() function
   305                           
   306                           	psect	cstackCOMMON
   307     0070                     __pcstackCOMMON:
   308     0070                     ?_enable:
   309     0070                     ?_print:	
   310                           ; 1 bytes @ 0x0
   311                           
   312     0070                     ?_isr:	
   313                           ; 1 bytes @ 0x0
   314                           
   315     0070                     ?_main:	
   316                           ; 1 bytes @ 0x0
   317                           
   318     0070                     ?i1_delay:	
   319                           ; 1 bytes @ 0x0
   320                           
   321     0070                     ?i1_enable:	
   322                           ; 1 bytes @ 0x0
   323                           
   324     0070                     i1delay@t:	
   325                           ; 1 bytes @ 0x0
   326                           
   327                           
   328                           ; 2 bytes @ 0x0
   329     0070                     	ds	2
   330     0072                     ??_print:
   331     0072                     ??i1_delay:	
   332                           ; 1 bytes @ 0x2
   333                           
   334     0072                     ??i1_enable:	
   335                           ; 1 bytes @ 0x2
   336                           
   337     0072                     print@ptr:	
   338                           ; 1 bytes @ 0x2
   339                           
   340                           
   341                           ; 1 bytes @ 0x2
   342     0072                     	ds	1
   343     0073                     print@i:
   344                           
   345                           ; 2 bytes @ 0x3
   346     0073                     	ds	2
   347     0075                     ??_isr:
   348                           
   349                           ; 1 bytes @ 0x5
   350     0075                     	ds	4
   351                           
   352                           	psect	cstackBANK0
   353     0020                     __pcstackBANK0:
   354     0020                     ?_delay:
   355     0020                     delay@t:	
   356                           ; 1 bytes @ 0x0
   357                           
   358                           
   359                           ; 2 bytes @ 0x0
   360     0020                     	ds	2
   361     0022                     ??_delay:
   362     0022                     ??_enable:	
   363                           ; 1 bytes @ 0x2
   364                           
   365     0022                     ??_main:	
   366                           ; 1 bytes @ 0x2
   367                           
   368                           
   369                           	psect	maintext
   370     0094                     __pmaintext:	
   371                           ; 1 bytes @ 0x2
   372 ;;
   373 ;;Main: autosize = 0, tempsize = 0, incstack = 0, save=0
   374 ;;
   375 ;; *************** function _main *****************
   376 ;; Defined at:
   377 ;;		line 76 in file "mltpl_emrgncy.c"
   378 ;; Parameters:    Size  Location     Type
   379 ;;		None
   380 ;; Auto vars:     Size  Location     Type
   381 ;;		None
   382 ;; Return value:  Size  Location     Type
   383 ;;                  1    wreg      void 
   384 ;; Registers used:
   385 ;;		wreg, status,2, status,0, pclath, cstack
   386 ;; Tracked objects:
   387 ;;		On entry : B00/0
   388 ;;		On exit  : 0/0
   389 ;;		Unchanged: 0/0
   390 ;; Data sizes:     COMMON   BANK0   BANK1   BANK3   BANK2
   391 ;;      Params:         0       0       0       0       0
   392 ;;      Locals:         0       0       0       0       0
   393 ;;      Temps:          0       0       0       0       0
   394 ;;      Totals:         0       0       0       0       0
   395 ;;Total ram usage:        0 bytes
   396 ;; Hardware stack levels required when called: 6
   397 ;; This function calls:
   398 ;;		_enable
   399 ;; This function is called by:
   400 ;;		Startup code after reset
   401 ;; This function uses a non-reentrant model
   402 ;;
   403                           
   404     0094                     _main:	
   405                           ;psect for function _main
   406                           
   407     0094                     l822:	
   408                           ;incstack = 0
   409                           ; Regs used in _main: [wreg+status,2+status,0+pclath+cstack]
   410                           
   411                           
   412                           ;mltpl_emrgncy.c: 78:     PORTB=0x00;
   413     0094  1283               	bcf	3,5	;RP0=0, select bank0
   414     0095  1303               	bcf	3,6	;RP1=0, select bank0
   415     0096  0186               	clrf	6	;volatile
   416     0097                     l824:
   417                           
   418                           ;mltpl_emrgncy.c: 79:     TRISB=0xff;
   419     0097  30FF               	movlw	255
   420     0098  1683               	bsf	3,5	;RP0=1, select bank1
   421     0099  1303               	bcf	3,6	;RP1=0, select bank1
   422     009A  0086               	movwf	6	;volatile
   423     009B                     l826:
   424                           
   425                           ;mltpl_emrgncy.c: 80:     PORTD=0x00;
   426     009B  1283               	bcf	3,5	;RP0=0, select bank0
   427     009C  1303               	bcf	3,6	;RP1=0, select bank0
   428     009D  0188               	clrf	8	;volatile
   429     009E                     l828:
   430                           
   431                           ;mltpl_emrgncy.c: 81:     TRISD=0x00;
   432     009E  1683               	bsf	3,5	;RP0=1, select bank1
   433     009F  1303               	bcf	3,6	;RP1=0, select bank1
   434     00A0  0188               	clrf	8	;volatile
   435     00A1                     l830:
   436                           
   437                           ;mltpl_emrgncy.c: 82:     PORTE=0x00;
   438     00A1  1283               	bcf	3,5	;RP0=0, select bank0
   439     00A2  1303               	bcf	3,6	;RP1=0, select bank0
   440     00A3  0189               	clrf	9	;volatile
   441     00A4                     l832:
   442                           
   443                           ;mltpl_emrgncy.c: 83:     TRISE=0x00;
   444     00A4  1683               	bsf	3,5	;RP0=1, select bank1
   445     00A5  1303               	bcf	3,6	;RP1=0, select bank1
   446     00A6  0189               	clrf	9	;volatile
   447     00A7                     l834:
   448                           
   449                           ;mltpl_emrgncy.c: 84:     IOCB=0xff;
   450     00A7  30FF               	movlw	255
   451     00A8  0096               	movwf	22	;volatile
   452                           
   453                           ;mltpl_emrgncy.c: 86:     ANSEL=ANSELH=0;
   454     00A9  1683               	bsf	3,5	;RP0=1, select bank3
   455     00AA  1703               	bsf	3,6	;RP1=1, select bank3
   456     00AB  0189               	clrf	9	;volatile
   457     00AC  0188               	clrf	8	;volatile
   458     00AD                     l836:
   459                           
   460                           ;mltpl_emrgncy.c: 88:     RE0=0;
   461     00AD  1283               	bcf	3,5	;RP0=0, select bank0
   462     00AE  1303               	bcf	3,6	;RP1=0, select bank0
   463     00AF  1009               	bcf	9,0	;volatile
   464     00B0                     l838:
   465                           
   466                           ;mltpl_emrgncy.c: 89:     PORTD=0x38;
   467     00B0  3038               	movlw	56
   468     00B1  0088               	movwf	8	;volatile
   469     00B2                     l840:
   470                           
   471                           ;mltpl_emrgncy.c: 90:     enable();
   472     00B2  120A  118A  2133  120A  118A  	fcall	_enable
   473     00B7                     l842:
   474                           
   475                           ;mltpl_emrgncy.c: 91:     PORTD=0x0C;
   476     00B7  300C               	movlw	12
   477     00B8  1283               	bcf	3,5	;RP0=0, select bank0
   478     00B9  1303               	bcf	3,6	;RP1=0, select bank0
   479     00BA  0088               	movwf	8	;volatile
   480     00BB                     l844:
   481                           
   482                           ;mltpl_emrgncy.c: 92:     enable();
   483     00BB  120A  118A  2133  120A  118A  	fcall	_enable
   484     00C0                     l846:
   485                           
   486                           ;mltpl_emrgncy.c: 93:     PORTD=0x01;
   487     00C0  3001               	movlw	1
   488     00C1  1283               	bcf	3,5	;RP0=0, select bank0
   489     00C2  1303               	bcf	3,6	;RP1=0, select bank0
   490     00C3  0088               	movwf	8	;volatile
   491     00C4                     l848:
   492                           
   493                           ;mltpl_emrgncy.c: 94:     enable();
   494     00C4  120A  118A  2133  120A  118A  	fcall	_enable
   495     00C9                     l850:
   496                           
   497                           ;mltpl_emrgncy.c: 96:     GIE=1;RBIE=1;
   498     00C9  178B               	bsf	11,7	;volatile
   499     00CA                     l852:
   500     00CA  158B               	bsf	11,3	;volatile
   501     00CB                     l63:	
   502                           ;mltpl_emrgncy.c: 97:     while(1);
   503                           
   504     00CB                     l64:
   505     00CB  28CB               	goto	l63
   506     00CC  120A  118A  2810   	ljmp	start
   507     00CF                     __end_of_main:
   508                           
   509                           	psect	text1
   510     0133                     __ptext1:	
   511 ;; *************** function _enable *****************
   512 ;; Defined at:
   513 ;;		line 29 in file "mltpl_emrgncy.c"
   514 ;; Parameters:    Size  Location     Type
   515 ;;		None
   516 ;; Auto vars:     Size  Location     Type
   517 ;;		None
   518 ;; Return value:  Size  Location     Type
   519 ;;                  1    wreg      void 
   520 ;; Registers used:
   521 ;;		wreg, status,2, status,0, pclath, cstack
   522 ;; Tracked objects:
   523 ;;		On entry : 0/0
   524 ;;		On exit  : 0/0
   525 ;;		Unchanged: 0/0
   526 ;; Data sizes:     COMMON   BANK0   BANK1   BANK3   BANK2
   527 ;;      Params:         0       0       0       0       0
   528 ;;      Locals:         0       0       0       0       0
   529 ;;      Temps:          0       0       0       0       0
   530 ;;      Totals:         0       0       0       0       0
   531 ;;Total ram usage:        0 bytes
   532 ;; Hardware stack levels used: 1
   533 ;; Hardware stack levels required when called: 5
   534 ;; This function calls:
   535 ;;		_delay
   536 ;; This function is called by:
   537 ;;		_main
   538 ;; This function uses a non-reentrant model
   539 ;;
   540                           
   541     0133                     _enable:	
   542                           ;psect for function _enable
   543                           
   544     0133                     l770:	
   545                           ;incstack = 0
   546                           ; Regs used in _enable: [wreg+status,2+status,0+pclath+cstack]
   547                           
   548                           
   549                           ;mltpl_emrgncy.c: 31:     RE1=1;
   550     0133  1283               	bcf	3,5	;RP0=0, select bank0
   551     0134  1303               	bcf	3,6	;RP1=0, select bank0
   552     0135  1489               	bsf	9,1	;volatile
   553     0136                     l772:
   554                           
   555                           ;mltpl_emrgncy.c: 32:     delay(100);
   556     0136  3064               	movlw	100
   557     0137  00A0               	movwf	delay@t
   558     0138  3000               	movlw	0
   559     0139  00A1               	movwf	delay@t+1
   560     013A  120A  118A  2165  120A  118A  	fcall	_delay
   561     013F                     l774:
   562                           
   563                           ;mltpl_emrgncy.c: 33:     RE1=0;
   564     013F  1283               	bcf	3,5	;RP0=0, select bank0
   565     0140  1303               	bcf	3,6	;RP1=0, select bank0
   566     0141  1089               	bcf	9,1	;volatile
   567                           
   568                           ;mltpl_emrgncy.c: 34:     delay(100);
   569     0142  3064               	movlw	100
   570     0143  00A0               	movwf	delay@t
   571     0144  3000               	movlw	0
   572     0145  00A1               	movwf	delay@t+1
   573     0146  120A  118A  2165  120A  118A  	fcall	_delay
   574     014B                     l43:
   575     014B  0008               	return
   576     014C                     __end_of_enable:
   577                           
   578                           	psect	text2
   579     0165                     __ptext2:	
   580 ;; *************** function _delay *****************
   581 ;; Defined at:
   582 ;;		line 24 in file "mltpl_emrgncy.c"
   583 ;; Parameters:    Size  Location     Type
   584 ;;  t               2    0[BANK0 ] int 
   585 ;; Auto vars:     Size  Location     Type
   586 ;;		None
   587 ;; Return value:  Size  Location     Type
   588 ;;                  1    wreg      void 
   589 ;; Registers used:
   590 ;;		wreg, status,2, status,0
   591 ;; Tracked objects:
   592 ;;		On entry : 0/0
   593 ;;		On exit  : 0/0
   594 ;;		Unchanged: 0/0
   595 ;; Data sizes:     COMMON   BANK0   BANK1   BANK3   BANK2
   596 ;;      Params:         0       2       0       0       0
   597 ;;      Locals:         0       0       0       0       0
   598 ;;      Temps:          0       0       0       0       0
   599 ;;      Totals:         0       2       0       0       0
   600 ;;Total ram usage:        2 bytes
   601 ;; Hardware stack levels used: 1
   602 ;; Hardware stack levels required when called: 4
   603 ;; This function calls:
   604 ;;		Nothing
   605 ;; This function is called by:
   606 ;;		_enable
   607 ;; This function uses a non-reentrant model
   608 ;;
   609                           
   610     0165                     _delay:	
   611                           ;psect for function _delay
   612                           
   613     0165                     l760:	
   614                           ;incstack = 0
   615                           ; Regs used in _delay: [wreg+status,2+status,0]
   616                           
   617     0165                     l762:	
   618                           ;mltpl_emrgncy.c: 24: void delay(int t);mltpl_emrgncy.c: 25: {;mltpl_emrgncy.c: 26:     
      +                          while(t--);
   619                           
   620     0165  30FF               	movlw	255
   621     0166  1283               	bcf	3,5	;RP0=0, select bank0
   622     0167  1303               	bcf	3,6	;RP1=0, select bank0
   623     0168  07A0               	addwf	delay@t,f
   624     0169  1803               	skipnc
   625     016A  0AA1               	incf	delay@t+1,f
   626     016B  30FF               	movlw	255
   627     016C  07A1               	addwf	delay@t+1,f
   628     016D  0A20               	incf	delay@t,w
   629     016E  1D03               	skipz
   630     016F  2974               	goto	u91
   631     0170  0A21               	incf	delay@t+1,w
   632     0171  1D03               	btfss	3,2
   633     0172  2974               	goto	u91
   634     0173  2975               	goto	u90
   635     0174                     u91:
   636     0174  2965               	goto	l762
   637     0175                     u90:
   638     0175                     l40:
   639     0175  0008               	return
   640     0176                     __end_of_delay:
   641                           
   642                           	psect	text3
   643     0017                     __ptext3:	
   644 ;; *************** function _isr *****************
   645 ;; Defined at:
   646 ;;		line 54 in file "mltpl_emrgncy.c"
   647 ;; Parameters:    Size  Location     Type
   648 ;;		None
   649 ;; Auto vars:     Size  Location     Type
   650 ;;		None
   651 ;; Return value:  Size  Location     Type
   652 ;;                  1    wreg      void 
   653 ;; Registers used:
   654 ;;		wreg, fsr0l, fsr0h, status,2, status,0, pclath, cstack
   655 ;; Tracked objects:
   656 ;;		On entry : 0/0
   657 ;;		On exit  : 0/0
   658 ;;		Unchanged: 0/0
   659 ;; Data sizes:     COMMON   BANK0   BANK1   BANK3   BANK2
   660 ;;      Params:         0       0       0       0       0
   661 ;;      Locals:         0       0       0       0       0
   662 ;;      Temps:          4       0       0       0       0
   663 ;;      Totals:         4       0       0       0       0
   664 ;;Total ram usage:        4 bytes
   665 ;; Hardware stack levels used: 1
   666 ;; Hardware stack levels required when called: 3
   667 ;; This function calls:
   668 ;;		_print
   669 ;;		i1_delay
   670 ;; This function is called by:
   671 ;;		Interrupt level 1
   672 ;; This function uses a non-reentrant model
   673 ;;
   674                           
   675     0017                     _isr:	
   676                           ;psect for function _isr
   677                           
   678     0017                     i1l800:
   679                           
   680                           ;mltpl_emrgncy.c: 56:     if(RBIF==1)
   681     0017  1C0B               	btfss	11,0	;volatile
   682     0018  281A               	goto	u11_21
   683     0019  281B               	goto	u11_20
   684     001A                     u11_21:
   685     001A  284B               	goto	i1l58
   686     001B                     u11_20:
   687     001B                     i1l802:
   688                           
   689                           ;mltpl_emrgncy.c: 57:     {;mltpl_emrgncy.c: 58:         if(RB0==1)
   690     001B  1283               	bcf	3,5	;RP0=0, select bank0
   691     001C  1303               	bcf	3,6	;RP1=0, select bank0
   692     001D  1C06               	btfss	6,0	;volatile
   693     001E  2820               	goto	u12_21
   694     001F  2821               	goto	u12_20
   695     0020                     u12_21:
   696     0020  2831               	goto	i1l810
   697     0021                     u12_20:
   698     0021                     i1l804:
   699                           
   700                           ;mltpl_emrgncy.c: 59:         {;mltpl_emrgncy.c: 60:             print("EMR1 TRIGGERED")
      +                          ;
   701     0021  3001               	movlw	(low ((STR_1-__stringbase)| (0+32768)))& (0+255)
   702     0022  120A  118A  2056  120A  118A  	fcall	_print
   703     0027                     i1l806:
   704                           
   705                           ;mltpl_emrgncy.c: 61:             delay(10000);
   706     0027  3010               	movlw	16
   707     0028  00F0               	movwf	i1delay@t
   708     0029  3027               	movlw	39
   709     002A  00F1               	movwf	i1delay@t+1
   710     002B  120A  118A  2176  120A  118A  	fcall	i1_delay
   711     0030                     i1l808:
   712                           
   713                           ;mltpl_emrgncy.c: 62:             RBIF=0;
   714     0030  100B               	bcf	11,0	;volatile
   715     0031                     i1l810:
   716                           
   717                           ;mltpl_emrgncy.c: 64:         if(RB1==1)
   718     0031  1283               	bcf	3,5	;RP0=0, select bank0
   719     0032  1303               	bcf	3,6	;RP1=0, select bank0
   720     0033  1C86               	btfss	6,1	;volatile
   721     0034  2836               	goto	u13_21
   722     0035  2837               	goto	u13_20
   723     0036                     u13_21:
   724     0036  283E               	goto	i1l816
   725     0037                     u13_20:
   726     0037                     i1l812:
   727                           
   728                           ;mltpl_emrgncy.c: 65:         {;mltpl_emrgncy.c: 66:             print("EMR2 TRIGGERED")
      +                          ;
   729     0037  3010               	movlw	(low ((STR_2-__stringbase)| (0+32768)))& (0+255)
   730     0038  120A  118A  2056  120A  118A  	fcall	_print
   731     003D                     i1l814:
   732                           
   733                           ;mltpl_emrgncy.c: 67:             RBIF=0;
   734     003D  100B               	bcf	11,0	;volatile
   735     003E                     i1l816:
   736                           
   737                           ;mltpl_emrgncy.c: 69:         if(RB2==1)
   738     003E  1283               	bcf	3,5	;RP0=0, select bank0
   739     003F  1303               	bcf	3,6	;RP1=0, select bank0
   740     0040  1D06               	btfss	6,2	;volatile
   741     0041  2843               	goto	u14_21
   742     0042  2844               	goto	u14_20
   743     0043                     u14_21:
   744     0043  284B               	goto	i1l58
   745     0044                     u14_20:
   746     0044                     i1l818:
   747                           
   748                           ;mltpl_emrgncy.c: 70:         {;mltpl_emrgncy.c: 71:             print("EMR3 TRIGGERED")
      +                          ;
   749     0044  301F               	movlw	(low ((STR_3-__stringbase)| (0+32768)))& (0+255)
   750     0045  120A  118A  2056  120A  118A  	fcall	_print
   751     004A                     i1l820:
   752                           
   753                           ;mltpl_emrgncy.c: 72:             RBIF=0;
   754     004A  100B               	bcf	11,0	;volatile
   755     004B                     i1l58:
   756     004B  0878               	movf	??_isr+3,w
   757     004C  00FF               	movwf	btemp+1
   758     004D  0877               	movf	??_isr+2,w
   759     004E  008A               	movwf	10
   760     004F  0876               	movf	??_isr+1,w
   761     0050  0084               	movwf	4
   762     0051  0E75               	swapf	??_isr,w
   763     0052  0083               	movwf	3
   764     0053  0EFE               	swapf	btemp,f
   765     0054  0E7E               	swapf	btemp,w
   766     0055  0009               	retfie
   767     0056                     __end_of_isr:
   768                           
   769                           	psect	intentry
   770     0004                     __pintentry:	
   771                           ;incstack = 0
   772                           ; Regs used in _isr: [wreg-fsr0h+status,2+status,0+pclath+cstack]
   773                           
   774     0004                     interrupt_function:
   775     007E                     saved_w	set	btemp
   776     0004  00FE               	movwf	btemp
   777     0005  0E03               	swapf	3,w
   778     0006  00F5               	movwf	??_isr
   779     0007  0804               	movf	4,w
   780     0008  00F6               	movwf	??_isr+1
   781     0009  080A               	movf	10,w
   782     000A  00F7               	movwf	??_isr+2
   783     000B  087F               	movf	btemp+1,w
   784     000C  00F8               	movwf	??_isr+3
   785     000D  120A  118A  2817   	ljmp	_isr
   786                           
   787                           	psect	text4
   788     0056                     __ptext4:	
   789 ;; *************** function _print *****************
   790 ;; Defined at:
   791 ;;		line 37 in file "mltpl_emrgncy.c"
   792 ;; Parameters:    Size  Location     Type
   793 ;;  ptr             1    wreg     PTR unsigned char 
   794 ;;		 -> STR_3(15), STR_2(15), STR_1(15), 
   795 ;; Auto vars:     Size  Location     Type
   796 ;;  ptr             1    2[COMMON] PTR unsigned char 
   797 ;;		 -> STR_3(15), STR_2(15), STR_1(15), 
   798 ;;  i               2    3[COMMON] int 
   799 ;; Return value:  Size  Location     Type
   800 ;;                  1    wreg      void 
   801 ;; Registers used:
   802 ;;		wreg, fsr0l, fsr0h, status,2, status,0, pclath, cstack
   803 ;; Tracked objects:
   804 ;;		On entry : 0/0
   805 ;;		On exit  : 0/0
   806 ;;		Unchanged: 0/0
   807 ;; Data sizes:     COMMON   BANK0   BANK1   BANK3   BANK2
   808 ;;      Params:         0       0       0       0       0
   809 ;;      Locals:         3       0       0       0       0
   810 ;;      Temps:          0       0       0       0       0
   811 ;;      Totals:         3       0       0       0       0
   812 ;;Total ram usage:        3 bytes
   813 ;; Hardware stack levels used: 1
   814 ;; Hardware stack levels required when called: 2
   815 ;; This function calls:
   816 ;;		i1_enable
   817 ;; This function is called by:
   818 ;;		_isr
   819 ;; This function uses a non-reentrant model
   820 ;;
   821                           
   822     0056                     _print:	
   823                           ;psect for function _print
   824                           
   825                           
   826                           ;incstack = 0
   827                           ; Regs used in _print: [wreg-fsr0h+status,2+status,0+pclath+cstack]
   828                           ;print@ptr stored from wreg
   829     0056  00F2               	movwf	print@ptr
   830     0057                     i1l776:
   831                           
   832                           ;mltpl_emrgncy.c: 37: void print(char *ptr);mltpl_emrgncy.c: 38: {;mltpl_emrgncy.c: 39: 
      +                              RE0=0;
   833     0057  1283               	bcf	3,5	;RP0=0, select bank0
   834     0058  1303               	bcf	3,6	;RP1=0, select bank0
   835     0059  1009               	bcf	9,0	;volatile
   836     005A                     i1l778:
   837                           
   838                           ;mltpl_emrgncy.c: 40:     PORTD=0x01;
   839     005A  3001               	movlw	1
   840     005B  0088               	movwf	8	;volatile
   841     005C                     i1l780:
   842                           
   843                           ;mltpl_emrgncy.c: 41:     enable();
   844     005C  120A  118A  214C  120A  118A  	fcall	i1_enable
   845     0061                     i1l782:
   846     0061                     i1l784:
   847                           
   848                           ;mltpl_emrgncy.c: 43:     for(i=0;*(ptr+i)!='\0';i++)
   849     0061  01F3               	clrf	print@i
   850     0062  01F4               	clrf	print@i+1
   851     0063  2886               	goto	i1l798
   852     0064                     i1l47:
   853                           
   854                           ;mltpl_emrgncy.c: 44:     {;mltpl_emrgncy.c: 45:         RE0=0;
   855     0064  1283               	bcf	3,5	;RP0=0, select bank0
   856     0065  1303               	bcf	3,6	;RP1=0, select bank0
   857     0066  1009               	bcf	9,0	;volatile
   858     0067                     i1l786:
   859                           
   860                           ;mltpl_emrgncy.c: 46:         PORTD=0x80+i;
   861     0067  0873               	movf	print@i,w
   862     0068  3E80               	addlw	128
   863     0069  0088               	movwf	8	;volatile
   864     006A                     i1l788:
   865                           
   866                           ;mltpl_emrgncy.c: 47:         enable();
   867     006A  120A  118A  214C  120A  118A  	fcall	i1_enable
   868     006F                     i1l790:
   869                           
   870                           ;mltpl_emrgncy.c: 48:         RE0=1;
   871     006F  1283               	bcf	3,5	;RP0=0, select bank0
   872     0070  1303               	bcf	3,6	;RP1=0, select bank0
   873     0071  1409               	bsf	9,0	;volatile
   874     0072                     i1l792:
   875                           
   876                           ;mltpl_emrgncy.c: 49:         PORTD=*(ptr+i);
   877     0072  0873               	movf	print@i,w
   878     0073  0772               	addwf	print@ptr,w
   879     0074  0084               	movwf	4
   880     0075  120A  118A  2100  120A  118A  	fcall	stringdir
   881     007A  0088               	movwf	8	;volatile
   882     007B                     i1l794:
   883                           
   884                           ;mltpl_emrgncy.c: 50:         enable();
   885     007B  120A  118A  214C  120A  118A  	fcall	i1_enable
   886     0080                     i1l796:
   887                           
   888                           ;mltpl_emrgncy.c: 51:     }
   889     0080  3001               	movlw	1
   890     0081  07F3               	addwf	print@i,f
   891     0082  1803               	skipnc
   892     0083  0AF4               	incf	print@i+1,f
   893     0084  3000               	movlw	0
   894     0085  07F4               	addwf	print@i+1,f
   895     0086                     i1l798:
   896     0086  0873               	movf	print@i,w
   897     0087  0772               	addwf	print@ptr,w
   898     0088  0084               	movwf	4
   899     0089  120A  118A  2100  120A  118A  	fcall	stringdir
   900     008E  3A00               	xorlw	0
   901     008F  1D03               	skipz
   902     0090  2892               	goto	u10_21
   903     0091  2893               	goto	u10_20
   904     0092                     u10_21:
   905     0092  2864               	goto	i1l47
   906     0093                     u10_20:
   907     0093                     i1l49:
   908     0093  0008               	return
   909     0094                     __end_of_print:
   910                           
   911                           	psect	text5
   912     014C                     __ptext5:	
   913 ;; *************** function i1_enable *****************
   914 ;; Defined at:
   915 ;;		line 29 in file "mltpl_emrgncy.c"
   916 ;; Parameters:    Size  Location     Type
   917 ;;		None
   918 ;; Auto vars:     Size  Location     Type
   919 ;;		None
   920 ;; Return value:  Size  Location     Type
   921 ;;                  1    wreg      void 
   922 ;; Registers used:
   923 ;;		wreg, status,2, status,0, pclath, cstack
   924 ;; Tracked objects:
   925 ;;		On entry : 0/0
   926 ;;		On exit  : 0/0
   927 ;;		Unchanged: 0/0
   928 ;; Data sizes:     COMMON   BANK0   BANK1   BANK3   BANK2
   929 ;;      Params:         0       0       0       0       0
   930 ;;      Locals:         0       0       0       0       0
   931 ;;      Temps:          0       0       0       0       0
   932 ;;      Totals:         0       0       0       0       0
   933 ;;Total ram usage:        0 bytes
   934 ;; Hardware stack levels used: 1
   935 ;; Hardware stack levels required when called: 1
   936 ;; This function calls:
   937 ;;		i1_delay
   938 ;; This function is called by:
   939 ;;		_print
   940 ;; This function uses a non-reentrant model
   941 ;;
   942                           
   943     014C                     i1_enable:	
   944                           ;psect for function i1_enable
   945                           
   946     014C                     i1l764:	
   947                           ;incstack = 0
   948                           ; Regs used in i1_enable: [wreg+status,2+status,0+pclath+cstack]
   949                           
   950                           
   951                           ;mltpl_emrgncy.c: 31:     RE1=1;
   952     014C  1283               	bcf	3,5	;RP0=0, select bank0
   953     014D  1303               	bcf	3,6	;RP1=0, select bank0
   954     014E  1489               	bsf	9,1	;volatile
   955     014F                     i1l766:
   956                           
   957                           ;mltpl_emrgncy.c: 32:     delay(100);
   958     014F  3064               	movlw	100
   959     0150  00F0               	movwf	i1delay@t
   960     0151  3000               	movlw	0
   961     0152  00F1               	movwf	i1delay@t+1
   962     0153  120A  118A  2176  120A  118A  	fcall	i1_delay
   963     0158                     i1l768:
   964                           
   965                           ;mltpl_emrgncy.c: 33:     RE1=0;
   966     0158  1283               	bcf	3,5	;RP0=0, select bank0
   967     0159  1303               	bcf	3,6	;RP1=0, select bank0
   968     015A  1089               	bcf	9,1	;volatile
   969                           
   970                           ;mltpl_emrgncy.c: 34:     delay(100);
   971     015B  3064               	movlw	100
   972     015C  00F0               	movwf	i1delay@t
   973     015D  3000               	movlw	0
   974     015E  00F1               	movwf	i1delay@t+1
   975     015F  120A  118A  2176  120A  118A  	fcall	i1_delay
   976     0164                     i1l43:
   977     0164  0008               	return
   978     0165                     __end_ofi1_enable:
   979                           
   980                           	psect	text6
   981     0176                     __ptext6:	
   982 ;; *************** function i1_delay *****************
   983 ;; Defined at:
   984 ;;		line 24 in file "mltpl_emrgncy.c"
   985 ;; Parameters:    Size  Location     Type
   986 ;;  t               2    0[COMMON] int 
   987 ;; Auto vars:     Size  Location     Type
   988 ;;		None
   989 ;; Return value:  Size  Location     Type
   990 ;;                  1    wreg      void 
   991 ;; Registers used:
   992 ;;		wreg, status,2, status,0
   993 ;; Tracked objects:
   994 ;;		On entry : 0/0
   995 ;;		On exit  : 0/0
   996 ;;		Unchanged: 0/0
   997 ;; Data sizes:     COMMON   BANK0   BANK1   BANK3   BANK2
   998 ;;      Params:         2       0       0       0       0
   999 ;;      Locals:         0       0       0       0       0
  1000 ;;      Temps:          0       0       0       0       0
  1001 ;;      Totals:         2       0       0       0       0
  1002 ;;Total ram usage:        2 bytes
  1003 ;; Hardware stack levels used: 1
  1004 ;; This function calls:
  1005 ;;		Nothing
  1006 ;; This function is called by:
  1007 ;;		_isr
  1008 ;;		i1_enable
  1009 ;; This function uses a non-reentrant model
  1010 ;;
  1011                           
  1012     0176                     i1_delay:	
  1013                           ;psect for function i1_delay
  1014                           
  1015     0176                     i1l756:	
  1016                           ;incstack = 0
  1017                           ; Regs used in i1_delay: [wreg+status,2+status,0]
  1018                           
  1019     0176                     i1l758:	
  1020                           ;mltpl_emrgncy.c: 24: void delay(int t);mltpl_emrgncy.c: 25: {;mltpl_emrgncy.c: 26:     
      +                          while(t--);
  1021                           
  1022     0176  30FF               	movlw	255
  1023     0177  07F0               	addwf	i1delay@t,f
  1024     0178  1803               	skipnc
  1025     0179  0AF1               	incf	i1delay@t+1,f
  1026     017A  30FF               	movlw	255
  1027     017B  07F1               	addwf	i1delay@t+1,f
  1028     017C  0A70               	incf	i1delay@t,w
  1029     017D  1D03               	skipz
  1030     017E  2983               	goto	u8_21
  1031     017F  0A71               	incf	i1delay@t+1,w
  1032     0180  1D03               	btfss	3,2
  1033     0181  2983               	goto	u8_21
  1034     0182  2984               	goto	u8_20
  1035     0183                     u8_21:
  1036     0183  2976               	goto	i1l758
  1037     0184                     u8_20:
  1038     0184                     i1l40:
  1039     0184  0008               	return
  1040     0185                     __end_ofi1_delay:
  1041     007E                     btemp	set	126	;btemp
  1042     007E                     wtemp0	set	126
  1043                           
  1044                           	psect	idloc
  1045                           
  1046                           ;Config register IDLOC0 @ 0x2000
  1047                           ;	unspecified, using default values
  1048     2000                     	org	8192
  1049     2000  3FFF               	dw	16383
  1050                           
  1051                           ;Config register IDLOC1 @ 0x2001
  1052                           ;	unspecified, using default values
  1053     2001                     	org	8193
  1054     2001  3FFF               	dw	16383
  1055                           
  1056                           ;Config register IDLOC2 @ 0x2002
  1057                           ;	unspecified, using default values
  1058     2002                     	org	8194
  1059     2002  3FFF               	dw	16383
  1060                           
  1061                           ;Config register IDLOC3 @ 0x2003
  1062                           ;	unspecified, using default values
  1063     2003                     	org	8195
  1064     2003  3FFF               	dw	16383
  1065                           
  1066                           	psect	config
  1067                           
  1068                           ;Config register CONFIG1 @ 0x2007
  1069                           ;	Oscillator Selection bits
  1070                           ;	FOSC = INTRC_NOCLKOUT, INTOSCIO oscillator: I/O function on RA6/OSC2/CLKOUT pin, I/O f
      +                          unction on RA7/OSC1/CLKIN
  1071                           ;	Watchdog Timer Enable bit
  1072                           ;	WDTE = OFF, WDT disabled and can be enabled by SWDTEN bit of the WDTCON register
  1073                           ;	Power-up Timer Enable bit
  1074                           ;	PWRTE = ON, PWRT enabled
  1075                           ;	RE3/MCLR pin function select bit
  1076                           ;	MCLRE = ON, RE3/MCLR pin function is MCLR
  1077                           ;	Code Protection bit
  1078                           ;	CP = OFF, Program memory code protection is disabled
  1079                           ;	Data Code Protection bit
  1080                           ;	CPD = OFF, Data memory code protection is disabled
  1081                           ;	Brown Out Reset Selection bits
  1082                           ;	BOREN = OFF, BOR disabled
  1083                           ;	Internal External Switchover bit
  1084                           ;	IESO = ON, Internal/External Switchover mode is enabled
  1085                           ;	Fail-Safe Clock Monitor Enabled bit
  1086                           ;	FCMEN = ON, Fail-Safe Clock Monitor is enabled
  1087                           ;	Low Voltage Programming Enable bit
  1088                           ;	LVP = OFF, RB3 pin has digital I/O, HV on MCLR must be used for programming
  1089                           ;	In-Circuit Debugger Mode bit
  1090                           ;	DEBUG = 0x1, unprogrammed default
  1091     2007                     	org	8199
  1092     2007  2CE4               	dw	11492
  1093                           
  1094                           ;Config register CONFIG2 @ 0x2008
  1095                           ;	Brown-out Reset Selection bit
  1096                           ;	BOR4V = BOR40V, Brown-out Reset set to 4.0V
  1097                           ;	Flash Program Memory Self Write Enable bits
  1098                           ;	WRT = OFF, Write protection off
  1099     2008                     	org	8200
  1100     2008  3FFF               	dw	16383

Data Sizes:
    Strings     45
    Constant    0
    Data        0
    BSS         0
    Persistent  0
    Stack       0

Auto Spaces:
    Space          Size  Autos    Used
    COMMON           14      9       9
    BANK0            80      2       2
    BANK1            80      0       0
    BANK3            96      0       0
    BANK2            96      0       0

Pointer List with Targets:

    print@ptr	PTR unsigned char  size(1) Largest target is 15
		 -> STR_3(CODE[15]), STR_2(CODE[15]), STR_1(CODE[15]), 


Critical Paths under _main in COMMON

    None.

Critical Paths under _isr in COMMON

    _isr->_print
    i1_enable->i1_delay

Critical Paths under _main in BANK0

    _enable->_delay

Critical Paths under _isr in BANK0

    None.

Critical Paths under _main in BANK1

    None.

Critical Paths under _isr in BANK1

    None.

Critical Paths under _main in BANK3

    None.

Critical Paths under _isr in BANK3

    None.

Critical Paths under _main in BANK2

    None.

Critical Paths under _isr in BANK2

    None.

Call Graph Tables:

 ---------------------------------------------------------------------------------
 (Depth) Function   	        Calls       Base Space   Used Autos Params    Refs
 ---------------------------------------------------------------------------------
 (0) _main                                                 0     0      0     224
                             _enable
 ---------------------------------------------------------------------------------
 (1) _enable                                               0     0      0     224
                              _delay
 ---------------------------------------------------------------------------------
 (2) _delay                                                2     0      2     224
                                              0 BANK0      2     0      2
 ---------------------------------------------------------------------------------
 Estimated maximum stack depth 2
 ---------------------------------------------------------------------------------
 (Depth) Function   	        Calls       Base Space   Used Autos Params    Refs
 ---------------------------------------------------------------------------------
 (3) _isr                                                  4     4      0     412
                                              5 COMMON     4     4      0
                              _print
                            i1_delay
 ---------------------------------------------------------------------------------
 (4) _print                                                3     3      0     312
                                              2 COMMON     3     3      0
                           i1_enable
 ---------------------------------------------------------------------------------
 (5) i1_enable                                             0     0      0     100
                            i1_delay
 ---------------------------------------------------------------------------------
 (4) i1_delay                                              2     0      2     100
                                              0 COMMON     2     0      2
 ---------------------------------------------------------------------------------
 Estimated maximum stack depth 5
 ---------------------------------------------------------------------------------

 Call Graph Graphs:

 _main (ROOT)
   _enable
     _delay

 _isr (ROOT)
   _print
     i1_enable
       i1_delay
   i1_delay

 Address spaces:
Name               Size   Autos  Total    Cost      Usage
BITCOMMON            E      0       0       0        0.0%
EEDATA             100      0       0       0        0.0%
NULL                 0      0       0       0        0.0%
CODE                 0      0       0       0        0.0%
COMMON               E      9       9       1       64.3%
BITSFR0              0      0       0       1        0.0%
SFR0                 0      0       0       1        0.0%
BITSFR1              0      0       0       2        0.0%
SFR1                 0      0       0       2        0.0%
STACK                0      0       0       2        0.0%
ABS                  0      0       0       3        0.0%
BITBANK0            50      0       0       4        0.0%
BITSFR3              0      0       0       4        0.0%
SFR3                 0      0       0       4        0.0%
BANK0               50      2       2       5        2.5%
BITSFR2              0      0       0       5        0.0%
SFR2                 0      0       0       5        0.0%
BITBANK1            50      0       0       6        0.0%
BANK1               50      0       0       7        0.0%
BITBANK3            60      0       0       8        0.0%
BANK3               60      0       0       9        0.0%
BITBANK2            60      0       0      10        0.0%
BANK2               60      0       0      11        0.0%
DATA                 0      0       0      12        0.0%


Microchip Technology PIC Macro Assembler V2.40 build 20220703182018 
Symbol Table                                                                                   Fri May 23 12:43:00 2025

                      pc 0002                       l40 0175                       l43 014B  
                     l63 00CB                       l64 00CB                       u90 0175  
                     u91 0174                       fsr 0004                      l830 00A1  
                    l822 0094                      l760 0165                      l840 00B2  
                    l832 00A4                      l824 0097                      l762 0165  
                    l770 0133                      l850 00C9                      l842 00B7  
                    l834 00A7                      l826 009B                      l772 0136  
                    l852 00CA                      l844 00BB                      l836 00AD  
                    l828 009E                      l774 013F                      l846 00C0  
                    l838 00B0                      l848 00C4                      _GIE 005F  
                    _RB0 0030                      _RB1 0031                      _RB2 0032  
                    _RE0 0048                      _RE1 0049                      _isr 0017  
                    fsr0 0004                     ?_isr 0070                     STR_1 0106  
                   STR_2 0115                     STR_3 0124                     _IOCB 0096  
                   _RBIE 005B                     i1l40 0184                     _RBIF 0058  
                   i1l43 0164                     i1l47 0064                     i1l49 0093  
                   i1l58 004B                     u8_20 0184                     u8_21 0183  
                   _main 0094                     btemp 007E          __end_ofi1_delay 0185  
                   start 0010                    ??_isr 0075                    ?_main 0070  
                  _ANSEL 0188                    i1l800 0017                    i1l810 0031  
                  i1l802 001B                    i1l820 004A                    i1l812 0037  
                  i1l804 0021                    i1l814 003D                    i1l806 0027  
                  i1l816 003E                    i1l808 0030                    i1l818 0044  
                  i1l756 0176                    i1l764 014C                    i1l780 005C  
                  i1l758 0176                    i1l766 014F                    i1l790 006F  
                  i1l782 0061                    i1l768 0158                    i1l792 0072  
                  i1l784 0061                    i1l776 0057                    i1l794 007B  
                  i1l786 0067                    i1l778 005A                    i1l796 0080  
                  i1l788 006A                    i1l798 0086                    u10_20 0093  
                  u10_21 0092                    u11_20 001B                    u11_21 001A  
                  u12_20 0021                    u12_21 0020                    u13_20 0037  
                  u13_21 0036                    u14_20 0044                    u14_21 0043  
                  _PORTB 0006                    _PORTD 0008                    _PORTE 0009  
                  _TRISB 0086                    _TRISD 0088                    _TRISE 0089  
                  _delay 0165                    _print 0056                    pclath 000A  
       __end_ofi1_enable 0165                    status 0003                    wtemp0 007E  
        __initialization 0013             __end_of_main 00CF                   ??_main 0022  
                 ?_delay 0020                   ?_print 0070                   _ANSELH 0189  
              ??i1_delay 0072                   _enable 0133                   delay@t 0020  
                 saved_w 007E                   print@i 0073  __end_of__initialization 0013  
         __pcstackCOMMON 0070            __end_of_delay 0176            __end_of_print 0094  
              ?i1_enable 0070                  ??_delay 0022                  ??_print 0072  
             __pmaintext 0094               __pintentry 0004                  ?_enable 0070  
             ??i1_enable 0072               __stringtab 0100                  i1_delay 0176  
                __ptext1 0133                  __ptext2 0165                  __ptext3 0017  
                __ptext4 0056                  __ptext5 014C                  __ptext6 0176  
   end_of_initialization 0013           __end_of_enable 014C      start_initialization 0013  
            __end_of_isr 0056                 ??_enable 0022                ___latbits 0002  
          __pcstackBANK0 0020                 ?i1_delay 0070                __pstrings 0100  
      interrupt_function 0004              __stringbase 0105                 i1_enable 014C  
               i1delay@t 0070       __end_of__stringtab 0106                 intlevel1 0000  
              stringcode 0100                 print@ptr 0072                 stringdir 0100  
               stringtab 0100  
