

Microchip MPLAB XC8 Assembler V2.40 build 20220703182018 
                                                                                               Fri Jun 20 18:08:20 2025

Microchip MPLAB XC8 C Compiler v2.40 (Free license) build 20220703182018 Og1 
     1                           	processor	16F887
     2                           	pagewidth 120
     3                           	opt	flic
     4                           	psect	cinit,global,class=CODE,merge=1,delta=2
     5                           	psect	bssCOMMON,global,class=COMMON,space=1,delta=1,noexec
     6                           	psect	cstackCOMMON,global,class=COMMON,space=1,delta=1,noexec
     7                           	psect	maintext,global,class=CODE,split=1,delta=2
     8                           	psect	text1,local,class=CODE,merge=1,delta=2
     9                           	psect	text2,local,class=CODE,merge=1,delta=2
    10                           	psect	text3,local,class=CODE,merge=1,delta=2
    11                           	psect	text4,local,class=CODE,merge=1,delta=2
    12                           	psect	idloc,global,abs,ovrld,class=IDLOC,space=5,delta=2,noexec
    13                           	psect	config,global,abs,ovrld,class=CONFIG,space=4,delta=2,noexec
    14                           	dabs	1,0x7E,2
    15     0000                     
    16                           ; Version 2.40
    17                           ; Generated 17/11/2021 GMT
    18                           ; 
    19                           ; Copyright © 2021, Microchip Technology Inc. and its subsidiaries ("Microchip")
    20                           ; All rights reserved.
    21                           ; 
    22                           ; This software is developed by Microchip Technology Inc. and its subsidiaries ("Microch
      +                          ip").
    23                           ; 
    24                           ; Redistribution and use in source and binary forms, with or without modification, are
    25                           ; permitted provided that the following conditions are met:
    26                           ; 
    27                           ;     1. Redistributions of source code must retain the above copyright notice, this lis
      +                          t of
    28                           ;        conditions and the following disclaimer.
    29                           ; 
    30                           ;     2. Redistributions in binary form must reproduce the above copyright notice, this 
      +                          list
    31                           ;        of conditions and the following disclaimer in the documentation and/or other
    32                           ;        materials provided with the distribution. Publication is not required when
    33                           ;        this file is used in an embedded application.
    34                           ; 
    35                           ;     3. Microchip's name may not be used to endorse or promote products derived from th
      +                          is
    36                           ;        software without specific prior written permission.
    37                           ; 
    38                           ; THIS SOFTWARE IS PROVIDED BY MICROCHIP "AS IS" AND ANY EXPRESS OR IMPLIED WARRANTIES,
    39                           ; INCLUDING, BUT NOT LIMITED TO, THE IMPLIED WARRANTIES OF MERCHANTABILITY AND FITNESS F
      +                          OR
    40                           ; PURPOSE ARE DISCLAIMED.  IN NO EVENT SHALL MICROCHIP BE LIABLE FOR ANY DIRECT, INDIREC
      +                          T,
    41                           ; INCIDENTAL, SPECIAL, EXEMPLARY, OR CONSEQUENTIAL DAMAGES (INCLUDING BUT NOT LIMITED TO
    42                           ; PROCUREMENT OF SUBSTITUTE GOODS OR SERVICES; LOSS OF USE, DATA OR PROFITS; OR BUSINESS
    43                           ; INTERRUPTION) HOWSOEVER CAUSED AND ON ANY THEORY OF LIABILITY, WHETHER IN CONTRACT, ST
      +                          RICT
    44                           ; LIABILITY, OR TORT (INCLUDING NEGLIGENCE OR OTHERWISE) ARISING IN ANY WAY OUT OF THE U
      +                          SE OF
    45                           ; THIS SOFTWARE, EVEN IF ADVISED OF THE POSSIBILITY OF SUCH DAMAGE.
    46                           ; 
    47                           ; 
    48                           ; Code-generator required, PIC16F887 Definitions
    49                           ; 
    50                           ; SFR Addresses
    51     0000                     	;# 
    52     0001                     	;# 
    53     0002                     	;# 
    54     0003                     	;# 
    55     0004                     	;# 
    56     0005                     	;# 
    57     0006                     	;# 
    58     0007                     	;# 
    59     0008                     	;# 
    60     0009                     	;# 
    61     000A                     	;# 
    62     000B                     	;# 
    63     000C                     	;# 
    64     000D                     	;# 
    65     000E                     	;# 
    66     000E                     	;# 
    67     000F                     	;# 
    68     0010                     	;# 
    69     0011                     	;# 
    70     0012                     	;# 
    71     0013                     	;# 
    72     0014                     	;# 
    73     0015                     	;# 
    74     0015                     	;# 
    75     0016                     	;# 
    76     0017                     	;# 
    77     0018                     	;# 
    78     0019                     	;# 
    79     001A                     	;# 
    80     001B                     	;# 
    81     001B                     	;# 
    82     001C                     	;# 
    83     001D                     	;# 
    84     001E                     	;# 
    85     001F                     	;# 
    86     0081                     	;# 
    87     0085                     	;# 
    88     0086                     	;# 
    89     0087                     	;# 
    90     0088                     	;# 
    91     0089                     	;# 
    92     008C                     	;# 
    93     008D                     	;# 
    94     008E                     	;# 
    95     008F                     	;# 
    96     0090                     	;# 
    97     0091                     	;# 
    98     0092                     	;# 
    99     0093                     	;# 
   100     0093                     	;# 
   101     0093                     	;# 
   102     0094                     	;# 
   103     0095                     	;# 
   104     0096                     	;# 
   105     0097                     	;# 
   106     0098                     	;# 
   107     0099                     	;# 
   108     009A                     	;# 
   109     009B                     	;# 
   110     009C                     	;# 
   111     009D                     	;# 
   112     009E                     	;# 
   113     009F                     	;# 
   114     0105                     	;# 
   115     0107                     	;# 
   116     0108                     	;# 
   117     0109                     	;# 
   118     010C                     	;# 
   119     010C                     	;# 
   120     010D                     	;# 
   121     010E                     	;# 
   122     010F                     	;# 
   123     0185                     	;# 
   124     0187                     	;# 
   125     0188                     	;# 
   126     0189                     	;# 
   127     018C                     	;# 
   128     018D                     	;# 
   129     0000                     	;# 
   130     0001                     	;# 
   131     0002                     	;# 
   132     0003                     	;# 
   133     0004                     	;# 
   134     0005                     	;# 
   135     0006                     	;# 
   136     0007                     	;# 
   137     0008                     	;# 
   138     0009                     	;# 
   139     000A                     	;# 
   140     000B                     	;# 
   141     000C                     	;# 
   142     000D                     	;# 
   143     000E                     	;# 
   144     000E                     	;# 
   145     000F                     	;# 
   146     0010                     	;# 
   147     0011                     	;# 
   148     0012                     	;# 
   149     0013                     	;# 
   150     0014                     	;# 
   151     0015                     	;# 
   152     0015                     	;# 
   153     0016                     	;# 
   154     0017                     	;# 
   155     0018                     	;# 
   156     0019                     	;# 
   157     001A                     	;# 
   158     001B                     	;# 
   159     001B                     	;# 
   160     001C                     	;# 
   161     001D                     	;# 
   162     001E                     	;# 
   163     001F                     	;# 
   164     0081                     	;# 
   165     0085                     	;# 
   166     0086                     	;# 
   167     0087                     	;# 
   168     0088                     	;# 
   169     0089                     	;# 
   170     008C                     	;# 
   171     008D                     	;# 
   172     008E                     	;# 
   173     008F                     	;# 
   174     0090                     	;# 
   175     0091                     	;# 
   176     0092                     	;# 
   177     0093                     	;# 
   178     0093                     	;# 
   179     0093                     	;# 
   180     0094                     	;# 
   181     0095                     	;# 
   182     0096                     	;# 
   183     0097                     	;# 
   184     0098                     	;# 
   185     0099                     	;# 
   186     009A                     	;# 
   187     009B                     	;# 
   188     009C                     	;# 
   189     009D                     	;# 
   190     009E                     	;# 
   191     009F                     	;# 
   192     0105                     	;# 
   193     0107                     	;# 
   194     0108                     	;# 
   195     0109                     	;# 
   196     010C                     	;# 
   197     010C                     	;# 
   198     010D                     	;# 
   199     010E                     	;# 
   200     010F                     	;# 
   201     0185                     	;# 
   202     0187                     	;# 
   203     0188                     	;# 
   204     0189                     	;# 
   205     018C                     	;# 
   206     018D                     	;# 
   207     0018                     _RCSTA	set	24
   208     0009                     _PORTE	set	9
   209     0007                     _PORTC	set	7
   210     0006                     _PORTB	set	6
   211     0005                     _PORTA	set	5
   212     0019                     _TXREG	set	25
   213     0008                     _PORTD	set	8
   214     002D                     _RA5	set	45
   215     002E                     _RA6	set	46
   216     002F                     _RA7	set	47
   217     0030                     _RB0	set	48
   218     0033                     _RB3	set	51
   219     0032                     _RB2	set	50
   220     0031                     _RB1	set	49
   221     0064                     _TXIF	set	100
   222     0048                     _RE0	set	72
   223     0049                     _RE1	set	73
   224     0098                     _TXSTA	set	152
   225     0099                     _SPBRG	set	153
   226     0089                     _TRISE	set	137
   227     0088                     _TRISD	set	136
   228     0087                     _TRISC	set	135
   229     0086                     _TRISB	set	134
   230     0085                     _TRISA	set	133
   231     0189                     _ANSELH	set	393
   232     0188                     _ANSEL	set	392
   233                           
   234                           	psect	cinit
   235     07F7                     start_initialization:	
   236                           ; #config settings
   237                           
   238     07F7                     __initialization:
   239                           
   240                           ; Clear objects allocated to COMMON
   241     07F7  01F0               	clrf	__pbssCOMMON& (0+127)
   242     07F8  01F1               	clrf	(__pbssCOMMON+1)& (0+127)
   243     07F9  01F2               	clrf	(__pbssCOMMON+2)& (0+127)
   244     07FA  01F3               	clrf	(__pbssCOMMON+3)& (0+127)
   245     07FB  01F4               	clrf	(__pbssCOMMON+4)& (0+127)
   246     07FC                     end_of_initialization:	
   247                           ;End of C runtime variable initialization code
   248                           
   249     07FC                     __end_of__initialization:
   250     07FC  0183               	clrf	3
   251     07FD  120A  118A  2E2F   	ljmp	_main	;jump to C main() function
   252                           
   253                           	psect	bssCOMMON
   254     0070                     __pbssCOMMON:
   255     0070                     _digit:
   256     0070                     	ds	2
   257     0072                     _temp:
   258     0072                     	ds	3
   259                           
   260                           	psect	cstackCOMMON
   261     0075                     __pcstackCOMMON:
   262     0075                     ?_delay:
   263     0075                     ?_enable:	
   264                           ; 1 bytes @ 0x0
   265                           
   266     0075                     ?_transmit:	
   267                           ; 1 bytes @ 0x0
   268                           
   269     0075                     ??_transmit:	
   270                           ; 1 bytes @ 0x0
   271                           
   272     0075                     ?_main:	
   273                           ; 1 bytes @ 0x0
   274                           
   275     0075                     delay@t:	
   276                           ; 1 bytes @ 0x0
   277                           
   278                           
   279                           ; 2 bytes @ 0x0
   280     0075                     	ds	1
   281     0076                     transmit@i:
   282                           
   283                           ; 2 bytes @ 0x1
   284     0076                     	ds	1
   285     0077                     ??_delay:
   286     0077                     ??_enable:	
   287                           ; 1 bytes @ 0x2
   288                           
   289     0077                     ?_lcd:	
   290                           ; 1 bytes @ 0x2
   291                           
   292     0077                     lcd@rs:	
   293                           ; 1 bytes @ 0x2
   294                           
   295                           
   296                           ; 2 bytes @ 0x2
   297     0077                     	ds	1
   298     0078                     transmit@data:
   299                           
   300                           ; 1 bytes @ 0x3
   301     0078                     	ds	1
   302     0079                     lcd@data:
   303                           
   304                           ; 1 bytes @ 0x4
   305     0079                     	ds	1
   306     007A                     ??_lcd:
   307     007A                     ??_main:	
   308                           ; 1 bytes @ 0x5
   309                           
   310                           
   311                           	psect	maintext
   312     062F                     __pmaintext:	
   313                           ; 1 bytes @ 0x5
   314 ;;
   315 ;;Main: autosize = 0, tempsize = 0, incstack = 0, save=0
   316 ;;
   317 ;; *************** function _main *****************
   318 ;; Defined at:
   319 ;;		line 54 in file "remote.c"
   320 ;; Parameters:    Size  Location     Type
   321 ;;		None
   322 ;; Auto vars:     Size  Location     Type
   323 ;;		None
   324 ;; Return value:  Size  Location     Type
   325 ;;                  1    wreg      void 
   326 ;; Registers used:
   327 ;;		wreg, fsr0l, fsr0h, status,2, status,0, pclath, cstack
   328 ;; Tracked objects:
   329 ;;		On entry : B00/0
   330 ;;		On exit  : 0/0
   331 ;;		Unchanged: 0/0
   332 ;; Data sizes:     COMMON   BANK0   BANK1   BANK3   BANK2
   333 ;;      Params:         0       0       0       0       0
   334 ;;      Locals:         0       0       0       0       0
   335 ;;      Temps:          0       0       0       0       0
   336 ;;      Totals:         0       0       0       0       0
   337 ;;Total ram usage:        0 bytes
   338 ;; Hardware stack levels required when called: 3
   339 ;; This function calls:
   340 ;;		_lcd
   341 ;;		_transmit
   342 ;; This function is called by:
   343 ;;		Startup code after reset
   344 ;; This function uses a non-reentrant model
   345 ;;
   346                           
   347     062F                     _main:	
   348                           ;psect for function _main
   349                           
   350     062F                     l867:	
   351                           ;incstack = 0
   352                           ; Regs used in _main: [wreg-fsr0h+status,2+status,0+pclath+cstack]
   353                           
   354                           
   355                           ;remote.c: 56:     PORTA=0x00;
   356     062F  1283               	bcf	3,5	;RP0=0, select bank0
   357     0630  1303               	bcf	3,6	;RP1=0, select bank0
   358     0631  0185               	clrf	5	;volatile
   359     0632                     l869:
   360                           
   361                           ;remote.c: 57:     TRISA=0xE0;
   362     0632  30E0               	movlw	224
   363     0633  1683               	bsf	3,5	;RP0=1, select bank1
   364     0634  1303               	bcf	3,6	;RP1=0, select bank1
   365     0635  0085               	movwf	5	;volatile
   366     0636                     l871:
   367                           
   368                           ;remote.c: 58:     PORTB=0x00;
   369     0636  1283               	bcf	3,5	;RP0=0, select bank0
   370     0637  1303               	bcf	3,6	;RP1=0, select bank0
   371     0638  0186               	clrf	6	;volatile
   372     0639                     l873:
   373                           
   374                           ;remote.c: 59:     TRISB=0x00;
   375     0639  1683               	bsf	3,5	;RP0=1, select bank1
   376     063A  1303               	bcf	3,6	;RP1=0, select bank1
   377     063B  0186               	clrf	6	;volatile
   378     063C                     l875:
   379                           
   380                           ;remote.c: 60:     PORTC=0x00;
   381     063C  1283               	bcf	3,5	;RP0=0, select bank0
   382     063D  1303               	bcf	3,6	;RP1=0, select bank0
   383     063E  0187               	clrf	7	;volatile
   384                           
   385                           ;remote.c: 61:     TRISC=0x80;
   386     063F  3080               	movlw	128
   387     0640  1683               	bsf	3,5	;RP0=1, select bank1
   388     0641  1303               	bcf	3,6	;RP1=0, select bank1
   389     0642  0087               	movwf	7	;volatile
   390     0643                     l877:
   391                           
   392                           ;remote.c: 62:     PORTD=0x00;
   393     0643  1283               	bcf	3,5	;RP0=0, select bank0
   394     0644  1303               	bcf	3,6	;RP1=0, select bank0
   395     0645  0188               	clrf	8	;volatile
   396     0646                     l879:
   397                           
   398                           ;remote.c: 63:     TRISD=0x00;
   399     0646  1683               	bsf	3,5	;RP0=1, select bank1
   400     0647  1303               	bcf	3,6	;RP1=0, select bank1
   401     0648  0188               	clrf	8	;volatile
   402     0649                     l881:
   403                           
   404                           ;remote.c: 64:     PORTE=0x00;
   405     0649  1283               	bcf	3,5	;RP0=0, select bank0
   406     064A  1303               	bcf	3,6	;RP1=0, select bank0
   407     064B  0189               	clrf	9	;volatile
   408     064C                     l883:
   409                           
   410                           ;remote.c: 65:     TRISE=0x00;
   411     064C  1683               	bsf	3,5	;RP0=1, select bank1
   412     064D  1303               	bcf	3,6	;RP1=0, select bank1
   413     064E  0189               	clrf	9	;volatile
   414     064F                     l885:
   415                           
   416                           ;remote.c: 67:     ANSEL=ANSELH=0x00;
   417     064F  1683               	bsf	3,5	;RP0=1, select bank3
   418     0650  1703               	bsf	3,6	;RP1=1, select bank3
   419     0651  0189               	clrf	9	;volatile
   420     0652  0188               	clrf	8	;volatile
   421     0653                     l887:
   422                           
   423                           ;remote.c: 69:     SPBRG=25;
   424     0653  3019               	movlw	25
   425     0654  1683               	bsf	3,5	;RP0=1, select bank1
   426     0655  1303               	bcf	3,6	;RP1=0, select bank1
   427     0656  0099               	movwf	25	;volatile
   428     0657                     l889:
   429                           
   430                           ;remote.c: 70:     TXSTA=0x26;
   431     0657  3026               	movlw	38
   432     0658  0098               	movwf	24	;volatile
   433     0659                     l891:
   434                           
   435                           ;remote.c: 71:     RCSTA=0x90;
   436     0659  3090               	movlw	144
   437     065A  1283               	bcf	3,5	;RP0=0, select bank0
   438     065B  1303               	bcf	3,6	;RP1=0, select bank0
   439     065C  0098               	movwf	24	;volatile
   440     065D                     l893:
   441                           
   442                           ;remote.c: 73:     lcd(0,0x38);
   443     065D  3000               	movlw	0
   444     065E  00F7               	movwf	lcd@rs
   445     065F  00F8               	movwf	lcd@rs+1
   446     0660  3038               	movlw	56
   447     0661  00F9               	movwf	lcd@data
   448     0662  120A  118A  25E1  120A  118A  	fcall	_lcd
   449     0667                     l895:
   450                           
   451                           ;remote.c: 74:     lcd(0,0x0c);
   452     0667  3000               	movlw	0
   453     0668  00F7               	movwf	lcd@rs
   454     0669  00F8               	movwf	lcd@rs+1
   455     066A  300C               	movlw	12
   456     066B  00F9               	movwf	lcd@data
   457     066C  120A  118A  25E1  120A  118A  	fcall	_lcd
   458     0671                     l897:
   459                           
   460                           ;remote.c: 75:     lcd(0,0x01);
   461     0671  3000               	movlw	0
   462     0672  00F7               	movwf	lcd@rs
   463     0673  00F8               	movwf	lcd@rs+1
   464     0674  01F9               	clrf	lcd@data
   465     0675  0AF9               	incf	lcd@data,f
   466     0676  120A  118A  25E1  120A  118A  	fcall	_lcd
   467     067B                     l899:
   468                           
   469                           ;remote.c: 76:     lcd(0,0x80);
   470     067B  3000               	movlw	0
   471     067C  00F7               	movwf	lcd@rs
   472     067D  00F8               	movwf	lcd@rs+1
   473     067E  3080               	movlw	128
   474     067F  00F9               	movwf	lcd@data
   475     0680  120A  118A  25E1  120A  118A  	fcall	_lcd
   476     0685                     l901:
   477                           
   478                           ;remote.c: 78:     {;remote.c: 79:         RB1=RB2=RB3=0;RB0=1;
   479     0685  1283               	bcf	3,5	;RP0=0, select bank0
   480     0686  1303               	bcf	3,6	;RP1=0, select bank0
   481     0687  1186               	bcf	6,3	;volatile
   482     0688  1106               	bcf	6,2	;volatile
   483     0689  1086               	bcf	6,1	;volatile
   484     068A                     l903:
   485     068A  1406               	bsf	6,0	;volatile
   486     068B                     l905:
   487                           
   488                           ;remote.c: 80:         if(RA7==1){temp[digit]='1';lcd(1,'1'); digit++;while(RA7==1);}
   489     068B  1F85               	btfss	5,7	;volatile
   490     068C  2E8E               	goto	u311
   491     068D  2E8F               	goto	u310
   492     068E                     u311:
   493     068E  2EAB               	goto	l83
   494     068F                     u310:
   495     068F                     l907:
   496     068F  0870               	movf	_digit,w
   497     0690  3E72               	addlw	(low (_temp| 0))& (0+255)
   498     0691  0084               	movwf	4
   499     0692  3031               	movlw	49
   500     0693  0080               	movwf	0
   501     0694                     l909:
   502     0694  3001               	movlw	1
   503     0695  00F7               	movwf	lcd@rs
   504     0696  3000               	movlw	0
   505     0697  00F8               	movwf	lcd@rs+1
   506     0698  3031               	movlw	49
   507     0699  00F9               	movwf	lcd@data
   508     069A  120A  118A  25E1  120A  118A  	fcall	_lcd
   509     069F                     l911:
   510     069F  3001               	movlw	1
   511     06A0  07F0               	addwf	_digit,f
   512     06A1  1803               	skipnc
   513     06A2  0AF1               	incf	_digit+1,f
   514     06A3  3000               	movlw	0
   515     06A4  07F1               	addwf	_digit+1,f
   516     06A5                     l84:
   517     06A5  1283               	bcf	3,5	;RP0=0, select bank0
   518     06A6  1303               	bcf	3,6	;RP1=0, select bank0
   519     06A7  1B85               	btfsc	5,7	;volatile
   520     06A8  2EAA               	goto	u321
   521     06A9  2EAB               	goto	u320
   522     06AA                     u321:
   523     06AA  2EA5               	goto	l84
   524     06AB                     u320:
   525     06AB                     l83:
   526                           
   527                           ;remote.c: 81:         if(RA6==1){temp[digit]='2';lcd(1,'2'); digit++;while(RA6==1);}
   528     06AB  1F05               	btfss	5,6	;volatile
   529     06AC  2EAE               	goto	u331
   530     06AD  2EAF               	goto	u330
   531     06AE                     u331:
   532     06AE  2ECB               	goto	l87
   533     06AF                     u330:
   534     06AF                     l913:
   535     06AF  0870               	movf	_digit,w
   536     06B0  3E72               	addlw	(low (_temp| 0))& (0+255)
   537     06B1  0084               	movwf	4
   538     06B2  3032               	movlw	50
   539     06B3  0080               	movwf	0
   540     06B4                     l915:
   541     06B4  3001               	movlw	1
   542     06B5  00F7               	movwf	lcd@rs
   543     06B6  3000               	movlw	0
   544     06B7  00F8               	movwf	lcd@rs+1
   545     06B8  3032               	movlw	50
   546     06B9  00F9               	movwf	lcd@data
   547     06BA  120A  118A  25E1  120A  118A  	fcall	_lcd
   548     06BF                     l917:
   549     06BF  3001               	movlw	1
   550     06C0  07F0               	addwf	_digit,f
   551     06C1  1803               	skipnc
   552     06C2  0AF1               	incf	_digit+1,f
   553     06C3  3000               	movlw	0
   554     06C4  07F1               	addwf	_digit+1,f
   555     06C5                     l88:
   556     06C5  1283               	bcf	3,5	;RP0=0, select bank0
   557     06C6  1303               	bcf	3,6	;RP1=0, select bank0
   558     06C7  1B05               	btfsc	5,6	;volatile
   559     06C8  2ECA               	goto	u341
   560     06C9  2ECB               	goto	u340
   561     06CA                     u341:
   562     06CA  2EC5               	goto	l88
   563     06CB                     u340:
   564     06CB                     l87:
   565                           
   566                           ;remote.c: 82:         if(RA5==1){temp[digit]='3';lcd(1,'3'); digit++;while(RA5==1);}
   567     06CB  1E85               	btfss	5,5	;volatile
   568     06CC  2ECE               	goto	u351
   569     06CD  2ECF               	goto	u350
   570     06CE                     u351:
   571     06CE  2EEB               	goto	l91
   572     06CF                     u350:
   573     06CF                     l919:
   574     06CF  0870               	movf	_digit,w
   575     06D0  3E72               	addlw	(low (_temp| 0))& (0+255)
   576     06D1  0084               	movwf	4
   577     06D2  3033               	movlw	51
   578     06D3  0080               	movwf	0
   579     06D4                     l921:
   580     06D4  3001               	movlw	1
   581     06D5  00F7               	movwf	lcd@rs
   582     06D6  3000               	movlw	0
   583     06D7  00F8               	movwf	lcd@rs+1
   584     06D8  3033               	movlw	51
   585     06D9  00F9               	movwf	lcd@data
   586     06DA  120A  118A  25E1  120A  118A  	fcall	_lcd
   587     06DF                     l923:
   588     06DF  3001               	movlw	1
   589     06E0  07F0               	addwf	_digit,f
   590     06E1  1803               	skipnc
   591     06E2  0AF1               	incf	_digit+1,f
   592     06E3  3000               	movlw	0
   593     06E4  07F1               	addwf	_digit+1,f
   594     06E5                     l92:
   595     06E5  1283               	bcf	3,5	;RP0=0, select bank0
   596     06E6  1303               	bcf	3,6	;RP1=0, select bank0
   597     06E7  1A85               	btfsc	5,5	;volatile
   598     06E8  2EEA               	goto	u361
   599     06E9  2EEB               	goto	u360
   600     06EA                     u361:
   601     06EA  2EE5               	goto	l92
   602     06EB                     u360:
   603     06EB                     l91:
   604                           
   605                           ;remote.c: 84:         RB0=RB2=RB3=0;RB1=1;
   606     06EB  1186               	bcf	6,3	;volatile
   607     06EC  1106               	bcf	6,2	;volatile
   608     06ED  1006               	bcf	6,0	;volatile
   609     06EE  1486               	bsf	6,1	;volatile
   610                           
   611                           ;remote.c: 85:         if(RA7==1){temp[digit]='4';lcd(1,'4'); digit++;while(RA7==1);}
   612     06EF  1F85               	btfss	5,7	;volatile
   613     06F0  2EF2               	goto	u371
   614     06F1  2EF3               	goto	u370
   615     06F2                     u371:
   616     06F2  2F0F               	goto	l95
   617     06F3                     u370:
   618     06F3                     l925:
   619     06F3  0870               	movf	_digit,w
   620     06F4  3E72               	addlw	(low (_temp| 0))& (0+255)
   621     06F5  0084               	movwf	4
   622     06F6  3034               	movlw	52
   623     06F7  0080               	movwf	0
   624     06F8                     l927:
   625     06F8  3001               	movlw	1
   626     06F9  00F7               	movwf	lcd@rs
   627     06FA  3000               	movlw	0
   628     06FB  00F8               	movwf	lcd@rs+1
   629     06FC  3034               	movlw	52
   630     06FD  00F9               	movwf	lcd@data
   631     06FE  120A  118A  25E1  120A  118A  	fcall	_lcd
   632     0703                     l929:
   633     0703  3001               	movlw	1
   634     0704  07F0               	addwf	_digit,f
   635     0705  1803               	skipnc
   636     0706  0AF1               	incf	_digit+1,f
   637     0707  3000               	movlw	0
   638     0708  07F1               	addwf	_digit+1,f
   639     0709                     l96:
   640     0709  1283               	bcf	3,5	;RP0=0, select bank0
   641     070A  1303               	bcf	3,6	;RP1=0, select bank0
   642     070B  1B85               	btfsc	5,7	;volatile
   643     070C  2F0E               	goto	u381
   644     070D  2F0F               	goto	u380
   645     070E                     u381:
   646     070E  2F09               	goto	l96
   647     070F                     u380:
   648     070F                     l95:
   649                           
   650                           ;remote.c: 86:         if(RA6==1){temp[digit]='5';lcd(1,'5'); digit++;while(RA6==1);}
   651     070F  1F05               	btfss	5,6	;volatile
   652     0710  2F12               	goto	u391
   653     0711  2F13               	goto	u390
   654     0712                     u391:
   655     0712  2F2F               	goto	l99
   656     0713                     u390:
   657     0713                     l931:
   658     0713  0870               	movf	_digit,w
   659     0714  3E72               	addlw	(low (_temp| 0))& (0+255)
   660     0715  0084               	movwf	4
   661     0716  3035               	movlw	53
   662     0717  0080               	movwf	0
   663     0718                     l933:
   664     0718  3001               	movlw	1
   665     0719  00F7               	movwf	lcd@rs
   666     071A  3000               	movlw	0
   667     071B  00F8               	movwf	lcd@rs+1
   668     071C  3035               	movlw	53
   669     071D  00F9               	movwf	lcd@data
   670     071E  120A  118A  25E1  120A  118A  	fcall	_lcd
   671     0723                     l935:
   672     0723  3001               	movlw	1
   673     0724  07F0               	addwf	_digit,f
   674     0725  1803               	skipnc
   675     0726  0AF1               	incf	_digit+1,f
   676     0727  3000               	movlw	0
   677     0728  07F1               	addwf	_digit+1,f
   678     0729                     l100:
   679     0729  1283               	bcf	3,5	;RP0=0, select bank0
   680     072A  1303               	bcf	3,6	;RP1=0, select bank0
   681     072B  1B05               	btfsc	5,6	;volatile
   682     072C  2F2E               	goto	u401
   683     072D  2F2F               	goto	u400
   684     072E                     u401:
   685     072E  2F29               	goto	l100
   686     072F                     u400:
   687     072F                     l99:
   688                           
   689                           ;remote.c: 87:         if(RA5==1){temp[digit]='6';lcd(1,'6'); digit++;while(RA5==1);}
   690     072F  1E85               	btfss	5,5	;volatile
   691     0730  2F32               	goto	u411
   692     0731  2F33               	goto	u410
   693     0732                     u411:
   694     0732  2F4F               	goto	l103
   695     0733                     u410:
   696     0733                     l937:
   697     0733  0870               	movf	_digit,w
   698     0734  3E72               	addlw	(low (_temp| 0))& (0+255)
   699     0735  0084               	movwf	4
   700     0736  3036               	movlw	54
   701     0737  0080               	movwf	0
   702     0738                     l939:
   703     0738  3001               	movlw	1
   704     0739  00F7               	movwf	lcd@rs
   705     073A  3000               	movlw	0
   706     073B  00F8               	movwf	lcd@rs+1
   707     073C  3036               	movlw	54
   708     073D  00F9               	movwf	lcd@data
   709     073E  120A  118A  25E1  120A  118A  	fcall	_lcd
   710     0743                     l941:
   711     0743  3001               	movlw	1
   712     0744  07F0               	addwf	_digit,f
   713     0745  1803               	skipnc
   714     0746  0AF1               	incf	_digit+1,f
   715     0747  3000               	movlw	0
   716     0748  07F1               	addwf	_digit+1,f
   717     0749                     l104:
   718     0749  1283               	bcf	3,5	;RP0=0, select bank0
   719     074A  1303               	bcf	3,6	;RP1=0, select bank0
   720     074B  1A85               	btfsc	5,5	;volatile
   721     074C  2F4E               	goto	u421
   722     074D  2F4F               	goto	u420
   723     074E                     u421:
   724     074E  2F49               	goto	l104
   725     074F                     u420:
   726     074F                     l103:
   727                           
   728                           ;remote.c: 89:         RB1=RB0=RB3=0;RB2=1;
   729     074F  1186               	bcf	6,3	;volatile
   730     0750  1006               	bcf	6,0	;volatile
   731     0751  1086               	bcf	6,1	;volatile
   732     0752  1506               	bsf	6,2	;volatile
   733                           
   734                           ;remote.c: 90:         if(RA7==1){temp[digit]='7';lcd(1,'7'); digit++;while(RA7==1);}
   735     0753  1F85               	btfss	5,7	;volatile
   736     0754  2F56               	goto	u431
   737     0755  2F57               	goto	u430
   738     0756                     u431:
   739     0756  2F73               	goto	l107
   740     0757                     u430:
   741     0757                     l943:
   742     0757  0870               	movf	_digit,w
   743     0758  3E72               	addlw	(low (_temp| 0))& (0+255)
   744     0759  0084               	movwf	4
   745     075A  3037               	movlw	55
   746     075B  0080               	movwf	0
   747     075C                     l945:
   748     075C  3001               	movlw	1
   749     075D  00F7               	movwf	lcd@rs
   750     075E  3000               	movlw	0
   751     075F  00F8               	movwf	lcd@rs+1
   752     0760  3037               	movlw	55
   753     0761  00F9               	movwf	lcd@data
   754     0762  120A  118A  25E1  120A  118A  	fcall	_lcd
   755     0767                     l947:
   756     0767  3001               	movlw	1
   757     0768  07F0               	addwf	_digit,f
   758     0769  1803               	skipnc
   759     076A  0AF1               	incf	_digit+1,f
   760     076B  3000               	movlw	0
   761     076C  07F1               	addwf	_digit+1,f
   762     076D                     l108:
   763     076D  1283               	bcf	3,5	;RP0=0, select bank0
   764     076E  1303               	bcf	3,6	;RP1=0, select bank0
   765     076F  1B85               	btfsc	5,7	;volatile
   766     0770  2F72               	goto	u441
   767     0771  2F73               	goto	u440
   768     0772                     u441:
   769     0772  2F6D               	goto	l108
   770     0773                     u440:
   771     0773                     l107:
   772                           
   773                           ;remote.c: 91:         if(RA6==1){temp[digit]='8';lcd(1,'8'); digit++;while(RA6==1);}
   774     0773  1F05               	btfss	5,6	;volatile
   775     0774  2F76               	goto	u451
   776     0775  2F77               	goto	u450
   777     0776                     u451:
   778     0776  2F93               	goto	l111
   779     0777                     u450:
   780     0777                     l949:
   781     0777  0870               	movf	_digit,w
   782     0778  3E72               	addlw	(low (_temp| 0))& (0+255)
   783     0779  0084               	movwf	4
   784     077A  3038               	movlw	56
   785     077B  0080               	movwf	0
   786     077C                     l951:
   787     077C  3001               	movlw	1
   788     077D  00F7               	movwf	lcd@rs
   789     077E  3000               	movlw	0
   790     077F  00F8               	movwf	lcd@rs+1
   791     0780  3038               	movlw	56
   792     0781  00F9               	movwf	lcd@data
   793     0782  120A  118A  25E1  120A  118A  	fcall	_lcd
   794     0787                     l953:
   795     0787  3001               	movlw	1
   796     0788  07F0               	addwf	_digit,f
   797     0789  1803               	skipnc
   798     078A  0AF1               	incf	_digit+1,f
   799     078B  3000               	movlw	0
   800     078C  07F1               	addwf	_digit+1,f
   801     078D                     l112:
   802     078D  1283               	bcf	3,5	;RP0=0, select bank0
   803     078E  1303               	bcf	3,6	;RP1=0, select bank0
   804     078F  1B05               	btfsc	5,6	;volatile
   805     0790  2F92               	goto	u461
   806     0791  2F93               	goto	u460
   807     0792                     u461:
   808     0792  2F8D               	goto	l112
   809     0793                     u460:
   810     0793                     l111:
   811                           
   812                           ;remote.c: 92:         if(RA5==1){temp[digit]='9';lcd(1,'9'); digit++;while(RA5==1);}
   813     0793  1E85               	btfss	5,5	;volatile
   814     0794  2F96               	goto	u471
   815     0795  2F97               	goto	u470
   816     0796                     u471:
   817     0796  2FB3               	goto	l115
   818     0797                     u470:
   819     0797                     l955:
   820     0797  0870               	movf	_digit,w
   821     0798  3E72               	addlw	(low (_temp| 0))& (0+255)
   822     0799  0084               	movwf	4
   823     079A  3039               	movlw	57
   824     079B  0080               	movwf	0
   825     079C                     l957:
   826     079C  3001               	movlw	1
   827     079D  00F7               	movwf	lcd@rs
   828     079E  3000               	movlw	0
   829     079F  00F8               	movwf	lcd@rs+1
   830     07A0  3039               	movlw	57
   831     07A1  00F9               	movwf	lcd@data
   832     07A2  120A  118A  25E1  120A  118A  	fcall	_lcd
   833     07A7                     l959:
   834     07A7  3001               	movlw	1
   835     07A8  07F0               	addwf	_digit,f
   836     07A9  1803               	skipnc
   837     07AA  0AF1               	incf	_digit+1,f
   838     07AB  3000               	movlw	0
   839     07AC  07F1               	addwf	_digit+1,f
   840     07AD                     l116:
   841     07AD  1283               	bcf	3,5	;RP0=0, select bank0
   842     07AE  1303               	bcf	3,6	;RP1=0, select bank0
   843     07AF  1A85               	btfsc	5,5	;volatile
   844     07B0  2FB2               	goto	u481
   845     07B1  2FB3               	goto	u480
   846     07B2                     u481:
   847     07B2  2FAD               	goto	l116
   848     07B3                     u480:
   849     07B3                     l115:
   850                           
   851                           ;remote.c: 94:         RB1=RB2=RB0=0;RB3=1;
   852     07B3  1006               	bcf	6,0	;volatile
   853     07B4  1106               	bcf	6,2	;volatile
   854     07B5  1086               	bcf	6,1	;volatile
   855     07B6  1586               	bsf	6,3	;volatile
   856                           
   857                           ;remote.c: 95:         if(RA7==1){transmit(temp);digit=0;lcd(0,0x01);while(RA7==1);}
   858     07B7  1F85               	btfss	5,7	;volatile
   859     07B8  2FBA               	goto	u491
   860     07B9  2FBB               	goto	u490
   861     07BA                     u491:
   862     07BA  2FD3               	goto	l119
   863     07BB                     u490:
   864     07BB                     l961:
   865     07BB  3072               	movlw	(low (_temp| 0))& (0+255)
   866     07BC  120A  118A  260C  120A  118A  	fcall	_transmit
   867     07C1                     l963:
   868     07C1  01F0               	clrf	_digit
   869     07C2  01F1               	clrf	_digit+1
   870     07C3                     l965:
   871     07C3  3000               	movlw	0
   872     07C4  00F7               	movwf	lcd@rs
   873     07C5  00F8               	movwf	lcd@rs+1
   874     07C6  01F9               	clrf	lcd@data
   875     07C7  0AF9               	incf	lcd@data,f
   876     07C8  120A  118A  25E1  120A  118A  	fcall	_lcd
   877     07CD                     l120:
   878     07CD  1283               	bcf	3,5	;RP0=0, select bank0
   879     07CE  1303               	bcf	3,6	;RP1=0, select bank0
   880     07CF  1B85               	btfsc	5,7	;volatile
   881     07D0  2FD2               	goto	u501
   882     07D1  2FD3               	goto	u500
   883     07D2                     u501:
   884     07D2  2FCD               	goto	l120
   885     07D3                     u500:
   886     07D3                     l119:
   887                           
   888                           ;remote.c: 96:         if(RA6==1){temp[digit]='0';lcd(1,'0'); digit++;while(RA6==1);}
   889     07D3  1F05               	btfss	5,6	;volatile
   890     07D4  2FD6               	goto	u511
   891     07D5  2FD7               	goto	u510
   892     07D6                     u511:
   893     07D6  2E85               	goto	l901
   894     07D7                     u510:
   895     07D7                     l967:
   896     07D7  0870               	movf	_digit,w
   897     07D8  3E72               	addlw	(low (_temp| 0))& (0+255)
   898     07D9  0084               	movwf	4
   899     07DA  3030               	movlw	48
   900     07DB  0080               	movwf	0
   901     07DC                     l969:
   902     07DC  3001               	movlw	1
   903     07DD  00F7               	movwf	lcd@rs
   904     07DE  3000               	movlw	0
   905     07DF  00F8               	movwf	lcd@rs+1
   906     07E0  3030               	movlw	48
   907     07E1  00F9               	movwf	lcd@data
   908     07E2  120A  118A  25E1  120A  118A  	fcall	_lcd
   909     07E7                     l971:
   910     07E7  3001               	movlw	1
   911     07E8  07F0               	addwf	_digit,f
   912     07E9  1803               	skipnc
   913     07EA  0AF1               	incf	_digit+1,f
   914     07EB  3000               	movlw	0
   915     07EC  07F1               	addwf	_digit+1,f
   916     07ED                     l124:
   917     07ED  1283               	bcf	3,5	;RP0=0, select bank0
   918     07EE  1303               	bcf	3,6	;RP1=0, select bank0
   919     07EF  1B05               	btfsc	5,6	;volatile
   920     07F0  2FF2               	goto	u521
   921     07F1  2FF3               	goto	u520
   922     07F2                     u521:
   923     07F2  2FED               	goto	l124
   924     07F3                     u520:
   925     07F3  2E85               	goto	l901
   926     07F4  120A  118A  2800   	ljmp	start
   927     07F7                     __end_of_main:
   928                           
   929                           	psect	text1
   930     060C                     __ptext1:	
   931 ;; *************** function _transmit *****************
   932 ;; Defined at:
   933 ;;		line 43 in file "remote.c"
   934 ;; Parameters:    Size  Location     Type
   935 ;;  data            1    wreg     PTR unsigned char 
   936 ;;		 -> temp(3), 
   937 ;; Auto vars:     Size  Location     Type
   938 ;;  data            1    3[COMMON] PTR unsigned char 
   939 ;;		 -> temp(3), 
   940 ;;  i               2    1[COMMON] int 
   941 ;; Return value:  Size  Location     Type
   942 ;;                  1    wreg      void 
   943 ;; Registers used:
   944 ;;		wreg, fsr0l, fsr0h, status,2, status,0
   945 ;; Tracked objects:
   946 ;;		On entry : 0/0
   947 ;;		On exit  : 0/0
   948 ;;		Unchanged: 0/0
   949 ;; Data sizes:     COMMON   BANK0   BANK1   BANK3   BANK2
   950 ;;      Params:         0       0       0       0       0
   951 ;;      Locals:         3       0       0       0       0
   952 ;;      Temps:          1       0       0       0       0
   953 ;;      Totals:         4       0       0       0       0
   954 ;;Total ram usage:        4 bytes
   955 ;; Hardware stack levels used: 1
   956 ;; This function calls:
   957 ;;		Nothing
   958 ;; This function is called by:
   959 ;;		_main
   960 ;; This function uses a non-reentrant model
   961 ;;
   962                           
   963     060C                     _transmit:	
   964                           ;psect for function _transmit
   965                           
   966                           
   967                           ;incstack = 0
   968                           ; Regs used in _transmit: [wreg-fsr0h+status,2+status,0]
   969                           ;transmit@data stored from wreg
   970     060C  00F8               	movwf	transmit@data
   971     060D                     l737:
   972                           
   973                           ;remote.c: 43: void transmit(char *data);remote.c: 44: {;remote.c: 45:     int i;;remote
      +                          .c: 46:     for(i=0 ; *(data+i)!='\0' ; i++)
   974     060D  01F6               	clrf	transmit@i
   975     060E  01F7               	clrf	transmit@i+1
   976     060F  2E24               	goto	l743
   977     0610                     l739:
   978                           
   979                           ;remote.c: 47:     {;remote.c: 48:        TXREG=*(data+i);
   980     0610  0876               	movf	transmit@i,w
   981     0611  0778               	addwf	transmit@data,w
   982     0612  00F5               	movwf	??_transmit
   983     0613  0875               	movf	??_transmit,w
   984     0614  0084               	movwf	4
   985     0615  0800               	movf	0,w
   986     0616  1283               	bcf	3,5	;RP0=0, select bank0
   987     0617  1303               	bcf	3,6	;RP1=0, select bank0
   988     0618  0099               	movwf	25	;volatile
   989     0619                     l73:	
   990                           ;remote.c: 49:        while(TXIF==0);
   991                           
   992     0619  1E0C               	btfss	12,4	;volatile
   993     061A  2E1C               	goto	u41
   994     061B  2E1D               	goto	u40
   995     061C                     u41:
   996     061C  2E19               	goto	l73
   997     061D                     u40:
   998     061D                     l75:
   999                           
  1000                           ;remote.c: 50:        TXIF=0;
  1001     061D  120C               	bcf	12,4	;volatile
  1002     061E                     l741:
  1003                           
  1004                           ;remote.c: 51:     }
  1005     061E  3001               	movlw	1
  1006     061F  07F6               	addwf	transmit@i,f
  1007     0620  1803               	skipnc
  1008     0621  0AF7               	incf	transmit@i+1,f
  1009     0622  3000               	movlw	0
  1010     0623  07F7               	addwf	transmit@i+1,f
  1011     0624                     l743:
  1012     0624  0876               	movf	transmit@i,w
  1013     0625  0778               	addwf	transmit@data,w
  1014     0626  00F5               	movwf	??_transmit
  1015     0627  0875               	movf	??_transmit,w
  1016     0628  0084               	movwf	4
  1017     0629  0800               	movf	0,w
  1018     062A  1D03               	btfss	3,2
  1019     062B  2E2D               	goto	u51
  1020     062C  2E2E               	goto	u50
  1021     062D                     u51:
  1022     062D  2E10               	goto	l739
  1023     062E                     u50:
  1024     062E                     l77:
  1025     062E  0008               	return
  1026     062F                     __end_of_transmit:
  1027                           
  1028                           	psect	text2
  1029     05E1                     __ptext2:	
  1030 ;; *************** function _lcd *****************
  1031 ;; Defined at:
  1032 ;;		line 36 in file "remote.c"
  1033 ;; Parameters:    Size  Location     Type
  1034 ;;  rs              2    2[COMMON] int 
  1035 ;;  data            1    4[COMMON] unsigned char 
  1036 ;; Auto vars:     Size  Location     Type
  1037 ;;		None
  1038 ;; Return value:  Size  Location     Type
  1039 ;;                  1    wreg      void 
  1040 ;; Registers used:
  1041 ;;		wreg, status,2, status,0, pclath, cstack
  1042 ;; Tracked objects:
  1043 ;;		On entry : 0/0
  1044 ;;		On exit  : 0/0
  1045 ;;		Unchanged: 0/0
  1046 ;; Data sizes:     COMMON   BANK0   BANK1   BANK3   BANK2
  1047 ;;      Params:         3       0       0       0       0
  1048 ;;      Locals:         0       0       0       0       0
  1049 ;;      Temps:          0       0       0       0       0
  1050 ;;      Totals:         3       0       0       0       0
  1051 ;;Total ram usage:        3 bytes
  1052 ;; Hardware stack levels used: 1
  1053 ;; Hardware stack levels required when called: 2
  1054 ;; This function calls:
  1055 ;;		_enable
  1056 ;; This function is called by:
  1057 ;;		_main
  1058 ;; This function uses a non-reentrant model
  1059 ;;
  1060                           
  1061     05E1                     _lcd:	
  1062                           ;psect for function _lcd
  1063                           
  1064     05E1                     l861:	
  1065                           ;incstack = 0
  1066                           ; Regs used in _lcd: [wreg+status,2+status,0+pclath+cstack]
  1067                           
  1068                           
  1069                           ;remote.c: 36: void lcd(int rs,char data);remote.c: 37: {;remote.c: 38:     RE0=rs;
  1070     05E1  1877               	btfsc	lcd@rs,0
  1071     05E2  2DE4               	goto	u291
  1072     05E3  2DE8               	goto	u290
  1073     05E4                     u291:
  1074     05E4  1283               	bcf	3,5	;RP0=0, select bank0
  1075     05E5  1303               	bcf	3,6	;RP1=0, select bank0
  1076     05E6  1409               	bsf	9,0	;volatile
  1077     05E7  2DEB               	goto	u304
  1078     05E8                     u290:
  1079     05E8  1283               	bcf	3,5	;RP0=0, select bank0
  1080     05E9  1303               	bcf	3,6	;RP1=0, select bank0
  1081     05EA  1009               	bcf	9,0	;volatile
  1082     05EB                     u304:
  1083     05EB                     l863:
  1084                           
  1085                           ;remote.c: 39:     PORTD=data;
  1086     05EB  0879               	movf	lcd@data,w
  1087     05EC  0088               	movwf	8	;volatile
  1088     05ED                     l865:
  1089                           
  1090                           ;remote.c: 40:     enable();
  1091     05ED  120A  118A  25F3  120A  118A  	fcall	_enable
  1092     05F2                     l68:
  1093     05F2  0008               	return
  1094     05F3                     __end_of_lcd:
  1095                           
  1096                           	psect	text3
  1097     05F3                     __ptext3:	
  1098 ;; *************** function _enable *****************
  1099 ;; Defined at:
  1100 ;;		line 29 in file "remote.c"
  1101 ;; Parameters:    Size  Location     Type
  1102 ;;		None
  1103 ;; Auto vars:     Size  Location     Type
  1104 ;;		None
  1105 ;; Return value:  Size  Location     Type
  1106 ;;                  1    wreg      void 
  1107 ;; Registers used:
  1108 ;;		wreg, status,2, status,0, pclath, cstack
  1109 ;; Tracked objects:
  1110 ;;		On entry : 0/0
  1111 ;;		On exit  : 0/0
  1112 ;;		Unchanged: 0/0
  1113 ;; Data sizes:     COMMON   BANK0   BANK1   BANK3   BANK2
  1114 ;;      Params:         0       0       0       0       0
  1115 ;;      Locals:         0       0       0       0       0
  1116 ;;      Temps:          0       0       0       0       0
  1117 ;;      Totals:         0       0       0       0       0
  1118 ;;Total ram usage:        0 bytes
  1119 ;; Hardware stack levels used: 1
  1120 ;; Hardware stack levels required when called: 1
  1121 ;; This function calls:
  1122 ;;		_delay
  1123 ;; This function is called by:
  1124 ;;		_lcd
  1125 ;; This function uses a non-reentrant model
  1126 ;;
  1127                           
  1128     05F3                     _enable:	
  1129                           ;psect for function _enable
  1130                           
  1131     05F3                     l855:	
  1132                           ;incstack = 0
  1133                           ; Regs used in _enable: [wreg+status,2+status,0+pclath+cstack]
  1134                           
  1135                           
  1136                           ;remote.c: 31:     RE1=1;
  1137     05F3  1283               	bcf	3,5	;RP0=0, select bank0
  1138     05F4  1303               	bcf	3,6	;RP1=0, select bank0
  1139     05F5  1489               	bsf	9,1	;volatile
  1140     05F6                     l857:
  1141                           
  1142                           ;remote.c: 32:     delay(10);
  1143     05F6  300A               	movlw	10
  1144     05F7  00F5               	movwf	delay@t
  1145     05F8  3000               	movlw	0
  1146     05F9  00F6               	movwf	delay@t+1
  1147     05FA  120A  118A  25D2  120A  118A  	fcall	_delay
  1148     05FF                     l859:
  1149                           
  1150                           ;remote.c: 33:     RE1=0;
  1151     05FF  1283               	bcf	3,5	;RP0=0, select bank0
  1152     0600  1303               	bcf	3,6	;RP1=0, select bank0
  1153     0601  1089               	bcf	9,1	;volatile
  1154                           
  1155                           ;remote.c: 34:     delay(10);
  1156     0602  300A               	movlw	10
  1157     0603  00F5               	movwf	delay@t
  1158     0604  3000               	movlw	0
  1159     0605  00F6               	movwf	delay@t+1
  1160     0606  120A  118A  25D2  120A  118A  	fcall	_delay
  1161     060B                     l65:
  1162     060B  0008               	return
  1163     060C                     __end_of_enable:
  1164                           
  1165                           	psect	text4
  1166     05D2                     __ptext4:	
  1167 ;; *************** function _delay *****************
  1168 ;; Defined at:
  1169 ;;		line 25 in file "remote.c"
  1170 ;; Parameters:    Size  Location     Type
  1171 ;;  t               2    0[COMMON] unsigned int 
  1172 ;; Auto vars:     Size  Location     Type
  1173 ;;		None
  1174 ;; Return value:  Size  Location     Type
  1175 ;;                  1    wreg      void 
  1176 ;; Registers used:
  1177 ;;		wreg, status,2, status,0
  1178 ;; Tracked objects:
  1179 ;;		On entry : 0/0
  1180 ;;		On exit  : 0/0
  1181 ;;		Unchanged: 0/0
  1182 ;; Data sizes:     COMMON   BANK0   BANK1   BANK3   BANK2
  1183 ;;      Params:         2       0       0       0       0
  1184 ;;      Locals:         0       0       0       0       0
  1185 ;;      Temps:          0       0       0       0       0
  1186 ;;      Totals:         2       0       0       0       0
  1187 ;;Total ram usage:        2 bytes
  1188 ;; Hardware stack levels used: 1
  1189 ;; This function calls:
  1190 ;;		Nothing
  1191 ;; This function is called by:
  1192 ;;		_enable
  1193 ;; This function uses a non-reentrant model
  1194 ;;
  1195                           
  1196     05D2                     _delay:	
  1197                           ;psect for function _delay
  1198                           
  1199     05D2                     l851:	
  1200                           ;incstack = 0
  1201                           ; Regs used in _delay: [wreg+status,2+status,0]
  1202                           
  1203     05D2                     l853:	
  1204                           ;remote.c: 25: void delay(unsigned int t);remote.c: 26: {;remote.c: 27:     while(t--);
  1205                           
  1206     05D2  3001               	movlw	1
  1207     05D3  02F5               	subwf	delay@t,f
  1208     05D4  3000               	movlw	0
  1209     05D5  1C03               	skipc
  1210     05D6  03F6               	decf	delay@t+1,f
  1211     05D7  02F6               	subwf	delay@t+1,f
  1212     05D8  0A75               	incf	delay@t,w
  1213     05D9  1D03               	skipz
  1214     05DA  2DDF               	goto	u281
  1215     05DB  0A76               	incf	delay@t+1,w
  1216     05DC  1D03               	btfss	3,2
  1217     05DD  2DDF               	goto	u281
  1218     05DE  2DE0               	goto	u280
  1219     05DF                     u281:
  1220     05DF  2DD2               	goto	l853
  1221     05E0                     u280:
  1222     05E0                     l62:
  1223     05E0  0008               	return
  1224     05E1                     __end_of_delay:
  1225     007E                     btemp	set	126	;btemp
  1226     007E                     wtemp0	set	126
  1227                           
  1228                           	psect	idloc
  1229                           
  1230                           ;Config register IDLOC0 @ 0x2000
  1231                           ;	unspecified, using default values
  1232     2000                     	org	8192
  1233     2000  3FFF               	dw	16383
  1234                           
  1235                           ;Config register IDLOC1 @ 0x2001
  1236                           ;	unspecified, using default values
  1237     2001                     	org	8193
  1238     2001  3FFF               	dw	16383
  1239                           
  1240                           ;Config register IDLOC2 @ 0x2002
  1241                           ;	unspecified, using default values
  1242     2002                     	org	8194
  1243     2002  3FFF               	dw	16383
  1244                           
  1245                           ;Config register IDLOC3 @ 0x2003
  1246                           ;	unspecified, using default values
  1247     2003                     	org	8195
  1248     2003  3FFF               	dw	16383
  1249                           
  1250                           	psect	config
  1251                           
  1252                           ;Config register CONFIG1 @ 0x2007
  1253                           ;	Oscillator Selection bits
  1254                           ;	FOSC = INTRC_NOCLKOUT, INTOSCIO oscillator: I/O function on RA6/OSC2/CLKOUT pin, I/O f
      +                          unction on RA7/OSC1/CLKIN
  1255                           ;	Watchdog Timer Enable bit
  1256                           ;	WDTE = OFF, WDT disabled and can be enabled by SWDTEN bit of the WDTCON register
  1257                           ;	Power-up Timer Enable bit
  1258                           ;	PWRTE = ON, PWRT enabled
  1259                           ;	RE3/MCLR pin function select bit
  1260                           ;	MCLRE = ON, RE3/MCLR pin function is MCLR
  1261                           ;	Code Protection bit
  1262                           ;	CP = OFF, Program memory code protection is disabled
  1263                           ;	Data Code Protection bit
  1264                           ;	CPD = OFF, Data memory code protection is disabled
  1265                           ;	Brown Out Reset Selection bits
  1266                           ;	BOREN = OFF, BOR disabled
  1267                           ;	Internal External Switchover bit
  1268                           ;	IESO = ON, Internal/External Switchover mode is enabled
  1269                           ;	Fail-Safe Clock Monitor Enabled bit
  1270                           ;	FCMEN = ON, Fail-Safe Clock Monitor is enabled
  1271                           ;	Low Voltage Programming Enable bit
  1272                           ;	LVP = OFF, RB3 pin has digital I/O, HV on MCLR must be used for programming
  1273                           ;	In-Circuit Debugger Mode bit
  1274                           ;	DEBUG = 0x1, unprogrammed default
  1275     2007                     	org	8199
  1276     2007  2CE4               	dw	11492
  1277                           
  1278                           ;Config register CONFIG2 @ 0x2008
  1279                           ;	Brown-out Reset Selection bit
  1280                           ;	BOR4V = BOR40V, Brown-out Reset set to 4.0V
  1281                           ;	Flash Program Memory Self Write Enable bits
  1282                           ;	WRT = OFF, Write protection off
  1283     2008                     	org	8200
  1284     2008  3FFF               	dw	16383

Data Sizes:
    Strings     0
    Constant    0
    Data        0
    BSS         5
    Persistent  0
    Stack       0

Auto Spaces:
    Space          Size  Autos    Used
    COMMON           14      5      10
    BANK0            80      0       0
    BANK1            80      0       0
    BANK3            96      0       0
    BANK2            96      0       0

Pointer List with Targets:

    transmit@data	PTR unsigned char  size(1) Largest target is 3
		 -> temp(COMMON[3]), 


Critical Paths under _main in COMMON

    _main->_lcd
    _enable->_delay

Critical Paths under _main in BANK0

    None.

Critical Paths under _main in BANK1

    None.

Critical Paths under _main in BANK3

    None.

Critical Paths under _main in BANK2

    None.

Call Graph Tables:

 ---------------------------------------------------------------------------------
 (Depth) Function   	        Calls       Base Space   Used Autos Params    Refs
 ---------------------------------------------------------------------------------
 (0) _main                                                 0     0      0    2588
                                _lcd
                           _transmit
 ---------------------------------------------------------------------------------
 (1) _transmit                                             4     4      0      90
                                              0 COMMON     4     4      0
 ---------------------------------------------------------------------------------
 (1) _lcd                                                  3     0      3    2498
                                              2 COMMON     3     0      3
                             _enable
 ---------------------------------------------------------------------------------
 (2) _enable                                               0     0      0     174
                              _delay
 ---------------------------------------------------------------------------------
 (3) _delay                                                2     0      2     174
                                              0 COMMON     2     0      2
 ---------------------------------------------------------------------------------
 Estimated maximum stack depth 3
 ---------------------------------------------------------------------------------

 Call Graph Graphs:

 _main (ROOT)
   _lcd
     _enable
       _delay
   _transmit

 Address spaces:
Name               Size   Autos  Total    Cost      Usage
BITCOMMON            E      0       0       0        0.0%
EEDATA             100      0       0       0        0.0%
NULL                 0      0       0       0        0.0%
CODE                 0      0       0       0        0.0%
COMMON               E      5       A       1       71.4%
BITSFR0              0      0       0       1        0.0%
SFR0                 0      0       0       1        0.0%
BITSFR1              0      0       0       2        0.0%
SFR1                 0      0       0       2        0.0%
STACK                0      0       0       2        0.0%
ABS                  0      0       A       3        0.0%
BITBANK0            50      0       0       4        0.0%
BITSFR3              0      0       0       4        0.0%
SFR3                 0      0       0       4        0.0%
BANK0               50      0       0       5        0.0%
BITSFR2              0      0       0       5        0.0%
SFR2                 0      0       0       5        0.0%
BITBANK1            50      0       0       6        0.0%
BANK1               50      0       0       7        0.0%
BITBANK3            60      0       0       8        0.0%
BANK3               60      0       0       9        0.0%
BITBANK2            60      0       0      10        0.0%
BANK2               60      0       0      11        0.0%
DATA                 0      0       A      12        0.0%


Microchip Technology PIC Macro Assembler V2.40 build 20220703182018 
Symbol Table                                                                                   Fri Jun 20 18:08:20 2025

                     l62 05E0                       l65 060B                       l73 0619  
                     l75 061D                       l91 06EB                       l83 06AB  
                     l68 05F2                       l92 06E5                       l84 06A5  
                     l77 062E                       l95 070F                       l87 06CB  
                     l96 0709                       l88 06C5                       l99 072F  
                     u40 061D                       u41 061C                       u50 062E  
                     u51 062D                      l100 0729                      l111 0793  
                    l103 074F                      l120 07CD                      l112 078D  
                    l104 0749                      l115 07B3                      l107 0773  
                    l124 07ED                      l116 07AD                      l108 076D  
                    l119 07D3                      l741 061E                      l901 0685  
                    l743 0624                      l911 069F                      l903 068A  
                    l737 060D                      l921 06D4                      l913 06AF  
                    l905 068B                      l851 05D2                      l739 0610  
                    l931 0713                      l923 06DF                      l915 06B4  
                    l907 068F                      l853 05D2                      l861 05E1  
                    l941 0743                      l933 0718                      l925 06F3  
                    l917 06BF                      l909 0694                      l855 05F3  
                    l863 05EB                      l951 077C                      l943 0757  
                    l935 0723                      l927 06F8                      l919 06CF  
                    l871 0636                      l857 05F6                      l865 05ED  
                    l961 07BB                      l953 0787                      l945 075C  
                    l937 0733                      l929 0703                      l881 0649  
                    l873 0639                      l859 05FF                      l971 07E7  
                    l963 07C1                      l955 0797                      l947 0767  
                    l939 0738                      l891 0659                      l883 064C  
                    l875 063C                      l867 062F                      l965 07C3  
                    l957 079C                      l949 0777                      l893 065D  
                    l885 064F                      l877 0643                      l869 0632  
                    l967 07D7                      l959 07A7                      l895 0667  
                    l887 0653                      l879 0646                      l969 07DC  
                    l897 0671                      l889 0657                      l899 067B  
                    _RB0 0030                      _RB1 0031                      _RB2 0032  
                    _RB3 0033                      _RA5 002D                      _RA6 002E  
                    _RA7 002F                      _RE0 0048                      _RE1 0049  
                    u310 068F                      u311 068E                      u304 05EB  
                    u400 072F                      u320 06AB                      u401 072E  
                    u321 06AA                      u410 0733                      u330 06AF  
                    u411 0732                      u331 06AE                      u500 07D3  
                    u420 074F                      u340 06CB                      u501 07D2  
                    u421 074E                      u341 06CA                      u510 07D7  
                    u430 0757                      u350 06CF                      u511 07D6  
                    u431 0756                      u351 06CE                      u280 05E0  
                    u520 07F3                      u440 0773                      u360 06EB  
                    u281 05DF                      u521 07F2                      u441 0772  
                    u361 06EA                      u290 05E8                      u450 0777  
                    u370 06F3                      u291 05E4                      u451 0776  
                    u371 06F2                      u460 0793                      u380 070F  
                    u461 0792                      u381 070E                      u470 0797  
                    u390 0713                      u471 0796                      u391 0712  
                    u480 07B3                      u481 07B2                      u490 07BB  
                    u491 07BA                      _lcd 05E1                      fsr0 0004  
                    indf 0000                     ?_lcd 0077                     _TXIF 0064  
                   _main 062F                     _temp 0072                     btemp 007E  
                   start 0000                    ??_lcd 007A                    ?_main 0075  
                  _ANSEL 0188                    _RCSTA 0018                    _SPBRG 0099  
                  _PORTA 0005                    _PORTB 0006                    _PORTC 0007  
                  _PORTD 0008                    _PORTE 0009                    _TRISA 0085  
                  _TRISB 0086                    _TRISC 0087                    _TRISD 0088  
                  _TRISE 0089                    _TXREG 0019                    _TXSTA 0098  
                  _delay 05D2                    _digit 0070                    lcd@rs 0077  
                  status 0003                    wtemp0 007E          __initialization 07F7  
           __end_of_main 07F7                   ??_main 007A                   ?_delay 0075  
                 _ANSELH 0189                   _enable 05F3                   delay@t 0075  
           transmit@data 0078         __end_of_transmit 062F  __end_of__initialization 07FC  
         __pcstackCOMMON 0075            __end_of_delay 05E1                  ??_delay 0077  
             __pmaintext 062F                  ?_enable 0075                ?_transmit 0075  
                __ptext1 060C                  __ptext2 05E1                  __ptext3 05F3  
                __ptext4 05D2                  lcd@data 0079     end_of_initialization 07FC  
             ??_transmit 0075           __end_of_enable 060C      start_initialization 07F7  
            __end_of_lcd 05F3                 ??_enable 0077              __pbssCOMMON 0070  
              ___latbits 0002                 _transmit 060C                transmit@i 0076  
