

Microchip MPLAB XC8 Assembler V2.40 build 20220703182018 
                                                                                               Wed May 21 16:30:10 2025

Microchip MPLAB XC8 C Compiler v2.40 (Free license) build 20220703182018 Og1 
     1                           	processor	16F887
     2                           	pagewidth 120
     3                           	opt	flic
     4                           	psect	idataBANK0,global,class=CODE,delta=2,noexec
     5                           	psect	cinit,global,class=CODE,merge=1,delta=2
     6                           	psect	dataBANK0,global,class=BANK0,space=1,delta=1,noexec
     7                           	psect	inittext,global,class=CODE,delta=2
     8                           	psect	cstackCOMMON,global,class=COMMON,space=1,delta=1,noexec
     9                           	psect	cstackBANK0,global,class=BANK0,space=1,delta=1,noexec
    10                           	psect	maintext,global,class=CODE,split=1,delta=2
    11                           	psect	text1,local,class=CODE,merge=1,delta=2
    12                           	psect	text2,local,class=CODE,merge=1,delta=2
    13                           	psect	text3,local,class=CODE,merge=1,delta=2
    14                           	psect	idloc,global,abs,ovrld,class=IDLOC,space=5,delta=2,noexec
    15                           	psect	config,global,abs,ovrld,class=CONFIG,space=4,delta=2,noexec
    16                           	dabs	1,0x7E,2
    17     0000                     
    18                           ; Version 2.40
    19                           ; Generated 17/11/2021 GMT
    20                           ; 
    21                           ; Copyright © 2021, Microchip Technology Inc. and its subsidiaries ("Microchip")
    22                           ; All rights reserved.
    23                           ; 
    24                           ; This software is developed by Microchip Technology Inc. and its subsidiaries ("Microch
      +                          ip").
    25                           ; 
    26                           ; Redistribution and use in source and binary forms, with or without modification, are
    27                           ; permitted provided that the following conditions are met:
    28                           ; 
    29                           ;     1. Redistributions of source code must retain the above copyright notice, this lis
      +                          t of
    30                           ;        conditions and the following disclaimer.
    31                           ; 
    32                           ;     2. Redistributions in binary form must reproduce the above copyright notice, this 
      +                          list
    33                           ;        of conditions and the following disclaimer in the documentation and/or other
    34                           ;        materials provided with the distribution. Publication is not required when
    35                           ;        this file is used in an embedded application.
    36                           ; 
    37                           ;     3. Microchip's name may not be used to endorse or promote products derived from th
      +                          is
    38                           ;        software without specific prior written permission.
    39                           ; 
    40                           ; THIS SOFTWARE IS PROVIDED BY MICROCHIP "AS IS" AND ANY EXPRESS OR IMPLIED WARRANTIES,
    41                           ; INCLUDING, BUT NOT LIMITED TO, THE IMPLIED WARRANTIES OF MERCHANTABILITY AND FITNESS F
      +                          OR
    42                           ; PURPOSE ARE DISCLAIMED.  IN NO EVENT SHALL MICROCHIP BE LIABLE FOR ANY DIRECT, INDIREC
      +                          T,
    43                           ; INCIDENTAL, SPECIAL, EXEMPLARY, OR CONSEQUENTIAL DAMAGES (INCLUDING BUT NOT LIMITED TO
    44                           ; PROCUREMENT OF SUBSTITUTE GOODS OR SERVICES; LOSS OF USE, DATA OR PROFITS; OR BUSINESS
    45                           ; INTERRUPTION) HOWSOEVER CAUSED AND ON ANY THEORY OF LIABILITY, WHETHER IN CONTRACT, ST
      +                          RICT
    46                           ; LIABILITY, OR TORT (INCLUDING NEGLIGENCE OR OTHERWISE) ARISING IN ANY WAY OUT OF THE U
      +                          SE OF
    47                           ; THIS SOFTWARE, EVEN IF ADVISED OF THE POSSIBILITY OF SUCH DAMAGE.
    48                           ; 
    49                           ; 
    50                           ; Code-generator required, PIC16F887 Definitions
    51                           ; 
    52                           ; SFR Addresses
    53     0000                     	;# 
    54     0001                     	;# 
    55     0002                     	;# 
    56     0003                     	;# 
    57     0004                     	;# 
    58     0005                     	;# 
    59     0006                     	;# 
    60     0007                     	;# 
    61     0008                     	;# 
    62     0009                     	;# 
    63     000A                     	;# 
    64     000B                     	;# 
    65     000C                     	;# 
    66     000D                     	;# 
    67     000E                     	;# 
    68     000E                     	;# 
    69     000F                     	;# 
    70     0010                     	;# 
    71     0011                     	;# 
    72     0012                     	;# 
    73     0013                     	;# 
    74     0014                     	;# 
    75     0015                     	;# 
    76     0015                     	;# 
    77     0016                     	;# 
    78     0017                     	;# 
    79     0018                     	;# 
    80     0019                     	;# 
    81     001A                     	;# 
    82     001B                     	;# 
    83     001B                     	;# 
    84     001C                     	;# 
    85     001D                     	;# 
    86     001E                     	;# 
    87     001F                     	;# 
    88     0081                     	;# 
    89     0085                     	;# 
    90     0086                     	;# 
    91     0087                     	;# 
    92     0088                     	;# 
    93     0089                     	;# 
    94     008C                     	;# 
    95     008D                     	;# 
    96     008E                     	;# 
    97     008F                     	;# 
    98     0090                     	;# 
    99     0091                     	;# 
   100     0092                     	;# 
   101     0093                     	;# 
   102     0093                     	;# 
   103     0093                     	;# 
   104     0094                     	;# 
   105     0095                     	;# 
   106     0096                     	;# 
   107     0097                     	;# 
   108     0098                     	;# 
   109     0099                     	;# 
   110     009A                     	;# 
   111     009B                     	;# 
   112     009C                     	;# 
   113     009D                     	;# 
   114     009E                     	;# 
   115     009F                     	;# 
   116     0105                     	;# 
   117     0107                     	;# 
   118     0108                     	;# 
   119     0109                     	;# 
   120     010C                     	;# 
   121     010C                     	;# 
   122     010D                     	;# 
   123     010E                     	;# 
   124     010F                     	;# 
   125     0185                     	;# 
   126     0187                     	;# 
   127     0188                     	;# 
   128     0189                     	;# 
   129     018C                     	;# 
   130     018D                     	;# 
   131     0000                     	;# 
   132     0001                     	;# 
   133     0002                     	;# 
   134     0003                     	;# 
   135     0004                     	;# 
   136     0005                     	;# 
   137     0006                     	;# 
   138     0007                     	;# 
   139     0008                     	;# 
   140     0009                     	;# 
   141     000A                     	;# 
   142     000B                     	;# 
   143     000C                     	;# 
   144     000D                     	;# 
   145     000E                     	;# 
   146     000E                     	;# 
   147     000F                     	;# 
   148     0010                     	;# 
   149     0011                     	;# 
   150     0012                     	;# 
   151     0013                     	;# 
   152     0014                     	;# 
   153     0015                     	;# 
   154     0015                     	;# 
   155     0016                     	;# 
   156     0017                     	;# 
   157     0018                     	;# 
   158     0019                     	;# 
   159     001A                     	;# 
   160     001B                     	;# 
   161     001B                     	;# 
   162     001C                     	;# 
   163     001D                     	;# 
   164     001E                     	;# 
   165     001F                     	;# 
   166     0081                     	;# 
   167     0085                     	;# 
   168     0086                     	;# 
   169     0087                     	;# 
   170     0088                     	;# 
   171     0089                     	;# 
   172     008C                     	;# 
   173     008D                     	;# 
   174     008E                     	;# 
   175     008F                     	;# 
   176     0090                     	;# 
   177     0091                     	;# 
   178     0092                     	;# 
   179     0093                     	;# 
   180     0093                     	;# 
   181     0093                     	;# 
   182     0094                     	;# 
   183     0095                     	;# 
   184     0096                     	;# 
   185     0097                     	;# 
   186     0098                     	;# 
   187     0099                     	;# 
   188     009A                     	;# 
   189     009B                     	;# 
   190     009C                     	;# 
   191     009D                     	;# 
   192     009E                     	;# 
   193     009F                     	;# 
   194     0105                     	;# 
   195     0107                     	;# 
   196     0108                     	;# 
   197     0109                     	;# 
   198     010C                     	;# 
   199     010C                     	;# 
   200     010D                     	;# 
   201     010E                     	;# 
   202     010F                     	;# 
   203     0185                     	;# 
   204     0187                     	;# 
   205     0188                     	;# 
   206     0189                     	;# 
   207     018C                     	;# 
   208     018D                     	;# 
   209                           
   210                           	psect	idataBANK0
   211     06E6                     __pidataBANK0:
   212                           
   213                           ;initializer for main@F1303
   214     06E6  3473               	retlw	115
   215     06E7  3468               	retlw	104
   216     06E8  3461               	retlw	97
   217     06E9  3472               	retlw	114
   218     06EA  3476               	retlw	118
   219     06EB  3465               	retlw	101
   220     06EC  3473               	retlw	115
   221     06ED  3468               	retlw	104
   222     06EE  3400               	retlw	0
   223     0009                     _PORTE	set	9
   224     0008                     _PORTD	set	8
   225     0048                     _RE0	set	72
   226     0049                     _RE1	set	73
   227     0089                     _TRISE	set	137
   228     0088                     _TRISD	set	136
   229     0189                     _ANSELH	set	393
   230     0188                     _ANSEL	set	392
   231                           
   232                           	psect	cinit
   233     07EE                     start_initialization:	
   234                           ; #config settings
   235                           
   236     07EE                     __initialization:
   237                           
   238                           ; Initialize objects allocated to BANK0
   239     07EE  1383               	bcf	3,7	;select IRP bank0
   240     07EF  303A               	movlw	low (__pdataBANK0+9)
   241     07F0  00FD               	movwf	btemp+-1
   242     07F1  3006               	movlw	high __pidataBANK0
   243     07F2  00FE               	movwf	btemp
   244     07F3  30E6               	movlw	low __pidataBANK0
   245     07F4  00FF               	movwf	btemp+1
   246     07F5  3031               	movlw	low __pdataBANK0
   247     07F6  0084               	movwf	4
   248     07F7  120A  118A  2702  120A  118A  	fcall	init_ram0
   249     07FC                     end_of_initialization:	
   250                           ;End of C runtime variable initialization code
   251                           
   252     07FC                     __end_of__initialization:
   253     07FC  0183               	clrf	3
   254     07FD  120A  118A  2F4E   	ljmp	_main	;jump to C main() function
   255                           
   256                           	psect	dataBANK0
   257     0031                     __pdataBANK0:
   258     0031                     main@F1303:
   259     0031                     	ds	9
   260                           
   261                           	psect	inittext
   262     06FE                     init_fetch0:	
   263                           ;	Called with low address in FSR and high address in W
   264                           
   265     06FE  087E               	movf	btemp,w
   266     06FF  008A               	movwf	10
   267     0700  087F               	movf	btemp+1,w
   268     0701  0082               	movwf	2
   269     0702                     init_ram0:	
   270                           ;Called with:
   271                           ;	high address of idata address in btemp 
   272                           ;	low address of idata address in btemp+1 
   273                           ;	low address of data in FSR
   274                           ;	high address + 1 of data in btemp-1
   275                           
   276     0702  120A  118A  26FE  120A  118A  	fcall	init_fetch0
   277     0707  0080               	movwf	0
   278     0708  0A84               	incf	4,f
   279     0709  0804               	movf	4,w
   280     070A  067D               	xorwf	btemp+-1,w
   281     070B  1903               	btfsc	3,2
   282     070C  3400               	retlw	0
   283     070D  0AFF               	incf	btemp+1,f
   284     070E  1903               	btfsc	3,2
   285     070F  0AFE               	incf	btemp,f
   286     0710  2F02               	goto	init_ram0
   287                           
   288                           	psect	cstackCOMMON
   289     0070                     __pcstackCOMMON:
   290     0070                     ?_delay:
   291     0070                     ?_enable:	
   292                           ; 1 bytes @ 0x0
   293                           
   294     0070                     ?_main:	
   295                           ; 1 bytes @ 0x0
   296                           
   297     0070                     delay@t:	
   298                           ; 1 bytes @ 0x0
   299                           
   300                           
   301                           ; 2 bytes @ 0x0
   302     0070                     	ds	2
   303     0072                     ??_delay:
   304     0072                     ??_enable:	
   305                           ; 1 bytes @ 0x2
   306                           
   307     0072                     ?_send:	
   308                           ; 1 bytes @ 0x2
   309                           
   310     0072                     send@rs:	
   311                           ; 1 bytes @ 0x2
   312                           
   313                           
   314                           ; 2 bytes @ 0x2
   315     0072                     	ds	2
   316     0074                     send@val:
   317                           
   318                           ; 2 bytes @ 0x4
   319     0074                     	ds	2
   320     0076                     ??_send:
   321                           
   322                           ; 1 bytes @ 0x6
   323     0076                     	ds	1
   324     0077                     ??_main:
   325                           
   326                           ; 1 bytes @ 0x7
   327     0077                     	ds	4
   328                           
   329                           	psect	cstackBANK0
   330     0020                     __pcstackBANK0:
   331     0020                     main@str:
   332                           
   333                           ; 9 bytes @ 0x0
   334     0020                     	ds	9
   335     0029                     main@u:
   336                           
   337                           ; 2 bytes @ 0x9
   338     0029                     	ds	2
   339     002B                     main@l:
   340                           
   341                           ; 2 bytes @ 0xB
   342     002B                     	ds	2
   343     002D                     main@j:
   344                           
   345                           ; 2 bytes @ 0xD
   346     002D                     	ds	2
   347     002F                     main@i:
   348                           
   349                           ; 2 bytes @ 0xF
   350     002F                     	ds	2
   351                           
   352                           	psect	maintext
   353     074E                     __pmaintext:	
   354 ;;
   355 ;;Main: autosize = 0, tempsize = 4, incstack = 0, save=0
   356 ;;
   357 ;; *************** function _main *****************
   358 ;; Defined at:
   359 ;;		line 43 in file "4bit_mode.c"
   360 ;; Parameters:    Size  Location     Type
   361 ;;		None
   362 ;; Auto vars:     Size  Location     Type
   363 ;;  str             9    0[BANK0 ] unsigned char [9]
   364 ;;  i               2   15[BANK0 ] int 
   365 ;;  j               2   13[BANK0 ] int 
   366 ;;  l               2   11[BANK0 ] int 
   367 ;;  u               2    9[BANK0 ] int 
   368 ;; Return value:  Size  Location     Type
   369 ;;                  1    wreg      void 
   370 ;; Registers used:
   371 ;;		wreg, fsr0l, fsr0h, status,2, status,0, pclath, cstack
   372 ;; Tracked objects:
   373 ;;		On entry : B00/0
   374 ;;		On exit  : 0/0
   375 ;;		Unchanged: 0/0
   376 ;; Data sizes:     COMMON   BANK0   BANK1   BANK3   BANK2
   377 ;;      Params:         0       0       0       0       0
   378 ;;      Locals:         0      17       0       0       0
   379 ;;      Temps:          4       0       0       0       0
   380 ;;      Totals:         4      17       0       0       0
   381 ;;Total ram usage:       21 bytes
   382 ;; Hardware stack levels required when called: 3
   383 ;; This function calls:
   384 ;;		_send
   385 ;; This function is called by:
   386 ;;		Startup code after reset
   387 ;; This function uses a non-reentrant model
   388 ;;
   389                           
   390     074E                     _main:	
   391                           ;psect for function _main
   392                           
   393     074E                     l702:	
   394                           ;incstack = 0
   395                           ; Regs used in _main: [wreg-fsr0h+status,2+status,0+pclath+cstack]
   396                           
   397     074E  1283               	bcf	3,5	;RP0=0, select bank0
   398     074F  1303               	bcf	3,6	;RP1=0, select bank0
   399     0750  0188               	clrf	8	;volatile
   400     0751  0189               	clrf	9	;volatile
   401     0752  1683               	bsf	3,5	;RP0=1, select bank1
   402     0753  1303               	bcf	3,6	;RP1=0, select bank1
   403     0754  0188               	clrf	8	;volatile
   404     0755  0189               	clrf	9	;volatile
   405     0756  1683               	bsf	3,5	;RP0=1, select bank3
   406     0757  1703               	bsf	3,6	;RP1=1, select bank3
   407     0758  0189               	clrf	9	;volatile
   408     0759  0188               	clrf	8	;volatile
   409     075A                     l704:
   410     075A  3000               	movlw	0
   411     075B  00F2               	movwf	send@rs
   412     075C  00F3               	movwf	send@rs+1
   413     075D  3028               	movlw	40
   414     075E  00F4               	movwf	send@val
   415     075F  3000               	movlw	0
   416     0760  00F5               	movwf	send@val+1
   417     0761  120A  118A  272A  120A  118A  	fcall	_send
   418     0766                     l706:
   419     0766  3000               	movlw	0
   420     0767  00F2               	movwf	send@rs
   421     0768  00F3               	movwf	send@rs+1
   422     0769  300E               	movlw	14
   423     076A  00F4               	movwf	send@val
   424     076B  3000               	movlw	0
   425     076C  00F5               	movwf	send@val+1
   426     076D  120A  118A  272A  120A  118A  	fcall	_send
   427     0772                     l708:
   428     0772  3080               	movlw	128
   429     0773  1283               	bcf	3,5	;RP0=0, select bank0
   430     0774  1303               	bcf	3,6	;RP1=0, select bank0
   431     0775  00A9               	movwf	main@u
   432     0776  3000               	movlw	0
   433     0777  00AA               	movwf	main@u+1
   434     0778                     l710:
   435     0778  30C0               	movlw	192
   436     0779  00AB               	movwf	main@l
   437     077A  3000               	movlw	0
   438     077B  00AC               	movwf	main@l+1
   439     077C                     l712:
   440     077C  3020               	movlw	main@str& (0+255)
   441     077D  0084               	movwf	4
   442     077E  3031               	movlw	low main@F1303
   443     077F  00F7               	movwf	??_main
   444     0780  0804               	movf	4,w
   445     0781  00F8               	movwf	??_main+1
   446     0782  3009               	movlw	9
   447     0783  00F9               	movwf	??_main+2
   448     0784                     u120:
   449     0784  0877               	movf	??_main,w
   450     0785  0084               	movwf	4
   451     0786  1383               	bcf	3,7	;select IRP bank0
   452     0787  0800               	movf	0,w
   453     0788  00FA               	movwf	??_main+3
   454     0789  0AF7               	incf	??_main,f
   455     078A  0878               	movf	??_main+1,w
   456     078B  0084               	movwf	4
   457     078C  087A               	movf	??_main+3,w
   458     078D  0080               	movwf	0
   459     078E  0AF8               	incf	??_main+1,f
   460     078F  0BF9               	decfsz	??_main+2,f
   461     0790  2F84               	goto	u120
   462     0791                     l714:
   463     0791  3002               	movlw	2
   464     0792  00AD               	movwf	main@j
   465     0793  3000               	movlw	0
   466     0794  00AE               	movwf	main@j+1
   467     0795                     l716:
   468     0795  01AF               	clrf	main@i
   469     0796  01B0               	clrf	main@i+1
   470     0797  2FE2               	goto	l730
   471     0798                     l36:
   472     0798  182D               	btfsc	main@j,0
   473     0799  2F9B               	goto	u131
   474     079A  2F9C               	goto	u130
   475     079B                     u131:
   476     079B  2FC3               	goto	l722
   477     079C                     u130:
   478     079C                     l718:
   479     079C  3000               	movlw	0
   480     079D  00F2               	movwf	send@rs
   481     079E  00F3               	movwf	send@rs+1
   482     079F  082F               	movf	main@i,w
   483     07A0  0729               	addwf	main@u,w
   484     07A1  00F4               	movwf	send@val
   485     07A2  0830               	movf	main@i+1,w
   486     07A3  1803               	skipnc
   487     07A4  0A30               	incf	main@i+1,w
   488     07A5  072A               	addwf	main@u+1,w
   489     07A6  00F5               	movwf	send@val+1
   490     07A7  120A  118A  272A  120A  118A  	fcall	_send
   491     07AC                     l720:
   492     07AC  3001               	movlw	1
   493     07AD  00F2               	movwf	send@rs
   494     07AE  3000               	movlw	0
   495     07AF  00F3               	movwf	send@rs+1
   496     07B0  1283               	bcf	3,5	;RP0=0, select bank0
   497     07B1  1303               	bcf	3,6	;RP1=0, select bank0
   498     07B2  082F               	movf	main@i,w
   499     07B3  3E20               	addlw	(low (main@str| 0))& (0+255)
   500     07B4  0084               	movwf	4
   501     07B5  1383               	bcf	3,7	;select IRP bank0
   502     07B6  0800               	movf	0,w
   503     07B7  00F7               	movwf	??_main
   504     07B8  01F8               	clrf	??_main+1
   505     07B9  0877               	movf	??_main,w
   506     07BA  00F4               	movwf	send@val
   507     07BB  0878               	movf	??_main+1,w
   508     07BC  00F5               	movwf	send@val+1
   509     07BD  120A  118A  272A  120A  118A  	fcall	_send
   510     07C2  2FD4               	goto	l726
   511     07C3                     l722:
   512     07C3  3000               	movlw	0
   513     07C4  00F2               	movwf	send@rs
   514     07C5  00F3               	movwf	send@rs+1
   515     07C6  082F               	movf	main@i,w
   516     07C7  072B               	addwf	main@l,w
   517     07C8  00F4               	movwf	send@val
   518     07C9  0830               	movf	main@i+1,w
   519     07CA  1803               	skipnc
   520     07CB  0A30               	incf	main@i+1,w
   521     07CC  072C               	addwf	main@l+1,w
   522     07CD  00F5               	movwf	send@val+1
   523     07CE  120A  118A  272A  120A  118A  	fcall	_send
   524     07D3  2FAC               	goto	l720
   525     07D4                     l726:
   526     07D4  3001               	movlw	1
   527     07D5  1283               	bcf	3,5	;RP0=0, select bank0
   528     07D6  1303               	bcf	3,6	;RP1=0, select bank0
   529     07D7  07AD               	addwf	main@j,f
   530     07D8  1803               	skipnc
   531     07D9  0AAE               	incf	main@j+1,f
   532     07DA  3000               	movlw	0
   533     07DB  07AE               	addwf	main@j+1,f
   534     07DC                     l728:
   535     07DC  3001               	movlw	1
   536     07DD  07AF               	addwf	main@i,f
   537     07DE  1803               	skipnc
   538     07DF  0AB0               	incf	main@i+1,f
   539     07E0  3000               	movlw	0
   540     07E1  07B0               	addwf	main@i+1,f
   541     07E2                     l730:
   542     07E2  082F               	movf	main@i,w
   543     07E3  3E20               	addlw	(low (main@str| 0))& (0+255)
   544     07E4  0084               	movwf	4
   545     07E5  1383               	bcf	3,7	;select IRP bank0
   546     07E6  0800               	movf	0,w
   547     07E7  1D03               	btfss	3,2
   548     07E8  2FEA               	goto	u141
   549     07E9  2FEB               	goto	u140
   550     07EA                     u141:
   551     07EA  2F98               	goto	l36
   552     07EB                     u140:
   553     07EB                     l40:
   554     07EB  120A  118A  2800   	ljmp	start
   555     07EE                     __end_of_main:
   556                           
   557                           	psect	text1
   558     072A                     __ptext1:	
   559 ;; *************** function _send *****************
   560 ;; Defined at:
   561 ;;		line 34 in file "4bit_mode.c"
   562 ;; Parameters:    Size  Location     Type
   563 ;;  rs              2    2[COMMON] int 
   564 ;;  val             2    4[COMMON] int 
   565 ;; Auto vars:     Size  Location     Type
   566 ;;		None
   567 ;; Return value:  Size  Location     Type
   568 ;;                  1    wreg      void 
   569 ;; Registers used:
   570 ;;		wreg, status,2, status,0, pclath, cstack
   571 ;; Tracked objects:
   572 ;;		On entry : 0/0
   573 ;;		On exit  : 0/0
   574 ;;		Unchanged: 0/0
   575 ;; Data sizes:     COMMON   BANK0   BANK1   BANK3   BANK2
   576 ;;      Params:         4       0       0       0       0
   577 ;;      Locals:         0       0       0       0       0
   578 ;;      Temps:          1       0       0       0       0
   579 ;;      Totals:         5       0       0       0       0
   580 ;;Total ram usage:        5 bytes
   581 ;; Hardware stack levels used: 1
   582 ;; Hardware stack levels required when called: 2
   583 ;; This function calls:
   584 ;;		_enable
   585 ;; This function is called by:
   586 ;;		_main
   587 ;; This function uses a non-reentrant model
   588 ;;
   589                           
   590     072A                     _send:	
   591                           ;psect for function _send
   592                           
   593     072A                     l692:	
   594                           ;incstack = 0
   595                           ; Regs used in _send: [wreg+status,2+status,0+pclath+cstack]
   596                           
   597     072A  1872               	btfsc	send@rs,0
   598     072B  2F2D               	goto	u91
   599     072C  2F31               	goto	u90
   600     072D                     u91:
   601     072D  1283               	bcf	3,5	;RP0=0, select bank0
   602     072E  1303               	bcf	3,6	;RP1=0, select bank0
   603     072F  1409               	bsf	9,0	;volatile
   604     0730  2F34               	goto	u104
   605     0731                     u90:
   606     0731  1283               	bcf	3,5	;RP0=0, select bank0
   607     0732  1303               	bcf	3,6	;RP1=0, select bank0
   608     0733  1009               	bcf	9,0	;volatile
   609     0734                     u104:
   610     0734                     l694:
   611     0734  0874               	movf	send@val,w
   612     0735  0088               	movwf	8	;volatile
   613     0736                     l696:
   614     0736  120A  118A  2711  120A  118A  	fcall	_enable
   615     073B                     l698:
   616     073B  0874               	movf	send@val,w
   617     073C  00F6               	movwf	??_send
   618     073D  3003               	movlw	3
   619     073E                     u115:
   620     073E  1003               	clrc
   621     073F  0DF6               	rlf	??_send,f
   622     0740  3EFF               	addlw	-1
   623     0741  1D03               	skipz
   624     0742  2F3E               	goto	u115
   625     0743  1003               	clrc
   626     0744  0D76               	rlf	??_send,w
   627     0745  1283               	bcf	3,5	;RP0=0, select bank0
   628     0746  1303               	bcf	3,6	;RP1=0, select bank0
   629     0747  0088               	movwf	8	;volatile
   630     0748                     l700:
   631     0748  120A  118A  2711  120A  118A  	fcall	_enable
   632     074D                     l28:
   633     074D  0008               	return
   634     074E                     __end_of_send:
   635                           
   636                           	psect	text2
   637     0711                     __ptext2:	
   638 ;; *************** function _enable *****************
   639 ;; Defined at:
   640 ;;		line 26 in file "4bit_mode.c"
   641 ;; Parameters:    Size  Location     Type
   642 ;;		None
   643 ;; Auto vars:     Size  Location     Type
   644 ;;		None
   645 ;; Return value:  Size  Location     Type
   646 ;;                  1    wreg      void 
   647 ;; Registers used:
   648 ;;		wreg, status,2, status,0, pclath, cstack
   649 ;; Tracked objects:
   650 ;;		On entry : 0/0
   651 ;;		On exit  : 0/0
   652 ;;		Unchanged: 0/0
   653 ;; Data sizes:     COMMON   BANK0   BANK1   BANK3   BANK2
   654 ;;      Params:         0       0       0       0       0
   655 ;;      Locals:         0       0       0       0       0
   656 ;;      Temps:          0       0       0       0       0
   657 ;;      Totals:         0       0       0       0       0
   658 ;;Total ram usage:        0 bytes
   659 ;; Hardware stack levels used: 1
   660 ;; Hardware stack levels required when called: 1
   661 ;; This function calls:
   662 ;;		_delay
   663 ;; This function is called by:
   664 ;;		_send
   665 ;; This function uses a non-reentrant model
   666 ;;
   667                           
   668     0711                     _enable:	
   669                           ;psect for function _enable
   670                           
   671     0711                     l686:	
   672                           ;incstack = 0
   673                           ; Regs used in _enable: [wreg+status,2+status,0+pclath+cstack]
   674                           
   675     0711  1283               	bcf	3,5	;RP0=0, select bank0
   676     0712  1303               	bcf	3,6	;RP1=0, select bank0
   677     0713  1489               	bsf	9,1	;volatile
   678     0714                     l688:
   679     0714  3064               	movlw	100
   680     0715  00F0               	movwf	delay@t
   681     0716  3000               	movlw	0
   682     0717  00F1               	movwf	delay@t+1
   683     0718  120A  118A  26EF  120A  118A  	fcall	_delay
   684     071D                     l690:
   685     071D  1283               	bcf	3,5	;RP0=0, select bank0
   686     071E  1303               	bcf	3,6	;RP1=0, select bank0
   687     071F  1089               	bcf	9,1	;volatile
   688     0720  3064               	movlw	100
   689     0721  00F0               	movwf	delay@t
   690     0722  3000               	movlw	0
   691     0723  00F1               	movwf	delay@t+1
   692     0724  120A  118A  26EF  120A  118A  	fcall	_delay
   693     0729                     l25:
   694     0729  0008               	return
   695     072A                     __end_of_enable:
   696                           
   697                           	psect	text3
   698     06EF                     __ptext3:	
   699 ;; *************** function _delay *****************
   700 ;; Defined at:
   701 ;;		line 22 in file "4bit_mode.c"
   702 ;; Parameters:    Size  Location     Type
   703 ;;  t               2    0[COMMON] int 
   704 ;; Auto vars:     Size  Location     Type
   705 ;;		None
   706 ;; Return value:  Size  Location     Type
   707 ;;                  1    wreg      void 
   708 ;; Registers used:
   709 ;;		wreg, status,2, status,0
   710 ;; Tracked objects:
   711 ;;		On entry : 0/0
   712 ;;		On exit  : 0/0
   713 ;;		Unchanged: 0/0
   714 ;; Data sizes:     COMMON   BANK0   BANK1   BANK3   BANK2
   715 ;;      Params:         2       0       0       0       0
   716 ;;      Locals:         0       0       0       0       0
   717 ;;      Temps:          0       0       0       0       0
   718 ;;      Totals:         2       0       0       0       0
   719 ;;Total ram usage:        2 bytes
   720 ;; Hardware stack levels used: 1
   721 ;; This function calls:
   722 ;;		Nothing
   723 ;; This function is called by:
   724 ;;		_enable
   725 ;; This function uses a non-reentrant model
   726 ;;
   727                           
   728     06EF                     _delay:	
   729                           ;psect for function _delay
   730                           
   731     06EF                     l682:	
   732                           ;incstack = 0
   733                           ; Regs used in _delay: [wreg+status,2+status,0]
   734                           
   735     06EF                     l684:
   736     06EF  30FF               	movlw	255
   737     06F0  07F0               	addwf	delay@t,f
   738     06F1  1803               	skipnc
   739     06F2  0AF1               	incf	delay@t+1,f
   740     06F3  30FF               	movlw	255
   741     06F4  07F1               	addwf	delay@t+1,f
   742     06F5  0A70               	incf	delay@t,w
   743     06F6  1D03               	skipz
   744     06F7  2EFC               	goto	u81
   745     06F8  0A71               	incf	delay@t+1,w
   746     06F9  1D03               	btfss	3,2
   747     06FA  2EFC               	goto	u81
   748     06FB  2EFD               	goto	u80
   749     06FC                     u81:
   750     06FC  2EEF               	goto	l684
   751     06FD                     u80:
   752     06FD                     l22:
   753     06FD  0008               	return
   754     06FE                     __end_of_delay:
   755     007E                     btemp	set	126	;btemp
   756     007E                     wtemp0	set	126
   757                           
   758                           	psect	idloc
   759                           
   760                           ;Config register IDLOC0 @ 0x2000
   761                           ;	unspecified, using default values
   762     2000                     	org	8192
   763     2000  3FFF               	dw	16383
   764                           
   765                           ;Config register IDLOC1 @ 0x2001
   766                           ;	unspecified, using default values
   767     2001                     	org	8193
   768     2001  3FFF               	dw	16383
   769                           
   770                           ;Config register IDLOC2 @ 0x2002
   771                           ;	unspecified, using default values
   772     2002                     	org	8194
   773     2002  3FFF               	dw	16383
   774                           
   775                           ;Config register IDLOC3 @ 0x2003
   776                           ;	unspecified, using default values
   777     2003                     	org	8195
   778     2003  3FFF               	dw	16383
   779                           
   780                           	psect	config
   781                           
   782                           ;Config register CONFIG1 @ 0x2007
   783                           ;	Oscillator Selection bits
   784                           ;	FOSC = INTRC_NOCLKOUT, INTOSCIO oscillator: I/O function on RA6/OSC2/CLKOUT pin, I/O f
      +                          unction on RA7/OSC1/CLKIN
   785                           ;	Watchdog Timer Enable bit
   786                           ;	WDTE = OFF, WDT disabled and can be enabled by SWDTEN bit of the WDTCON register
   787                           ;	Power-up Timer Enable bit
   788                           ;	PWRTE = ON, PWRT enabled
   789                           ;	RE3/MCLR pin function select bit
   790                           ;	MCLRE = ON, RE3/MCLR pin function is MCLR
   791                           ;	Code Protection bit
   792                           ;	CP = OFF, Program memory code protection is disabled
   793                           ;	Data Code Protection bit
   794                           ;	CPD = OFF, Data memory code protection is disabled
   795                           ;	Brown Out Reset Selection bits
   796                           ;	BOREN = OFF, BOR disabled
   797                           ;	Internal External Switchover bit
   798                           ;	IESO = ON, Internal/External Switchover mode is enabled
   799                           ;	Fail-Safe Clock Monitor Enabled bit
   800                           ;	FCMEN = ON, Fail-Safe Clock Monitor is enabled
   801                           ;	Low Voltage Programming Enable bit
   802                           ;	LVP = OFF, RB3 pin has digital I/O, HV on MCLR must be used for programming
   803                           ;	In-Circuit Debugger Mode bit
   804                           ;	DEBUG = 0x1, unprogrammed default
   805     2007                     	org	8199
   806     2007  2CE4               	dw	11492
   807                           
   808                           ;Config register CONFIG2 @ 0x2008
   809                           ;	Brown-out Reset Selection bit
   810                           ;	BOR4V = BOR40V, Brown-out Reset set to 4.0V
   811                           ;	Flash Program Memory Self Write Enable bits
   812                           ;	WRT = OFF, Write protection off
   813     2008                     	org	8200
   814     2008  3FFF               	dw	16383

Data Sizes:
    Strings     0
    Constant    0
    Data        9
    BSS         0
    Persistent  0
    Stack       0

Auto Spaces:
    Space          Size  Autos    Used
    COMMON           14     11      11
    BANK0            80     17      26
    BANK1            80      0       0
    BANK3            96      0       0
    BANK2            96      0       0

Pointer List with Targets:

    None.

Critical Paths under _main in COMMON

    _main->_send
    _enable->_delay

Critical Paths under _main in BANK0

    None.

Critical Paths under _main in BANK1

    None.

Critical Paths under _main in BANK3

    None.

Critical Paths under _main in BANK2

    None.

Call Graph Tables:

 ---------------------------------------------------------------------------------
 (Depth) Function   	        Calls       Base Space   Used Autos Params    Refs
 ---------------------------------------------------------------------------------
 (0) _main                                                21    21      0    1404
                                              7 COMMON     4     4      0
                                              0 BANK0     17    17      0
                               _send
 ---------------------------------------------------------------------------------
 (1) _send                                                 5     1      4    1152
                                              2 COMMON     5     1      4
                             _enable
 ---------------------------------------------------------------------------------
 (2) _enable                                               0     0      0     174
                              _delay
 ---------------------------------------------------------------------------------
 (3) _delay                                                2     0      2     174
                                              0 COMMON     2     0      2
 ---------------------------------------------------------------------------------
 Estimated maximum stack depth 3
 ---------------------------------------------------------------------------------

 Call Graph Graphs:

 _main (ROOT)
   _send
     _enable
       _delay

 Address spaces:
Name               Size   Autos  Total    Cost      Usage
BANK3               60      0       0       9        0.0%
BITBANK3            60      0       0       8        0.0%
SFR3                 0      0       0       4        0.0%
BITSFR3              0      0       0       4        0.0%
BANK2               60      0       0      11        0.0%
BITBANK2            60      0       0      10        0.0%
SFR2                 0      0       0       5        0.0%
BITSFR2              0      0       0       5        0.0%
BANK1               50      0       0       7        0.0%
BITBANK1            50      0       0       6        0.0%
SFR1                 0      0       0       2        0.0%
BITSFR1              0      0       0       2        0.0%
BANK0               50     11      1A       5       32.5%
BITBANK0            50      0       0       4        0.0%
SFR0                 0      0       0       1        0.0%
BITSFR0              0      0       0       1        0.0%
COMMON               E      B       B       1       78.6%
BITCOMMON            E      0       0       0        0.0%
CODE                 0      0       0       0        0.0%
DATA                 0      0      25      12        0.0%
ABS                  0      0      25       3        0.0%
NULL                 0      0       0       0        0.0%
STACK                0      0       0       2        0.0%
EEDATA             100      0       0       0        0.0%


Microchip Technology PIC Macro Assembler V2.40 build 20220703182018 
Symbol Table                                                                                   Wed May 21 16:30:10 2025

                      pc 0002                       l22 06FD                       l40 07EB  
                     l25 0729                       l28 074D                       l36 0798  
                     u80 06FD                       u81 06FC                       u90 0731  
                     u91 072D                       fsr 0004                      l700 0748  
                    l710 0778                      l702 074E                      l720 07AC  
                    l712 077C                      l704 075A                      l722 07C3  
                    l730 07E2                      l714 0791                      l706 0766  
                    l716 0795                      l708 0772                      l726 07D4  
                    l718 079C                      l728 07DC                      l682 06EF  
                    l690 071D                      l684 06EF                      l692 072A  
                    l686 0711                      l694 0734                      l688 0714  
                    l696 0736                      l698 073B                      _RE0 0048  
                    _RE1 0049                      u104 0734                      u120 0784  
                    u130 079C                      u115 073E                      u131 079B  
                    u140 07EB                      u141 07EA                      fsr0 0004  
                    indf 0000                     _main 074E                     _send 072A  
                   btemp 007E                     start 0000                    ?_main 0070  
                  ?_send 0072                    _ANSEL 0188                    _PORTD 0008  
                  _PORTE 0009                    _TRISD 0088                    _TRISE 0089  
                  _delay 06EF                    main@i 002F                    main@j 002D  
                  main@l 002B                    main@u 0029                    pclath 000A  
                  status 0003                    wtemp0 007E          __initialization 07EE  
           __end_of_main 07EE             __end_of_send 074E                   ??_main 0077  
                 ??_send 0076                   ?_delay 0070                   _ANSELH 0189  
                 _enable 0711                   delay@t 0070                   send@rs 0072  
__end_of__initialization 07FC           __pcstackCOMMON 0070             __pidataBANK0 06E6  
          __end_of_delay 06FE                  ??_delay 0072               __pmaintext 074E  
                ?_enable 0070                  __ptext1 072A                  __ptext2 0711  
                __ptext3 06EF                  main@str 0020     end_of_initialization 07FC  
                send@val 0074           __end_of_enable 072A      start_initialization 07EE  
             init_fetch0 06FE                 ??_enable 0072              __pdataBANK0 0031  
              ___latbits 0002            __pcstackBANK0 0020                main@F1303 0031  
               init_ram0 0702  
