

Microchip MPLAB XC8 Assembler V2.40 build 20220703182018 
                                                                                               Tue Jul 01 11:15:53 2025

Microchip MPLAB XC8 C Compiler v2.40 (Free license) build 20220703182018 Og1 
     1                           	processor	16F887
     2                           	pagewidth 120
     3                           	opt	flic
     4                           	psect	strings,global,class=STRING,delta=2,noexec
     5                           	psect	cinit,global,class=CODE,merge=1,delta=2
     6                           	psect	bssCOMMON,global,class=COMMON,space=1,delta=1,noexec
     7                           	psect	cstackCOMMON,global,class=COMMON,space=1,delta=1,noexec
     8                           	psect	cstackBANK0,global,class=BANK0,space=1,delta=1,noexec
     9                           	psect	maintext,global,class=CODE,split=1,delta=2
    10                           	psect	text1,local,class=CODE,merge=1,delta=2
    11                           	psect	text2,local,class=CODE,merge=1,delta=2
    12                           	psect	text3,local,class=CODE,merge=1,delta=2
    13                           	psect	text4,local,class=CODE,merge=1,delta=2
    14                           	psect	text5,local,class=CODE,merge=1,delta=2
    15                           	psect	intentry,global,class=CODE,delta=2
    16                           	psect	text6,local,class=CODE,merge=1,delta=2
    17                           	psect	text7,local,class=CODE,merge=1,delta=2
    18                           	psect	text8,local,class=CODE,merge=1,delta=2
    19                           	psect	idloc,global,abs,ovrld,class=IDLOC,space=5,delta=2,noexec
    20                           	psect	config,global,abs,ovrld,class=CONFIG,space=4,delta=2,noexec
    21                           	dabs	1,0x7E,2
    22     0000                     
    23                           ; Version 2.40
    24                           ; Generated 17/11/2021 GMT
    25                           ; 
    26                           ; Copyright © 2021, Microchip Technology Inc. and its subsidiaries ("Microchip")
    27                           ; All rights reserved.
    28                           ; 
    29                           ; This software is developed by Microchip Technology Inc. and its subsidiaries ("Microch
      +                          ip").
    30                           ; 
    31                           ; Redistribution and use in source and binary forms, with or without modification, are
    32                           ; permitted provided that the following conditions are met:
    33                           ; 
    34                           ;     1. Redistributions of source code must retain the above copyright notice, this lis
      +                          t of
    35                           ;        conditions and the following disclaimer.
    36                           ; 
    37                           ;     2. Redistributions in binary form must reproduce the above copyright notice, this 
      +                          list
    38                           ;        of conditions and the following disclaimer in the documentation and/or other
    39                           ;        materials provided with the distribution. Publication is not required when
    40                           ;        this file is used in an embedded application.
    41                           ; 
    42                           ;     3. Microchip's name may not be used to endorse or promote products derived from th
      +                          is
    43                           ;        software without specific prior written permission.
    44                           ; 
    45                           ; THIS SOFTWARE IS PROVIDED BY MICROCHIP "AS IS" AND ANY EXPRESS OR IMPLIED WARRANTIES,
    46                           ; INCLUDING, BUT NOT LIMITED TO, THE IMPLIED WARRANTIES OF MERCHANTABILITY AND FITNESS F
      +                          OR
    47                           ; PURPOSE ARE DISCLAIMED.  IN NO EVENT SHALL MICROCHIP BE LIABLE FOR ANY DIRECT, INDIREC
      +                          T,
    48                           ; INCIDENTAL, SPECIAL, EXEMPLARY, OR CONSEQUENTIAL DAMAGES (INCLUDING BUT NOT LIMITED TO
    49                           ; PROCUREMENT OF SUBSTITUTE GOODS OR SERVICES; LOSS OF USE, DATA OR PROFITS; OR BUSINESS
    50                           ; INTERRUPTION) HOWSOEVER CAUSED AND ON ANY THEORY OF LIABILITY, WHETHER IN CONTRACT, ST
      +                          RICT
    51                           ; LIABILITY, OR TORT (INCLUDING NEGLIGENCE OR OTHERWISE) ARISING IN ANY WAY OUT OF THE U
      +                          SE OF
    52                           ; THIS SOFTWARE, EVEN IF ADVISED OF THE POSSIBILITY OF SUCH DAMAGE.
    53                           ; 
    54                           ; 
    55                           ; Code-generator required, PIC16F887 Definitions
    56                           ; 
    57                           ; SFR Addresses
    58     0000                     	;# 
    59     0001                     	;# 
    60     0002                     	;# 
    61     0003                     	;# 
    62     0004                     	;# 
    63     0005                     	;# 
    64     0006                     	;# 
    65     0007                     	;# 
    66     0008                     	;# 
    67     0009                     	;# 
    68     000A                     	;# 
    69     000B                     	;# 
    70     000C                     	;# 
    71     000D                     	;# 
    72     000E                     	;# 
    73     000E                     	;# 
    74     000F                     	;# 
    75     0010                     	;# 
    76     0011                     	;# 
    77     0012                     	;# 
    78     0013                     	;# 
    79     0014                     	;# 
    80     0015                     	;# 
    81     0015                     	;# 
    82     0016                     	;# 
    83     0017                     	;# 
    84     0018                     	;# 
    85     0019                     	;# 
    86     001A                     	;# 
    87     001B                     	;# 
    88     001B                     	;# 
    89     001C                     	;# 
    90     001D                     	;# 
    91     001E                     	;# 
    92     001F                     	;# 
    93     0081                     	;# 
    94     0085                     	;# 
    95     0086                     	;# 
    96     0087                     	;# 
    97     0088                     	;# 
    98     0089                     	;# 
    99     008C                     	;# 
   100     008D                     	;# 
   101     008E                     	;# 
   102     008F                     	;# 
   103     0090                     	;# 
   104     0091                     	;# 
   105     0092                     	;# 
   106     0093                     	;# 
   107     0093                     	;# 
   108     0093                     	;# 
   109     0094                     	;# 
   110     0095                     	;# 
   111     0096                     	;# 
   112     0097                     	;# 
   113     0098                     	;# 
   114     0099                     	;# 
   115     009A                     	;# 
   116     009B                     	;# 
   117     009C                     	;# 
   118     009D                     	;# 
   119     009E                     	;# 
   120     009F                     	;# 
   121     0105                     	;# 
   122     0107                     	;# 
   123     0108                     	;# 
   124     0109                     	;# 
   125     010C                     	;# 
   126     010C                     	;# 
   127     010D                     	;# 
   128     010E                     	;# 
   129     010F                     	;# 
   130     0185                     	;# 
   131     0187                     	;# 
   132     0188                     	;# 
   133     0189                     	;# 
   134     018C                     	;# 
   135     018D                     	;# 
   136     0000                     	;# 
   137     0001                     	;# 
   138     0002                     	;# 
   139     0003                     	;# 
   140     0004                     	;# 
   141     0005                     	;# 
   142     0006                     	;# 
   143     0007                     	;# 
   144     0008                     	;# 
   145     0009                     	;# 
   146     000A                     	;# 
   147     000B                     	;# 
   148     000C                     	;# 
   149     000D                     	;# 
   150     000E                     	;# 
   151     000E                     	;# 
   152     000F                     	;# 
   153     0010                     	;# 
   154     0011                     	;# 
   155     0012                     	;# 
   156     0013                     	;# 
   157     0014                     	;# 
   158     0015                     	;# 
   159     0015                     	;# 
   160     0016                     	;# 
   161     0017                     	;# 
   162     0018                     	;# 
   163     0019                     	;# 
   164     001A                     	;# 
   165     001B                     	;# 
   166     001B                     	;# 
   167     001C                     	;# 
   168     001D                     	;# 
   169     001E                     	;# 
   170     001F                     	;# 
   171     0081                     	;# 
   172     0085                     	;# 
   173     0086                     	;# 
   174     0087                     	;# 
   175     0088                     	;# 
   176     0089                     	;# 
   177     008C                     	;# 
   178     008D                     	;# 
   179     008E                     	;# 
   180     008F                     	;# 
   181     0090                     	;# 
   182     0091                     	;# 
   183     0092                     	;# 
   184     0093                     	;# 
   185     0093                     	;# 
   186     0093                     	;# 
   187     0094                     	;# 
   188     0095                     	;# 
   189     0096                     	;# 
   190     0097                     	;# 
   191     0098                     	;# 
   192     0099                     	;# 
   193     009A                     	;# 
   194     009B                     	;# 
   195     009C                     	;# 
   196     009D                     	;# 
   197     009E                     	;# 
   198     009F                     	;# 
   199     0105                     	;# 
   200     0107                     	;# 
   201     0108                     	;# 
   202     0109                     	;# 
   203     010C                     	;# 
   204     010C                     	;# 
   205     010D                     	;# 
   206     010E                     	;# 
   207     010F                     	;# 
   208     0185                     	;# 
   209     0187                     	;# 
   210     0188                     	;# 
   211     0189                     	;# 
   212     018C                     	;# 
   213     018D                     	;# 
   214     0018                     _RCSTA	set	24
   215     0009                     _PORTE	set	9
   216     0007                     _PORTC	set	7
   217     0005                     _PORTA	set	5
   218     0019                     _TXREG	set	25
   219     001A                     _RCREG	set	26
   220     0008                     _PORTD	set	8
   221     0028                     _RA0	set	40
   222     005F                     _GIE	set	95
   223     005E                     _PEIE	set	94
   224     0064                     _TXIF	set	100
   225     0065                     _RCIF	set	101
   226     0048                     _RE0	set	72
   227     0049                     _RE1	set	73
   228     0098                     _TXSTA	set	152
   229     0099                     _SPBRG	set	153
   230     0089                     _TRISE	set	137
   231     0088                     _TRISD	set	136
   232     0087                     _TRISC	set	135
   233     0085                     _TRISA	set	133
   234     0465                     _RCIE	set	1125
   235     0189                     _ANSELH	set	393
   236     0188                     _ANSEL	set	392
   237                           
   238                           	psect	strings
   239     0140                     __pstrings:
   240     0140                     stringtab:
   241     0140                     __stringtab:
   242     0140                     stringcode:	
   243                           ;	String table - string pointers are 1 byte each
   244                           
   245     0140                     stringdir:
   246     0140  3001               	movlw	high stringdir
   247     0141  008A               	movwf	10
   248     0142  0804               	movf	4,w
   249     0143  0A84               	incf	4,f
   250     0144  0782               	addwf	2,f
   251     0145                     __stringbase:
   252     0145  3400               	retlw	0
   253     0146                     __end_of__stringtab:
   254     0146                     STR_1:
   255     0146  344D               	retlw	77	;'M'
   256     0147  3441               	retlw	65	;'A'
   257     0148  344E               	retlw	78	;'N'
   258     0149  3400               	retlw	0
   259                           
   260                           	psect	cinit
   261     000F                     start_initialization:	
   262                           ; #config settings
   263                           
   264     000F                     __initialization:
   265                           
   266                           ; Clear objects allocated to COMMON
   267     000F  01F7               	clrf	__pbssCOMMON& (0+127)
   268     0010                     end_of_initialization:	
   269                           ;End of C runtime variable initialization code
   270                           
   271     0010                     __end_of__initialization:
   272     0010  0183               	clrf	3
   273     0011  120A  118A  2814   	ljmp	_main	;jump to C main() function
   274                           
   275                           	psect	bssCOMMON
   276     0077                     __pbssCOMMON:
   277     0077                     _data:
   278     0077                     	ds	1
   279                           
   280                           	psect	cstackCOMMON
   281     0070                     __pcstackCOMMON:
   282     0070                     ?_enable:
   283     0070                     ?_receive:	
   284                           ; 1 bytes @ 0x0
   285                           
   286     0070                     ?_transmit:	
   287                           ; 1 bytes @ 0x0
   288                           
   289     0070                     ?_main:	
   290                           ; 1 bytes @ 0x0
   291                           
   292     0070                     ?i1_delay:	
   293                           ; 1 bytes @ 0x0
   294                           
   295     0070                     ?i1_enable:	
   296                           ; 1 bytes @ 0x0
   297                           
   298     0070                     i1delay@t:	
   299                           ; 1 bytes @ 0x0
   300                           
   301                           
   302                           ; 2 bytes @ 0x0
   303     0070                     	ds	2
   304     0072                     ??i1_delay:
   305     0072                     ??i1_enable:	
   306                           ; 1 bytes @ 0x2
   307                           
   308     0072                     ?i1_lcd:	
   309                           ; 1 bytes @ 0x2
   310                           
   311     0072                     i1lcd@rs:	
   312                           ; 1 bytes @ 0x2
   313                           
   314                           
   315                           ; 2 bytes @ 0x2
   316     0072                     	ds	2
   317     0074                     i1lcd@chr:
   318                           
   319                           ; 1 bytes @ 0x4
   320     0074                     	ds	1
   321     0075                     ??_receive:
   322     0075                     ??i1_lcd:	
   323                           ; 1 bytes @ 0x5
   324                           
   325                           
   326                           ; 1 bytes @ 0x5
   327     0075                     	ds	2
   328                           
   329                           	psect	cstackBANK0
   330     0020                     __pcstackBANK0:
   331     0020                     ?_delay:
   332     0020                     ??_transmit:	
   333                           ; 1 bytes @ 0x0
   334                           
   335     0020                     transmit@str:	
   336                           ; 1 bytes @ 0x0
   337                           
   338     0020                     delay@t:	
   339                           ; 1 bytes @ 0x0
   340                           
   341                           
   342                           ; 2 bytes @ 0x0
   343     0020                     	ds	1
   344     0021                     transmit@i:
   345                           
   346                           ; 2 bytes @ 0x1
   347     0021                     	ds	1
   348     0022                     ??_delay:
   349     0022                     ??_enable:	
   350                           ; 1 bytes @ 0x2
   351                           
   352     0022                     ?_lcd:	
   353                           ; 1 bytes @ 0x2
   354                           
   355     0022                     lcd@rs:	
   356                           ; 1 bytes @ 0x2
   357                           
   358                           
   359                           ; 2 bytes @ 0x2
   360     0022                     	ds	2
   361     0024                     lcd@chr:
   362                           
   363                           ; 1 bytes @ 0x4
   364     0024                     	ds	1
   365     0025                     ??_lcd:
   366     0025                     ??_main:	
   367                           ; 1 bytes @ 0x5
   368                           
   369                           
   370                           	psect	maintext
   371     0014                     __pmaintext:	
   372                           ; 1 bytes @ 0x5
   373 ;;
   374 ;;Main: autosize = 0, tempsize = 0, incstack = 0, save=0
   375 ;;
   376 ;; *************** function _main *****************
   377 ;; Defined at:
   378 ;;		line 64 in file "f_dplx2.c"
   379 ;; Parameters:    Size  Location     Type
   380 ;;		None
   381 ;; Auto vars:     Size  Location     Type
   382 ;;		None
   383 ;; Return value:  Size  Location     Type
   384 ;;                  1    wreg      void 
   385 ;; Registers used:
   386 ;;		wreg, fsr0l, fsr0h, status,2, status,0, pclath, cstack
   387 ;; Tracked objects:
   388 ;;		On entry : B00/0
   389 ;;		On exit  : 0/0
   390 ;;		Unchanged: 0/0
   391 ;; Data sizes:     COMMON   BANK0   BANK1   BANK3   BANK2
   392 ;;      Params:         0       0       0       0       0
   393 ;;      Locals:         0       0       0       0       0
   394 ;;      Temps:          0       0       0       0       0
   395 ;;      Totals:         0       0       0       0       0
   396 ;;Total ram usage:        0 bytes
   397 ;; Hardware stack levels required when called: 7
   398 ;; This function calls:
   399 ;;		_lcd
   400 ;;		_transmit
   401 ;; This function is called by:
   402 ;;		Startup code after reset
   403 ;; This function uses a non-reentrant model
   404 ;;
   405                           
   406     0014                     _main:	
   407                           ;psect for function _main
   408                           
   409     0014                     l879:	
   410                           ;incstack = 0
   411                           ; Regs used in _main: [wreg-fsr0h+status,2+status,0+pclath+cstack]
   412                           
   413                           
   414                           ;f_dplx2.c: 66:     PORTA=0x00;
   415     0014  1283               	bcf	3,5	;RP0=0, select bank0
   416     0015  1303               	bcf	3,6	;RP1=0, select bank0
   417     0016  0185               	clrf	5	;volatile
   418     0017                     l881:
   419                           
   420                           ;f_dplx2.c: 67:     TRISA=0x01;
   421     0017  3001               	movlw	1
   422     0018  1683               	bsf	3,5	;RP0=1, select bank1
   423     0019  1303               	bcf	3,6	;RP1=0, select bank1
   424     001A  0085               	movwf	5	;volatile
   425     001B                     l883:
   426                           
   427                           ;f_dplx2.c: 68:     PORTC=0x00;
   428     001B  1283               	bcf	3,5	;RP0=0, select bank0
   429     001C  1303               	bcf	3,6	;RP1=0, select bank0
   430     001D  0187               	clrf	7	;volatile
   431                           
   432                           ;f_dplx2.c: 69:     TRISC=0x80;
   433     001E  3080               	movlw	128
   434     001F  1683               	bsf	3,5	;RP0=1, select bank1
   435     0020  1303               	bcf	3,6	;RP1=0, select bank1
   436     0021  0087               	movwf	7	;volatile
   437     0022                     l885:
   438                           
   439                           ;f_dplx2.c: 70:     PORTD=0x00;
   440     0022  1283               	bcf	3,5	;RP0=0, select bank0
   441     0023  1303               	bcf	3,6	;RP1=0, select bank0
   442     0024  0188               	clrf	8	;volatile
   443     0025                     l887:
   444                           
   445                           ;f_dplx2.c: 71:     TRISD=0x00;
   446     0025  1683               	bsf	3,5	;RP0=1, select bank1
   447     0026  1303               	bcf	3,6	;RP1=0, select bank1
   448     0027  0188               	clrf	8	;volatile
   449     0028                     l889:
   450                           
   451                           ;f_dplx2.c: 72:     PORTE=0x00;
   452     0028  1283               	bcf	3,5	;RP0=0, select bank0
   453     0029  1303               	bcf	3,6	;RP1=0, select bank0
   454     002A  0189               	clrf	9	;volatile
   455     002B                     l891:
   456                           
   457                           ;f_dplx2.c: 73:     TRISE=0x00;
   458     002B  1683               	bsf	3,5	;RP0=1, select bank1
   459     002C  1303               	bcf	3,6	;RP1=0, select bank1
   460     002D  0189               	clrf	9	;volatile
   461     002E                     l893:
   462                           
   463                           ;f_dplx2.c: 74:     ANSEL=ANSELH=0x00;
   464     002E  1683               	bsf	3,5	;RP0=1, select bank3
   465     002F  1703               	bsf	3,6	;RP1=1, select bank3
   466     0030  0189               	clrf	9	;volatile
   467     0031  0188               	clrf	8	;volatile
   468     0032                     l895:
   469                           
   470                           ;f_dplx2.c: 75:     RCIE = 1;
   471     0032  1683               	bsf	3,5	;RP0=1, select bank1
   472     0033  1303               	bcf	3,6	;RP1=0, select bank1
   473     0034  168C               	bsf	12,5	;volatile
   474     0035                     l897:
   475                           
   476                           ;f_dplx2.c: 76:     PEIE = 1;
   477     0035  170B               	bsf	11,6	;volatile
   478     0036                     l899:
   479                           
   480                           ;f_dplx2.c: 77:     GIE = 1;
   481     0036  178B               	bsf	11,7	;volatile
   482     0037                     l901:
   483                           
   484                           ;f_dplx2.c: 79:     SPBRG=25;
   485     0037  3019               	movlw	25
   486     0038  0099               	movwf	25	;volatile
   487     0039                     l903:
   488                           
   489                           ;f_dplx2.c: 80:     TXSTA=0x26;
   490     0039  3026               	movlw	38
   491     003A  0098               	movwf	24	;volatile
   492     003B                     l905:
   493                           
   494                           ;f_dplx2.c: 81:     RCSTA=0x90;
   495     003B  3090               	movlw	144
   496     003C  1283               	bcf	3,5	;RP0=0, select bank0
   497     003D  1303               	bcf	3,6	;RP1=0, select bank0
   498     003E  0098               	movwf	24	;volatile
   499     003F                     l907:
   500                           
   501                           ;f_dplx2.c: 83:     lcd(0,0x38);
   502     003F  3000               	movlw	0
   503     0040  00A2               	movwf	lcd@rs
   504     0041  00A3               	movwf	lcd@rs+1
   505     0042  3038               	movlw	56
   506     0043  00A4               	movwf	lcd@chr
   507     0044  120A  118A  20FA  120A  118A  	fcall	_lcd
   508     0049                     l909:
   509                           
   510                           ;f_dplx2.c: 84:     lcd(0,0x0c);
   511     0049  3000               	movlw	0
   512     004A  1283               	bcf	3,5	;RP0=0, select bank0
   513     004B  1303               	bcf	3,6	;RP1=0, select bank0
   514     004C  00A2               	movwf	lcd@rs
   515     004D  00A3               	movwf	lcd@rs+1
   516     004E  300C               	movlw	12
   517     004F  00A4               	movwf	lcd@chr
   518     0050  120A  118A  20FA  120A  118A  	fcall	_lcd
   519     0055                     l911:
   520                           
   521                           ;f_dplx2.c: 85:     lcd(0,0x01);
   522     0055  3000               	movlw	0
   523     0056  1283               	bcf	3,5	;RP0=0, select bank0
   524     0057  1303               	bcf	3,6	;RP1=0, select bank0
   525     0058  00A2               	movwf	lcd@rs
   526     0059  00A3               	movwf	lcd@rs+1
   527     005A  01A4               	clrf	lcd@chr
   528     005B  0AA4               	incf	lcd@chr,f
   529     005C  120A  118A  20FA  120A  118A  	fcall	_lcd
   530     0061                     l913:
   531                           
   532                           ;f_dplx2.c: 86:     lcd(0,0x80);
   533     0061  3000               	movlw	0
   534     0062  1283               	bcf	3,5	;RP0=0, select bank0
   535     0063  1303               	bcf	3,6	;RP1=0, select bank0
   536     0064  00A2               	movwf	lcd@rs
   537     0065  00A3               	movwf	lcd@rs+1
   538     0066  3080               	movlw	128
   539     0067  00A4               	movwf	lcd@chr
   540     0068  120A  118A  20FA  120A  118A  	fcall	_lcd
   541     006D                     l915:
   542                           
   543                           ;f_dplx2.c: 89:     {;f_dplx2.c: 90:         if(RA0==1)
   544     006D  1283               	bcf	3,5	;RP0=0, select bank0
   545     006E  1303               	bcf	3,6	;RP1=0, select bank0
   546     006F  1C05               	btfss	5,0	;volatile
   547     0070  2872               	goto	u281
   548     0071  2873               	goto	u280
   549     0072                     u281:
   550     0072  286D               	goto	l915
   551     0073                     u280:
   552     0073                     l917:
   553                           
   554                           ;f_dplx2.c: 91:         {;f_dplx2.c: 92:             transmit("MAN");
   555     0073  3001               	movlw	(low ((STR_1-__stringbase)| (0+32768)))& (0+255)
   556     0074  120A  118A  2083  120A  118A  	fcall	_transmit
   557     0079                     l82:	
   558                           ;f_dplx2.c: 93:             while(RA0==1);
   559                           
   560     0079  1283               	bcf	3,5	;RP0=0, select bank0
   561     007A  1303               	bcf	3,6	;RP1=0, select bank0
   562     007B  1805               	btfsc	5,0	;volatile
   563     007C  287E               	goto	u291
   564     007D  287F               	goto	u290
   565     007E                     u291:
   566     007E  2879               	goto	l82
   567     007F                     u290:
   568     007F  286D               	goto	l915
   569     0080  120A  118A  280C   	ljmp	start
   570     0083                     __end_of_main:
   571                           
   572                           	psect	text1
   573     0083                     __ptext1:	
   574 ;; *************** function _transmit *****************
   575 ;; Defined at:
   576 ;;		line 54 in file "f_dplx2.c"
   577 ;; Parameters:    Size  Location     Type
   578 ;;  str             1    wreg     PTR unsigned char 
   579 ;;		 -> STR_1(4), 
   580 ;; Auto vars:     Size  Location     Type
   581 ;;  str             1    0[BANK0 ] PTR unsigned char 
   582 ;;		 -> STR_1(4), 
   583 ;;  i               2    1[BANK0 ] int 
   584 ;; Return value:  Size  Location     Type
   585 ;;                  1    wreg      void 
   586 ;; Registers used:
   587 ;;		wreg, fsr0l, fsr0h, status,2, status,0, pclath
   588 ;; Tracked objects:
   589 ;;		On entry : 0/0
   590 ;;		On exit  : 0/0
   591 ;;		Unchanged: 0/0
   592 ;; Data sizes:     COMMON   BANK0   BANK1   BANK3   BANK2
   593 ;;      Params:         0       0       0       0       0
   594 ;;      Locals:         0       3       0       0       0
   595 ;;      Temps:          0       0       0       0       0
   596 ;;      Totals:         0       3       0       0       0
   597 ;;Total ram usage:        3 bytes
   598 ;; Hardware stack levels used: 1
   599 ;; Hardware stack levels required when called: 4
   600 ;; This function calls:
   601 ;;		Nothing
   602 ;; This function is called by:
   603 ;;		_main
   604 ;; This function uses a non-reentrant model
   605 ;;
   606                           
   607     0083                     _transmit:	
   608                           ;psect for function _transmit
   609                           
   610                           
   611                           ;incstack = 0
   612                           ; Regs used in _transmit: [wreg-fsr0h+status,2+status,0+pclath]
   613                           ;transmit@str stored from wreg
   614     0083  1283               	bcf	3,5	;RP0=0, select bank0
   615     0084  1303               	bcf	3,6	;RP1=0, select bank0
   616     0085  00A0               	movwf	transmit@str
   617     0086                     l871:
   618                           
   619                           ;f_dplx2.c: 54: void transmit(char *str);f_dplx2.c: 55: {;f_dplx2.c: 56:     int i;;f_dp
      +                          lx2.c: 57:     for(i=0 ; *(str+i)!='\0' ; i++)
   620     0086  01A1               	clrf	transmit@i
   621     0087  01A2               	clrf	transmit@i+1
   622     0088  289D               	goto	l877
   623     0089                     l873:
   624                           
   625                           ;f_dplx2.c: 58:     {;f_dplx2.c: 59:        TXREG=*(str+i);
   626     0089  0821               	movf	transmit@i,w
   627     008A  0720               	addwf	transmit@str,w
   628     008B  0084               	movwf	4
   629     008C  120A  118A  2140  120A  118A  	fcall	stringdir
   630     0091  0099               	movwf	25	;volatile
   631     0092                     l71:	
   632                           ;f_dplx2.c: 60:        while(TXIF==0);
   633                           
   634     0092  1E0C               	btfss	12,4	;volatile
   635     0093  2895               	goto	u261
   636     0094  2896               	goto	u260
   637     0095                     u261:
   638     0095  2892               	goto	l71
   639     0096                     u260:
   640     0096                     l73:
   641                           
   642                           ;f_dplx2.c: 61:        TXIF=0;
   643     0096  120C               	bcf	12,4	;volatile
   644     0097                     l875:
   645                           
   646                           ;f_dplx2.c: 62:     }
   647     0097  3001               	movlw	1
   648     0098  07A1               	addwf	transmit@i,f
   649     0099  1803               	skipnc
   650     009A  0AA2               	incf	transmit@i+1,f
   651     009B  3000               	movlw	0
   652     009C  07A2               	addwf	transmit@i+1,f
   653     009D                     l877:
   654     009D  0821               	movf	transmit@i,w
   655     009E  0720               	addwf	transmit@str,w
   656     009F  0084               	movwf	4
   657     00A0  120A  118A  2140  120A  118A  	fcall	stringdir
   658     00A5  3A00               	xorlw	0
   659     00A6  1D03               	skipz
   660     00A7  28A9               	goto	u271
   661     00A8  28AA               	goto	u270
   662     00A9                     u271:
   663     00A9  2889               	goto	l873
   664     00AA                     u270:
   665     00AA                     l75:
   666     00AA  0008               	return
   667     00AB                     __end_of_transmit:
   668                           
   669                           	psect	text2
   670     00FA                     __ptext2:	
   671 ;; *************** function _lcd *****************
   672 ;; Defined at:
   673 ;;		line 37 in file "f_dplx2.c"
   674 ;; Parameters:    Size  Location     Type
   675 ;;  rs              2    2[BANK0 ] int 
   676 ;;  chr             1    4[BANK0 ] unsigned char 
   677 ;; Auto vars:     Size  Location     Type
   678 ;;		None
   679 ;; Return value:  Size  Location     Type
   680 ;;                  1    wreg      void 
   681 ;; Registers used:
   682 ;;		wreg, status,2, status,0, pclath, cstack
   683 ;; Tracked objects:
   684 ;;		On entry : 0/0
   685 ;;		On exit  : 0/0
   686 ;;		Unchanged: 0/0
   687 ;; Data sizes:     COMMON   BANK0   BANK1   BANK3   BANK2
   688 ;;      Params:         0       3       0       0       0
   689 ;;      Locals:         0       0       0       0       0
   690 ;;      Temps:          0       0       0       0       0
   691 ;;      Totals:         0       3       0       0       0
   692 ;;Total ram usage:        3 bytes
   693 ;; Hardware stack levels used: 1
   694 ;; Hardware stack levels required when called: 6
   695 ;; This function calls:
   696 ;;		_enable
   697 ;; This function is called by:
   698 ;;		_main
   699 ;; This function uses a non-reentrant model
   700 ;;
   701                           
   702     00FA                     _lcd:	
   703                           ;psect for function _lcd
   704                           
   705     00FA                     l865:	
   706                           ;incstack = 0
   707                           ; Regs used in _lcd: [wreg+status,2+status,0+pclath+cstack]
   708                           
   709                           
   710                           ;f_dplx2.c: 37: void lcd(int rs,char chr);f_dplx2.c: 38: {;f_dplx2.c: 39:     RE0=rs;
   711     00FA  1283               	bcf	3,5	;RP0=0, select bank0
   712     00FB  1303               	bcf	3,6	;RP1=0, select bank0
   713     00FC  1822               	btfsc	lcd@rs,0
   714     00FD  28FF               	goto	u241
   715     00FE  2903               	goto	u240
   716     00FF                     u241:
   717     00FF  1283               	bcf	3,5	;RP0=0, select bank0
   718     0100  1303               	bcf	3,6	;RP1=0, select bank0
   719     0101  1409               	bsf	9,0	;volatile
   720     0102  2906               	goto	u254
   721     0103                     u240:
   722     0103  1283               	bcf	3,5	;RP0=0, select bank0
   723     0104  1303               	bcf	3,6	;RP1=0, select bank0
   724     0105  1009               	bcf	9,0	;volatile
   725     0106                     u254:
   726     0106                     l867:
   727                           
   728                           ;f_dplx2.c: 40:     PORTD=chr;
   729     0106  0824               	movf	lcd@chr,w
   730     0107  0088               	movwf	8	;volatile
   731     0108                     l869:
   732                           
   733                           ;f_dplx2.c: 41:     enable();
   734     0108  120A  118A  20C8  120A  118A  	fcall	_enable
   735     010D                     l60:
   736     010D  0008               	return
   737     010E                     __end_of_lcd:
   738                           
   739                           	psect	text3
   740     00C8                     __ptext3:	
   741 ;; *************** function _enable *****************
   742 ;; Defined at:
   743 ;;		line 30 in file "f_dplx2.c"
   744 ;; Parameters:    Size  Location     Type
   745 ;;		None
   746 ;; Auto vars:     Size  Location     Type
   747 ;;		None
   748 ;; Return value:  Size  Location     Type
   749 ;;                  1    wreg      void 
   750 ;; Registers used:
   751 ;;		wreg, status,2, status,0, pclath, cstack
   752 ;; Tracked objects:
   753 ;;		On entry : 0/0
   754 ;;		On exit  : 0/0
   755 ;;		Unchanged: 0/0
   756 ;; Data sizes:     COMMON   BANK0   BANK1   BANK3   BANK2
   757 ;;      Params:         0       0       0       0       0
   758 ;;      Locals:         0       0       0       0       0
   759 ;;      Temps:          0       0       0       0       0
   760 ;;      Totals:         0       0       0       0       0
   761 ;;Total ram usage:        0 bytes
   762 ;; Hardware stack levels used: 1
   763 ;; Hardware stack levels required when called: 5
   764 ;; This function calls:
   765 ;;		_delay
   766 ;; This function is called by:
   767 ;;		_lcd
   768 ;; This function uses a non-reentrant model
   769 ;;
   770                           
   771     00C8                     _enable:	
   772                           ;psect for function _enable
   773                           
   774     00C8                     l859:	
   775                           ;incstack = 0
   776                           ; Regs used in _enable: [wreg+status,2+status,0+pclath+cstack]
   777                           
   778                           
   779                           ;f_dplx2.c: 32:     RE1=1;
   780     00C8  1283               	bcf	3,5	;RP0=0, select bank0
   781     00C9  1303               	bcf	3,6	;RP1=0, select bank0
   782     00CA  1489               	bsf	9,1	;volatile
   783     00CB                     l861:
   784                           
   785                           ;f_dplx2.c: 33:     delay(10);
   786     00CB  300A               	movlw	10
   787     00CC  00A0               	movwf	delay@t
   788     00CD  3000               	movlw	0
   789     00CE  00A1               	movwf	delay@t+1
   790     00CF  120A  118A  2120  120A  118A  	fcall	_delay
   791     00D4                     l863:
   792                           
   793                           ;f_dplx2.c: 34:     RE1=0;
   794     00D4  1283               	bcf	3,5	;RP0=0, select bank0
   795     00D5  1303               	bcf	3,6	;RP1=0, select bank0
   796     00D6  1089               	bcf	9,1	;volatile
   797                           
   798                           ;f_dplx2.c: 35:     delay(10);
   799     00D7  300A               	movlw	10
   800     00D8  00A0               	movwf	delay@t
   801     00D9  3000               	movlw	0
   802     00DA  00A1               	movwf	delay@t+1
   803     00DB  120A  118A  2120  120A  118A  	fcall	_delay
   804     00E0                     l57:
   805     00E0  0008               	return
   806     00E1                     __end_of_enable:
   807                           
   808                           	psect	text4
   809     0120                     __ptext4:	
   810 ;; *************** function _delay *****************
   811 ;; Defined at:
   812 ;;		line 26 in file "f_dplx2.c"
   813 ;; Parameters:    Size  Location     Type
   814 ;;  t               2    0[BANK0 ] unsigned int 
   815 ;; Auto vars:     Size  Location     Type
   816 ;;		None
   817 ;; Return value:  Size  Location     Type
   818 ;;                  1    wreg      void 
   819 ;; Registers used:
   820 ;;		wreg, status,2, status,0
   821 ;; Tracked objects:
   822 ;;		On entry : 0/0
   823 ;;		On exit  : 0/0
   824 ;;		Unchanged: 0/0
   825 ;; Data sizes:     COMMON   BANK0   BANK1   BANK3   BANK2
   826 ;;      Params:         0       2       0       0       0
   827 ;;      Locals:         0       0       0       0       0
   828 ;;      Temps:          0       0       0       0       0
   829 ;;      Totals:         0       2       0       0       0
   830 ;;Total ram usage:        2 bytes
   831 ;; Hardware stack levels used: 1
   832 ;; Hardware stack levels required when called: 4
   833 ;; This function calls:
   834 ;;		Nothing
   835 ;; This function is called by:
   836 ;;		_enable
   837 ;; This function uses a non-reentrant model
   838 ;;
   839                           
   840     0120                     _delay:	
   841                           ;psect for function _delay
   842                           
   843     0120                     l855:	
   844                           ;incstack = 0
   845                           ; Regs used in _delay: [wreg+status,2+status,0]
   846                           
   847     0120                     l857:	
   848                           ;f_dplx2.c: 26: void delay(unsigned int t);f_dplx2.c: 27: {;f_dplx2.c: 28:     while(t--
      +                          );
   849                           
   850     0120  3001               	movlw	1
   851     0121  1283               	bcf	3,5	;RP0=0, select bank0
   852     0122  1303               	bcf	3,6	;RP1=0, select bank0
   853     0123  02A0               	subwf	delay@t,f
   854     0124  3000               	movlw	0
   855     0125  1C03               	skipc
   856     0126  03A1               	decf	delay@t+1,f
   857     0127  02A1               	subwf	delay@t+1,f
   858     0128  0A20               	incf	delay@t,w
   859     0129  1D03               	skipz
   860     012A  292F               	goto	u231
   861     012B  0A21               	incf	delay@t+1,w
   862     012C  1D03               	btfss	3,2
   863     012D  292F               	goto	u231
   864     012E  2930               	goto	u230
   865     012F                     u231:
   866     012F  2920               	goto	l857
   867     0130                     u230:
   868     0130                     l54:
   869     0130  0008               	return
   870     0131                     __end_of_delay:
   871                           
   872                           	psect	text5
   873     00AB                     __ptext5:	
   874 ;; *************** function _receive *****************
   875 ;; Defined at:
   876 ;;		line 44 in file "f_dplx2.c"
   877 ;; Parameters:    Size  Location     Type
   878 ;;		None
   879 ;; Auto vars:     Size  Location     Type
   880 ;;		None
   881 ;; Return value:  Size  Location     Type
   882 ;;                  1    wreg      void 
   883 ;; Registers used:
   884 ;;		wreg, status,2, status,0, pclath, cstack
   885 ;; Tracked objects:
   886 ;;		On entry : 0/0
   887 ;;		On exit  : 0/0
   888 ;;		Unchanged: 0/0
   889 ;; Data sizes:     COMMON   BANK0   BANK1   BANK3   BANK2
   890 ;;      Params:         0       0       0       0       0
   891 ;;      Locals:         0       0       0       0       0
   892 ;;      Temps:          2       0       0       0       0
   893 ;;      Totals:         2       0       0       0       0
   894 ;;Total ram usage:        2 bytes
   895 ;; Hardware stack levels used: 1
   896 ;; Hardware stack levels required when called: 3
   897 ;; This function calls:
   898 ;;		i1_lcd
   899 ;; This function is called by:
   900 ;;		Interrupt level 1
   901 ;; This function uses a non-reentrant model
   902 ;;
   903                           
   904     00AB                     _receive:	
   905                           ;psect for function _receive
   906                           
   907     00AB                     i1l807:
   908                           
   909                           ;f_dplx2.c: 46:     if(RCIF==1)
   910     00AB  1283               	bcf	3,5	;RP0=0, select bank0
   911     00AC  1303               	bcf	3,6	;RP1=0, select bank0
   912     00AD  1E8C               	btfss	12,5	;volatile
   913     00AE  28B0               	goto	u20_21
   914     00AF  28B1               	goto	u20_20
   915     00B0                     u20_21:
   916     00B0  28C1               	goto	i1l66
   917     00B1                     u20_20:
   918     00B1                     i1l809:
   919                           
   920                           ;f_dplx2.c: 47:     {;f_dplx2.c: 48:         data=RCREG;
   921     00B1  081A               	movf	26,w	;volatile
   922     00B2  00F7               	movwf	_data
   923     00B3                     i1l811:
   924                           
   925                           ;f_dplx2.c: 49:         lcd(1,data);
   926     00B3  3001               	movlw	1
   927     00B4  00F2               	movwf	i1lcd@rs
   928     00B5  3000               	movlw	0
   929     00B6  00F3               	movwf	i1lcd@rs+1
   930     00B7  0877               	movf	_data,w
   931     00B8  00F4               	movwf	i1lcd@chr
   932     00B9  120A  118A  210E  120A  118A  	fcall	i1_lcd
   933     00BE                     i1l813:
   934                           
   935                           ;f_dplx2.c: 50:         RCIF=0;
   936     00BE  1283               	bcf	3,5	;RP0=0, select bank0
   937     00BF  1303               	bcf	3,6	;RP1=0, select bank0
   938     00C0  128C               	bcf	12,5	;volatile
   939     00C1                     i1l66:
   940     00C1  0876               	movf	??_receive+1,w
   941     00C2  008A               	movwf	10
   942     00C3  0E75               	swapf	??_receive,w
   943     00C4  0083               	movwf	3
   944     00C5  0EFE               	swapf	btemp,f
   945     00C6  0E7E               	swapf	btemp,w
   946     00C7  0009               	retfie
   947     00C8                     __end_of_receive:
   948                           
   949                           	psect	intentry
   950     0004                     __pintentry:	
   951                           ;incstack = 0
   952                           ; Regs used in _receive: [wreg+status,2+status,0+pclath+cstack]
   953                           
   954     0004                     interrupt_function:
   955     007E                     saved_w	set	btemp
   956     0004  00FE               	movwf	btemp
   957     0005  0E03               	swapf	3,w
   958     0006  00F5               	movwf	??_receive
   959     0007  080A               	movf	10,w
   960     0008  00F6               	movwf	??_receive+1
   961     0009  120A  118A  28AB   	ljmp	_receive
   962                           
   963                           	psect	text6
   964     010E                     __ptext6:	
   965 ;; *************** function i1_lcd *****************
   966 ;; Defined at:
   967 ;;		line 37 in file "f_dplx2.c"
   968 ;; Parameters:    Size  Location     Type
   969 ;;  rs              2    2[COMMON] int 
   970 ;;  chr             1    4[COMMON] unsigned char 
   971 ;; Auto vars:     Size  Location     Type
   972 ;;		None
   973 ;; Return value:  Size  Location     Type
   974 ;;                  1    wreg      void 
   975 ;; Registers used:
   976 ;;		wreg, status,2, status,0, pclath, cstack
   977 ;; Tracked objects:
   978 ;;		On entry : 0/0
   979 ;;		On exit  : 0/0
   980 ;;		Unchanged: 0/0
   981 ;; Data sizes:     COMMON   BANK0   BANK1   BANK3   BANK2
   982 ;;      Params:         3       0       0       0       0
   983 ;;      Locals:         0       0       0       0       0
   984 ;;      Temps:          0       0       0       0       0
   985 ;;      Totals:         3       0       0       0       0
   986 ;;Total ram usage:        3 bytes
   987 ;; Hardware stack levels used: 1
   988 ;; Hardware stack levels required when called: 2
   989 ;; This function calls:
   990 ;;		i1_enable
   991 ;; This function is called by:
   992 ;;		_receive
   993 ;; This function uses a non-reentrant model
   994 ;;
   995                           
   996     010E                     i1_lcd:	
   997                           ;psect for function i1_lcd
   998                           
   999     010E                     i1l801:	
  1000                           ;incstack = 0
  1001                           ; Regs used in i1_lcd: [wreg+status,2+status,0+pclath+cstack]
  1002                           
  1003                           
  1004                           ;f_dplx2.c: 37: void lcd(int rs,char chr);f_dplx2.c: 38: {;f_dplx2.c: 39:     RE0=rs;
  1005     010E  1872               	btfsc	i1lcd@rs,0
  1006     010F  2911               	goto	u18_21
  1007     0110  2915               	goto	u18_20
  1008     0111                     u18_21:
  1009     0111  1283               	bcf	3,5	;RP0=0, select bank0
  1010     0112  1303               	bcf	3,6	;RP1=0, select bank0
  1011     0113  1409               	bsf	9,0	;volatile
  1012     0114  2918               	goto	u19_24
  1013     0115                     u18_20:
  1014     0115  1283               	bcf	3,5	;RP0=0, select bank0
  1015     0116  1303               	bcf	3,6	;RP1=0, select bank0
  1016     0117  1009               	bcf	9,0	;volatile
  1017     0118                     u19_24:
  1018     0118                     i1l803:
  1019                           
  1020                           ;f_dplx2.c: 40:     PORTD=chr;
  1021     0118  0874               	movf	i1lcd@chr,w
  1022     0119  0088               	movwf	8	;volatile
  1023     011A                     i1l805:
  1024                           
  1025                           ;f_dplx2.c: 41:     enable();
  1026     011A  120A  118A  20E1  120A  118A  	fcall	i1_enable
  1027     011F                     i1l60:
  1028     011F  0008               	return
  1029     0120                     __end_ofi1_lcd:
  1030                           
  1031                           	psect	text7
  1032     00E1                     __ptext7:	
  1033 ;; *************** function i1_enable *****************
  1034 ;; Defined at:
  1035 ;;		line 30 in file "f_dplx2.c"
  1036 ;; Parameters:    Size  Location     Type
  1037 ;;		None
  1038 ;; Auto vars:     Size  Location     Type
  1039 ;;		None
  1040 ;; Return value:  Size  Location     Type
  1041 ;;                  1    wreg      void 
  1042 ;; Registers used:
  1043 ;;		wreg, status,2, status,0, pclath, cstack
  1044 ;; Tracked objects:
  1045 ;;		On entry : 0/0
  1046 ;;		On exit  : 0/0
  1047 ;;		Unchanged: 0/0
  1048 ;; Data sizes:     COMMON   BANK0   BANK1   BANK3   BANK2
  1049 ;;      Params:         0       0       0       0       0
  1050 ;;      Locals:         0       0       0       0       0
  1051 ;;      Temps:          0       0       0       0       0
  1052 ;;      Totals:         0       0       0       0       0
  1053 ;;Total ram usage:        0 bytes
  1054 ;; Hardware stack levels used: 1
  1055 ;; Hardware stack levels required when called: 1
  1056 ;; This function calls:
  1057 ;;		i1_delay
  1058 ;; This function is called by:
  1059 ;;		i1_lcd
  1060 ;; This function uses a non-reentrant model
  1061 ;;
  1062                           
  1063     00E1                     i1_enable:	
  1064                           ;psect for function i1_enable
  1065                           
  1066     00E1                     i1l781:	
  1067                           ;incstack = 0
  1068                           ; Regs used in i1_enable: [wreg+status,2+status,0+pclath+cstack]
  1069                           
  1070                           
  1071                           ;f_dplx2.c: 32:     RE1=1;
  1072     00E1  1283               	bcf	3,5	;RP0=0, select bank0
  1073     00E2  1303               	bcf	3,6	;RP1=0, select bank0
  1074     00E3  1489               	bsf	9,1	;volatile
  1075     00E4                     i1l783:
  1076                           
  1077                           ;f_dplx2.c: 33:     delay(10);
  1078     00E4  300A               	movlw	10
  1079     00E5  00F0               	movwf	i1delay@t
  1080     00E6  3000               	movlw	0
  1081     00E7  00F1               	movwf	i1delay@t+1
  1082     00E8  120A  118A  2131  120A  118A  	fcall	i1_delay
  1083     00ED                     i1l785:
  1084                           
  1085                           ;f_dplx2.c: 34:     RE1=0;
  1086     00ED  1283               	bcf	3,5	;RP0=0, select bank0
  1087     00EE  1303               	bcf	3,6	;RP1=0, select bank0
  1088     00EF  1089               	bcf	9,1	;volatile
  1089                           
  1090                           ;f_dplx2.c: 35:     delay(10);
  1091     00F0  300A               	movlw	10
  1092     00F1  00F0               	movwf	i1delay@t
  1093     00F2  3000               	movlw	0
  1094     00F3  00F1               	movwf	i1delay@t+1
  1095     00F4  120A  118A  2131  120A  118A  	fcall	i1_delay
  1096     00F9                     i1l57:
  1097     00F9  0008               	return
  1098     00FA                     __end_ofi1_enable:
  1099                           
  1100                           	psect	text8
  1101     0131                     __ptext8:	
  1102 ;; *************** function i1_delay *****************
  1103 ;; Defined at:
  1104 ;;		line 26 in file "f_dplx2.c"
  1105 ;; Parameters:    Size  Location     Type
  1106 ;;  t               2    0[COMMON] unsigned int 
  1107 ;; Auto vars:     Size  Location     Type
  1108 ;;		None
  1109 ;; Return value:  Size  Location     Type
  1110 ;;                  1    wreg      void 
  1111 ;; Registers used:
  1112 ;;		wreg, status,2, status,0
  1113 ;; Tracked objects:
  1114 ;;		On entry : 0/0
  1115 ;;		On exit  : 0/0
  1116 ;;		Unchanged: 0/0
  1117 ;; Data sizes:     COMMON   BANK0   BANK1   BANK3   BANK2
  1118 ;;      Params:         2       0       0       0       0
  1119 ;;      Locals:         0       0       0       0       0
  1120 ;;      Temps:          0       0       0       0       0
  1121 ;;      Totals:         2       0       0       0       0
  1122 ;;Total ram usage:        2 bytes
  1123 ;; Hardware stack levels used: 1
  1124 ;; This function calls:
  1125 ;;		Nothing
  1126 ;; This function is called by:
  1127 ;;		i1_enable
  1128 ;; This function uses a non-reentrant model
  1129 ;;
  1130                           
  1131     0131                     i1_delay:	
  1132                           ;psect for function i1_delay
  1133                           
  1134     0131                     i1l771:	
  1135                           ;incstack = 0
  1136                           ; Regs used in i1_delay: [wreg+status,2+status,0]
  1137                           
  1138     0131                     i1l773:	
  1139                           ;f_dplx2.c: 26: void delay(unsigned int t);f_dplx2.c: 27: {;f_dplx2.c: 28:     while(t--
      +                          );
  1140                           
  1141     0131  3001               	movlw	1
  1142     0132  02F0               	subwf	i1delay@t,f
  1143     0133  3000               	movlw	0
  1144     0134  1C03               	skipc
  1145     0135  03F1               	decf	i1delay@t+1,f
  1146     0136  02F1               	subwf	i1delay@t+1,f
  1147     0137  0A70               	incf	i1delay@t,w
  1148     0138  1D03               	skipz
  1149     0139  293E               	goto	u13_21
  1150     013A  0A71               	incf	i1delay@t+1,w
  1151     013B  1D03               	btfss	3,2
  1152     013C  293E               	goto	u13_21
  1153     013D  293F               	goto	u13_20
  1154     013E                     u13_21:
  1155     013E  2931               	goto	i1l773
  1156     013F                     u13_20:
  1157     013F                     i1l54:
  1158     013F  0008               	return
  1159     0140                     __end_ofi1_delay:
  1160     007E                     btemp	set	126	;btemp
  1161     007E                     wtemp0	set	126
  1162                           
  1163                           	psect	idloc
  1164                           
  1165                           ;Config register IDLOC0 @ 0x2000
  1166                           ;	unspecified, using default values
  1167     2000                     	org	8192
  1168     2000  3FFF               	dw	16383
  1169                           
  1170                           ;Config register IDLOC1 @ 0x2001
  1171                           ;	unspecified, using default values
  1172     2001                     	org	8193
  1173     2001  3FFF               	dw	16383
  1174                           
  1175                           ;Config register IDLOC2 @ 0x2002
  1176                           ;	unspecified, using default values
  1177     2002                     	org	8194
  1178     2002  3FFF               	dw	16383
  1179                           
  1180                           ;Config register IDLOC3 @ 0x2003
  1181                           ;	unspecified, using default values
  1182     2003                     	org	8195
  1183     2003  3FFF               	dw	16383
  1184                           
  1185                           	psect	config
  1186                           
  1187                           ;Config register CONFIG1 @ 0x2007
  1188                           ;	Oscillator Selection bits
  1189                           ;	FOSC = INTRC_NOCLKOUT, INTOSCIO oscillator: I/O function on RA6/OSC2/CLKOUT pin, I/O f
      +                          unction on RA7/OSC1/CLKIN
  1190                           ;	Watchdog Timer Enable bit
  1191                           ;	WDTE = OFF, WDT disabled and can be enabled by SWDTEN bit of the WDTCON register
  1192                           ;	Power-up Timer Enable bit
  1193                           ;	PWRTE = ON, PWRT enabled
  1194                           ;	RE3/MCLR pin function select bit
  1195                           ;	MCLRE = ON, RE3/MCLR pin function is MCLR
  1196                           ;	Code Protection bit
  1197                           ;	CP = OFF, Program memory code protection is disabled
  1198                           ;	Data Code Protection bit
  1199                           ;	CPD = OFF, Data memory code protection is disabled
  1200                           ;	Brown Out Reset Selection bits
  1201                           ;	BOREN = OFF, BOR disabled
  1202                           ;	Internal External Switchover bit
  1203                           ;	IESO = ON, Internal/External Switchover mode is enabled
  1204                           ;	Fail-Safe Clock Monitor Enabled bit
  1205                           ;	FCMEN = ON, Fail-Safe Clock Monitor is enabled
  1206                           ;	Low Voltage Programming Enable bit
  1207                           ;	LVP = OFF, RB3 pin has digital I/O, HV on MCLR must be used for programming
  1208                           ;	In-Circuit Debugger Mode bit
  1209                           ;	DEBUG = 0x1, unprogrammed default
  1210     2007                     	org	8199
  1211     2007  2CE4               	dw	11492
  1212                           
  1213                           ;Config register CONFIG2 @ 0x2008
  1214                           ;	Brown-out Reset Selection bit
  1215                           ;	BOR4V = BOR40V, Brown-out Reset set to 4.0V
  1216                           ;	Flash Program Memory Self Write Enable bits
  1217                           ;	WRT = OFF, Write protection off
  1218     2008                     	org	8200
  1219     2008  3FFF               	dw	16383

Data Sizes:
    Strings     4
    Constant    0
    Data        0
    BSS         1
    Persistent  0
    Stack       0

Auto Spaces:
    Space          Size  Autos    Used
    COMMON           14      7       8
    BANK0            80      5       5
    BANK1            80      0       0
    BANK3            96      0       0
    BANK2            96      0       0

Pointer List with Targets:

    transmit@str	PTR unsigned char  size(1) Largest target is 4
		 -> STR_1(CODE[4]), 


Critical Paths under _main in COMMON

    None.

Critical Paths under _receive in COMMON

    _receive->i1_lcd
    i1_enable->i1_delay

Critical Paths under _main in BANK0

    _main->_lcd
    _enable->_delay

Critical Paths under _receive in BANK0

    None.

Critical Paths under _main in BANK1

    None.

Critical Paths under _receive in BANK1

    None.

Critical Paths under _main in BANK3

    None.

Critical Paths under _receive in BANK3

    None.

Critical Paths under _main in BANK2

    None.

Critical Paths under _receive in BANK2

    None.

Call Graph Tables:

 ---------------------------------------------------------------------------------
 (Depth) Function   	        Calls       Base Space   Used Autos Params    Refs
 ---------------------------------------------------------------------------------
 (0) _main                                                 0     0      0    1269
                                _lcd
                           _transmit
 ---------------------------------------------------------------------------------
 (1) _transmit                                             3     3      0     166
                                              0 BANK0      3     3      0
 ---------------------------------------------------------------------------------
 (1) _lcd                                                  3     0      3    1103
                                              2 BANK0      3     0      3
                             _enable
 ---------------------------------------------------------------------------------
 (2) _enable                                               0     0      0     211
                              _delay
 ---------------------------------------------------------------------------------
 (3) _delay                                                2     0      2     211
                                              0 BANK0      2     0      2
 ---------------------------------------------------------------------------------
 Estimated maximum stack depth 3
 ---------------------------------------------------------------------------------
 (Depth) Function   	        Calls       Base Space   Used Autos Params    Refs
 ---------------------------------------------------------------------------------
 (4) _receive                                              2     2      0     170
                                              5 COMMON     2     2      0
                              i1_lcd
 ---------------------------------------------------------------------------------
 (5) i1_lcd                                                3     0      3     170
                                              2 COMMON     3     0      3
                           i1_enable
 ---------------------------------------------------------------------------------
 (6) i1_enable                                             0     0      0      74
                            i1_delay
 ---------------------------------------------------------------------------------
 (7) i1_delay                                              2     0      2      74
                                              0 COMMON     2     0      2
 ---------------------------------------------------------------------------------
 Estimated maximum stack depth 7
 ---------------------------------------------------------------------------------

 Call Graph Graphs:

 _main (ROOT)
   _lcd
     _enable
       _delay
   _transmit

 _receive (ROOT)
   i1_lcd
     i1_enable
       i1_delay

 Address spaces:
Name               Size   Autos  Total    Cost      Usage
BITCOMMON            E      0       0       0        0.0%
EEDATA             100      0       0       0        0.0%
NULL                 0      0       0       0        0.0%
CODE                 0      0       0       0        0.0%
COMMON               E      7       8       1       57.1%
BITSFR0              0      0       0       1        0.0%
SFR0                 0      0       0       1        0.0%
BITSFR1              0      0       0       2        0.0%
SFR1                 0      0       0       2        0.0%
STACK                0      0       0       2        0.0%
ABS                  0      0       D       3        0.0%
BITBANK0            50      0       0       4        0.0%
BITSFR3              0      0       0       4        0.0%
SFR3                 0      0       0       4        0.0%
BANK0               50      5       5       5        6.2%
BITSFR2              0      0       0       5        0.0%
SFR2                 0      0       0       5        0.0%
BITBANK1            50      0       0       6        0.0%
BANK1               50      0       0       7        0.0%
BITBANK3            60      0       0       8        0.0%
BANK3               60      0       0       9        0.0%
BITBANK2            60      0       0      10        0.0%
BANK2               60      0       0      11        0.0%
DATA                 0      0       D      12        0.0%


Microchip Technology PIC Macro Assembler V2.40 build 20220703182018 
Symbol Table                                                                                   Tue Jul 01 11:15:53 2025

                      pc 0002                       l60 010D                       l54 0130  
                     l71 0092                       l57 00E0                       l73 0096  
                     l82 0079                       l75 00AA                       fsr 0004  
                    l901 0037                      l911 0055                      l903 0039  
                    l913 0061                      l905 003B                      l915 006D  
                    l907 003F                      l861 00CB                      l917 0073  
                    l909 0049                      l855 0120                      l863 00D4  
                    l871 0086                      l857 0120                      l865 00FA  
                    l873 0089                      l881 0017                      l859 00C8  
                    l867 0106                      l875 0097                      l891 002B  
                    l883 001B                      l869 0108                      l877 009D  
                    l893 002E                      l885 0022                      l895 0032  
                    l887 0025                      l879 0014                      l897 0035  
                    l889 0028                      l899 0036                      _GIE 005F  
                    _RA0 0028                      _RE0 0048                      _RE1 0049  
                    u230 0130                      u231 012F                      u240 0103  
                    u241 00FF                      u260 0096                      u261 0095  
                    u254 0106                      u270 00AA                      u271 00A9  
                    u280 0073                      u281 0072                      u290 007F  
                    u291 007E                      _lcd 00FA                      fsr0 0004  
                   ?_lcd 0022                     STR_1 0146                     _PEIE 005E  
                   _RCIE 0465                     i1l60 011F                     _RCIF 0065  
                   i1l54 013F                     i1l57 00F9                     i1l66 00C1  
                   _TXIF 0064                     _data 0077                     _main 0014  
                   btemp 007E          __end_ofi1_delay 0140                     start 000C  
                  ??_lcd 0025                    ?_main 0070                    _ANSEL 0188  
                  i1l801 010E                    i1l803 0118                    i1l811 00B3  
                  i1l805 011A                    i1l813 00BE                    i1l807 00AB  
                  i1l809 00B1                    i1l771 0131                    i1l773 0131  
                  i1l781 00E1                    i1l783 00E4                    i1l785 00ED  
                  _RCREG 001A                    _RCSTA 0018                    u20_20 00B1  
                  u20_21 00B0                    u13_20 013F                    u13_21 013E  
                  u18_20 0115                    u18_21 0111                    _SPBRG 0099  
                  _PORTA 0005                    _PORTC 0007                    u19_24 0118  
                  _PORTD 0008                    _PORTE 0009                    _TRISA 0085  
                  _TRISC 0087                    _TRISD 0088                    _TRISE 0089  
                  _TXREG 0019                    i1_lcd 010E                    _TXSTA 0098  
                  _delay 0120                    lcd@rs 0022          __end_of_receive 00C8  
                  pclath 000A         __end_ofi1_enable 00FA                    status 0003  
                  wtemp0 007E          __initialization 000F             __end_of_main 0083  
                 ??_main 0025                   ?i1_lcd 0072                   ?_delay 0020  
                 _ANSELH 0189                ??i1_delay 0072                   _enable 00C8  
                 delay@t 0020                   lcd@chr 0024                ??_receive 0075  
                 saved_w 007E         __end_of_transmit 00AB  __end_of__initialization 0010  
          __end_ofi1_lcd 0120           __pcstackCOMMON 0070            __end_of_delay 0131  
              ?i1_enable 0070                  ??i1_lcd 0075                  ??_delay 0022  
             __pmaintext 0014               __pintentry 0004                  ?_enable 0070  
             ??i1_enable 0072               __stringtab 0140                  i1_delay 0131  
                i1lcd@rs 0072                ?_transmit 0070                  __ptext1 0083  
                __ptext2 00FA                  __ptext3 00C8                  __ptext4 0120  
                __ptext5 00AB                  __ptext6 010E                  __ptext7 00E1  
                __ptext8 0131                  _receive 00AB     end_of_initialization 0010  
             ??_transmit 0020           __end_of_enable 00E1      start_initialization 000F  
            __end_of_lcd 010E                 ??_enable 0022              transmit@str 0020  
            __pbssCOMMON 0077                ___latbits 0002            __pcstackBANK0 0020  
               ?i1_delay 0070                __pstrings 0140                 ?_receive 0070  
      interrupt_function 0004              __stringbase 0145                 i1_enable 00E1  
               i1delay@t 0070                 i1lcd@chr 0074       __end_of__stringtab 0146  
               _transmit 0083                transmit@i 0021                 intlevel1 0000  
              stringcode 0140                 stringdir 0140                 stringtab 0140  
