

Microchip MPLAB XC8 Assembler V2.40 build 20220703182018 
                                                                                               Fri Jul 04 13:07:25 2025

Microchip MPLAB XC8 C Compiler v2.40 (Free license) build 20220703182018 Og1 
     1                           	processor	16F887
     2                           	pagewidth 120
     3                           	opt	flic
     4                           	psect	cinit,global,class=CODE,merge=1,delta=2
     5                           	psect	cstackCOMMON,global,class=COMMON,space=1,delta=1,noexec
     6                           	psect	maintext,global,class=CODE,split=1,delta=2
     7                           	psect	text1,local,class=CODE,merge=1,delta=2
     8                           	psect	text2,local,class=CODE,merge=1,delta=2
     9                           	psect	text3,local,class=CODE,merge=1,delta=2
    10                           	psect	text4,local,class=CODE,merge=1,delta=2
    11                           	psect	text5,local,class=CODE,merge=1,delta=2
    12                           	psect	text6,local,class=CODE,merge=1,delta=2
    13                           	psect	text7,local,class=CODE,merge=1,delta=2
    14                           	psect	text8,local,class=CODE,merge=1,delta=2
    15                           	psect	text9,local,class=CODE,merge=1,delta=2
    16                           	psect	idloc,global,abs,ovrld,class=IDLOC,space=5,delta=2,noexec
    17                           	psect	config,global,abs,ovrld,class=CONFIG,space=4,delta=2,noexec
    18                           	dabs	1,0x7E,2
    19     0000                     
    20                           ; Version 2.40
    21                           ; Generated 17/11/2021 GMT
    22                           ; 
    23                           ; Copyright © 2021, Microchip Technology Inc. and its subsidiaries ("Microchip")
    24                           ; All rights reserved.
    25                           ; 
    26                           ; This software is developed by Microchip Technology Inc. and its subsidiaries ("Microch
      +                          ip").
    27                           ; 
    28                           ; Redistribution and use in source and binary forms, with or without modification, are
    29                           ; permitted provided that the following conditions are met:
    30                           ; 
    31                           ;     1. Redistributions of source code must retain the above copyright notice, this lis
      +                          t of
    32                           ;        conditions and the following disclaimer.
    33                           ; 
    34                           ;     2. Redistributions in binary form must reproduce the above copyright notice, this 
      +                          list
    35                           ;        of conditions and the following disclaimer in the documentation and/or other
    36                           ;        materials provided with the distribution. Publication is not required when
    37                           ;        this file is used in an embedded application.
    38                           ; 
    39                           ;     3. Microchip's name may not be used to endorse or promote products derived from th
      +                          is
    40                           ;        software without specific prior written permission.
    41                           ; 
    42                           ; THIS SOFTWARE IS PROVIDED BY MICROCHIP "AS IS" AND ANY EXPRESS OR IMPLIED WARRANTIES,
    43                           ; INCLUDING, BUT NOT LIMITED TO, THE IMPLIED WARRANTIES OF MERCHANTABILITY AND FITNESS F
      +                          OR
    44                           ; PURPOSE ARE DISCLAIMED.  IN NO EVENT SHALL MICROCHIP BE LIABLE FOR ANY DIRECT, INDIREC
      +                          T,
    45                           ; INCIDENTAL, SPECIAL, EXEMPLARY, OR CONSEQUENTIAL DAMAGES (INCLUDING BUT NOT LIMITED TO
    46                           ; PROCUREMENT OF SUBSTITUTE GOODS OR SERVICES; LOSS OF USE, DATA OR PROFITS; OR BUSINESS
    47                           ; INTERRUPTION) HOWSOEVER CAUSED AND ON ANY THEORY OF LIABILITY, WHETHER IN CONTRACT, ST
      +                          RICT
    48                           ; LIABILITY, OR TORT (INCLUDING NEGLIGENCE OR OTHERWISE) ARISING IN ANY WAY OUT OF THE U
      +                          SE OF
    49                           ; THIS SOFTWARE, EVEN IF ADVISED OF THE POSSIBILITY OF SUCH DAMAGE.
    50                           ; 
    51                           ; 
    52                           ; Code-generator required, PIC16F887 Definitions
    53                           ; 
    54                           ; SFR Addresses
    55     0000                     	;# 
    56     0001                     	;# 
    57     0002                     	;# 
    58     0003                     	;# 
    59     0004                     	;# 
    60     0005                     	;# 
    61     0006                     	;# 
    62     0007                     	;# 
    63     0008                     	;# 
    64     0009                     	;# 
    65     000A                     	;# 
    66     000B                     	;# 
    67     000C                     	;# 
    68     000D                     	;# 
    69     000E                     	;# 
    70     000E                     	;# 
    71     000F                     	;# 
    72     0010                     	;# 
    73     0011                     	;# 
    74     0012                     	;# 
    75     0013                     	;# 
    76     0014                     	;# 
    77     0015                     	;# 
    78     0015                     	;# 
    79     0016                     	;# 
    80     0017                     	;# 
    81     0018                     	;# 
    82     0019                     	;# 
    83     001A                     	;# 
    84     001B                     	;# 
    85     001B                     	;# 
    86     001C                     	;# 
    87     001D                     	;# 
    88     001E                     	;# 
    89     001F                     	;# 
    90     0081                     	;# 
    91     0085                     	;# 
    92     0086                     	;# 
    93     0087                     	;# 
    94     0088                     	;# 
    95     0089                     	;# 
    96     008C                     	;# 
    97     008D                     	;# 
    98     008E                     	;# 
    99     008F                     	;# 
   100     0090                     	;# 
   101     0091                     	;# 
   102     0092                     	;# 
   103     0093                     	;# 
   104     0093                     	;# 
   105     0093                     	;# 
   106     0094                     	;# 
   107     0095                     	;# 
   108     0096                     	;# 
   109     0097                     	;# 
   110     0098                     	;# 
   111     0099                     	;# 
   112     009A                     	;# 
   113     009B                     	;# 
   114     009C                     	;# 
   115     009D                     	;# 
   116     009E                     	;# 
   117     009F                     	;# 
   118     0105                     	;# 
   119     0107                     	;# 
   120     0108                     	;# 
   121     0109                     	;# 
   122     010C                     	;# 
   123     010C                     	;# 
   124     010D                     	;# 
   125     010E                     	;# 
   126     010F                     	;# 
   127     0185                     	;# 
   128     0187                     	;# 
   129     0188                     	;# 
   130     0189                     	;# 
   131     018C                     	;# 
   132     018D                     	;# 
   133     0000                     	;# 
   134     0001                     	;# 
   135     0002                     	;# 
   136     0003                     	;# 
   137     0004                     	;# 
   138     0005                     	;# 
   139     0006                     	;# 
   140     0007                     	;# 
   141     0008                     	;# 
   142     0009                     	;# 
   143     000A                     	;# 
   144     000B                     	;# 
   145     000C                     	;# 
   146     000D                     	;# 
   147     000E                     	;# 
   148     000E                     	;# 
   149     000F                     	;# 
   150     0010                     	;# 
   151     0011                     	;# 
   152     0012                     	;# 
   153     0013                     	;# 
   154     0014                     	;# 
   155     0015                     	;# 
   156     0015                     	;# 
   157     0016                     	;# 
   158     0017                     	;# 
   159     0018                     	;# 
   160     0019                     	;# 
   161     001A                     	;# 
   162     001B                     	;# 
   163     001B                     	;# 
   164     001C                     	;# 
   165     001D                     	;# 
   166     001E                     	;# 
   167     001F                     	;# 
   168     0081                     	;# 
   169     0085                     	;# 
   170     0086                     	;# 
   171     0087                     	;# 
   172     0088                     	;# 
   173     0089                     	;# 
   174     008C                     	;# 
   175     008D                     	;# 
   176     008E                     	;# 
   177     008F                     	;# 
   178     0090                     	;# 
   179     0091                     	;# 
   180     0092                     	;# 
   181     0093                     	;# 
   182     0093                     	;# 
   183     0093                     	;# 
   184     0094                     	;# 
   185     0095                     	;# 
   186     0096                     	;# 
   187     0097                     	;# 
   188     0098                     	;# 
   189     0099                     	;# 
   190     009A                     	;# 
   191     009B                     	;# 
   192     009C                     	;# 
   193     009D                     	;# 
   194     009E                     	;# 
   195     009F                     	;# 
   196     0105                     	;# 
   197     0107                     	;# 
   198     0108                     	;# 
   199     0109                     	;# 
   200     010C                     	;# 
   201     010C                     	;# 
   202     010D                     	;# 
   203     010E                     	;# 
   204     010F                     	;# 
   205     0185                     	;# 
   206     0187                     	;# 
   207     0188                     	;# 
   208     0189                     	;# 
   209     018C                     	;# 
   210     018D                     	;# 
   211     0014                     _SSPCON	set	20
   212     0009                     _PORTE	set	9
   213     0007                     _PORTC	set	7
   214     0013                     _SSPBUF	set	19
   215     0008                     _PORTD	set	8
   216     0063                     _SSPIF	set	99
   217     0048                     _RE0	set	72
   218     0049                     _RE1	set	73
   219     0091                     _SSPCON2	set	145
   220     0094                     _SSPSTAT	set	148
   221     0089                     _TRISE	set	137
   222     0088                     _TRISD	set	136
   223     0087                     _TRISC	set	135
   224     048A                     _PEN	set	1162
   225     048C                     _ACKEN	set	1164
   226     048D                     _ACKDT	set	1165
   227     048B                     _RCEN	set	1163
   228     0489                     _RSEN	set	1161
   229     048E                     _ACKSTAT	set	1166
   230     04A0                     _BF	set	1184
   231     0488                     _SEN	set	1160
   232     0189                     _ANSELH	set	393
   233     0188                     _ANSEL	set	392
   234                           
   235                           	psect	cinit
   236     07FC                     start_initialization:	
   237                           ; #config settings
   238                           
   239     07FC                     __initialization:
   240     07FC                     end_of_initialization:	
   241                           ;End of C runtime variable initialization code
   242                           
   243     07FC                     __end_of__initialization:
   244     07FC  0183               	clrf	3
   245     07FD  120A  118A  2F0F   	ljmp	_main	;jump to C main() function
   246                           
   247                           	psect	cstackCOMMON
   248     0070                     __pcstackCOMMON:
   249     0070                     ?_delay:
   250     0070                     ?_enable:	
   251                           ; 1 bytes @ 0x0
   252                           
   253     0070                     ?_start:	
   254                           ; 1 bytes @ 0x0
   255                           
   256     0070                     ??_start:	
   257                           ; 1 bytes @ 0x0
   258                           
   259     0070                     ?_address:	
   260                           ; 1 bytes @ 0x0
   261                           
   262     0070                     ??_address:	
   263                           ; 1 bytes @ 0x0
   264                           
   265     0070                     ?_repeated_start:	
   266                           ; 1 bytes @ 0x0
   267                           
   268     0070                     ??_repeated_start:	
   269                           ; 1 bytes @ 0x0
   270                           
   271     0070                     ?_write:	
   272                           ; 1 bytes @ 0x0
   273                           
   274     0070                     ??_write:	
   275                           ; 1 bytes @ 0x0
   276                           
   277     0070                     ?_read:	
   278                           ; 1 bytes @ 0x0
   279                           
   280     0070                     ??_read:	
   281                           ; 1 bytes @ 0x0
   282                           
   283     0070                     ?_stop:	
   284                           ; 1 bytes @ 0x0
   285                           
   286     0070                     ??_stop:	
   287                           ; 1 bytes @ 0x0
   288                           
   289     0070                     ?_main:	
   290                           ; 1 bytes @ 0x0
   291                           
   292     0070                     address@addrs:	
   293                           ; 1 bytes @ 0x0
   294                           
   295     0070                     write@data:	
   296                           ; 1 bytes @ 0x0
   297                           
   298     0070                     read@ack:	
   299                           ; 1 bytes @ 0x0
   300                           
   301     0070                     delay@t:	
   302                           ; 1 bytes @ 0x0
   303                           
   304                           
   305                           ; 2 bytes @ 0x0
   306     0070                     	ds	1
   307     0071                     read@d:
   308                           
   309                           ; 1 bytes @ 0x1
   310     0071                     	ds	1
   311     0072                     ??_delay:
   312     0072                     ??_enable:	
   313                           ; 1 bytes @ 0x2
   314                           
   315     0072                     ?_lcd:	
   316                           ; 1 bytes @ 0x2
   317                           
   318     0072                     lcd@rs:	
   319                           ; 1 bytes @ 0x2
   320                           
   321                           
   322                           ; 2 bytes @ 0x2
   323     0072                     	ds	2
   324     0074                     lcd@data:
   325                           
   326                           ; 1 bytes @ 0x4
   327     0074                     	ds	1
   328     0075                     ??_lcd:
   329     0075                     ??_main:	
   330                           ; 1 bytes @ 0x5
   331                           
   332     0075                     main@val1:	
   333                           ; 1 bytes @ 0x5
   334                           
   335                           
   336                           ; 1 bytes @ 0x5
   337     0075                     	ds	1
   338     0076                     main@val2:
   339                           
   340                           ; 1 bytes @ 0x6
   341     0076                     	ds	1
   342     0077                     main@val3:
   343                           
   344                           ; 1 bytes @ 0x7
   345     0077                     	ds	1
   346                           
   347                           	psect	maintext
   348     070F                     __pmaintext:	
   349 ;;
   350 ;;Main: autosize = 0, tempsize = 0, incstack = 0, save=0
   351 ;;
   352 ;; *************** function _main *****************
   353 ;; Defined at:
   354 ;;		line 95 in file "eeprom.c"
   355 ;; Parameters:    Size  Location     Type
   356 ;;		None
   357 ;; Auto vars:     Size  Location     Type
   358 ;;  val3            1    7[COMMON] unsigned char 
   359 ;;  val2            1    6[COMMON] unsigned char 
   360 ;;  val1            1    5[COMMON] unsigned char 
   361 ;; Return value:  Size  Location     Type
   362 ;;                  1    wreg      void 
   363 ;; Registers used:
   364 ;;		wreg, status,2, status,0, pclath, cstack
   365 ;; Tracked objects:
   366 ;;		On entry : B00/0
   367 ;;		On exit  : 0/0
   368 ;;		Unchanged: 0/0
   369 ;; Data sizes:     COMMON   BANK0   BANK1   BANK3   BANK2
   370 ;;      Params:         0       0       0       0       0
   371 ;;      Locals:         3       0       0       0       0
   372 ;;      Temps:          0       0       0       0       0
   373 ;;      Totals:         3       0       0       0       0
   374 ;;Total ram usage:        3 bytes
   375 ;; Hardware stack levels required when called: 3
   376 ;; This function calls:
   377 ;;		_address
   378 ;;		_delay
   379 ;;		_lcd
   380 ;;		_read
   381 ;;		_repeated_start
   382 ;;		_start
   383 ;;		_stop
   384 ;;		_write
   385 ;; This function is called by:
   386 ;;		Startup code after reset
   387 ;; This function uses a non-reentrant model
   388 ;;
   389                           
   390     070F                     _main:	
   391                           ;psect for function _main
   392                           
   393     070F                     l850:	
   394                           ;incstack = 0
   395                           ; Regs used in _main: [wreg+status,2+status,0+pclath+cstack]
   396                           
   397                           
   398                           ;eeprom.c: 97:     PORTC=0x00;
   399     070F  1283               	bcf	3,5	;RP0=0, select bank0
   400     0710  1303               	bcf	3,6	;RP1=0, select bank0
   401     0711  0187               	clrf	7	;volatile
   402     0712                     l852:
   403                           
   404                           ;eeprom.c: 98:     TRISC=0x18;
   405     0712  3018               	movlw	24
   406     0713  1683               	bsf	3,5	;RP0=1, select bank1
   407     0714  1303               	bcf	3,6	;RP1=0, select bank1
   408     0715  0087               	movwf	7	;volatile
   409     0716                     l854:
   410                           
   411                           ;eeprom.c: 99:     PORTD=0x00;
   412     0716  1283               	bcf	3,5	;RP0=0, select bank0
   413     0717  1303               	bcf	3,6	;RP1=0, select bank0
   414     0718  0188               	clrf	8	;volatile
   415     0719                     l856:
   416                           
   417                           ;eeprom.c: 100:     TRISD=0x00;
   418     0719  1683               	bsf	3,5	;RP0=1, select bank1
   419     071A  1303               	bcf	3,6	;RP1=0, select bank1
   420     071B  0188               	clrf	8	;volatile
   421     071C                     l858:
   422                           
   423                           ;eeprom.c: 101:     PORTE=0x00;
   424     071C  1283               	bcf	3,5	;RP0=0, select bank0
   425     071D  1303               	bcf	3,6	;RP1=0, select bank0
   426     071E  0189               	clrf	9	;volatile
   427     071F                     l860:
   428                           
   429                           ;eeprom.c: 102:     TRISE=0x00;
   430     071F  1683               	bsf	3,5	;RP0=1, select bank1
   431     0720  1303               	bcf	3,6	;RP1=0, select bank1
   432     0721  0189               	clrf	9	;volatile
   433     0722                     l862:
   434                           
   435                           ;eeprom.c: 103:     ANSEL=ANSELH=0x00;
   436     0722  1683               	bsf	3,5	;RP0=1, select bank3
   437     0723  1703               	bsf	3,6	;RP1=1, select bank3
   438     0724  0189               	clrf	9	;volatile
   439     0725  0188               	clrf	8	;volatile
   440                           
   441                           ;eeprom.c: 105:     SSPCON=0x28;
   442     0726  3028               	movlw	40
   443     0727  1283               	bcf	3,5	;RP0=0, select bank0
   444     0728  1303               	bcf	3,6	;RP1=0, select bank0
   445     0729  0094               	movwf	20	;volatile
   446                           
   447                           ;eeprom.c: 106:     SSPSTAT=0x80;
   448     072A  3080               	movlw	128
   449     072B  1683               	bsf	3,5	;RP0=1, select bank1
   450     072C  1303               	bcf	3,6	;RP1=0, select bank1
   451     072D  0094               	movwf	20	;volatile
   452     072E                     l864:
   453                           
   454                           ;eeprom.c: 107:     SSPCON2=0x00;
   455     072E  0191               	clrf	17	;volatile
   456     072F                     l866:
   457                           
   458                           ;eeprom.c: 109:     start();
   459     072F  120A  118A  267F  120A  118A  	fcall	_start
   460     0734                     l868:
   461                           
   462                           ;eeprom.c: 110:     address(0xa0);
   463     0734  30A0               	movlw	160
   464     0735  120A  118A  26C2  120A  118A  	fcall	_address
   465     073A                     l870:
   466                           
   467                           ;eeprom.c: 111:     address(0x00);
   468     073A  3000               	movlw	0
   469     073B  120A  118A  26C2  120A  118A  	fcall	_address
   470     0740                     l872:
   471                           
   472                           ;eeprom.c: 113:     write('1');
   473     0740  3031               	movlw	49
   474     0741  120A  118A  2693  120A  118A  	fcall	_write
   475     0746                     l874:
   476                           
   477                           ;eeprom.c: 114:     write('2');
   478     0746  3032               	movlw	50
   479     0747  120A  118A  2693  120A  118A  	fcall	_write
   480     074C                     l876:
   481                           
   482                           ;eeprom.c: 115:     write('3');
   483     074C  3033               	movlw	51
   484     074D  120A  118A  2693  120A  118A  	fcall	_write
   485     0752                     l878:
   486                           
   487                           ;eeprom.c: 116:     stop();
   488     0752  120A  118A  2689  120A  118A  	fcall	_stop
   489     0757                     l880:
   490                           
   491                           ;eeprom.c: 117:     delay(100);
   492     0757  3064               	movlw	100
   493     0758  00F0               	movwf	delay@t
   494     0759  3000               	movlw	0
   495     075A  00F1               	movwf	delay@t+1
   496     075B  120A  118A  26A1  120A  118A  	fcall	_delay
   497     0760                     l882:
   498                           
   499                           ;eeprom.c: 120:     lcd(0,0x38);
   500     0760  3000               	movlw	0
   501     0761  00F2               	movwf	lcd@rs
   502     0762  00F3               	movwf	lcd@rs+1
   503     0763  3038               	movlw	56
   504     0764  00F4               	movwf	lcd@data
   505     0765  120A  118A  26B0  120A  118A  	fcall	_lcd
   506     076A                     l884:
   507                           
   508                           ;eeprom.c: 121:     lcd(0,0x0e);
   509     076A  3000               	movlw	0
   510     076B  00F2               	movwf	lcd@rs
   511     076C  00F3               	movwf	lcd@rs+1
   512     076D  300E               	movlw	14
   513     076E  00F4               	movwf	lcd@data
   514     076F  120A  118A  26B0  120A  118A  	fcall	_lcd
   515     0774                     l886:
   516                           
   517                           ;eeprom.c: 122:     lcd(0,0x01);
   518     0774  3000               	movlw	0
   519     0775  00F2               	movwf	lcd@rs
   520     0776  00F3               	movwf	lcd@rs+1
   521     0777  01F4               	clrf	lcd@data
   522     0778  0AF4               	incf	lcd@data,f
   523     0779  120A  118A  26B0  120A  118A  	fcall	_lcd
   524     077E                     l888:
   525                           
   526                           ;eeprom.c: 123:     lcd(0,0x80);
   527     077E  3000               	movlw	0
   528     077F  00F2               	movwf	lcd@rs
   529     0780  00F3               	movwf	lcd@rs+1
   530     0781  3080               	movlw	128
   531     0782  00F4               	movwf	lcd@data
   532     0783  120A  118A  26B0  120A  118A  	fcall	_lcd
   533     0788                     l890:
   534                           
   535                           ;eeprom.c: 125:     {;eeprom.c: 126:         start();
   536     0788  120A  118A  267F  120A  118A  	fcall	_start
   537     078D                     l892:
   538                           
   539                           ;eeprom.c: 127:         address(0xa0);
   540     078D  30A0               	movlw	160
   541     078E  120A  118A  26C2  120A  118A  	fcall	_address
   542     0793                     l894:
   543                           
   544                           ;eeprom.c: 128:         address(0x00);
   545     0793  3000               	movlw	0
   546     0794  120A  118A  26C2  120A  118A  	fcall	_address
   547     0799                     l896:
   548                           
   549                           ;eeprom.c: 129:         address(0x00);
   550     0799  3000               	movlw	0
   551     079A  120A  118A  26C2  120A  118A  	fcall	_address
   552     079F                     l898:
   553                           
   554                           ;eeprom.c: 130:         repeated_start();
   555     079F  120A  118A  2675  120A  118A  	fcall	_repeated_start
   556     07A4                     l900:
   557                           
   558                           ;eeprom.c: 131:         address(0xa1);
   559     07A4  30A1               	movlw	161
   560     07A5  120A  118A  26C2  120A  118A  	fcall	_address
   561     07AA                     l902:
   562                           
   563                           ;eeprom.c: 132:         char val1=read(0);
   564     07AA  3000               	movlw	0
   565     07AB  120A  118A  26EE  120A  118A  	fcall	_read
   566     07B0  00F5               	movwf	main@val1
   567     07B1                     l904:
   568                           
   569                           ;eeprom.c: 133:         char val2=read(0);
   570     07B1  3000               	movlw	0
   571     07B2  120A  118A  26EE  120A  118A  	fcall	_read
   572     07B7  00F6               	movwf	main@val2
   573     07B8                     l906:
   574                           
   575                           ;eeprom.c: 134:         char val3=read(1);
   576     07B8  3001               	movlw	1
   577     07B9  120A  118A  26EE  120A  118A  	fcall	_read
   578     07BE  00F7               	movwf	main@val3
   579     07BF                     l908:
   580                           
   581                           ;eeprom.c: 135:         stop();
   582     07BF  120A  118A  2689  120A  118A  	fcall	_stop
   583     07C4                     l910:
   584                           
   585                           ;eeprom.c: 136:         lcd(0,0x80);
   586     07C4  3000               	movlw	0
   587     07C5  00F2               	movwf	lcd@rs
   588     07C6  00F3               	movwf	lcd@rs+1
   589     07C7  3080               	movlw	128
   590     07C8  00F4               	movwf	lcd@data
   591     07C9  120A  118A  26B0  120A  118A  	fcall	_lcd
   592     07CE                     l912:
   593                           
   594                           ;eeprom.c: 137:         lcd(1,val1);
   595     07CE  3001               	movlw	1
   596     07CF  00F2               	movwf	lcd@rs
   597     07D0  3000               	movlw	0
   598     07D1  00F3               	movwf	lcd@rs+1
   599     07D2  0875               	movf	main@val1,w
   600     07D3  00F4               	movwf	lcd@data
   601     07D4  120A  118A  26B0  120A  118A  	fcall	_lcd
   602     07D9                     l914:
   603                           
   604                           ;eeprom.c: 138:         lcd(1,val2);
   605     07D9  3001               	movlw	1
   606     07DA  00F2               	movwf	lcd@rs
   607     07DB  3000               	movlw	0
   608     07DC  00F3               	movwf	lcd@rs+1
   609     07DD  0876               	movf	main@val2,w
   610     07DE  00F4               	movwf	lcd@data
   611     07DF  120A  118A  26B0  120A  118A  	fcall	_lcd
   612     07E4                     l916:
   613                           
   614                           ;eeprom.c: 139:         lcd(1,val3);
   615     07E4  3001               	movlw	1
   616     07E5  00F2               	movwf	lcd@rs
   617     07E6  3000               	movlw	0
   618     07E7  00F3               	movwf	lcd@rs+1
   619     07E8  0877               	movf	main@val3,w
   620     07E9  00F4               	movwf	lcd@data
   621     07EA  120A  118A  26B0  120A  118A  	fcall	_lcd
   622     07EF                     l918:
   623                           
   624                           ;eeprom.c: 140:         delay(100);
   625     07EF  3064               	movlw	100
   626     07F0  00F0               	movwf	delay@t
   627     07F1  3000               	movlw	0
   628     07F2  00F1               	movwf	delay@t+1
   629     07F3  120A  118A  26A1  120A  118A  	fcall	_delay
   630     07F8  2F88               	goto	l890
   631     07F9  120A  118A  2800   	ljmp	start
   632     07FC                     __end_of_main:
   633                           
   634                           	psect	text1
   635     0693                     __ptext1:	
   636 ;; *************** function _write *****************
   637 ;; Defined at:
   638 ;;		line 70 in file "eeprom.c"
   639 ;; Parameters:    Size  Location     Type
   640 ;;  data            1    wreg     unsigned char 
   641 ;; Auto vars:     Size  Location     Type
   642 ;;  data            1    0[COMMON] unsigned char 
   643 ;; Return value:  Size  Location     Type
   644 ;;                  1    wreg      void 
   645 ;; Registers used:
   646 ;;		wreg
   647 ;; Tracked objects:
   648 ;;		On entry : 0/0
   649 ;;		On exit  : 0/0
   650 ;;		Unchanged: 0/0
   651 ;; Data sizes:     COMMON   BANK0   BANK1   BANK3   BANK2
   652 ;;      Params:         0       0       0       0       0
   653 ;;      Locals:         1       0       0       0       0
   654 ;;      Temps:          0       0       0       0       0
   655 ;;      Totals:         1       0       0       0       0
   656 ;;Total ram usage:        1 bytes
   657 ;; Hardware stack levels used: 1
   658 ;; This function calls:
   659 ;;		Nothing
   660 ;; This function is called by:
   661 ;;		_main
   662 ;; This function uses a non-reentrant model
   663 ;;
   664                           
   665     0693                     _write:	
   666                           ;psect for function _write
   667                           
   668                           
   669                           ;incstack = 0
   670                           ; Regs used in _write: [wreg]
   671                           ;write@data stored from wreg
   672     0693  00F0               	movwf	write@data
   673     0694                     l728:
   674                           
   675                           ;eeprom.c: 70: void write(char data);eeprom.c: 71: {;eeprom.c: 72:     ACKSTAT=1;
   676     0694  1683               	bsf	3,5	;RP0=1, select bank1
   677     0695  1303               	bcf	3,6	;RP1=0, select bank1
   678     0696  1711               	bsf	17,6	;volatile
   679     0697                     l730:
   680                           
   681                           ;eeprom.c: 73:     SSPBUF=data;
   682     0697  0870               	movf	write@data,w
   683     0698  1283               	bcf	3,5	;RP0=0, select bank0
   684     0699  1303               	bcf	3,6	;RP1=0, select bank0
   685     069A  0093               	movwf	19	;volatile
   686     069B                     l88:	
   687                           ;eeprom.c: 74:     while(SSPIF==0);
   688                           
   689     069B  1D8C               	btfss	12,3	;volatile
   690     069C  2E9E               	goto	u81
   691     069D  2E9F               	goto	u80
   692     069E                     u81:
   693     069E  2E9B               	goto	l88
   694     069F                     u80:
   695     069F                     l90:
   696                           
   697                           ;eeprom.c: 75:     SSPIF=0;
   698     069F  118C               	bcf	12,3	;volatile
   699     06A0                     l91:
   700     06A0  0008               	return
   701     06A1                     __end_of_write:
   702                           
   703                           	psect	text2
   704     0689                     __ptext2:	
   705 ;; *************** function _stop *****************
   706 ;; Defined at:
   707 ;;		line 89 in file "eeprom.c"
   708 ;; Parameters:    Size  Location     Type
   709 ;;		None
   710 ;; Auto vars:     Size  Location     Type
   711 ;;		None
   712 ;; Return value:  Size  Location     Type
   713 ;;                  1    wreg      void 
   714 ;; Registers used:
   715 ;;		None
   716 ;; Tracked objects:
   717 ;;		On entry : 0/0
   718 ;;		On exit  : 0/0
   719 ;;		Unchanged: 0/0
   720 ;; Data sizes:     COMMON   BANK0   BANK1   BANK3   BANK2
   721 ;;      Params:         0       0       0       0       0
   722 ;;      Locals:         0       0       0       0       0
   723 ;;      Temps:          0       0       0       0       0
   724 ;;      Totals:         0       0       0       0       0
   725 ;;Total ram usage:        0 bytes
   726 ;; Hardware stack levels used: 1
   727 ;; This function calls:
   728 ;;		Nothing
   729 ;; This function is called by:
   730 ;;		_main
   731 ;; This function uses a non-reentrant model
   732 ;;
   733                           
   734     0689                     _stop:	
   735                           ;psect for function _stop
   736                           
   737     0689                     l742:	
   738                           ;incstack = 0
   739                           ; Regs used in _stop: []
   740                           
   741                           
   742                           ;eeprom.c: 91:     PEN=1;
   743     0689  1683               	bsf	3,5	;RP0=1, select bank1
   744     068A  1303               	bcf	3,6	;RP1=0, select bank1
   745     068B  1511               	bsf	17,2	;volatile
   746     068C                     l103:	
   747                           ;eeprom.c: 92:     while(SSPIF==0);
   748                           
   749     068C  1283               	bcf	3,5	;RP0=0, select bank0
   750     068D  1D8C               	btfss	12,3	;volatile
   751     068E  2E90               	goto	u131
   752     068F  2E91               	goto	u130
   753     0690                     u131:
   754     0690  2E8C               	goto	l103
   755     0691                     u130:
   756     0691                     l105:
   757                           
   758                           ;eeprom.c: 93:     SSPIF=0;
   759     0691  118C               	bcf	12,3	;volatile
   760     0692                     l106:
   761     0692  0008               	return
   762     0693                     __end_of_stop:
   763                           
   764                           	psect	text3
   765     067F                     __ptext3:	
   766 ;; *************** function _start *****************
   767 ;; Defined at:
   768 ;;		line 51 in file "eeprom.c"
   769 ;; Parameters:    Size  Location     Type
   770 ;;		None
   771 ;; Auto vars:     Size  Location     Type
   772 ;;		None
   773 ;; Return value:  Size  Location     Type
   774 ;;                  1    wreg      void 
   775 ;; Registers used:
   776 ;;		None
   777 ;; Tracked objects:
   778 ;;		On entry : 0/0
   779 ;;		On exit  : 0/0
   780 ;;		Unchanged: 0/0
   781 ;; Data sizes:     COMMON   BANK0   BANK1   BANK3   BANK2
   782 ;;      Params:         0       0       0       0       0
   783 ;;      Locals:         0       0       0       0       0
   784 ;;      Temps:          0       0       0       0       0
   785 ;;      Totals:         0       0       0       0       0
   786 ;;Total ram usage:        0 bytes
   787 ;; Hardware stack levels used: 1
   788 ;; This function calls:
   789 ;;		Nothing
   790 ;; This function is called by:
   791 ;;		_main
   792 ;; This function uses a non-reentrant model
   793 ;;
   794                           
   795     067F                     _start:	
   796                           ;psect for function _start
   797                           
   798     067F                     l722:	
   799                           ;incstack = 0
   800                           ; Regs used in _start: []
   801                           
   802                           
   803                           ;eeprom.c: 53:     SEN=1;
   804     067F  1683               	bsf	3,5	;RP0=1, select bank1
   805     0680  1303               	bcf	3,6	;RP1=0, select bank1
   806     0681  1411               	bsf	17,0	;volatile
   807     0682                     l67:	
   808                           ;eeprom.c: 54:     while(SSPIF==0);
   809                           
   810     0682  1283               	bcf	3,5	;RP0=0, select bank0
   811     0683  1D8C               	btfss	12,3	;volatile
   812     0684  2E86               	goto	u41
   813     0685  2E87               	goto	u40
   814     0686                     u41:
   815     0686  2E82               	goto	l67
   816     0687                     u40:
   817     0687                     l69:
   818                           
   819                           ;eeprom.c: 55:     SSPIF=0;
   820     0687  118C               	bcf	12,3	;volatile
   821     0688                     l70:
   822     0688  0008               	return
   823     0689                     __end_of_start:
   824                           
   825                           	psect	text4
   826     0675                     __ptext4:	
   827 ;; *************** function _repeated_start *****************
   828 ;; Defined at:
   829 ;;		line 64 in file "eeprom.c"
   830 ;; Parameters:    Size  Location     Type
   831 ;;		None
   832 ;; Auto vars:     Size  Location     Type
   833 ;;		None
   834 ;; Return value:  Size  Location     Type
   835 ;;                  1    wreg      void 
   836 ;; Registers used:
   837 ;;		None
   838 ;; Tracked objects:
   839 ;;		On entry : 0/0
   840 ;;		On exit  : 0/0
   841 ;;		Unchanged: 0/0
   842 ;; Data sizes:     COMMON   BANK0   BANK1   BANK3   BANK2
   843 ;;      Params:         0       0       0       0       0
   844 ;;      Locals:         0       0       0       0       0
   845 ;;      Temps:          0       0       0       0       0
   846 ;;      Totals:         0       0       0       0       0
   847 ;;Total ram usage:        0 bytes
   848 ;; Hardware stack levels used: 1
   849 ;; This function calls:
   850 ;;		Nothing
   851 ;; This function is called by:
   852 ;;		_main
   853 ;; This function uses a non-reentrant model
   854 ;;
   855                           
   856     0675                     _repeated_start:	
   857                           ;psect for function _repeated_start
   858                           
   859     0675                     l726:	
   860                           ;incstack = 0
   861                           ; Regs used in _repeated_start: []
   862                           
   863                           
   864                           ;eeprom.c: 66:     RSEN=1;
   865     0675  1683               	bsf	3,5	;RP0=1, select bank1
   866     0676  1303               	bcf	3,6	;RP1=0, select bank1
   867     0677  1491               	bsf	17,1	;volatile
   868     0678                     l82:	
   869                           ;eeprom.c: 67:     while(SSPIF==0);
   870                           
   871     0678  1283               	bcf	3,5	;RP0=0, select bank0
   872     0679  1D8C               	btfss	12,3	;volatile
   873     067A  2E7C               	goto	u71
   874     067B  2E7D               	goto	u70
   875     067C                     u71:
   876     067C  2E78               	goto	l82
   877     067D                     u70:
   878     067D                     l84:
   879                           
   880                           ;eeprom.c: 68:     SSPIF=0;
   881     067D  118C               	bcf	12,3	;volatile
   882     067E                     l85:
   883     067E  0008               	return
   884     067F                     __end_of_repeated_start:
   885                           
   886                           	psect	text5
   887     06EE                     __ptext5:	
   888 ;; *************** function _read *****************
   889 ;; Defined at:
   890 ;;		line 77 in file "eeprom.c"
   891 ;; Parameters:    Size  Location     Type
   892 ;;  ack             1    wreg     unsigned char 
   893 ;; Auto vars:     Size  Location     Type
   894 ;;  ack             1    0[COMMON] unsigned char 
   895 ;;  d               1    1[COMMON] unsigned char 
   896 ;; Return value:  Size  Location     Type
   897 ;;                  1    wreg      unsigned char 
   898 ;; Registers used:
   899 ;;		wreg
   900 ;; Tracked objects:
   901 ;;		On entry : 0/0
   902 ;;		On exit  : 0/0
   903 ;;		Unchanged: 0/0
   904 ;; Data sizes:     COMMON   BANK0   BANK1   BANK3   BANK2
   905 ;;      Params:         0       0       0       0       0
   906 ;;      Locals:         2       0       0       0       0
   907 ;;      Temps:          0       0       0       0       0
   908 ;;      Totals:         2       0       0       0       0
   909 ;;Total ram usage:        2 bytes
   910 ;; Hardware stack levels used: 1
   911 ;; This function calls:
   912 ;;		Nothing
   913 ;; This function is called by:
   914 ;;		_main
   915 ;; This function uses a non-reentrant model
   916 ;;
   917                           
   918     06EE                     _read:	
   919                           ;psect for function _read
   920                           
   921                           
   922                           ;incstack = 0
   923                           ; Regs used in _read: [wreg]
   924                           ;read@ack stored from wreg
   925     06EE  00F0               	movwf	read@ack
   926     06EF                     l732:
   927                           
   928                           ;eeprom.c: 77: char read(unsigned char ack);eeprom.c: 78: {;eeprom.c: 79:     char d;;ee
      +                          prom.c: 80:     RCEN=1;
   929     06EF  1683               	bsf	3,5	;RP0=1, select bank1
   930     06F0  1303               	bcf	3,6	;RP1=0, select bank1
   931     06F1  1591               	bsf	17,3	;volatile
   932                           
   933                           ;eeprom.c: 81:     ACKDT=ack;
   934     06F2  1870               	btfsc	read@ack,0
   935     06F3  2EF5               	goto	u91
   936     06F4  2EF9               	goto	u90
   937     06F5                     u91:
   938     06F5  1683               	bsf	3,5	;RP0=1, select bank1
   939     06F6  1303               	bcf	3,6	;RP1=0, select bank1
   940     06F7  1691               	bsf	17,5	;volatile
   941     06F8  2EFC               	goto	u104
   942     06F9                     u90:
   943     06F9  1683               	bsf	3,5	;RP0=1, select bank1
   944     06FA  1303               	bcf	3,6	;RP1=0, select bank1
   945     06FB  1291               	bcf	17,5	;volatile
   946     06FC                     u104:
   947     06FC                     l94:	
   948                           ;eeprom.c: 82:     while(BF==0);
   949                           
   950     06FC  1C14               	btfss	20,0	;volatile
   951     06FD  2EFF               	goto	u111
   952     06FE  2F00               	goto	u110
   953     06FF                     u111:
   954     06FF  2EFC               	goto	l94
   955     0700                     u110:
   956     0700                     l734:
   957                           
   958                           ;eeprom.c: 83:     d=SSPBUF;
   959     0700  1283               	bcf	3,5	;RP0=0, select bank0
   960     0701  1303               	bcf	3,6	;RP1=0, select bank0
   961     0702  0813               	movf	19,w	;volatile
   962     0703  00F1               	movwf	read@d
   963     0704                     l736:
   964                           
   965                           ;eeprom.c: 84:     ACKEN=1;
   966     0704  1683               	bsf	3,5	;RP0=1, select bank1
   967     0705  1303               	bcf	3,6	;RP1=0, select bank1
   968     0706  1611               	bsf	17,4	;volatile
   969     0707                     l97:	
   970                           ;eeprom.c: 85:     while(SSPIF==0);
   971                           
   972     0707  1283               	bcf	3,5	;RP0=0, select bank0
   973     0708  1D8C               	btfss	12,3	;volatile
   974     0709  2F0B               	goto	u121
   975     070A  2F0C               	goto	u120
   976     070B                     u121:
   977     070B  2F07               	goto	l97
   978     070C                     u120:
   979     070C                     l99:
   980                           
   981                           ;eeprom.c: 86:     SSPIF=1;
   982     070C  158C               	bsf	12,3	;volatile
   983     070D                     l738:
   984                           
   985                           ;eeprom.c: 87:     return d;
   986     070D  0871               	movf	read@d,w
   987     070E                     l100:
   988     070E  0008               	return
   989     070F                     __end_of_read:
   990                           
   991                           	psect	text6
   992     06B0                     __ptext6:	
   993 ;; *************** function _lcd *****************
   994 ;; Defined at:
   995 ;;		line 34 in file "eeprom.c"
   996 ;; Parameters:    Size  Location     Type
   997 ;;  rs              2    2[COMMON] int 
   998 ;;  data            1    4[COMMON] unsigned char 
   999 ;; Auto vars:     Size  Location     Type
  1000 ;;		None
  1001 ;; Return value:  Size  Location     Type
  1002 ;;                  1    wreg      void 
  1003 ;; Registers used:
  1004 ;;		wreg, status,2, status,0, pclath, cstack
  1005 ;; Tracked objects:
  1006 ;;		On entry : 0/0
  1007 ;;		On exit  : 0/0
  1008 ;;		Unchanged: 0/0
  1009 ;; Data sizes:     COMMON   BANK0   BANK1   BANK3   BANK2
  1010 ;;      Params:         3       0       0       0       0
  1011 ;;      Locals:         0       0       0       0       0
  1012 ;;      Temps:          0       0       0       0       0
  1013 ;;      Totals:         3       0       0       0       0
  1014 ;;Total ram usage:        3 bytes
  1015 ;; Hardware stack levels used: 1
  1016 ;; Hardware stack levels required when called: 2
  1017 ;; This function calls:
  1018 ;;		_enable
  1019 ;; This function is called by:
  1020 ;;		_main
  1021 ;;		_print
  1022 ;; This function uses a non-reentrant model
  1023 ;;
  1024                           
  1025     06B0                     _lcd:	
  1026                           ;psect for function _lcd
  1027                           
  1028     06B0                     l834:	
  1029                           ;incstack = 0
  1030                           ; Regs used in _lcd: [wreg+status,2+status,0+pclath+cstack]
  1031                           
  1032                           
  1033                           ;eeprom.c: 34: void lcd(int rs,char data);eeprom.c: 35: {;eeprom.c: 36:     RE0=rs;
  1034     06B0  1872               	btfsc	lcd@rs,0
  1035     06B1  2EB3               	goto	u161
  1036     06B2  2EB7               	goto	u160
  1037     06B3                     u161:
  1038     06B3  1283               	bcf	3,5	;RP0=0, select bank0
  1039     06B4  1303               	bcf	3,6	;RP1=0, select bank0
  1040     06B5  1409               	bsf	9,0	;volatile
  1041     06B6  2EBA               	goto	u174
  1042     06B7                     u160:
  1043     06B7  1283               	bcf	3,5	;RP0=0, select bank0
  1044     06B8  1303               	bcf	3,6	;RP1=0, select bank0
  1045     06B9  1009               	bcf	9,0	;volatile
  1046     06BA                     u174:
  1047     06BA                     l836:
  1048                           
  1049                           ;eeprom.c: 37:     PORTD=data;
  1050     06BA  0874               	movf	lcd@data,w
  1051     06BB  0088               	movwf	8	;volatile
  1052     06BC                     l838:
  1053                           
  1054                           ;eeprom.c: 38:     enable();
  1055     06BC  120A  118A  26D5  120A  118A  	fcall	_enable
  1056     06C1                     l58:
  1057     06C1  0008               	return
  1058     06C2                     __end_of_lcd:
  1059                           
  1060                           	psect	text7
  1061     06D5                     __ptext7:	
  1062 ;; *************** function _enable *****************
  1063 ;; Defined at:
  1064 ;;		line 27 in file "eeprom.c"
  1065 ;; Parameters:    Size  Location     Type
  1066 ;;		None
  1067 ;; Auto vars:     Size  Location     Type
  1068 ;;		None
  1069 ;; Return value:  Size  Location     Type
  1070 ;;                  1    wreg      void 
  1071 ;; Registers used:
  1072 ;;		wreg, status,2, status,0, pclath, cstack
  1073 ;; Tracked objects:
  1074 ;;		On entry : 0/0
  1075 ;;		On exit  : 0/0
  1076 ;;		Unchanged: 0/0
  1077 ;; Data sizes:     COMMON   BANK0   BANK1   BANK3   BANK2
  1078 ;;      Params:         0       0       0       0       0
  1079 ;;      Locals:         0       0       0       0       0
  1080 ;;      Temps:          0       0       0       0       0
  1081 ;;      Totals:         0       0       0       0       0
  1082 ;;Total ram usage:        0 bytes
  1083 ;; Hardware stack levels used: 1
  1084 ;; Hardware stack levels required when called: 1
  1085 ;; This function calls:
  1086 ;;		_delay
  1087 ;; This function is called by:
  1088 ;;		_lcd
  1089 ;; This function uses a non-reentrant model
  1090 ;;
  1091                           
  1092     06D5                     _enable:	
  1093                           ;psect for function _enable
  1094                           
  1095     06D5                     l828:	
  1096                           ;incstack = 0
  1097                           ; Regs used in _enable: [wreg+status,2+status,0+pclath+cstack]
  1098                           
  1099                           
  1100                           ;eeprom.c: 29:     RE1=1;
  1101     06D5  1283               	bcf	3,5	;RP0=0, select bank0
  1102     06D6  1303               	bcf	3,6	;RP1=0, select bank0
  1103     06D7  1489               	bsf	9,1	;volatile
  1104     06D8                     l830:
  1105                           
  1106                           ;eeprom.c: 30:     delay(10);
  1107     06D8  300A               	movlw	10
  1108     06D9  00F0               	movwf	delay@t
  1109     06DA  3000               	movlw	0
  1110     06DB  00F1               	movwf	delay@t+1
  1111     06DC  120A  118A  26A1  120A  118A  	fcall	_delay
  1112     06E1                     l832:
  1113                           
  1114                           ;eeprom.c: 31:     RE1=0;
  1115     06E1  1283               	bcf	3,5	;RP0=0, select bank0
  1116     06E2  1303               	bcf	3,6	;RP1=0, select bank0
  1117     06E3  1089               	bcf	9,1	;volatile
  1118                           
  1119                           ;eeprom.c: 32:     delay(10);
  1120     06E4  300A               	movlw	10
  1121     06E5  00F0               	movwf	delay@t
  1122     06E6  3000               	movlw	0
  1123     06E7  00F1               	movwf	delay@t+1
  1124     06E8  120A  118A  26A1  120A  118A  	fcall	_delay
  1125     06ED                     l55:
  1126     06ED  0008               	return
  1127     06EE                     __end_of_enable:
  1128                           
  1129                           	psect	text8
  1130     06A1                     __ptext8:	
  1131 ;; *************** function _delay *****************
  1132 ;; Defined at:
  1133 ;;		line 23 in file "eeprom.c"
  1134 ;; Parameters:    Size  Location     Type
  1135 ;;  t               2    0[COMMON] unsigned int 
  1136 ;; Auto vars:     Size  Location     Type
  1137 ;;		None
  1138 ;; Return value:  Size  Location     Type
  1139 ;;                  1    wreg      void 
  1140 ;; Registers used:
  1141 ;;		wreg, status,2, status,0
  1142 ;; Tracked objects:
  1143 ;;		On entry : 0/0
  1144 ;;		On exit  : 0/0
  1145 ;;		Unchanged: 0/0
  1146 ;; Data sizes:     COMMON   BANK0   BANK1   BANK3   BANK2
  1147 ;;      Params:         2       0       0       0       0
  1148 ;;      Locals:         0       0       0       0       0
  1149 ;;      Temps:          0       0       0       0       0
  1150 ;;      Totals:         2       0       0       0       0
  1151 ;;Total ram usage:        2 bytes
  1152 ;; Hardware stack levels used: 1
  1153 ;; This function calls:
  1154 ;;		Nothing
  1155 ;; This function is called by:
  1156 ;;		_enable
  1157 ;;		_main
  1158 ;; This function uses a non-reentrant model
  1159 ;;
  1160                           
  1161     06A1                     _delay:	
  1162                           ;psect for function _delay
  1163                           
  1164     06A1                     l824:	
  1165                           ;incstack = 0
  1166                           ; Regs used in _delay: [wreg+status,2+status,0]
  1167                           
  1168     06A1                     l826:	
  1169                           ;eeprom.c: 23: void delay(unsigned int t);eeprom.c: 24: {;eeprom.c: 25:     while(t--);
  1170                           
  1171     06A1  3001               	movlw	1
  1172     06A2  02F0               	subwf	delay@t,f
  1173     06A3  3000               	movlw	0
  1174     06A4  1C03               	skipc
  1175     06A5  03F1               	decf	delay@t+1,f
  1176     06A6  02F1               	subwf	delay@t+1,f
  1177     06A7  0A70               	incf	delay@t,w
  1178     06A8  1D03               	skipz
  1179     06A9  2EAE               	goto	u151
  1180     06AA  0A71               	incf	delay@t+1,w
  1181     06AB  1D03               	btfss	3,2
  1182     06AC  2EAE               	goto	u151
  1183     06AD  2EAF               	goto	u150
  1184     06AE                     u151:
  1185     06AE  2EA1               	goto	l826
  1186     06AF                     u150:
  1187     06AF                     l52:
  1188     06AF  0008               	return
  1189     06B0                     __end_of_delay:
  1190                           
  1191                           	psect	text9
  1192     06C2                     __ptext9:	
  1193 ;; *************** function _address *****************
  1194 ;; Defined at:
  1195 ;;		line 57 in file "eeprom.c"
  1196 ;; Parameters:    Size  Location     Type
  1197 ;;  addrs           1    wreg     unsigned char 
  1198 ;; Auto vars:     Size  Location     Type
  1199 ;;  addrs           1    0[COMMON] unsigned char 
  1200 ;; Return value:  Size  Location     Type
  1201 ;;                  1    wreg      void 
  1202 ;; Registers used:
  1203 ;;		wreg
  1204 ;; Tracked objects:
  1205 ;;		On entry : 0/0
  1206 ;;		On exit  : 0/0
  1207 ;;		Unchanged: 0/0
  1208 ;; Data sizes:     COMMON   BANK0   BANK1   BANK3   BANK2
  1209 ;;      Params:         0       0       0       0       0
  1210 ;;      Locals:         1       0       0       0       0
  1211 ;;      Temps:          0       0       0       0       0
  1212 ;;      Totals:         1       0       0       0       0
  1213 ;;Total ram usage:        1 bytes
  1214 ;; Hardware stack levels used: 1
  1215 ;; This function calls:
  1216 ;;		Nothing
  1217 ;; This function is called by:
  1218 ;;		_main
  1219 ;; This function uses a non-reentrant model
  1220 ;;
  1221                           
  1222     06C2                     _address:	
  1223                           ;psect for function _address
  1224                           
  1225                           
  1226                           ;incstack = 0
  1227                           ; Regs used in _address: [wreg]
  1228                           ;address@addrs stored from wreg
  1229     06C2  00F0               	movwf	address@addrs
  1230     06C3                     l724:
  1231                           
  1232                           ;eeprom.c: 57: void address(char addrs);eeprom.c: 58: {;eeprom.c: 59:     SSPBUF=addrs;
  1233     06C3  0870               	movf	address@addrs,w
  1234     06C4  1283               	bcf	3,5	;RP0=0, select bank0
  1235     06C5  1303               	bcf	3,6	;RP1=0, select bank0
  1236     06C6  0093               	movwf	19	;volatile
  1237     06C7                     l73:	
  1238                           ;eeprom.c: 60:     while(BF==1);
  1239                           
  1240     06C7  1683               	bsf	3,5	;RP0=1, select bank1
  1241     06C8  1303               	bcf	3,6	;RP1=0, select bank1
  1242     06C9  1814               	btfsc	20,0	;volatile
  1243     06CA  2ECC               	goto	u51
  1244     06CB  2ECD               	goto	u50
  1245     06CC                     u51:
  1246     06CC  2EC7               	goto	l73
  1247     06CD                     u50:
  1248     06CD                     l76:
  1249     06CD  1B11               	btfsc	17,6	;volatile
  1250     06CE  2ED0               	goto	u61
  1251     06CF  2ED1               	goto	u60
  1252     06D0                     u61:
  1253     06D0  2ECD               	goto	l76
  1254     06D1                     u60:
  1255     06D1                     l78:
  1256                           
  1257                           ;eeprom.c: 62:     SSPIF=0;
  1258     06D1  1283               	bcf	3,5	;RP0=0, select bank0
  1259     06D2  1303               	bcf	3,6	;RP1=0, select bank0
  1260     06D3  118C               	bcf	12,3	;volatile
  1261     06D4                     l79:
  1262     06D4  0008               	return
  1263     06D5                     __end_of_address:
  1264     007E                     btemp	set	126	;btemp
  1265     007E                     wtemp0	set	126
  1266                           
  1267                           	psect	idloc
  1268                           
  1269                           ;Config register IDLOC0 @ 0x2000
  1270                           ;	unspecified, using default values
  1271     2000                     	org	8192
  1272     2000  3FFF               	dw	16383
  1273                           
  1274                           ;Config register IDLOC1 @ 0x2001
  1275                           ;	unspecified, using default values
  1276     2001                     	org	8193
  1277     2001  3FFF               	dw	16383
  1278                           
  1279                           ;Config register IDLOC2 @ 0x2002
  1280                           ;	unspecified, using default values
  1281     2002                     	org	8194
  1282     2002  3FFF               	dw	16383
  1283                           
  1284                           ;Config register IDLOC3 @ 0x2003
  1285                           ;	unspecified, using default values
  1286     2003                     	org	8195
  1287     2003  3FFF               	dw	16383
  1288                           
  1289                           	psect	config
  1290                           
  1291                           ;Config register CONFIG1 @ 0x2007
  1292                           ;	Oscillator Selection bits
  1293                           ;	FOSC = INTRC_NOCLKOUT, INTOSCIO oscillator: I/O function on RA6/OSC2/CLKOUT pin, I/O f
      +                          unction on RA7/OSC1/CLKIN
  1294                           ;	Watchdog Timer Enable bit
  1295                           ;	WDTE = OFF, WDT disabled and can be enabled by SWDTEN bit of the WDTCON register
  1296                           ;	Power-up Timer Enable bit
  1297                           ;	PWRTE = ON, PWRT enabled
  1298                           ;	RE3/MCLR pin function select bit
  1299                           ;	MCLRE = ON, RE3/MCLR pin function is MCLR
  1300                           ;	Code Protection bit
  1301                           ;	CP = OFF, Program memory code protection is disabled
  1302                           ;	Data Code Protection bit
  1303                           ;	CPD = OFF, Data memory code protection is disabled
  1304                           ;	Brown Out Reset Selection bits
  1305                           ;	BOREN = OFF, BOR disabled
  1306                           ;	Internal External Switchover bit
  1307                           ;	IESO = ON, Internal/External Switchover mode is enabled
  1308                           ;	Fail-Safe Clock Monitor Enabled bit
  1309                           ;	FCMEN = ON, Fail-Safe Clock Monitor is enabled
  1310                           ;	Low Voltage Programming Enable bit
  1311                           ;	LVP = OFF, RB3 pin has digital I/O, HV on MCLR must be used for programming
  1312                           ;	In-Circuit Debugger Mode bit
  1313                           ;	DEBUG = 0x1, unprogrammed default
  1314     2007                     	org	8199
  1315     2007  2CE4               	dw	11492
  1316                           
  1317                           ;Config register CONFIG2 @ 0x2008
  1318                           ;	Brown-out Reset Selection bit
  1319                           ;	BOR4V = BOR40V, Brown-out Reset set to 4.0V
  1320                           ;	Flash Program Memory Self Write Enable bits
  1321                           ;	WRT = OFF, Write protection off
  1322     2008                     	org	8200
  1323     2008  3FFF               	dw	16383

Data Sizes:
    Strings     0
    Constant    0
    Data        0
    BSS         0
    Persistent  0
    Stack       0

Auto Spaces:
    Space          Size  Autos    Used
    COMMON           14      8       8
    BANK0            80      0       0
    BANK1            80      0       0
    BANK3            96      0       0
    BANK2            96      0       0

Pointer List with Targets:

    None.

Critical Paths under _main in COMMON

    _main->_lcd
    _enable->_delay

Critical Paths under _main in BANK0

    None.

Critical Paths under _main in BANK1

    None.

Critical Paths under _main in BANK3

    None.

Critical Paths under _main in BANK2

    None.

Call Graph Tables:

 ---------------------------------------------------------------------------------
 (Depth) Function   	        Calls       Base Space   Used Autos Params    Refs
 ---------------------------------------------------------------------------------
 (0) _main                                                 3     3      0    2345
                                              5 COMMON     3     3      0
                            _address
                              _delay
                                _lcd
                               _read
                     _repeated_start
                              _start
                               _stop
                              _write
 ---------------------------------------------------------------------------------
 (1) _write                                                1     1      0      15
                                              0 COMMON     1     1      0
 ---------------------------------------------------------------------------------
 (1) _stop                                                 0     0      0       0
 ---------------------------------------------------------------------------------
 (1) _start                                                0     0      0       0
 ---------------------------------------------------------------------------------
 (1) _repeated_start                                       0     0      0       0
 ---------------------------------------------------------------------------------
 (1) _read                                                 2     2      0      30
                                              0 COMMON     2     2      0
 ---------------------------------------------------------------------------------
 (1) _lcd                                                  3     0      3    1890
                                              2 COMMON     3     0      3
                             _enable
 ---------------------------------------------------------------------------------
 (2) _enable                                               0     0      0     326
                              _delay
 ---------------------------------------------------------------------------------
 (3) _delay                                                2     0      2     326
                                              0 COMMON     2     0      2
 ---------------------------------------------------------------------------------
 (1) _address                                              1     1      0      15
                                              0 COMMON     1     1      0
 ---------------------------------------------------------------------------------
 Estimated maximum stack depth 3
 ---------------------------------------------------------------------------------

 Call Graph Graphs:

 _main (ROOT)
   _address
   _delay
   _lcd
     _enable
       _delay
   _read
   _repeated_start
   _start
   _stop
   _write

 Address spaces:
Name               Size   Autos  Total    Cost      Usage
BITCOMMON            E      0       0       0        0.0%
EEDATA             100      0       0       0        0.0%
NULL                 0      0       0       0        0.0%
CODE                 0      0       0       0        0.0%
COMMON               E      8       8       1       57.1%
BITSFR0              0      0       0       1        0.0%
SFR0                 0      0       0       1        0.0%
BITSFR1              0      0       0       2        0.0%
SFR1                 0      0       0       2        0.0%
STACK                0      0       0       2        0.0%
ABS                  0      0       0       3        0.0%
BITBANK0            50      0       0       4        0.0%
BITSFR3              0      0       0       4        0.0%
SFR3                 0      0       0       4        0.0%
BANK0               50      0       0       5        0.0%
BITSFR2              0      0       0       5        0.0%
SFR2                 0      0       0       5        0.0%
BITBANK1            50      0       0       6        0.0%
BANK1               50      0       0       7        0.0%
BITBANK3            60      0       0       8        0.0%
BANK3               60      0       0       9        0.0%
BITBANK2            60      0       0      10        0.0%
BANK2               60      0       0      11        0.0%
DATA                 0      0       0      12        0.0%


Microchip Technology PIC Macro Assembler V2.40 build 20220703182018 
Symbol Table                                                                                   Fri Jul 04 13:07:25 2025

                     _BF 04A0                       l52 06AF                       l70 0688  
                     l55 06ED                       l73 06C7                       l58 06C1  
                     l82 0678                       l90 069F                       l67 0682  
                     l91 06A0                       l76 06CD                       l84 067D  
                     l85 067E                       l69 0687                       l78 06D1  
                     l94 06FC                       l79 06D4                       l88 069B  
                     l97 0707                       l99 070C                       u40 0687  
                     u41 0686                       u50 06CD                       u51 06CC  
                     u60 06D1                       u61 06D0                       u70 067D  
                     u71 067C                       u80 069F                       u81 069E  
                     u90 06F9                       u91 06F5                      l100 070E  
                    l103 068C                      l105 0691                      l106 0692  
                    l722 067F                      l730 0697                      l724 06C3  
                    l732 06EF                      l900 07A4                      l830 06D8  
                    l734 0700                      l726 0675                      l742 0689  
                    l910 07C4                      l902 07AA                      l824 06A1  
                    l832 06E1                      l736 0704                      l728 0694  
                    l912 07CE                      l904 07B1                      l826 06A1  
                    l834 06B0                      l738 070D                      l914 07D9  
                    l906 07B8                      l850 070F                      l828 06D5  
                    l836 06BA                      l916 07E4                      l908 07BF  
                    l860 071F                      l852 0712                      l838 06BC  
                    l918 07EF                      l870 073A                      l862 0722  
                    l854 0716                      l880 0757                      l872 0740  
                    l864 072E                      l856 0719                      l890 0788  
                    l882 0760                      l874 0746                      l866 072F  
                    l858 071C                      l892 078D                      l884 076A  
                    l876 074C                      l868 0734                      l894 0793  
                    l886 0774                      l878 0752                      l896 0799  
                    l888 077E                      l898 079F                      _RE0 0048  
                    _RE1 0049                      u110 0700                      u111 06FF  
                    u120 070C                      u104 06FC                      u121 070B  
                    u130 0691                      u131 0690                      u150 06AF  
                    u151 06AE                      u160 06B7                      u161 06B3  
                    u174 06BA                      _PEN 048A                      _SEN 0488  
                    _lcd 06B0                     ?_lcd 0072                     _RCEN 048B  
                   _RSEN 0489                     _main 070F                     _read 06EE  
                   btemp 007E                     _stop 0689                     start 0000  
                  ??_lcd 0075                    ?_main 0070                    _ACKEN 048C  
                  _ACKDT 048D                    ?_read 0070                    _ANSEL 0188  
                  ?_stop 0070          __end_of_address 06D5                    _PORTC 0007  
                  _PORTD 0008                    _PORTE 0009                    _TRISC 0087  
                  _TRISD 0088                    _TRISE 0089                    _SSPIF 0063  
                  _delay 06A1                    lcd@rs 0072                    _start 067F  
                  _write 0693                    read@d 0071                    status 0003  
                  wtemp0 007E          __initialization 07FC             __end_of_main 07FC  
           __end_of_read 070F             __end_of_stop 0693                   ??_main 0075  
                 ??_read 0070                   ??_stop 0070                   ?_delay 0070  
                 ?_start 0070                   _ANSELH 0189                   ?_write 0070  
                 _SSPBUF 0013                   _SSPCON 0014                   _enable 06D5  
              ??_address 0070                   delay@t 0070           _repeated_start 0675  
__end_of__initialization 07FC           __pcstackCOMMON 0070            __end_of_delay 06B0  
          __end_of_start 0689            __end_of_write 06A1                  ??_delay 0072  
 __end_of_repeated_start 067F                  ??_start 0070                  ??_write 0070  
             __pmaintext 070F                  ?_enable 0070                  _ACKSTAT 048E  
                _SSPCON2 0091          ?_repeated_start 0070                  _SSPSTAT 0094  
                _address 06C2                  __ptext1 0693                  __ptext2 0689  
                __ptext3 067F                  __ptext4 0675                  __ptext5 06EE  
                __ptext6 06B0                  __ptext7 06D5                  __ptext8 06A1  
                __ptext9 06C2                  lcd@data 0074     end_of_initialization 07FC  
                read@ack 0070             address@addrs 0070           __end_of_enable 06EE  
    start_initialization 07FC              __end_of_lcd 06C2                 ??_enable 0072  
       ??_repeated_start 0070                ___latbits 0002                 ?_address 0070  
               main@val1 0075                 main@val2 0076                 main@val3 0077  
              write@data 0070  
