

Microchip MPLAB XC8 Assembler V2.40 build 20220703182018 
                                                                                               Thu May 22 10:07:20 2025

Microchip MPLAB XC8 C Compiler v2.40 (Free license) build 20220703182018 Og1 
     1                           	processor	16F887
     2                           	pagewidth 120
     3                           	opt	flic
     4                           	psect	cinit,global,class=CODE,merge=1,delta=2
     5                           	psect	cstackCOMMON,global,class=COMMON,space=1,delta=1,noexec
     6                           	psect	maintext,global,class=CODE,split=1,delta=2
     7                           	psect	text1,local,class=CODE,merge=1,delta=2
     8                           	psect	text2,local,class=CODE,merge=1,delta=2
     9                           	psect	text3,local,class=CODE,merge=1,delta=2
    10                           	psect	idloc,global,abs,ovrld,class=IDLOC,space=5,delta=2,noexec
    11                           	psect	config,global,abs,ovrld,class=CONFIG,space=4,delta=2,noexec
    12                           	dabs	1,0x7E,2
    13     0000                     
    14                           ; Version 2.40
    15                           ; Generated 17/11/2021 GMT
    16                           ; 
    17                           ; Copyright © 2021, Microchip Technology Inc. and its subsidiaries ("Microchip")
    18                           ; All rights reserved.
    19                           ; 
    20                           ; This software is developed by Microchip Technology Inc. and its subsidiaries ("Microch
      +                          ip").
    21                           ; 
    22                           ; Redistribution and use in source and binary forms, with or without modification, are
    23                           ; permitted provided that the following conditions are met:
    24                           ; 
    25                           ;     1. Redistributions of source code must retain the above copyright notice, this lis
      +                          t of
    26                           ;        conditions and the following disclaimer.
    27                           ; 
    28                           ;     2. Redistributions in binary form must reproduce the above copyright notice, this 
      +                          list
    29                           ;        of conditions and the following disclaimer in the documentation and/or other
    30                           ;        materials provided with the distribution. Publication is not required when
    31                           ;        this file is used in an embedded application.
    32                           ; 
    33                           ;     3. Microchip's name may not be used to endorse or promote products derived from th
      +                          is
    34                           ;        software without specific prior written permission.
    35                           ; 
    36                           ; THIS SOFTWARE IS PROVIDED BY MICROCHIP "AS IS" AND ANY EXPRESS OR IMPLIED WARRANTIES,
    37                           ; INCLUDING, BUT NOT LIMITED TO, THE IMPLIED WARRANTIES OF MERCHANTABILITY AND FITNESS F
      +                          OR
    38                           ; PURPOSE ARE DISCLAIMED.  IN NO EVENT SHALL MICROCHIP BE LIABLE FOR ANY DIRECT, INDIREC
      +                          T,
    39                           ; INCIDENTAL, SPECIAL, EXEMPLARY, OR CONSEQUENTIAL DAMAGES (INCLUDING BUT NOT LIMITED TO
    40                           ; PROCUREMENT OF SUBSTITUTE GOODS OR SERVICES; LOSS OF USE, DATA OR PROFITS; OR BUSINESS
    41                           ; INTERRUPTION) HOWSOEVER CAUSED AND ON ANY THEORY OF LIABILITY, WHETHER IN CONTRACT, ST
      +                          RICT
    42                           ; LIABILITY, OR TORT (INCLUDING NEGLIGENCE OR OTHERWISE) ARISING IN ANY WAY OUT OF THE U
      +                          SE OF
    43                           ; THIS SOFTWARE, EVEN IF ADVISED OF THE POSSIBILITY OF SUCH DAMAGE.
    44                           ; 
    45                           ; 
    46                           ; Code-generator required, PIC16F887 Definitions
    47                           ; 
    48                           ; SFR Addresses
    49     0000                     	;# 
    50     0001                     	;# 
    51     0002                     	;# 
    52     0003                     	;# 
    53     0004                     	;# 
    54     0005                     	;# 
    55     0006                     	;# 
    56     0007                     	;# 
    57     0008                     	;# 
    58     0009                     	;# 
    59     000A                     	;# 
    60     000B                     	;# 
    61     000C                     	;# 
    62     000D                     	;# 
    63     000E                     	;# 
    64     000E                     	;# 
    65     000F                     	;# 
    66     0010                     	;# 
    67     0011                     	;# 
    68     0012                     	;# 
    69     0013                     	;# 
    70     0014                     	;# 
    71     0015                     	;# 
    72     0015                     	;# 
    73     0016                     	;# 
    74     0017                     	;# 
    75     0018                     	;# 
    76     0019                     	;# 
    77     001A                     	;# 
    78     001B                     	;# 
    79     001B                     	;# 
    80     001C                     	;# 
    81     001D                     	;# 
    82     001E                     	;# 
    83     001F                     	;# 
    84     0081                     	;# 
    85     0085                     	;# 
    86     0086                     	;# 
    87     0087                     	;# 
    88     0088                     	;# 
    89     0089                     	;# 
    90     008C                     	;# 
    91     008D                     	;# 
    92     008E                     	;# 
    93     008F                     	;# 
    94     0090                     	;# 
    95     0091                     	;# 
    96     0092                     	;# 
    97     0093                     	;# 
    98     0093                     	;# 
    99     0093                     	;# 
   100     0094                     	;# 
   101     0095                     	;# 
   102     0096                     	;# 
   103     0097                     	;# 
   104     0098                     	;# 
   105     0099                     	;# 
   106     009A                     	;# 
   107     009B                     	;# 
   108     009C                     	;# 
   109     009D                     	;# 
   110     009E                     	;# 
   111     009F                     	;# 
   112     0105                     	;# 
   113     0107                     	;# 
   114     0108                     	;# 
   115     0109                     	;# 
   116     010C                     	;# 
   117     010C                     	;# 
   118     010D                     	;# 
   119     010E                     	;# 
   120     010F                     	;# 
   121     0185                     	;# 
   122     0187                     	;# 
   123     0188                     	;# 
   124     0189                     	;# 
   125     018C                     	;# 
   126     018D                     	;# 
   127     0000                     	;# 
   128     0001                     	;# 
   129     0002                     	;# 
   130     0003                     	;# 
   131     0004                     	;# 
   132     0005                     	;# 
   133     0006                     	;# 
   134     0007                     	;# 
   135     0008                     	;# 
   136     0009                     	;# 
   137     000A                     	;# 
   138     000B                     	;# 
   139     000C                     	;# 
   140     000D                     	;# 
   141     000E                     	;# 
   142     000E                     	;# 
   143     000F                     	;# 
   144     0010                     	;# 
   145     0011                     	;# 
   146     0012                     	;# 
   147     0013                     	;# 
   148     0014                     	;# 
   149     0015                     	;# 
   150     0015                     	;# 
   151     0016                     	;# 
   152     0017                     	;# 
   153     0018                     	;# 
   154     0019                     	;# 
   155     001A                     	;# 
   156     001B                     	;# 
   157     001B                     	;# 
   158     001C                     	;# 
   159     001D                     	;# 
   160     001E                     	;# 
   161     001F                     	;# 
   162     0081                     	;# 
   163     0085                     	;# 
   164     0086                     	;# 
   165     0087                     	;# 
   166     0088                     	;# 
   167     0089                     	;# 
   168     008C                     	;# 
   169     008D                     	;# 
   170     008E                     	;# 
   171     008F                     	;# 
   172     0090                     	;# 
   173     0091                     	;# 
   174     0092                     	;# 
   175     0093                     	;# 
   176     0093                     	;# 
   177     0093                     	;# 
   178     0094                     	;# 
   179     0095                     	;# 
   180     0096                     	;# 
   181     0097                     	;# 
   182     0098                     	;# 
   183     0099                     	;# 
   184     009A                     	;# 
   185     009B                     	;# 
   186     009C                     	;# 
   187     009D                     	;# 
   188     009E                     	;# 
   189     009F                     	;# 
   190     0105                     	;# 
   191     0107                     	;# 
   192     0108                     	;# 
   193     0109                     	;# 
   194     010C                     	;# 
   195     010C                     	;# 
   196     010D                     	;# 
   197     010E                     	;# 
   198     010F                     	;# 
   199     0185                     	;# 
   200     0187                     	;# 
   201     0188                     	;# 
   202     0189                     	;# 
   203     018C                     	;# 
   204     018D                     	;# 
   205     0009                     _PORTE	set	9
   206     0007                     _PORTC	set	7
   207     0006                     _PORTB	set	6
   208     0005                     _PORTA	set	5
   209     0008                     _PORTD	set	8
   210     003A                     _RC2	set	58
   211     0039                     _RC1	set	57
   212     0038                     _RC0	set	56
   213     0030                     _RB0	set	48
   214     0033                     _RB3	set	51
   215     0032                     _RB2	set	50
   216     0031                     _RB1	set	49
   217     0048                     _RE0	set	72
   218     0049                     _RE1	set	73
   219     0089                     _TRISE	set	137
   220     0088                     _TRISD	set	136
   221     0087                     _TRISC	set	135
   222     0086                     _TRISB	set	134
   223     0085                     _TRISA	set	133
   224     0189                     _ANSELH	set	393
   225     0188                     _ANSEL	set	392
   226                           
   227                           	psect	cinit
   228     07FC                     start_initialization:	
   229                           ; #config settings
   230                           
   231     07FC                     __initialization:
   232     07FC                     end_of_initialization:	
   233                           ;End of C runtime variable initialization code
   234                           
   235     07FC                     __end_of__initialization:
   236     07FC  0183               	clrf	3
   237     07FD  120A  118A  2EC2   	ljmp	_main	;jump to C main() function
   238                           
   239                           	psect	cstackCOMMON
   240     0070                     __pcstackCOMMON:
   241     0070                     ?_delay:
   242     0070                     ?_enable:	
   243                           ; 1 bytes @ 0x0
   244                           
   245     0070                     ?_main:	
   246                           ; 1 bytes @ 0x0
   247                           
   248     0070                     delay@t:	
   249                           ; 1 bytes @ 0x0
   250                           
   251                           
   252                           ; 2 bytes @ 0x0
   253     0070                     	ds	2
   254     0072                     ??_delay:
   255     0072                     ??_enable:	
   256                           ; 1 bytes @ 0x2
   257                           
   258     0072                     ?_func:	
   259                           ; 1 bytes @ 0x2
   260                           
   261     0072                     func@data:	
   262                           ; 1 bytes @ 0x2
   263                           
   264                           
   265                           ; 1 bytes @ 0x2
   266     0072                     	ds	1
   267     0073                     ??_func:
   268     0073                     func@addrs:	
   269                           ; 1 bytes @ 0x3
   270                           
   271                           
   272                           ; 1 bytes @ 0x3
   273     0073                     	ds	1
   274     0074                     ??_main:
   275     0074                     main@count:	
   276                           ; 1 bytes @ 0x4
   277                           
   278                           
   279                           ; 2 bytes @ 0x4
   280     0074                     	ds	2
   281                           
   282                           	psect	maintext
   283     06C2                     __pmaintext:	
   284 ;;
   285 ;;Main: autosize = 0, tempsize = 0, incstack = 0, save=0
   286 ;;
   287 ;; *************** function _main *****************
   288 ;; Defined at:
   289 ;;		line 44 in file "keypad_lcd.c"
   290 ;; Parameters:    Size  Location     Type
   291 ;;		None
   292 ;; Auto vars:     Size  Location     Type
   293 ;;  count           2    4[COMMON] int 
   294 ;; Return value:  Size  Location     Type
   295 ;;                  1    wreg      void 
   296 ;; Registers used:
   297 ;;		wreg, status,2, status,0, pclath, cstack
   298 ;; Tracked objects:
   299 ;;		On entry : B00/0
   300 ;;		On exit  : 0/0
   301 ;;		Unchanged: 0/0
   302 ;; Data sizes:     COMMON   BANK0   BANK1   BANK3   BANK2
   303 ;;      Params:         0       0       0       0       0
   304 ;;      Locals:         2       0       0       0       0
   305 ;;      Temps:          0       0       0       0       0
   306 ;;      Totals:         2       0       0       0       0
   307 ;;Total ram usage:        2 bytes
   308 ;; Hardware stack levels required when called: 3
   309 ;; This function calls:
   310 ;;		_enable
   311 ;;		_func
   312 ;; This function is called by:
   313 ;;		Startup code after reset
   314 ;; This function uses a non-reentrant model
   315 ;;
   316                           
   317     06C2                     _main:	
   318                           ;psect for function _main
   319                           
   320     06C2                     l796:	
   321                           ;incstack = 0
   322                           ; Regs used in _main: [wreg+status,2+status,0+pclath+cstack]
   323                           
   324                           
   325                           ;keypad_lcd.c: 46:     PORTA=0x00;
   326     06C2  1283               	bcf	3,5	;RP0=0, select bank0
   327     06C3  1303               	bcf	3,6	;RP1=0, select bank0
   328     06C4  0185               	clrf	5	;volatile
   329                           
   330                           ;keypad_lcd.c: 47:     PORTB=0x00;
   331     06C5  0186               	clrf	6	;volatile
   332                           
   333                           ;keypad_lcd.c: 48:     PORTC=0x00;
   334     06C6  0187               	clrf	7	;volatile
   335                           
   336                           ;keypad_lcd.c: 49:     PORTD=0x00;
   337     06C7  0188               	clrf	8	;volatile
   338                           
   339                           ;keypad_lcd.c: 50:     PORTE=0x00;
   340     06C8  0189               	clrf	9	;volatile
   341                           
   342                           ;keypad_lcd.c: 51:     TRISA=0x00;
   343     06C9  1683               	bsf	3,5	;RP0=1, select bank1
   344     06CA  1303               	bcf	3,6	;RP1=0, select bank1
   345     06CB  0185               	clrf	5	;volatile
   346                           
   347                           ;keypad_lcd.c: 52:     TRISB=0x00;
   348     06CC  0186               	clrf	6	;volatile
   349     06CD                     l798:
   350                           
   351                           ;keypad_lcd.c: 53:     TRISC=0xff;
   352     06CD  30FF               	movlw	255
   353     06CE  0087               	movwf	7	;volatile
   354     06CF                     l800:
   355                           
   356                           ;keypad_lcd.c: 54:     TRISD=0x00;
   357     06CF  0188               	clrf	8	;volatile
   358     06D0                     l802:
   359                           
   360                           ;keypad_lcd.c: 55:     TRISE=0x00;
   361     06D0  0189               	clrf	9	;volatile
   362     06D1                     l804:
   363                           
   364                           ;keypad_lcd.c: 56:     ANSEL=ANSELH=0x00;
   365     06D1  1683               	bsf	3,5	;RP0=1, select bank3
   366     06D2  1703               	bsf	3,6	;RP1=1, select bank3
   367     06D3  0189               	clrf	9	;volatile
   368     06D4  0188               	clrf	8	;volatile
   369                           
   370                           ;keypad_lcd.c: 57:     int count=-1;
   371     06D5  30FF               	movlw	255
   372     06D6  00F4               	movwf	main@count
   373     06D7  30FF               	movlw	255
   374     06D8  00F5               	movwf	main@count+1
   375     06D9                     l806:
   376                           
   377                           ;keypad_lcd.c: 58:     RE0=0;
   378     06D9  1283               	bcf	3,5	;RP0=0, select bank0
   379     06DA  1303               	bcf	3,6	;RP1=0, select bank0
   380     06DB  1009               	bcf	9,0	;volatile
   381                           
   382                           ;keypad_lcd.c: 59:     PORTD=0x38;
   383     06DC  3038               	movlw	56
   384     06DD  0088               	movwf	8	;volatile
   385     06DE                     l808:
   386                           
   387                           ;keypad_lcd.c: 60:     enable();
   388     06DE  120A  118A  26A9  120A  118A  	fcall	_enable
   389     06E3                     l810:
   390                           
   391                           ;keypad_lcd.c: 61:     PORTD=0x0C;
   392     06E3  300C               	movlw	12
   393     06E4  1283               	bcf	3,5	;RP0=0, select bank0
   394     06E5  1303               	bcf	3,6	;RP1=0, select bank0
   395     06E6  0088               	movwf	8	;volatile
   396                           
   397                           ;keypad_lcd.c: 62:     enable();
   398     06E7  120A  118A  26A9  120A  118A  	fcall	_enable
   399     06EC                     l812:
   400                           
   401                           ;keypad_lcd.c: 64:     {;keypad_lcd.c: 65:         RB1=RB2=RB3=0;RB0=1;
   402     06EC  1283               	bcf	3,5	;RP0=0, select bank0
   403     06ED  1303               	bcf	3,6	;RP1=0, select bank0
   404     06EE  1186               	bcf	6,3	;volatile
   405     06EF  1106               	bcf	6,2	;volatile
   406     06F0  1086               	bcf	6,1	;volatile
   407     06F1                     l814:
   408     06F1  1406               	bsf	6,0	;volatile
   409     06F2                     l816:
   410                           
   411                           ;keypad_lcd.c: 66:         if(RC0==1){count++;func(0x80+count,'1');while(RC0==1);}
   412     06F2  1C07               	btfss	7,0	;volatile
   413     06F3  2EF5               	goto	u231
   414     06F4  2EF6               	goto	u230
   415     06F5                     u231:
   416     06F5  2F0B               	goto	l60
   417     06F6                     u230:
   418     06F6                     l818:
   419     06F6  3001               	movlw	1
   420     06F7  07F4               	addwf	main@count,f
   421     06F8  1803               	skipnc
   422     06F9  0AF5               	incf	main@count+1,f
   423     06FA  3000               	movlw	0
   424     06FB  07F5               	addwf	main@count+1,f
   425     06FC                     l820:
   426     06FC  3031               	movlw	49
   427     06FD  00F2               	movwf	func@data
   428     06FE  0874               	movf	main@count,w
   429     06FF  3E80               	addlw	128
   430     0700  120A  118A  2693  120A  118A  	fcall	_func
   431     0705                     l61:
   432     0705  1283               	bcf	3,5	;RP0=0, select bank0
   433     0706  1303               	bcf	3,6	;RP1=0, select bank0
   434     0707  1807               	btfsc	7,0	;volatile
   435     0708  2F0A               	goto	u241
   436     0709  2F0B               	goto	u240
   437     070A                     u241:
   438     070A  2F05               	goto	l61
   439     070B                     u240:
   440     070B                     l60:
   441                           
   442                           ;keypad_lcd.c: 67:         if(RC1==1){count++;func(0x80+count,'2');while(RC1==1);}
   443     070B  1C87               	btfss	7,1	;volatile
   444     070C  2F0E               	goto	u251
   445     070D  2F0F               	goto	u250
   446     070E                     u251:
   447     070E  2F24               	goto	l64
   448     070F                     u250:
   449     070F                     l822:
   450     070F  3001               	movlw	1
   451     0710  07F4               	addwf	main@count,f
   452     0711  1803               	skipnc
   453     0712  0AF5               	incf	main@count+1,f
   454     0713  3000               	movlw	0
   455     0714  07F5               	addwf	main@count+1,f
   456     0715                     l824:
   457     0715  3032               	movlw	50
   458     0716  00F2               	movwf	func@data
   459     0717  0874               	movf	main@count,w
   460     0718  3E80               	addlw	128
   461     0719  120A  118A  2693  120A  118A  	fcall	_func
   462     071E                     l65:
   463     071E  1283               	bcf	3,5	;RP0=0, select bank0
   464     071F  1303               	bcf	3,6	;RP1=0, select bank0
   465     0720  1887               	btfsc	7,1	;volatile
   466     0721  2F23               	goto	u261
   467     0722  2F24               	goto	u260
   468     0723                     u261:
   469     0723  2F1E               	goto	l65
   470     0724                     u260:
   471     0724                     l64:
   472                           
   473                           ;keypad_lcd.c: 68:         if(RC2==1){count++;func(0x80+count,'3');while(RC2==1);}
   474     0724  1D07               	btfss	7,2	;volatile
   475     0725  2F27               	goto	u271
   476     0726  2F28               	goto	u270
   477     0727                     u271:
   478     0727  2F3D               	goto	l68
   479     0728                     u270:
   480     0728                     l826:
   481     0728  3001               	movlw	1
   482     0729  07F4               	addwf	main@count,f
   483     072A  1803               	skipnc
   484     072B  0AF5               	incf	main@count+1,f
   485     072C  3000               	movlw	0
   486     072D  07F5               	addwf	main@count+1,f
   487     072E                     l828:
   488     072E  3033               	movlw	51
   489     072F  00F2               	movwf	func@data
   490     0730  0874               	movf	main@count,w
   491     0731  3E80               	addlw	128
   492     0732  120A  118A  2693  120A  118A  	fcall	_func
   493     0737                     l69:
   494     0737  1283               	bcf	3,5	;RP0=0, select bank0
   495     0738  1303               	bcf	3,6	;RP1=0, select bank0
   496     0739  1907               	btfsc	7,2	;volatile
   497     073A  2F3C               	goto	u281
   498     073B  2F3D               	goto	u280
   499     073C                     u281:
   500     073C  2F37               	goto	l69
   501     073D                     u280:
   502     073D                     l68:
   503                           
   504                           ;keypad_lcd.c: 70:         RB2=RB3=RB0=0;RB1=1;
   505     073D  1006               	bcf	6,0	;volatile
   506     073E  1186               	bcf	6,3	;volatile
   507     073F  1106               	bcf	6,2	;volatile
   508     0740  1486               	bsf	6,1	;volatile
   509                           
   510                           ;keypad_lcd.c: 71:         if(RC0==1){count++;func(0x80+count,'4');while(RC0==1);}
   511     0741  1C07               	btfss	7,0	;volatile
   512     0742  2F44               	goto	u291
   513     0743  2F45               	goto	u290
   514     0744                     u291:
   515     0744  2F5A               	goto	l72
   516     0745                     u290:
   517     0745                     l830:
   518     0745  3001               	movlw	1
   519     0746  07F4               	addwf	main@count,f
   520     0747  1803               	skipnc
   521     0748  0AF5               	incf	main@count+1,f
   522     0749  3000               	movlw	0
   523     074A  07F5               	addwf	main@count+1,f
   524     074B                     l832:
   525     074B  3034               	movlw	52
   526     074C  00F2               	movwf	func@data
   527     074D  0874               	movf	main@count,w
   528     074E  3E80               	addlw	128
   529     074F  120A  118A  2693  120A  118A  	fcall	_func
   530     0754                     l73:
   531     0754  1283               	bcf	3,5	;RP0=0, select bank0
   532     0755  1303               	bcf	3,6	;RP1=0, select bank0
   533     0756  1807               	btfsc	7,0	;volatile
   534     0757  2F59               	goto	u301
   535     0758  2F5A               	goto	u300
   536     0759                     u301:
   537     0759  2F54               	goto	l73
   538     075A                     u300:
   539     075A                     l72:
   540                           
   541                           ;keypad_lcd.c: 72:         if(RC1==1){count++;func(0x80+count,'5');while(RC1==1);}
   542     075A  1C87               	btfss	7,1	;volatile
   543     075B  2F5D               	goto	u311
   544     075C  2F5E               	goto	u310
   545     075D                     u311:
   546     075D  2F73               	goto	l76
   547     075E                     u310:
   548     075E                     l834:
   549     075E  3001               	movlw	1
   550     075F  07F4               	addwf	main@count,f
   551     0760  1803               	skipnc
   552     0761  0AF5               	incf	main@count+1,f
   553     0762  3000               	movlw	0
   554     0763  07F5               	addwf	main@count+1,f
   555     0764                     l836:
   556     0764  3035               	movlw	53
   557     0765  00F2               	movwf	func@data
   558     0766  0874               	movf	main@count,w
   559     0767  3E80               	addlw	128
   560     0768  120A  118A  2693  120A  118A  	fcall	_func
   561     076D                     l77:
   562     076D  1283               	bcf	3,5	;RP0=0, select bank0
   563     076E  1303               	bcf	3,6	;RP1=0, select bank0
   564     076F  1887               	btfsc	7,1	;volatile
   565     0770  2F72               	goto	u321
   566     0771  2F73               	goto	u320
   567     0772                     u321:
   568     0772  2F6D               	goto	l77
   569     0773                     u320:
   570     0773                     l76:
   571                           
   572                           ;keypad_lcd.c: 73:         if(RC2==1){count++;func(0x80+count,'6');while(RC2==1);}
   573     0773  1D07               	btfss	7,2	;volatile
   574     0774  2F76               	goto	u331
   575     0775  2F77               	goto	u330
   576     0776                     u331:
   577     0776  2F8C               	goto	l80
   578     0777                     u330:
   579     0777                     l838:
   580     0777  3001               	movlw	1
   581     0778  07F4               	addwf	main@count,f
   582     0779  1803               	skipnc
   583     077A  0AF5               	incf	main@count+1,f
   584     077B  3000               	movlw	0
   585     077C  07F5               	addwf	main@count+1,f
   586     077D                     l840:
   587     077D  3036               	movlw	54
   588     077E  00F2               	movwf	func@data
   589     077F  0874               	movf	main@count,w
   590     0780  3E80               	addlw	128
   591     0781  120A  118A  2693  120A  118A  	fcall	_func
   592     0786                     l81:
   593     0786  1283               	bcf	3,5	;RP0=0, select bank0
   594     0787  1303               	bcf	3,6	;RP1=0, select bank0
   595     0788  1907               	btfsc	7,2	;volatile
   596     0789  2F8B               	goto	u341
   597     078A  2F8C               	goto	u340
   598     078B                     u341:
   599     078B  2F86               	goto	l81
   600     078C                     u340:
   601     078C                     l80:
   602                           
   603                           ;keypad_lcd.c: 75:         RB1=RB0=RB3=0;RB2=1;
   604     078C  1186               	bcf	6,3	;volatile
   605     078D  1006               	bcf	6,0	;volatile
   606     078E  1086               	bcf	6,1	;volatile
   607     078F  1506               	bsf	6,2	;volatile
   608                           
   609                           ;keypad_lcd.c: 76:         if(RC0==1){count++;func(0x80+count,'7');while(RC0==1);}
   610     0790  1C07               	btfss	7,0	;volatile
   611     0791  2F93               	goto	u351
   612     0792  2F94               	goto	u350
   613     0793                     u351:
   614     0793  2FA9               	goto	l84
   615     0794                     u350:
   616     0794                     l842:
   617     0794  3001               	movlw	1
   618     0795  07F4               	addwf	main@count,f
   619     0796  1803               	skipnc
   620     0797  0AF5               	incf	main@count+1,f
   621     0798  3000               	movlw	0
   622     0799  07F5               	addwf	main@count+1,f
   623     079A                     l844:
   624     079A  3037               	movlw	55
   625     079B  00F2               	movwf	func@data
   626     079C  0874               	movf	main@count,w
   627     079D  3E80               	addlw	128
   628     079E  120A  118A  2693  120A  118A  	fcall	_func
   629     07A3                     l85:
   630     07A3  1283               	bcf	3,5	;RP0=0, select bank0
   631     07A4  1303               	bcf	3,6	;RP1=0, select bank0
   632     07A5  1807               	btfsc	7,0	;volatile
   633     07A6  2FA8               	goto	u361
   634     07A7  2FA9               	goto	u360
   635     07A8                     u361:
   636     07A8  2FA3               	goto	l85
   637     07A9                     u360:
   638     07A9                     l84:
   639                           
   640                           ;keypad_lcd.c: 77:         if(RC1==1){count++;func(0x80+count,'8');while(RC1==1);}
   641     07A9  1C87               	btfss	7,1	;volatile
   642     07AA  2FAC               	goto	u371
   643     07AB  2FAD               	goto	u370
   644     07AC                     u371:
   645     07AC  2FC2               	goto	l88
   646     07AD                     u370:
   647     07AD                     l846:
   648     07AD  3001               	movlw	1
   649     07AE  07F4               	addwf	main@count,f
   650     07AF  1803               	skipnc
   651     07B0  0AF5               	incf	main@count+1,f
   652     07B1  3000               	movlw	0
   653     07B2  07F5               	addwf	main@count+1,f
   654     07B3                     l848:
   655     07B3  3038               	movlw	56
   656     07B4  00F2               	movwf	func@data
   657     07B5  0874               	movf	main@count,w
   658     07B6  3E80               	addlw	128
   659     07B7  120A  118A  2693  120A  118A  	fcall	_func
   660     07BC                     l89:
   661     07BC  1283               	bcf	3,5	;RP0=0, select bank0
   662     07BD  1303               	bcf	3,6	;RP1=0, select bank0
   663     07BE  1887               	btfsc	7,1	;volatile
   664     07BF  2FC1               	goto	u381
   665     07C0  2FC2               	goto	u380
   666     07C1                     u381:
   667     07C1  2FBC               	goto	l89
   668     07C2                     u380:
   669     07C2                     l88:
   670                           
   671                           ;keypad_lcd.c: 78:         if(RC2==1){count++;func(0x80+count,'9');while(RC2==1);}
   672     07C2  1D07               	btfss	7,2	;volatile
   673     07C3  2FC5               	goto	u391
   674     07C4  2FC6               	goto	u390
   675     07C5                     u391:
   676     07C5  2FDB               	goto	l92
   677     07C6                     u390:
   678     07C6                     l850:
   679     07C6  3001               	movlw	1
   680     07C7  07F4               	addwf	main@count,f
   681     07C8  1803               	skipnc
   682     07C9  0AF5               	incf	main@count+1,f
   683     07CA  3000               	movlw	0
   684     07CB  07F5               	addwf	main@count+1,f
   685     07CC                     l852:
   686     07CC  3039               	movlw	57
   687     07CD  00F2               	movwf	func@data
   688     07CE  0874               	movf	main@count,w
   689     07CF  3E80               	addlw	128
   690     07D0  120A  118A  2693  120A  118A  	fcall	_func
   691     07D5                     l93:
   692     07D5  1283               	bcf	3,5	;RP0=0, select bank0
   693     07D6  1303               	bcf	3,6	;RP1=0, select bank0
   694     07D7  1907               	btfsc	7,2	;volatile
   695     07D8  2FDA               	goto	u401
   696     07D9  2FDB               	goto	u400
   697     07DA                     u401:
   698     07DA  2FD5               	goto	l93
   699     07DB                     u400:
   700     07DB                     l92:
   701                           
   702                           ;keypad_lcd.c: 80:         RB1=RB2=RB0=0;RB3=1;
   703     07DB  1006               	bcf	6,0	;volatile
   704     07DC  1106               	bcf	6,2	;volatile
   705     07DD  1086               	bcf	6,1	;volatile
   706     07DE  1586               	bsf	6,3	;volatile
   707                           
   708                           ;keypad_lcd.c: 81:         if(RC1==1){count++;func(0x80+count,'0');while(RC1==1);}
   709     07DF  1C87               	btfss	7,1	;volatile
   710     07E0  2FE2               	goto	u411
   711     07E1  2FE3               	goto	u410
   712     07E2                     u411:
   713     07E2  2EEC               	goto	l812
   714     07E3                     u410:
   715     07E3                     l854:
   716     07E3  3001               	movlw	1
   717     07E4  07F4               	addwf	main@count,f
   718     07E5  1803               	skipnc
   719     07E6  0AF5               	incf	main@count+1,f
   720     07E7  3000               	movlw	0
   721     07E8  07F5               	addwf	main@count+1,f
   722     07E9                     l856:
   723     07E9  3030               	movlw	48
   724     07EA  00F2               	movwf	func@data
   725     07EB  0874               	movf	main@count,w
   726     07EC  3E80               	addlw	128
   727     07ED  120A  118A  2693  120A  118A  	fcall	_func
   728     07F2                     l97:
   729     07F2  1283               	bcf	3,5	;RP0=0, select bank0
   730     07F3  1303               	bcf	3,6	;RP1=0, select bank0
   731     07F4  1887               	btfsc	7,1	;volatile
   732     07F5  2FF7               	goto	u421
   733     07F6  2FF8               	goto	u420
   734     07F7                     u421:
   735     07F7  2FF2               	goto	l97
   736     07F8                     u420:
   737     07F8  2EEC               	goto	l812
   738     07F9  120A  118A  2800   	ljmp	start
   739     07FC                     __end_of_main:
   740                           
   741                           	psect	text1
   742     0693                     __ptext1:	
   743 ;; *************** function _func *****************
   744 ;; Defined at:
   745 ;;		line 34 in file "keypad_lcd.c"
   746 ;; Parameters:    Size  Location     Type
   747 ;;  addrs           1    wreg     unsigned char 
   748 ;;  data            1    2[COMMON] unsigned char 
   749 ;; Auto vars:     Size  Location     Type
   750 ;;  addrs           1    3[COMMON] unsigned char 
   751 ;; Return value:  Size  Location     Type
   752 ;;                  1    wreg      void 
   753 ;; Registers used:
   754 ;;		wreg, status,2, status,0, pclath, cstack
   755 ;; Tracked objects:
   756 ;;		On entry : 0/0
   757 ;;		On exit  : 0/0
   758 ;;		Unchanged: 0/0
   759 ;; Data sizes:     COMMON   BANK0   BANK1   BANK3   BANK2
   760 ;;      Params:         1       0       0       0       0
   761 ;;      Locals:         1       0       0       0       0
   762 ;;      Temps:          0       0       0       0       0
   763 ;;      Totals:         2       0       0       0       0
   764 ;;Total ram usage:        2 bytes
   765 ;; Hardware stack levels used: 1
   766 ;; Hardware stack levels required when called: 2
   767 ;; This function calls:
   768 ;;		_enable
   769 ;; This function is called by:
   770 ;;		_main
   771 ;; This function uses a non-reentrant model
   772 ;;
   773                           
   774     0693                     _func:	
   775                           ;psect for function _func
   776                           
   777                           
   778                           ;incstack = 0
   779                           ; Regs used in _func: [wreg+status,2+status,0+pclath+cstack]
   780                           ;func@addrs stored from wreg
   781     0693  00F3               	movwf	func@addrs
   782     0694                     l786:
   783                           
   784                           ;keypad_lcd.c: 34: void func(char addrs, char data);keypad_lcd.c: 35: {;keypad_lcd.c: 36
      +                          :     RE0=0;
   785     0694  1283               	bcf	3,5	;RP0=0, select bank0
   786     0695  1303               	bcf	3,6	;RP1=0, select bank0
   787     0696  1009               	bcf	9,0	;volatile
   788     0697                     l788:
   789                           
   790                           ;keypad_lcd.c: 37:     PORTD=addrs;
   791     0697  0873               	movf	func@addrs,w
   792     0698  0088               	movwf	8	;volatile
   793     0699                     l790:
   794                           
   795                           ;keypad_lcd.c: 38:     enable();
   796     0699  120A  118A  26A9  120A  118A  	fcall	_enable
   797     069E                     l792:
   798                           
   799                           ;keypad_lcd.c: 39:     RE0=1;
   800     069E  1283               	bcf	3,5	;RP0=0, select bank0
   801     069F  1303               	bcf	3,6	;RP1=0, select bank0
   802     06A0  1409               	bsf	9,0	;volatile
   803     06A1                     l794:
   804                           
   805                           ;keypad_lcd.c: 40:     PORTD=data;
   806     06A1  0872               	movf	func@data,w
   807     06A2  0088               	movwf	8	;volatile
   808                           
   809                           ;keypad_lcd.c: 41:     enable();
   810     06A3  120A  118A  26A9  120A  118A  	fcall	_enable
   811     06A8                     l54:
   812     06A8  0008               	return
   813     06A9                     __end_of_func:
   814                           
   815                           	psect	text2
   816     06A9                     __ptext2:	
   817 ;; *************** function _enable *****************
   818 ;; Defined at:
   819 ;;		line 26 in file "keypad_lcd.c"
   820 ;; Parameters:    Size  Location     Type
   821 ;;		None
   822 ;; Auto vars:     Size  Location     Type
   823 ;;		None
   824 ;; Return value:  Size  Location     Type
   825 ;;                  1    wreg      void 
   826 ;; Registers used:
   827 ;;		wreg, status,2, status,0, pclath, cstack
   828 ;; Tracked objects:
   829 ;;		On entry : 0/0
   830 ;;		On exit  : 0/0
   831 ;;		Unchanged: 0/0
   832 ;; Data sizes:     COMMON   BANK0   BANK1   BANK3   BANK2
   833 ;;      Params:         0       0       0       0       0
   834 ;;      Locals:         0       0       0       0       0
   835 ;;      Temps:          0       0       0       0       0
   836 ;;      Totals:         0       0       0       0       0
   837 ;;Total ram usage:        0 bytes
   838 ;; Hardware stack levels used: 1
   839 ;; Hardware stack levels required when called: 1
   840 ;; This function calls:
   841 ;;		_delay
   842 ;; This function is called by:
   843 ;;		_func
   844 ;;		_main
   845 ;; This function uses a non-reentrant model
   846 ;;
   847                           
   848     06A9                     _enable:	
   849                           ;psect for function _enable
   850                           
   851     06A9                     l780:	
   852                           ;incstack = 0
   853                           ; Regs used in _enable: [wreg+status,2+status,0+pclath+cstack]
   854                           
   855                           
   856                           ;keypad_lcd.c: 28:     RE1=1;
   857     06A9  1283               	bcf	3,5	;RP0=0, select bank0
   858     06AA  1303               	bcf	3,6	;RP1=0, select bank0
   859     06AB  1489               	bsf	9,1	;volatile
   860     06AC                     l782:
   861                           
   862                           ;keypad_lcd.c: 29:     delay(100);
   863     06AC  3064               	movlw	100
   864     06AD  00F0               	movwf	delay@t
   865     06AE  3000               	movlw	0
   866     06AF  00F1               	movwf	delay@t+1
   867     06B0  120A  118A  2684  120A  118A  	fcall	_delay
   868     06B5                     l784:
   869                           
   870                           ;keypad_lcd.c: 30:     RE1=0;
   871     06B5  1283               	bcf	3,5	;RP0=0, select bank0
   872     06B6  1303               	bcf	3,6	;RP1=0, select bank0
   873     06B7  1089               	bcf	9,1	;volatile
   874                           
   875                           ;keypad_lcd.c: 31:     delay(100);
   876     06B8  3064               	movlw	100
   877     06B9  00F0               	movwf	delay@t
   878     06BA  3000               	movlw	0
   879     06BB  00F1               	movwf	delay@t+1
   880     06BC  120A  118A  2684  120A  118A  	fcall	_delay
   881     06C1                     l51:
   882     06C1  0008               	return
   883     06C2                     __end_of_enable:
   884                           
   885                           	psect	text3
   886     0684                     __ptext3:	
   887 ;; *************** function _delay *****************
   888 ;; Defined at:
   889 ;;		line 22 in file "keypad_lcd.c"
   890 ;; Parameters:    Size  Location     Type
   891 ;;  t               2    0[COMMON] int 
   892 ;; Auto vars:     Size  Location     Type
   893 ;;		None
   894 ;; Return value:  Size  Location     Type
   895 ;;                  1    wreg      void 
   896 ;; Registers used:
   897 ;;		wreg, status,2, status,0
   898 ;; Tracked objects:
   899 ;;		On entry : 0/0
   900 ;;		On exit  : 0/0
   901 ;;		Unchanged: 0/0
   902 ;; Data sizes:     COMMON   BANK0   BANK1   BANK3   BANK2
   903 ;;      Params:         2       0       0       0       0
   904 ;;      Locals:         0       0       0       0       0
   905 ;;      Temps:          0       0       0       0       0
   906 ;;      Totals:         2       0       0       0       0
   907 ;;Total ram usage:        2 bytes
   908 ;; Hardware stack levels used: 1
   909 ;; This function calls:
   910 ;;		Nothing
   911 ;; This function is called by:
   912 ;;		_enable
   913 ;; This function uses a non-reentrant model
   914 ;;
   915                           
   916     0684                     _delay:	
   917                           ;psect for function _delay
   918                           
   919     0684                     l776:	
   920                           ;incstack = 0
   921                           ; Regs used in _delay: [wreg+status,2+status,0]
   922                           
   923     0684                     l778:	
   924                           ;keypad_lcd.c: 22: void delay(int t);keypad_lcd.c: 23: {;keypad_lcd.c: 24:     while(t--
      +                          );
   925                           
   926     0684  30FF               	movlw	255
   927     0685  07F0               	addwf	delay@t,f
   928     0686  1803               	skipnc
   929     0687  0AF1               	incf	delay@t+1,f
   930     0688  30FF               	movlw	255
   931     0689  07F1               	addwf	delay@t+1,f
   932     068A  0A70               	incf	delay@t,w
   933     068B  1D03               	skipz
   934     068C  2E91               	goto	u221
   935     068D  0A71               	incf	delay@t+1,w
   936     068E  1D03               	btfss	3,2
   937     068F  2E91               	goto	u221
   938     0690  2E92               	goto	u220
   939     0691                     u221:
   940     0691  2E84               	goto	l778
   941     0692                     u220:
   942     0692                     l48:
   943     0692  0008               	return
   944     0693                     __end_of_delay:
   945     007E                     btemp	set	126	;btemp
   946     007E                     wtemp0	set	126
   947                           
   948                           	psect	idloc
   949                           
   950                           ;Config register IDLOC0 @ 0x2000
   951                           ;	unspecified, using default values
   952     2000                     	org	8192
   953     2000  3FFF               	dw	16383
   954                           
   955                           ;Config register IDLOC1 @ 0x2001
   956                           ;	unspecified, using default values
   957     2001                     	org	8193
   958     2001  3FFF               	dw	16383
   959                           
   960                           ;Config register IDLOC2 @ 0x2002
   961                           ;	unspecified, using default values
   962     2002                     	org	8194
   963     2002  3FFF               	dw	16383
   964                           
   965                           ;Config register IDLOC3 @ 0x2003
   966                           ;	unspecified, using default values
   967     2003                     	org	8195
   968     2003  3FFF               	dw	16383
   969                           
   970                           	psect	config
   971                           
   972                           ;Config register CONFIG1 @ 0x2007
   973                           ;	Oscillator Selection bits
   974                           ;	FOSC = INTRC_NOCLKOUT, INTOSCIO oscillator: I/O function on RA6/OSC2/CLKOUT pin, I/O f
      +                          unction on RA7/OSC1/CLKIN
   975                           ;	Watchdog Timer Enable bit
   976                           ;	WDTE = OFF, WDT disabled and can be enabled by SWDTEN bit of the WDTCON register
   977                           ;	Power-up Timer Enable bit
   978                           ;	PWRTE = ON, PWRT enabled
   979                           ;	RE3/MCLR pin function select bit
   980                           ;	MCLRE = ON, RE3/MCLR pin function is MCLR
   981                           ;	Code Protection bit
   982                           ;	CP = OFF, Program memory code protection is disabled
   983                           ;	Data Code Protection bit
   984                           ;	CPD = OFF, Data memory code protection is disabled
   985                           ;	Brown Out Reset Selection bits
   986                           ;	BOREN = OFF, BOR disabled
   987                           ;	Internal External Switchover bit
   988                           ;	IESO = ON, Internal/External Switchover mode is enabled
   989                           ;	Fail-Safe Clock Monitor Enabled bit
   990                           ;	FCMEN = ON, Fail-Safe Clock Monitor is enabled
   991                           ;	Low Voltage Programming Enable bit
   992                           ;	LVP = OFF, RB3 pin has digital I/O, HV on MCLR must be used for programming
   993                           ;	In-Circuit Debugger Mode bit
   994                           ;	DEBUG = 0x1, unprogrammed default
   995     2007                     	org	8199
   996     2007  2CE4               	dw	11492
   997                           
   998                           ;Config register CONFIG2 @ 0x2008
   999                           ;	Brown-out Reset Selection bit
  1000                           ;	BOR4V = BOR40V, Brown-out Reset set to 4.0V
  1001                           ;	Flash Program Memory Self Write Enable bits
  1002                           ;	WRT = OFF, Write protection off
  1003     2008                     	org	8200
  1004     2008  3FFF               	dw	16383

Data Sizes:
    Strings     0
    Constant    0
    Data        0
    BSS         0
    Persistent  0
    Stack       0

Auto Spaces:
    Space          Size  Autos    Used
    COMMON           14      6       6
    BANK0            80      0       0
    BANK1            80      0       0
    BANK3            96      0       0
    BANK2            96      0       0

Pointer List with Targets:

    None.

Critical Paths under _main in COMMON

    _main->_func
    _enable->_delay

Critical Paths under _main in BANK0

    None.

Critical Paths under _main in BANK1

    None.

Critical Paths under _main in BANK3

    None.

Critical Paths under _main in BANK2

    None.

Call Graph Tables:

 ---------------------------------------------------------------------------------
 (Depth) Function   	        Calls       Base Space   Used Autos Params    Refs
 ---------------------------------------------------------------------------------
 (0) _main                                                 2     2      0    1383
                                              4 COMMON     2     2      0
                             _enable
                               _func
 ---------------------------------------------------------------------------------
 (1) _func                                                 2     1      1     978
                                              2 COMMON     2     1      1
                             _enable
 ---------------------------------------------------------------------------------
 (2) _enable                                               0     0      0     174
                              _delay
 ---------------------------------------------------------------------------------
 (3) _delay                                                2     0      2     174
                                              0 COMMON     2     0      2
 ---------------------------------------------------------------------------------
 Estimated maximum stack depth 3
 ---------------------------------------------------------------------------------

 Call Graph Graphs:

 _main (ROOT)
   _enable
     _delay
   _func
     _enable

 Address spaces:
Name               Size   Autos  Total    Cost      Usage
BITCOMMON            E      0       0       0        0.0%
EEDATA             100      0       0       0        0.0%
NULL                 0      0       0       0        0.0%
CODE                 0      0       0       0        0.0%
COMMON               E      6       6       1       42.9%
BITSFR0              0      0       0       1        0.0%
SFR0                 0      0       0       1        0.0%
BITSFR1              0      0       0       2        0.0%
SFR1                 0      0       0       2        0.0%
STACK                0      0       0       2        0.0%
ABS                  0      0       0       3        0.0%
BITBANK0            50      0       0       4        0.0%
BITSFR3              0      0       0       4        0.0%
SFR3                 0      0       0       4        0.0%
BANK0               50      0       0       5        0.0%
BITSFR2              0      0       0       5        0.0%
SFR2                 0      0       0       5        0.0%
BITBANK1            50      0       0       6        0.0%
BANK1               50      0       0       7        0.0%
BITBANK3            60      0       0       8        0.0%
BANK3               60      0       0       9        0.0%
BITBANK2            60      0       0      10        0.0%
BANK2               60      0       0      11        0.0%
DATA                 0      0       0      12        0.0%


Microchip Technology PIC Macro Assembler V2.40 build 20220703182018 
Symbol Table                                                                                   Thu May 22 10:07:20 2025

                     l51 06C1                       l60 070B                       l61 0705  
                     l54 06A8                       l48 0692                       l80 078C  
                     l72 075A                       l64 0724                       l81 0786  
                     l73 0754                       l65 071E                       l92 07DB  
                     l84 07A9                       l76 0773                       l68 073D  
                     l93 07D5                       l85 07A3                       l77 076D  
                     l69 0737                       l88 07C2                       l97 07F2  
                     l89 07BC                      l800 06CF                      l810 06E3  
                    l802 06D0                      l820 06FC                      l812 06EC  
                    l804 06D1                      l830 0745                      l822 070F  
                    l814 06F1                      l806 06D9                      l840 077D  
                    l832 074B                      l824 0715                      l816 06F2  
                    l808 06DE                      l850 07C6                      l842 0794  
                    l834 075E                      l826 0728                      l818 06F6  
                    l780 06A9                      l852 07CC                      l844 079A  
                    l836 0764                      l828 072E                      l782 06AC  
                    l790 0699                      l854 07E3                      l846 07AD  
                    l838 0777                      l776 0684                      l784 06B5  
                    l792 069E                      l856 07E9                      l848 07B3  
                    l778 0684                      l794 06A1                      l786 0694  
                    l788 0697                      l796 06C2                      l798 06CD  
                    _RB0 0030                      _RB1 0031                      _RB2 0032  
                    _RC0 0038                      _RB3 0033                      _RC1 0039  
                    _RC2 003A                      _RE0 0048                      _RE1 0049  
                    u220 0692                      u300 075A                      u221 0691  
                    u301 0759                      u310 075E                      u230 06F6  
                    u311 075D                      u231 06F5                      u400 07DB  
                    u320 0773                      u240 070B                      u401 07DA  
                    u321 0772                      u241 070A                      u410 07E3  
                    u330 0777                      u250 070F                      u411 07E2  
                    u331 0776                      u251 070E                      u420 07F8  
                    u340 078C                      u260 0724                      u421 07F7  
                    u341 078B                      u261 0723                      u350 0794  
                    u270 0728                      u351 0793                      u271 0727  
                    u360 07A9                      u280 073D                      u361 07A8  
                    u281 073C                      u370 07AD                      u290 0745  
                    u371 07AC                      u291 0744                      u380 07C2  
                    u381 07C1                      u390 07C6                      u391 07C5  
                   _main 06C2                     _func 0693                     btemp 007E  
                   start 0000                    ?_main 0070                    ?_func 0072  
                  _ANSEL 0188                    _PORTA 0005                    _PORTB 0006  
                  _PORTC 0007                    _PORTD 0008                    _PORTE 0009  
                  _TRISA 0085                    _TRISB 0086                    _TRISC 0087  
                  _TRISD 0088                    _TRISE 0089                    _delay 0684  
                  status 0003                    wtemp0 007E          __initialization 07FC  
           __end_of_main 07FC             __end_of_func 06A9                   ??_main 0074  
                 ??_func 0073                   ?_delay 0070                   _ANSELH 0189  
                 _enable 06A9                   delay@t 0070  __end_of__initialization 07FC  
         __pcstackCOMMON 0070            __end_of_delay 0693                  ??_delay 0072  
             __pmaintext 06C2                  ?_enable 0070                  __ptext1 0693  
                __ptext2 06A9                  __ptext3 0684     end_of_initialization 07FC  
         __end_of_enable 06C2      start_initialization 07FC                 ??_enable 0072  
              ___latbits 0002                main@count 0074                func@addrs 0073  
               func@data 0072  
