

Microchip MPLAB XC8 Assembler V2.40 build 20220703182018 
                                                                                               Tue Jul 01 11:15:50 2025

Microchip MPLAB XC8 C Compiler v2.40 (Free license) build 20220703182018 Og1 
     1                           	processor	16F887
     2                           	pagewidth 120
     3                           	opt	flic
     4                           	psect	strings,global,class=STRING,delta=2,noexec
     5                           	psect	cinit,global,class=CODE,merge=1,delta=2
     6                           	psect	bssCOMMON,global,class=COMMON,space=1,delta=1,noexec
     7                           	psect	cstackCOMMON,global,class=COMMON,space=1,delta=1,noexec
     8                           	psect	cstackBANK0,global,class=BANK0,space=1,delta=1,noexec
     9                           	psect	maintext,global,class=CODE,split=1,delta=2
    10                           	psect	text1,local,class=CODE,merge=1,delta=2
    11                           	psect	text2,local,class=CODE,merge=1,delta=2
    12                           	psect	text3,local,class=CODE,merge=1,delta=2
    13                           	psect	text4,local,class=CODE,merge=1,delta=2
    14                           	psect	text5,local,class=CODE,merge=1,delta=2
    15                           	psect	intentry,global,class=CODE,delta=2
    16                           	psect	text6,local,class=CODE,merge=1,delta=2
    17                           	psect	text7,local,class=CODE,merge=1,delta=2
    18                           	psect	text8,local,class=CODE,merge=1,delta=2
    19                           	psect	idloc,global,abs,ovrld,class=IDLOC,space=5,delta=2,noexec
    20                           	psect	config,global,abs,ovrld,class=CONFIG,space=4,delta=2,noexec
    21                           	dabs	1,0x7E,2
    22     0000                     
    23                           ; Version 2.40
    24                           ; Generated 17/11/2021 GMT
    25                           ; 
    26                           ; Copyright © 2021, Microchip Technology Inc. and its subsidiaries ("Microchip")
    27                           ; All rights reserved.
    28                           ; 
    29                           ; This software is developed by Microchip Technology Inc. and its subsidiaries ("Microch
      +                          ip").
    30                           ; 
    31                           ; Redistribution and use in source and binary forms, with or without modification, are
    32                           ; permitted provided that the following conditions are met:
    33                           ; 
    34                           ;     1. Redistributions of source code must retain the above copyright notice, this lis
      +                          t of
    35                           ;        conditions and the following disclaimer.
    36                           ; 
    37                           ;     2. Redistributions in binary form must reproduce the above copyright notice, this 
      +                          list
    38                           ;        of conditions and the following disclaimer in the documentation and/or other
    39                           ;        materials provided with the distribution. Publication is not required when
    40                           ;        this file is used in an embedded application.
    41                           ; 
    42                           ;     3. Microchip's name may not be used to endorse or promote products derived from th
      +                          is
    43                           ;        software without specific prior written permission.
    44                           ; 
    45                           ; THIS SOFTWARE IS PROVIDED BY MICROCHIP "AS IS" AND ANY EXPRESS OR IMPLIED WARRANTIES,
    46                           ; INCLUDING, BUT NOT LIMITED TO, THE IMPLIED WARRANTIES OF MERCHANTABILITY AND FITNESS F
      +                          OR
    47                           ; PURPOSE ARE DISCLAIMED.  IN NO EVENT SHALL MICROCHIP BE LIABLE FOR ANY DIRECT, INDIREC
      +                          T,
    48                           ; INCIDENTAL, SPECIAL, EXEMPLARY, OR CONSEQUENTIAL DAMAGES (INCLUDING BUT NOT LIMITED TO
    49                           ; PROCUREMENT OF SUBSTITUTE GOODS OR SERVICES; LOSS OF USE, DATA OR PROFITS; OR BUSINESS
    50                           ; INTERRUPTION) HOWSOEVER CAUSED AND ON ANY THEORY OF LIABILITY, WHETHER IN CONTRACT, ST
      +                          RICT
    51                           ; LIABILITY, OR TORT (INCLUDING NEGLIGENCE OR OTHERWISE) ARISING IN ANY WAY OUT OF THE U
      +                          SE OF
    52                           ; THIS SOFTWARE, EVEN IF ADVISED OF THE POSSIBILITY OF SUCH DAMAGE.
    53                           ; 
    54                           ; 
    55                           ; Code-generator required, PIC16F887 Definitions
    56                           ; 
    57                           ; SFR Addresses
    58     0000                     	;# 
    59     0001                     	;# 
    60     0002                     	;# 
    61     0003                     	;# 
    62     0004                     	;# 
    63     0005                     	;# 
    64     0006                     	;# 
    65     0007                     	;# 
    66     0008                     	;# 
    67     0009                     	;# 
    68     000A                     	;# 
    69     000B                     	;# 
    70     000C                     	;# 
    71     000D                     	;# 
    72     000E                     	;# 
    73     000E                     	;# 
    74     000F                     	;# 
    75     0010                     	;# 
    76     0011                     	;# 
    77     0012                     	;# 
    78     0013                     	;# 
    79     0014                     	;# 
    80     0015                     	;# 
    81     0015                     	;# 
    82     0016                     	;# 
    83     0017                     	;# 
    84     0018                     	;# 
    85     0019                     	;# 
    86     001A                     	;# 
    87     001B                     	;# 
    88     001B                     	;# 
    89     001C                     	;# 
    90     001D                     	;# 
    91     001E                     	;# 
    92     001F                     	;# 
    93     0081                     	;# 
    94     0085                     	;# 
    95     0086                     	;# 
    96     0087                     	;# 
    97     0088                     	;# 
    98     0089                     	;# 
    99     008C                     	;# 
   100     008D                     	;# 
   101     008E                     	;# 
   102     008F                     	;# 
   103     0090                     	;# 
   104     0091                     	;# 
   105     0092                     	;# 
   106     0093                     	;# 
   107     0093                     	;# 
   108     0093                     	;# 
   109     0094                     	;# 
   110     0095                     	;# 
   111     0096                     	;# 
   112     0097                     	;# 
   113     0098                     	;# 
   114     0099                     	;# 
   115     009A                     	;# 
   116     009B                     	;# 
   117     009C                     	;# 
   118     009D                     	;# 
   119     009E                     	;# 
   120     009F                     	;# 
   121     0105                     	;# 
   122     0107                     	;# 
   123     0108                     	;# 
   124     0109                     	;# 
   125     010C                     	;# 
   126     010C                     	;# 
   127     010D                     	;# 
   128     010E                     	;# 
   129     010F                     	;# 
   130     0185                     	;# 
   131     0187                     	;# 
   132     0188                     	;# 
   133     0189                     	;# 
   134     018C                     	;# 
   135     018D                     	;# 
   136     0000                     	;# 
   137     0001                     	;# 
   138     0002                     	;# 
   139     0003                     	;# 
   140     0004                     	;# 
   141     0005                     	;# 
   142     0006                     	;# 
   143     0007                     	;# 
   144     0008                     	;# 
   145     0009                     	;# 
   146     000A                     	;# 
   147     000B                     	;# 
   148     000C                     	;# 
   149     000D                     	;# 
   150     000E                     	;# 
   151     000E                     	;# 
   152     000F                     	;# 
   153     0010                     	;# 
   154     0011                     	;# 
   155     0012                     	;# 
   156     0013                     	;# 
   157     0014                     	;# 
   158     0015                     	;# 
   159     0015                     	;# 
   160     0016                     	;# 
   161     0017                     	;# 
   162     0018                     	;# 
   163     0019                     	;# 
   164     001A                     	;# 
   165     001B                     	;# 
   166     001B                     	;# 
   167     001C                     	;# 
   168     001D                     	;# 
   169     001E                     	;# 
   170     001F                     	;# 
   171     0081                     	;# 
   172     0085                     	;# 
   173     0086                     	;# 
   174     0087                     	;# 
   175     0088                     	;# 
   176     0089                     	;# 
   177     008C                     	;# 
   178     008D                     	;# 
   179     008E                     	;# 
   180     008F                     	;# 
   181     0090                     	;# 
   182     0091                     	;# 
   183     0092                     	;# 
   184     0093                     	;# 
   185     0093                     	;# 
   186     0093                     	;# 
   187     0094                     	;# 
   188     0095                     	;# 
   189     0096                     	;# 
   190     0097                     	;# 
   191     0098                     	;# 
   192     0099                     	;# 
   193     009A                     	;# 
   194     009B                     	;# 
   195     009C                     	;# 
   196     009D                     	;# 
   197     009E                     	;# 
   198     009F                     	;# 
   199     0105                     	;# 
   200     0107                     	;# 
   201     0108                     	;# 
   202     0109                     	;# 
   203     010C                     	;# 
   204     010C                     	;# 
   205     010D                     	;# 
   206     010E                     	;# 
   207     010F                     	;# 
   208     0185                     	;# 
   209     0187                     	;# 
   210     0188                     	;# 
   211     0189                     	;# 
   212     018C                     	;# 
   213     018D                     	;# 
   214     0018                     _RCSTA	set	24
   215     0009                     _PORTE	set	9
   216     0007                     _PORTC	set	7
   217     0005                     _PORTA	set	5
   218     0019                     _TXREG	set	25
   219     001A                     _RCREG	set	26
   220     0008                     _PORTD	set	8
   221     0028                     _RA0	set	40
   222     005F                     _GIE	set	95
   223     005E                     _PEIE	set	94
   224     0064                     _TXIF	set	100
   225     0065                     _RCIF	set	101
   226     0048                     _RE0	set	72
   227     0049                     _RE1	set	73
   228     0098                     _TXSTA	set	152
   229     0099                     _SPBRG	set	153
   230     0089                     _TRISE	set	137
   231     0088                     _TRISD	set	136
   232     0087                     _TRISC	set	135
   233     0085                     _TRISA	set	133
   234     0465                     _RCIE	set	1125
   235     0189                     _ANSELH	set	393
   236     0188                     _ANSEL	set	392
   237                           
   238                           	psect	strings
   239     0140                     __pstrings:
   240     0140                     stringtab:
   241     0140                     __stringtab:
   242     0140                     stringcode:	
   243                           ;	String table - string pointers are 1 byte each
   244                           
   245     0140                     stringdir:
   246     0140  3001               	movlw	high stringdir
   247     0141  008A               	movwf	10
   248     0142  0804               	movf	4,w
   249     0143  0A84               	incf	4,f
   250     0144  0782               	addwf	2,f
   251     0145                     __stringbase:
   252     0145  3400               	retlw	0
   253     0146                     __end_of__stringtab:
   254     0146                     STR_1:
   255     0146  3446               	retlw	70	;'F'
   256     0147  3452               	retlw	82	;'R'
   257     0148  3445               	retlw	69	;'E'
   258     0149  3445               	retlw	69	;'E'
   259     014A  3400               	retlw	0
   260                           
   261                           	psect	cinit
   262     000F                     start_initialization:	
   263                           ; #config settings
   264                           
   265     000F                     __initialization:
   266                           
   267                           ; Clear objects allocated to COMMON
   268     000F  01F7               	clrf	__pbssCOMMON& (0+127)
   269     0010                     end_of_initialization:	
   270                           ;End of C runtime variable initialization code
   271                           
   272     0010                     __end_of__initialization:
   273     0010  0183               	clrf	3
   274     0011  120A  118A  2814   	ljmp	_main	;jump to C main() function
   275                           
   276                           	psect	bssCOMMON
   277     0077                     __pbssCOMMON:
   278     0077                     _data:
   279     0077                     	ds	1
   280                           
   281                           	psect	cstackCOMMON
   282     0070                     __pcstackCOMMON:
   283     0070                     ?_enable:
   284     0070                     ?_receive:	
   285                           ; 1 bytes @ 0x0
   286                           
   287     0070                     ?_transmit:	
   288                           ; 1 bytes @ 0x0
   289                           
   290     0070                     ?_main:	
   291                           ; 1 bytes @ 0x0
   292                           
   293     0070                     ?i1_delay:	
   294                           ; 1 bytes @ 0x0
   295                           
   296     0070                     ?i1_enable:	
   297                           ; 1 bytes @ 0x0
   298                           
   299     0070                     i1delay@t:	
   300                           ; 1 bytes @ 0x0
   301                           
   302                           
   303                           ; 2 bytes @ 0x0
   304     0070                     	ds	2
   305     0072                     ??i1_delay:
   306     0072                     ??i1_enable:	
   307                           ; 1 bytes @ 0x2
   308                           
   309     0072                     ?i1_lcd:	
   310                           ; 1 bytes @ 0x2
   311                           
   312     0072                     i1lcd@rs:	
   313                           ; 1 bytes @ 0x2
   314                           
   315                           
   316                           ; 2 bytes @ 0x2
   317     0072                     	ds	2
   318     0074                     i1lcd@chr:
   319                           
   320                           ; 1 bytes @ 0x4
   321     0074                     	ds	1
   322     0075                     ??_receive:
   323     0075                     ??i1_lcd:	
   324                           ; 1 bytes @ 0x5
   325                           
   326                           
   327                           ; 1 bytes @ 0x5
   328     0075                     	ds	2
   329                           
   330                           	psect	cstackBANK0
   331     0020                     __pcstackBANK0:
   332     0020                     ?_delay:
   333     0020                     ??_transmit:	
   334                           ; 1 bytes @ 0x0
   335                           
   336     0020                     transmit@str:	
   337                           ; 1 bytes @ 0x0
   338                           
   339     0020                     delay@t:	
   340                           ; 1 bytes @ 0x0
   341                           
   342                           
   343                           ; 2 bytes @ 0x0
   344     0020                     	ds	1
   345     0021                     transmit@i:
   346                           
   347                           ; 2 bytes @ 0x1
   348     0021                     	ds	1
   349     0022                     ??_delay:
   350     0022                     ??_enable:	
   351                           ; 1 bytes @ 0x2
   352                           
   353     0022                     ?_lcd:	
   354                           ; 1 bytes @ 0x2
   355                           
   356     0022                     lcd@rs:	
   357                           ; 1 bytes @ 0x2
   358                           
   359                           
   360                           ; 2 bytes @ 0x2
   361     0022                     	ds	2
   362     0024                     lcd@chr:
   363                           
   364                           ; 1 bytes @ 0x4
   365     0024                     	ds	1
   366     0025                     ??_lcd:
   367     0025                     ??_main:	
   368                           ; 1 bytes @ 0x5
   369                           
   370                           
   371                           	psect	maintext
   372     0014                     __pmaintext:	
   373                           ; 1 bytes @ 0x5
   374 ;;
   375 ;;Main: autosize = 0, tempsize = 0, incstack = 0, save=0
   376 ;;
   377 ;; *************** function _main *****************
   378 ;; Defined at:
   379 ;;		line 64 in file "f_dplx1.c"
   380 ;; Parameters:    Size  Location     Type
   381 ;;		None
   382 ;; Auto vars:     Size  Location     Type
   383 ;;		None
   384 ;; Return value:  Size  Location     Type
   385 ;;                  1    wreg      void 
   386 ;; Registers used:
   387 ;;		wreg, fsr0l, fsr0h, status,2, status,0, pclath, cstack
   388 ;; Tracked objects:
   389 ;;		On entry : B00/0
   390 ;;		On exit  : 0/0
   391 ;;		Unchanged: 0/0
   392 ;; Data sizes:     COMMON   BANK0   BANK1   BANK3   BANK2
   393 ;;      Params:         0       0       0       0       0
   394 ;;      Locals:         0       0       0       0       0
   395 ;;      Temps:          0       0       0       0       0
   396 ;;      Totals:         0       0       0       0       0
   397 ;;Total ram usage:        0 bytes
   398 ;; Hardware stack levels required when called: 7
   399 ;; This function calls:
   400 ;;		_lcd
   401 ;;		_transmit
   402 ;; This function is called by:
   403 ;;		Startup code after reset
   404 ;; This function uses a non-reentrant model
   405 ;;
   406                           
   407     0014                     _main:	
   408                           ;psect for function _main
   409                           
   410     0014                     l879:	
   411                           ;incstack = 0
   412                           ; Regs used in _main: [wreg-fsr0h+status,2+status,0+pclath+cstack]
   413                           
   414                           
   415                           ;f_dplx1.c: 66:     PORTA=0x00;
   416     0014  1283               	bcf	3,5	;RP0=0, select bank0
   417     0015  1303               	bcf	3,6	;RP1=0, select bank0
   418     0016  0185               	clrf	5	;volatile
   419     0017                     l881:
   420                           
   421                           ;f_dplx1.c: 67:     TRISA=0x01;
   422     0017  3001               	movlw	1
   423     0018  1683               	bsf	3,5	;RP0=1, select bank1
   424     0019  1303               	bcf	3,6	;RP1=0, select bank1
   425     001A  0085               	movwf	5	;volatile
   426     001B                     l883:
   427                           
   428                           ;f_dplx1.c: 68:     PORTC=0x00;
   429     001B  1283               	bcf	3,5	;RP0=0, select bank0
   430     001C  1303               	bcf	3,6	;RP1=0, select bank0
   431     001D  0187               	clrf	7	;volatile
   432                           
   433                           ;f_dplx1.c: 69:     TRISC=0x80;
   434     001E  3080               	movlw	128
   435     001F  1683               	bsf	3,5	;RP0=1, select bank1
   436     0020  1303               	bcf	3,6	;RP1=0, select bank1
   437     0021  0087               	movwf	7	;volatile
   438     0022                     l885:
   439                           
   440                           ;f_dplx1.c: 70:     PORTD=0x00;
   441     0022  1283               	bcf	3,5	;RP0=0, select bank0
   442     0023  1303               	bcf	3,6	;RP1=0, select bank0
   443     0024  0188               	clrf	8	;volatile
   444     0025                     l887:
   445                           
   446                           ;f_dplx1.c: 71:     TRISD=0x00;
   447     0025  1683               	bsf	3,5	;RP0=1, select bank1
   448     0026  1303               	bcf	3,6	;RP1=0, select bank1
   449     0027  0188               	clrf	8	;volatile
   450     0028                     l889:
   451                           
   452                           ;f_dplx1.c: 72:     PORTE=0x00;
   453     0028  1283               	bcf	3,5	;RP0=0, select bank0
   454     0029  1303               	bcf	3,6	;RP1=0, select bank0
   455     002A  0189               	clrf	9	;volatile
   456     002B                     l891:
   457                           
   458                           ;f_dplx1.c: 73:     TRISE=0x00;
   459     002B  1683               	bsf	3,5	;RP0=1, select bank1
   460     002C  1303               	bcf	3,6	;RP1=0, select bank1
   461     002D  0189               	clrf	9	;volatile
   462     002E                     l893:
   463                           
   464                           ;f_dplx1.c: 74:     ANSEL=ANSELH=0x00;
   465     002E  1683               	bsf	3,5	;RP0=1, select bank3
   466     002F  1703               	bsf	3,6	;RP1=1, select bank3
   467     0030  0189               	clrf	9	;volatile
   468     0031  0188               	clrf	8	;volatile
   469     0032                     l895:
   470                           
   471                           ;f_dplx1.c: 75:     RCIE = 1;
   472     0032  1683               	bsf	3,5	;RP0=1, select bank1
   473     0033  1303               	bcf	3,6	;RP1=0, select bank1
   474     0034  168C               	bsf	12,5	;volatile
   475     0035                     l897:
   476                           
   477                           ;f_dplx1.c: 76:     PEIE = 1;
   478     0035  170B               	bsf	11,6	;volatile
   479     0036                     l899:
   480                           
   481                           ;f_dplx1.c: 77:     GIE = 1;
   482     0036  178B               	bsf	11,7	;volatile
   483     0037                     l901:
   484                           
   485                           ;f_dplx1.c: 79:     SPBRG=25;
   486     0037  3019               	movlw	25
   487     0038  0099               	movwf	25	;volatile
   488     0039                     l903:
   489                           
   490                           ;f_dplx1.c: 80:     TXSTA=0x26;
   491     0039  3026               	movlw	38
   492     003A  0098               	movwf	24	;volatile
   493     003B                     l905:
   494                           
   495                           ;f_dplx1.c: 81:     RCSTA=0x90;
   496     003B  3090               	movlw	144
   497     003C  1283               	bcf	3,5	;RP0=0, select bank0
   498     003D  1303               	bcf	3,6	;RP1=0, select bank0
   499     003E  0098               	movwf	24	;volatile
   500     003F                     l907:
   501                           
   502                           ;f_dplx1.c: 83:     lcd(0,0x38);
   503     003F  3000               	movlw	0
   504     0040  00A2               	movwf	lcd@rs
   505     0041  00A3               	movwf	lcd@rs+1
   506     0042  3038               	movlw	56
   507     0043  00A4               	movwf	lcd@chr
   508     0044  120A  118A  20FA  120A  118A  	fcall	_lcd
   509     0049                     l909:
   510                           
   511                           ;f_dplx1.c: 84:     lcd(0,0x0c);
   512     0049  3000               	movlw	0
   513     004A  1283               	bcf	3,5	;RP0=0, select bank0
   514     004B  1303               	bcf	3,6	;RP1=0, select bank0
   515     004C  00A2               	movwf	lcd@rs
   516     004D  00A3               	movwf	lcd@rs+1
   517     004E  300C               	movlw	12
   518     004F  00A4               	movwf	lcd@chr
   519     0050  120A  118A  20FA  120A  118A  	fcall	_lcd
   520     0055                     l911:
   521                           
   522                           ;f_dplx1.c: 85:     lcd(0,0x01);
   523     0055  3000               	movlw	0
   524     0056  1283               	bcf	3,5	;RP0=0, select bank0
   525     0057  1303               	bcf	3,6	;RP1=0, select bank0
   526     0058  00A2               	movwf	lcd@rs
   527     0059  00A3               	movwf	lcd@rs+1
   528     005A  01A4               	clrf	lcd@chr
   529     005B  0AA4               	incf	lcd@chr,f
   530     005C  120A  118A  20FA  120A  118A  	fcall	_lcd
   531     0061                     l913:
   532                           
   533                           ;f_dplx1.c: 86:     lcd(0,0x80);
   534     0061  3000               	movlw	0
   535     0062  1283               	bcf	3,5	;RP0=0, select bank0
   536     0063  1303               	bcf	3,6	;RP1=0, select bank0
   537     0064  00A2               	movwf	lcd@rs
   538     0065  00A3               	movwf	lcd@rs+1
   539     0066  3080               	movlw	128
   540     0067  00A4               	movwf	lcd@chr
   541     0068  120A  118A  20FA  120A  118A  	fcall	_lcd
   542     006D                     l915:
   543                           
   544                           ;f_dplx1.c: 88:     {;f_dplx1.c: 89:         if(RA0==1)
   545     006D  1283               	bcf	3,5	;RP0=0, select bank0
   546     006E  1303               	bcf	3,6	;RP1=0, select bank0
   547     006F  1C05               	btfss	5,0	;volatile
   548     0070  2872               	goto	u281
   549     0071  2873               	goto	u280
   550     0072                     u281:
   551     0072  286D               	goto	l915
   552     0073                     u280:
   553     0073                     l917:
   554                           
   555                           ;f_dplx1.c: 90:         {;f_dplx1.c: 91:             transmit("FREE");
   556     0073  3001               	movlw	(low ((STR_1-__stringbase)| (0+32768)))& (0+255)
   557     0074  120A  118A  2083  120A  118A  	fcall	_transmit
   558     0079                     l82:	
   559                           ;f_dplx1.c: 92:             while(RA0==1);
   560                           
   561     0079  1283               	bcf	3,5	;RP0=0, select bank0
   562     007A  1303               	bcf	3,6	;RP1=0, select bank0
   563     007B  1805               	btfsc	5,0	;volatile
   564     007C  287E               	goto	u291
   565     007D  287F               	goto	u290
   566     007E                     u291:
   567     007E  2879               	goto	l82
   568     007F                     u290:
   569     007F  286D               	goto	l915
   570     0080  120A  118A  280C   	ljmp	start
   571     0083                     __end_of_main:
   572                           
   573                           	psect	text1
   574     0083                     __ptext1:	
   575 ;; *************** function _transmit *****************
   576 ;; Defined at:
   577 ;;		line 54 in file "f_dplx1.c"
   578 ;; Parameters:    Size  Location     Type
   579 ;;  str             1    wreg     PTR unsigned char 
   580 ;;		 -> STR_1(5), 
   581 ;; Auto vars:     Size  Location     Type
   582 ;;  str             1    0[BANK0 ] PTR unsigned char 
   583 ;;		 -> STR_1(5), 
   584 ;;  i               2    1[BANK0 ] int 
   585 ;; Return value:  Size  Location     Type
   586 ;;                  1    wreg      void 
   587 ;; Registers used:
   588 ;;		wreg, fsr0l, fsr0h, status,2, status,0, pclath
   589 ;; Tracked objects:
   590 ;;		On entry : 0/0
   591 ;;		On exit  : 0/0
   592 ;;		Unchanged: 0/0
   593 ;; Data sizes:     COMMON   BANK0   BANK1   BANK3   BANK2
   594 ;;      Params:         0       0       0       0       0
   595 ;;      Locals:         0       3       0       0       0
   596 ;;      Temps:          0       0       0       0       0
   597 ;;      Totals:         0       3       0       0       0
   598 ;;Total ram usage:        3 bytes
   599 ;; Hardware stack levels used: 1
   600 ;; Hardware stack levels required when called: 4
   601 ;; This function calls:
   602 ;;		Nothing
   603 ;; This function is called by:
   604 ;;		_main
   605 ;; This function uses a non-reentrant model
   606 ;;
   607                           
   608     0083                     _transmit:	
   609                           ;psect for function _transmit
   610                           
   611                           
   612                           ;incstack = 0
   613                           ; Regs used in _transmit: [wreg-fsr0h+status,2+status,0+pclath]
   614                           ;transmit@str stored from wreg
   615     0083  1283               	bcf	3,5	;RP0=0, select bank0
   616     0084  1303               	bcf	3,6	;RP1=0, select bank0
   617     0085  00A0               	movwf	transmit@str
   618     0086                     l871:
   619                           
   620                           ;f_dplx1.c: 54: void transmit(char *str);f_dplx1.c: 55: {;f_dplx1.c: 56:     int i;;f_dp
      +                          lx1.c: 57:     for(i=0 ; *(str+i)!='\0' ; i++)
   621     0086  01A1               	clrf	transmit@i
   622     0087  01A2               	clrf	transmit@i+1
   623     0088  289D               	goto	l877
   624     0089                     l873:
   625                           
   626                           ;f_dplx1.c: 58:     {;f_dplx1.c: 59:        TXREG=*(str+i);
   627     0089  0821               	movf	transmit@i,w
   628     008A  0720               	addwf	transmit@str,w
   629     008B  0084               	movwf	4
   630     008C  120A  118A  2140  120A  118A  	fcall	stringdir
   631     0091  0099               	movwf	25	;volatile
   632     0092                     l71:	
   633                           ;f_dplx1.c: 60:        while(TXIF==0);
   634                           
   635     0092  1E0C               	btfss	12,4	;volatile
   636     0093  2895               	goto	u261
   637     0094  2896               	goto	u260
   638     0095                     u261:
   639     0095  2892               	goto	l71
   640     0096                     u260:
   641     0096                     l73:
   642                           
   643                           ;f_dplx1.c: 61:        TXIF=0;
   644     0096  120C               	bcf	12,4	;volatile
   645     0097                     l875:
   646                           
   647                           ;f_dplx1.c: 62:     }
   648     0097  3001               	movlw	1
   649     0098  07A1               	addwf	transmit@i,f
   650     0099  1803               	skipnc
   651     009A  0AA2               	incf	transmit@i+1,f
   652     009B  3000               	movlw	0
   653     009C  07A2               	addwf	transmit@i+1,f
   654     009D                     l877:
   655     009D  0821               	movf	transmit@i,w
   656     009E  0720               	addwf	transmit@str,w
   657     009F  0084               	movwf	4
   658     00A0  120A  118A  2140  120A  118A  	fcall	stringdir
   659     00A5  3A00               	xorlw	0
   660     00A6  1D03               	skipz
   661     00A7  28A9               	goto	u271
   662     00A8  28AA               	goto	u270
   663     00A9                     u271:
   664     00A9  2889               	goto	l873
   665     00AA                     u270:
   666     00AA                     l75:
   667     00AA  0008               	return
   668     00AB                     __end_of_transmit:
   669                           
   670                           	psect	text2
   671     00FA                     __ptext2:	
   672 ;; *************** function _lcd *****************
   673 ;; Defined at:
   674 ;;		line 37 in file "f_dplx1.c"
   675 ;; Parameters:    Size  Location     Type
   676 ;;  rs              2    2[BANK0 ] int 
   677 ;;  chr             1    4[BANK0 ] unsigned char 
   678 ;; Auto vars:     Size  Location     Type
   679 ;;		None
   680 ;; Return value:  Size  Location     Type
   681 ;;                  1    wreg      void 
   682 ;; Registers used:
   683 ;;		wreg, status,2, status,0, pclath, cstack
   684 ;; Tracked objects:
   685 ;;		On entry : 0/0
   686 ;;		On exit  : 0/0
   687 ;;		Unchanged: 0/0
   688 ;; Data sizes:     COMMON   BANK0   BANK1   BANK3   BANK2
   689 ;;      Params:         0       3       0       0       0
   690 ;;      Locals:         0       0       0       0       0
   691 ;;      Temps:          0       0       0       0       0
   692 ;;      Totals:         0       3       0       0       0
   693 ;;Total ram usage:        3 bytes
   694 ;; Hardware stack levels used: 1
   695 ;; Hardware stack levels required when called: 6
   696 ;; This function calls:
   697 ;;		_enable
   698 ;; This function is called by:
   699 ;;		_main
   700 ;; This function uses a non-reentrant model
   701 ;;
   702                           
   703     00FA                     _lcd:	
   704                           ;psect for function _lcd
   705                           
   706     00FA                     l865:	
   707                           ;incstack = 0
   708                           ; Regs used in _lcd: [wreg+status,2+status,0+pclath+cstack]
   709                           
   710                           
   711                           ;f_dplx1.c: 37: void lcd(int rs,char chr);f_dplx1.c: 38: {;f_dplx1.c: 39:     RE0=rs;
   712     00FA  1283               	bcf	3,5	;RP0=0, select bank0
   713     00FB  1303               	bcf	3,6	;RP1=0, select bank0
   714     00FC  1822               	btfsc	lcd@rs,0
   715     00FD  28FF               	goto	u241
   716     00FE  2903               	goto	u240
   717     00FF                     u241:
   718     00FF  1283               	bcf	3,5	;RP0=0, select bank0
   719     0100  1303               	bcf	3,6	;RP1=0, select bank0
   720     0101  1409               	bsf	9,0	;volatile
   721     0102  2906               	goto	u254
   722     0103                     u240:
   723     0103  1283               	bcf	3,5	;RP0=0, select bank0
   724     0104  1303               	bcf	3,6	;RP1=0, select bank0
   725     0105  1009               	bcf	9,0	;volatile
   726     0106                     u254:
   727     0106                     l867:
   728                           
   729                           ;f_dplx1.c: 40:     PORTD=chr;
   730     0106  0824               	movf	lcd@chr,w
   731     0107  0088               	movwf	8	;volatile
   732     0108                     l869:
   733                           
   734                           ;f_dplx1.c: 41:     enable();
   735     0108  120A  118A  20C8  120A  118A  	fcall	_enable
   736     010D                     l60:
   737     010D  0008               	return
   738     010E                     __end_of_lcd:
   739                           
   740                           	psect	text3
   741     00C8                     __ptext3:	
   742 ;; *************** function _enable *****************
   743 ;; Defined at:
   744 ;;		line 30 in file "f_dplx1.c"
   745 ;; Parameters:    Size  Location     Type
   746 ;;		None
   747 ;; Auto vars:     Size  Location     Type
   748 ;;		None
   749 ;; Return value:  Size  Location     Type
   750 ;;                  1    wreg      void 
   751 ;; Registers used:
   752 ;;		wreg, status,2, status,0, pclath, cstack
   753 ;; Tracked objects:
   754 ;;		On entry : 0/0
   755 ;;		On exit  : 0/0
   756 ;;		Unchanged: 0/0
   757 ;; Data sizes:     COMMON   BANK0   BANK1   BANK3   BANK2
   758 ;;      Params:         0       0       0       0       0
   759 ;;      Locals:         0       0       0       0       0
   760 ;;      Temps:          0       0       0       0       0
   761 ;;      Totals:         0       0       0       0       0
   762 ;;Total ram usage:        0 bytes
   763 ;; Hardware stack levels used: 1
   764 ;; Hardware stack levels required when called: 5
   765 ;; This function calls:
   766 ;;		_delay
   767 ;; This function is called by:
   768 ;;		_lcd
   769 ;; This function uses a non-reentrant model
   770 ;;
   771                           
   772     00C8                     _enable:	
   773                           ;psect for function _enable
   774                           
   775     00C8                     l859:	
   776                           ;incstack = 0
   777                           ; Regs used in _enable: [wreg+status,2+status,0+pclath+cstack]
   778                           
   779                           
   780                           ;f_dplx1.c: 32:     RE1=1;
   781     00C8  1283               	bcf	3,5	;RP0=0, select bank0
   782     00C9  1303               	bcf	3,6	;RP1=0, select bank0
   783     00CA  1489               	bsf	9,1	;volatile
   784     00CB                     l861:
   785                           
   786                           ;f_dplx1.c: 33:     delay(10);
   787     00CB  300A               	movlw	10
   788     00CC  00A0               	movwf	delay@t
   789     00CD  3000               	movlw	0
   790     00CE  00A1               	movwf	delay@t+1
   791     00CF  120A  118A  2120  120A  118A  	fcall	_delay
   792     00D4                     l863:
   793                           
   794                           ;f_dplx1.c: 34:     RE1=0;
   795     00D4  1283               	bcf	3,5	;RP0=0, select bank0
   796     00D5  1303               	bcf	3,6	;RP1=0, select bank0
   797     00D6  1089               	bcf	9,1	;volatile
   798                           
   799                           ;f_dplx1.c: 35:     delay(10);
   800     00D7  300A               	movlw	10
   801     00D8  00A0               	movwf	delay@t
   802     00D9  3000               	movlw	0
   803     00DA  00A1               	movwf	delay@t+1
   804     00DB  120A  118A  2120  120A  118A  	fcall	_delay
   805     00E0                     l57:
   806     00E0  0008               	return
   807     00E1                     __end_of_enable:
   808                           
   809                           	psect	text4
   810     0120                     __ptext4:	
   811 ;; *************** function _delay *****************
   812 ;; Defined at:
   813 ;;		line 26 in file "f_dplx1.c"
   814 ;; Parameters:    Size  Location     Type
   815 ;;  t               2    0[BANK0 ] unsigned int 
   816 ;; Auto vars:     Size  Location     Type
   817 ;;		None
   818 ;; Return value:  Size  Location     Type
   819 ;;                  1    wreg      void 
   820 ;; Registers used:
   821 ;;		wreg, status,2, status,0
   822 ;; Tracked objects:
   823 ;;		On entry : 0/0
   824 ;;		On exit  : 0/0
   825 ;;		Unchanged: 0/0
   826 ;; Data sizes:     COMMON   BANK0   BANK1   BANK3   BANK2
   827 ;;      Params:         0       2       0       0       0
   828 ;;      Locals:         0       0       0       0       0
   829 ;;      Temps:          0       0       0       0       0
   830 ;;      Totals:         0       2       0       0       0
   831 ;;Total ram usage:        2 bytes
   832 ;; Hardware stack levels used: 1
   833 ;; Hardware stack levels required when called: 4
   834 ;; This function calls:
   835 ;;		Nothing
   836 ;; This function is called by:
   837 ;;		_enable
   838 ;; This function uses a non-reentrant model
   839 ;;
   840                           
   841     0120                     _delay:	
   842                           ;psect for function _delay
   843                           
   844     0120                     l855:	
   845                           ;incstack = 0
   846                           ; Regs used in _delay: [wreg+status,2+status,0]
   847                           
   848     0120                     l857:	
   849                           ;f_dplx1.c: 26: void delay(unsigned int t);f_dplx1.c: 27: {;f_dplx1.c: 28:     while(t--
      +                          );
   850                           
   851     0120  3001               	movlw	1
   852     0121  1283               	bcf	3,5	;RP0=0, select bank0
   853     0122  1303               	bcf	3,6	;RP1=0, select bank0
   854     0123  02A0               	subwf	delay@t,f
   855     0124  3000               	movlw	0
   856     0125  1C03               	skipc
   857     0126  03A1               	decf	delay@t+1,f
   858     0127  02A1               	subwf	delay@t+1,f
   859     0128  0A20               	incf	delay@t,w
   860     0129  1D03               	skipz
   861     012A  292F               	goto	u231
   862     012B  0A21               	incf	delay@t+1,w
   863     012C  1D03               	btfss	3,2
   864     012D  292F               	goto	u231
   865     012E  2930               	goto	u230
   866     012F                     u231:
   867     012F  2920               	goto	l857
   868     0130                     u230:
   869     0130                     l54:
   870     0130  0008               	return
   871     0131                     __end_of_delay:
   872                           
   873                           	psect	text5
   874     00AB                     __ptext5:	
   875 ;; *************** function _receive *****************
   876 ;; Defined at:
   877 ;;		line 44 in file "f_dplx1.c"
   878 ;; Parameters:    Size  Location     Type
   879 ;;		None
   880 ;; Auto vars:     Size  Location     Type
   881 ;;		None
   882 ;; Return value:  Size  Location     Type
   883 ;;                  1    wreg      void 
   884 ;; Registers used:
   885 ;;		wreg, status,2, status,0, pclath, cstack
   886 ;; Tracked objects:
   887 ;;		On entry : 0/0
   888 ;;		On exit  : 0/0
   889 ;;		Unchanged: 0/0
   890 ;; Data sizes:     COMMON   BANK0   BANK1   BANK3   BANK2
   891 ;;      Params:         0       0       0       0       0
   892 ;;      Locals:         0       0       0       0       0
   893 ;;      Temps:          2       0       0       0       0
   894 ;;      Totals:         2       0       0       0       0
   895 ;;Total ram usage:        2 bytes
   896 ;; Hardware stack levels used: 1
   897 ;; Hardware stack levels required when called: 3
   898 ;; This function calls:
   899 ;;		i1_lcd
   900 ;; This function is called by:
   901 ;;		Interrupt level 1
   902 ;; This function uses a non-reentrant model
   903 ;;
   904                           
   905     00AB                     _receive:	
   906                           ;psect for function _receive
   907                           
   908     00AB                     i1l807:
   909                           
   910                           ;f_dplx1.c: 46:     if(RCIF==1)
   911     00AB  1283               	bcf	3,5	;RP0=0, select bank0
   912     00AC  1303               	bcf	3,6	;RP1=0, select bank0
   913     00AD  1E8C               	btfss	12,5	;volatile
   914     00AE  28B0               	goto	u20_21
   915     00AF  28B1               	goto	u20_20
   916     00B0                     u20_21:
   917     00B0  28C1               	goto	i1l66
   918     00B1                     u20_20:
   919     00B1                     i1l809:
   920                           
   921                           ;f_dplx1.c: 47:     {;f_dplx1.c: 48:         data=RCREG;
   922     00B1  081A               	movf	26,w	;volatile
   923     00B2  00F7               	movwf	_data
   924     00B3                     i1l811:
   925                           
   926                           ;f_dplx1.c: 49:         lcd(1,data);
   927     00B3  3001               	movlw	1
   928     00B4  00F2               	movwf	i1lcd@rs
   929     00B5  3000               	movlw	0
   930     00B6  00F3               	movwf	i1lcd@rs+1
   931     00B7  0877               	movf	_data,w
   932     00B8  00F4               	movwf	i1lcd@chr
   933     00B9  120A  118A  210E  120A  118A  	fcall	i1_lcd
   934     00BE                     i1l813:
   935                           
   936                           ;f_dplx1.c: 50:         RCIF=0;
   937     00BE  1283               	bcf	3,5	;RP0=0, select bank0
   938     00BF  1303               	bcf	3,6	;RP1=0, select bank0
   939     00C0  128C               	bcf	12,5	;volatile
   940     00C1                     i1l66:
   941     00C1  0876               	movf	??_receive+1,w
   942     00C2  008A               	movwf	10
   943     00C3  0E75               	swapf	??_receive,w
   944     00C4  0083               	movwf	3
   945     00C5  0EFE               	swapf	btemp,f
   946     00C6  0E7E               	swapf	btemp,w
   947     00C7  0009               	retfie
   948     00C8                     __end_of_receive:
   949                           
   950                           	psect	intentry
   951     0004                     __pintentry:	
   952                           ;incstack = 0
   953                           ; Regs used in _receive: [wreg+status,2+status,0+pclath+cstack]
   954                           
   955     0004                     interrupt_function:
   956     007E                     saved_w	set	btemp
   957     0004  00FE               	movwf	btemp
   958     0005  0E03               	swapf	3,w
   959     0006  00F5               	movwf	??_receive
   960     0007  080A               	movf	10,w
   961     0008  00F6               	movwf	??_receive+1
   962     0009  120A  118A  28AB   	ljmp	_receive
   963                           
   964                           	psect	text6
   965     010E                     __ptext6:	
   966 ;; *************** function i1_lcd *****************
   967 ;; Defined at:
   968 ;;		line 37 in file "f_dplx1.c"
   969 ;; Parameters:    Size  Location     Type
   970 ;;  rs              2    2[COMMON] int 
   971 ;;  chr             1    4[COMMON] unsigned char 
   972 ;; Auto vars:     Size  Location     Type
   973 ;;		None
   974 ;; Return value:  Size  Location     Type
   975 ;;                  1    wreg      void 
   976 ;; Registers used:
   977 ;;		wreg, status,2, status,0, pclath, cstack
   978 ;; Tracked objects:
   979 ;;		On entry : 0/0
   980 ;;		On exit  : 0/0
   981 ;;		Unchanged: 0/0
   982 ;; Data sizes:     COMMON   BANK0   BANK1   BANK3   BANK2
   983 ;;      Params:         3       0       0       0       0
   984 ;;      Locals:         0       0       0       0       0
   985 ;;      Temps:          0       0       0       0       0
   986 ;;      Totals:         3       0       0       0       0
   987 ;;Total ram usage:        3 bytes
   988 ;; Hardware stack levels used: 1
   989 ;; Hardware stack levels required when called: 2
   990 ;; This function calls:
   991 ;;		i1_enable
   992 ;; This function is called by:
   993 ;;		_receive
   994 ;; This function uses a non-reentrant model
   995 ;;
   996                           
   997     010E                     i1_lcd:	
   998                           ;psect for function i1_lcd
   999                           
  1000     010E                     i1l801:	
  1001                           ;incstack = 0
  1002                           ; Regs used in i1_lcd: [wreg+status,2+status,0+pclath+cstack]
  1003                           
  1004                           
  1005                           ;f_dplx1.c: 37: void lcd(int rs,char chr);f_dplx1.c: 38: {;f_dplx1.c: 39:     RE0=rs;
  1006     010E  1872               	btfsc	i1lcd@rs,0
  1007     010F  2911               	goto	u18_21
  1008     0110  2915               	goto	u18_20
  1009     0111                     u18_21:
  1010     0111  1283               	bcf	3,5	;RP0=0, select bank0
  1011     0112  1303               	bcf	3,6	;RP1=0, select bank0
  1012     0113  1409               	bsf	9,0	;volatile
  1013     0114  2918               	goto	u19_24
  1014     0115                     u18_20:
  1015     0115  1283               	bcf	3,5	;RP0=0, select bank0
  1016     0116  1303               	bcf	3,6	;RP1=0, select bank0
  1017     0117  1009               	bcf	9,0	;volatile
  1018     0118                     u19_24:
  1019     0118                     i1l803:
  1020                           
  1021                           ;f_dplx1.c: 40:     PORTD=chr;
  1022     0118  0874               	movf	i1lcd@chr,w
  1023     0119  0088               	movwf	8	;volatile
  1024     011A                     i1l805:
  1025                           
  1026                           ;f_dplx1.c: 41:     enable();
  1027     011A  120A  118A  20E1  120A  118A  	fcall	i1_enable
  1028     011F                     i1l60:
  1029     011F  0008               	return
  1030     0120                     __end_ofi1_lcd:
  1031                           
  1032                           	psect	text7
  1033     00E1                     __ptext7:	
  1034 ;; *************** function i1_enable *****************
  1035 ;; Defined at:
  1036 ;;		line 30 in file "f_dplx1.c"
  1037 ;; Parameters:    Size  Location     Type
  1038 ;;		None
  1039 ;; Auto vars:     Size  Location     Type
  1040 ;;		None
  1041 ;; Return value:  Size  Location     Type
  1042 ;;                  1    wreg      void 
  1043 ;; Registers used:
  1044 ;;		wreg, status,2, status,0, pclath, cstack
  1045 ;; Tracked objects:
  1046 ;;		On entry : 0/0
  1047 ;;		On exit  : 0/0
  1048 ;;		Unchanged: 0/0
  1049 ;; Data sizes:     COMMON   BANK0   BANK1   BANK3   BANK2
  1050 ;;      Params:         0       0       0       0       0
  1051 ;;      Locals:         0       0       0       0       0
  1052 ;;      Temps:          0       0       0       0       0
  1053 ;;      Totals:         0       0       0       0       0
  1054 ;;Total ram usage:        0 bytes
  1055 ;; Hardware stack levels used: 1
  1056 ;; Hardware stack levels required when called: 1
  1057 ;; This function calls:
  1058 ;;		i1_delay
  1059 ;; This function is called by:
  1060 ;;		i1_lcd
  1061 ;; This function uses a non-reentrant model
  1062 ;;
  1063                           
  1064     00E1                     i1_enable:	
  1065                           ;psect for function i1_enable
  1066                           
  1067     00E1                     i1l781:	
  1068                           ;incstack = 0
  1069                           ; Regs used in i1_enable: [wreg+status,2+status,0+pclath+cstack]
  1070                           
  1071                           
  1072                           ;f_dplx1.c: 32:     RE1=1;
  1073     00E1  1283               	bcf	3,5	;RP0=0, select bank0
  1074     00E2  1303               	bcf	3,6	;RP1=0, select bank0
  1075     00E3  1489               	bsf	9,1	;volatile
  1076     00E4                     i1l783:
  1077                           
  1078                           ;f_dplx1.c: 33:     delay(10);
  1079     00E4  300A               	movlw	10
  1080     00E5  00F0               	movwf	i1delay@t
  1081     00E6  3000               	movlw	0
  1082     00E7  00F1               	movwf	i1delay@t+1
  1083     00E8  120A  118A  2131  120A  118A  	fcall	i1_delay
  1084     00ED                     i1l785:
  1085                           
  1086                           ;f_dplx1.c: 34:     RE1=0;
  1087     00ED  1283               	bcf	3,5	;RP0=0, select bank0
  1088     00EE  1303               	bcf	3,6	;RP1=0, select bank0
  1089     00EF  1089               	bcf	9,1	;volatile
  1090                           
  1091                           ;f_dplx1.c: 35:     delay(10);
  1092     00F0  300A               	movlw	10
  1093     00F1  00F0               	movwf	i1delay@t
  1094     00F2  3000               	movlw	0
  1095     00F3  00F1               	movwf	i1delay@t+1
  1096     00F4  120A  118A  2131  120A  118A  	fcall	i1_delay
  1097     00F9                     i1l57:
  1098     00F9  0008               	return
  1099     00FA                     __end_ofi1_enable:
  1100                           
  1101                           	psect	text8
  1102     0131                     __ptext8:	
  1103 ;; *************** function i1_delay *****************
  1104 ;; Defined at:
  1105 ;;		line 26 in file "f_dplx1.c"
  1106 ;; Parameters:    Size  Location     Type
  1107 ;;  t               2    0[COMMON] unsigned int 
  1108 ;; Auto vars:     Size  Location     Type
  1109 ;;		None
  1110 ;; Return value:  Size  Location     Type
  1111 ;;                  1    wreg      void 
  1112 ;; Registers used:
  1113 ;;		wreg, status,2, status,0
  1114 ;; Tracked objects:
  1115 ;;		On entry : 0/0
  1116 ;;		On exit  : 0/0
  1117 ;;		Unchanged: 0/0
  1118 ;; Data sizes:     COMMON   BANK0   BANK1   BANK3   BANK2
  1119 ;;      Params:         2       0       0       0       0
  1120 ;;      Locals:         0       0       0       0       0
  1121 ;;      Temps:          0       0       0       0       0
  1122 ;;      Totals:         2       0       0       0       0
  1123 ;;Total ram usage:        2 bytes
  1124 ;; Hardware stack levels used: 1
  1125 ;; This function calls:
  1126 ;;		Nothing
  1127 ;; This function is called by:
  1128 ;;		i1_enable
  1129 ;; This function uses a non-reentrant model
  1130 ;;
  1131                           
  1132     0131                     i1_delay:	
  1133                           ;psect for function i1_delay
  1134                           
  1135     0131                     i1l771:	
  1136                           ;incstack = 0
  1137                           ; Regs used in i1_delay: [wreg+status,2+status,0]
  1138                           
  1139     0131                     i1l773:	
  1140                           ;f_dplx1.c: 26: void delay(unsigned int t);f_dplx1.c: 27: {;f_dplx1.c: 28:     while(t--
      +                          );
  1141                           
  1142     0131  3001               	movlw	1
  1143     0132  02F0               	subwf	i1delay@t,f
  1144     0133  3000               	movlw	0
  1145     0134  1C03               	skipc
  1146     0135  03F1               	decf	i1delay@t+1,f
  1147     0136  02F1               	subwf	i1delay@t+1,f
  1148     0137  0A70               	incf	i1delay@t,w
  1149     0138  1D03               	skipz
  1150     0139  293E               	goto	u13_21
  1151     013A  0A71               	incf	i1delay@t+1,w
  1152     013B  1D03               	btfss	3,2
  1153     013C  293E               	goto	u13_21
  1154     013D  293F               	goto	u13_20
  1155     013E                     u13_21:
  1156     013E  2931               	goto	i1l773
  1157     013F                     u13_20:
  1158     013F                     i1l54:
  1159     013F  0008               	return
  1160     0140                     __end_ofi1_delay:
  1161     007E                     btemp	set	126	;btemp
  1162     007E                     wtemp0	set	126
  1163                           
  1164                           	psect	idloc
  1165                           
  1166                           ;Config register IDLOC0 @ 0x2000
  1167                           ;	unspecified, using default values
  1168     2000                     	org	8192
  1169     2000  3FFF               	dw	16383
  1170                           
  1171                           ;Config register IDLOC1 @ 0x2001
  1172                           ;	unspecified, using default values
  1173     2001                     	org	8193
  1174     2001  3FFF               	dw	16383
  1175                           
  1176                           ;Config register IDLOC2 @ 0x2002
  1177                           ;	unspecified, using default values
  1178     2002                     	org	8194
  1179     2002  3FFF               	dw	16383
  1180                           
  1181                           ;Config register IDLOC3 @ 0x2003
  1182                           ;	unspecified, using default values
  1183     2003                     	org	8195
  1184     2003  3FFF               	dw	16383
  1185                           
  1186                           	psect	config
  1187                           
  1188                           ;Config register CONFIG1 @ 0x2007
  1189                           ;	Oscillator Selection bits
  1190                           ;	FOSC = INTRC_NOCLKOUT, INTOSCIO oscillator: I/O function on RA6/OSC2/CLKOUT pin, I/O f
      +                          unction on RA7/OSC1/CLKIN
  1191                           ;	Watchdog Timer Enable bit
  1192                           ;	WDTE = OFF, WDT disabled and can be enabled by SWDTEN bit of the WDTCON register
  1193                           ;	Power-up Timer Enable bit
  1194                           ;	PWRTE = ON, PWRT enabled
  1195                           ;	RE3/MCLR pin function select bit
  1196                           ;	MCLRE = ON, RE3/MCLR pin function is MCLR
  1197                           ;	Code Protection bit
  1198                           ;	CP = OFF, Program memory code protection is disabled
  1199                           ;	Data Code Protection bit
  1200                           ;	CPD = OFF, Data memory code protection is disabled
  1201                           ;	Brown Out Reset Selection bits
  1202                           ;	BOREN = OFF, BOR disabled
  1203                           ;	Internal External Switchover bit
  1204                           ;	IESO = ON, Internal/External Switchover mode is enabled
  1205                           ;	Fail-Safe Clock Monitor Enabled bit
  1206                           ;	FCMEN = ON, Fail-Safe Clock Monitor is enabled
  1207                           ;	Low Voltage Programming Enable bit
  1208                           ;	LVP = OFF, RB3 pin has digital I/O, HV on MCLR must be used for programming
  1209                           ;	In-Circuit Debugger Mode bit
  1210                           ;	DEBUG = 0x1, unprogrammed default
  1211     2007                     	org	8199
  1212     2007  2CE4               	dw	11492
  1213                           
  1214                           ;Config register CONFIG2 @ 0x2008
  1215                           ;	Brown-out Reset Selection bit
  1216                           ;	BOR4V = BOR40V, Brown-out Reset set to 4.0V
  1217                           ;	Flash Program Memory Self Write Enable bits
  1218                           ;	WRT = OFF, Write protection off
  1219     2008                     	org	8200
  1220     2008  3FFF               	dw	16383

Data Sizes:
    Strings     5
    Constant    0
    Data        0
    BSS         1
    Persistent  0
    Stack       0

Auto Spaces:
    Space          Size  Autos    Used
    COMMON           14      7       8
    BANK0            80      5       5
    BANK1            80      0       0
    BANK3            96      0       0
    BANK2            96      0       0

Pointer List with Targets:

    transmit@str	PTR unsigned char  size(1) Largest target is 5
		 -> STR_1(CODE[5]), 


Critical Paths under _main in COMMON

    None.

Critical Paths under _receive in COMMON

    _receive->i1_lcd
    i1_enable->i1_delay

Critical Paths under _main in BANK0

    _main->_lcd
    _enable->_delay

Critical Paths under _receive in BANK0

    None.

Critical Paths under _main in BANK1

    None.

Critical Paths under _receive in BANK1

    None.

Critical Paths under _main in BANK3

    None.

Critical Paths under _receive in BANK3

    None.

Critical Paths under _main in BANK2

    None.

Critical Paths under _receive in BANK2

    None.

Call Graph Tables:

 ---------------------------------------------------------------------------------
 (Depth) Function   	        Calls       Base Space   Used Autos Params    Refs
 ---------------------------------------------------------------------------------
 (0) _main                                                 0     0      0    1269
                                _lcd
                           _transmit
 ---------------------------------------------------------------------------------
 (1) _transmit                                             3     3      0     166
                                              0 BANK0      3     3      0
 ---------------------------------------------------------------------------------
 (1) _lcd                                                  3     0      3    1103
                                              2 BANK0      3     0      3
                             _enable
 ---------------------------------------------------------------------------------
 (2) _enable                                               0     0      0     211
                              _delay
 ---------------------------------------------------------------------------------
 (3) _delay                                                2     0      2     211
                                              0 BANK0      2     0      2
 ---------------------------------------------------------------------------------
 Estimated maximum stack depth 3
 ---------------------------------------------------------------------------------
 (Depth) Function   	        Calls       Base Space   Used Autos Params    Refs
 ---------------------------------------------------------------------------------
 (4) _receive                                              2     2      0     170
                                              5 COMMON     2     2      0
                              i1_lcd
 ---------------------------------------------------------------------------------
 (5) i1_lcd                                                3     0      3     170
                                              2 COMMON     3     0      3
                           i1_enable
 ---------------------------------------------------------------------------------
 (6) i1_enable                                             0     0      0      74
                            i1_delay
 ---------------------------------------------------------------------------------
 (7) i1_delay                                              2     0      2      74
                                              0 COMMON     2     0      2
 ---------------------------------------------------------------------------------
 Estimated maximum stack depth 7
 ---------------------------------------------------------------------------------

 Call Graph Graphs:

 _main (ROOT)
   _lcd
     _enable
       _delay
   _transmit

 _receive (ROOT)
   i1_lcd
     i1_enable
       i1_delay

 Address spaces:
Name               Size   Autos  Total    Cost      Usage
BITCOMMON            E      0       0       0        0.0%
EEDATA             100      0       0       0        0.0%
NULL                 0      0       0       0        0.0%
CODE                 0      0       0       0        0.0%
COMMON               E      7       8       1       57.1%
BITSFR0              0      0       0       1        0.0%
SFR0                 0      0       0       1        0.0%
BITSFR1              0      0       0       2        0.0%
SFR1                 0      0       0       2        0.0%
STACK                0      0       0       2        0.0%
ABS                  0      0       D       3        0.0%
BITBANK0            50      0       0       4        0.0%
BITSFR3              0      0       0       4        0.0%
SFR3                 0      0       0       4        0.0%
BANK0               50      5       5       5        6.2%
BITSFR2              0      0       0       5        0.0%
SFR2                 0      0       0       5        0.0%
BITBANK1            50      0       0       6        0.0%
BANK1               50      0       0       7        0.0%
BITBANK3            60      0       0       8        0.0%
BANK3               60      0       0       9        0.0%
BITBANK2            60      0       0      10        0.0%
BANK2               60      0       0      11        0.0%
DATA                 0      0       D      12        0.0%


Microchip Technology PIC Macro Assembler V2.40 build 20220703182018 
Symbol Table                                                                                   Tue Jul 01 11:15:50 2025

                      pc 0002                       l60 010D                       l54 0130  
                     l71 0092                       l57 00E0                       l73 0096  
                     l82 0079                       l75 00AA                       fsr 0004  
                    l901 0037                      l911 0055                      l903 0039  
                    l913 0061                      l905 003B                      l915 006D  
                    l907 003F                      l861 00CB                      l917 0073  
                    l909 0049                      l855 0120                      l863 00D4  
                    l871 0086                      l857 0120                      l865 00FA  
                    l873 0089                      l881 0017                      l859 00C8  
                    l867 0106                      l875 0097                      l891 002B  
                    l883 001B                      l869 0108                      l877 009D  
                    l893 002E                      l885 0022                      l895 0032  
                    l887 0025                      l879 0014                      l897 0035  
                    l889 0028                      l899 0036                      _GIE 005F  
                    _RA0 0028                      _RE0 0048                      _RE1 0049  
                    u230 0130                      u231 012F                      u240 0103  
                    u241 00FF                      u260 0096                      u261 0095  
                    u254 0106                      u270 00AA                      u271 00A9  
                    u280 0073                      u281 0072                      u290 007F  
                    u291 007E                      _lcd 00FA                      fsr0 0004  
                   ?_lcd 0022                     STR_1 0146                     _PEIE 005E  
                   _RCIE 0465                     i1l60 011F                     _RCIF 0065  
                   i1l54 013F                     i1l57 00F9                     i1l66 00C1  
                   _TXIF 0064                     _data 0077                     _main 0014  
                   btemp 007E          __end_ofi1_delay 0140                     start 000C  
                  ??_lcd 0025                    ?_main 0070                    _ANSEL 0188  
                  i1l801 010E                    i1l803 0118                    i1l811 00B3  
                  i1l805 011A                    i1l813 00BE                    i1l807 00AB  
                  i1l809 00B1                    i1l771 0131                    i1l773 0131  
                  i1l781 00E1                    i1l783 00E4                    i1l785 00ED  
                  _RCREG 001A                    _RCSTA 0018                    u20_20 00B1  
                  u20_21 00B0                    u13_20 013F                    u13_21 013E  
                  u18_20 0115                    u18_21 0111                    _SPBRG 0099  
                  _PORTA 0005                    _PORTC 0007                    u19_24 0118  
                  _PORTD 0008                    _PORTE 0009                    _TRISA 0085  
                  _TRISC 0087                    _TRISD 0088                    _TRISE 0089  
                  _TXREG 0019                    i1_lcd 010E                    _TXSTA 0098  
                  _delay 0120                    lcd@rs 0022          __end_of_receive 00C8  
                  pclath 000A         __end_ofi1_enable 00FA                    status 0003  
                  wtemp0 007E          __initialization 000F             __end_of_main 0083  
                 ??_main 0025                   ?i1_lcd 0072                   ?_delay 0020  
                 _ANSELH 0189                ??i1_delay 0072                   _enable 00C8  
                 delay@t 0020                   lcd@chr 0024                ??_receive 0075  
                 saved_w 007E         __end_of_transmit 00AB  __end_of__initialization 0010  
          __end_ofi1_lcd 0120           __pcstackCOMMON 0070            __end_of_delay 0131  
              ?i1_enable 0070                  ??i1_lcd 0075                  ??_delay 0022  
             __pmaintext 0014               __pintentry 0004                  ?_enable 0070  
             ??i1_enable 0072               __stringtab 0140                  i1_delay 0131  
                i1lcd@rs 0072                ?_transmit 0070                  __ptext1 0083  
                __ptext2 00FA                  __ptext3 00C8                  __ptext4 0120  
                __ptext5 00AB                  __ptext6 010E                  __ptext7 00E1  
                __ptext8 0131                  _receive 00AB     end_of_initialization 0010  
             ??_transmit 0020           __end_of_enable 00E1      start_initialization 000F  
            __end_of_lcd 010E                 ??_enable 0022              transmit@str 0020  
            __pbssCOMMON 0077                ___latbits 0002            __pcstackBANK0 0020  
               ?i1_delay 0070                __pstrings 0140                 ?_receive 0070  
      interrupt_function 0004              __stringbase 0145                 i1_enable 00E1  
               i1delay@t 0070                 i1lcd@chr 0074       __end_of__stringtab 0146  
               _transmit 0083                transmit@i 0021                 intlevel1 0000  
              stringcode 0140                 stringdir 0140                 stringtab 0140  
