

Microchip MPLAB XC8 Assembler V2.40 build 20220703182018 
                                                                                               Thu May 29 11:29:47 2025

Microchip MPLAB XC8 C Compiler v2.40 (Free license) build 20220703182018 Og1 
     1                           	processor	16F887
     2                           	pagewidth 120
     3                           	opt	flic
     4                           	psect	idataBANK0,global,class=CODE,delta=2,noexec
     5                           	psect	cinit,global,class=CODE,merge=1,delta=2
     6                           	psect	bssCOMMON,global,class=COMMON,space=1,delta=1,noexec
     7                           	psect	dataBANK0,global,class=BANK0,space=1,delta=1,noexec
     8                           	psect	inittext,global,class=CODE,delta=2
     9                           	psect	cstackCOMMON,global,class=COMMON,space=1,delta=1,noexec
    10                           	psect	maintext,global,class=CODE,split=1,delta=2
    11                           	psect	text1,local,class=CODE,merge=1,delta=2
    12                           	psect	text2,local,class=CODE,merge=1,delta=2
    13                           	psect	text3,local,class=CODE,merge=1,delta=2
    14                           	psect	text4,local,class=CODE,merge=1,delta=2
    15                           	psect	text5,local,class=CODE,merge=1,delta=2
    16                           	psect	text6,local,class=CODE,merge=1,delta=2
    17                           	psect	idloc,global,abs,ovrld,class=IDLOC,space=5,delta=2,noexec
    18                           	psect	config,global,abs,ovrld,class=CONFIG,space=4,delta=2,noexec
    19                           	dabs	1,0x7E,2
    20     0000                     
    21                           ; Version 2.40
    22                           ; Generated 17/11/2021 GMT
    23                           ; 
    24                           ; Copyright © 2021, Microchip Technology Inc. and its subsidiaries ("Microchip")
    25                           ; All rights reserved.
    26                           ; 
    27                           ; This software is developed by Microchip Technology Inc. and its subsidiaries ("Microch
      +                          ip").
    28                           ; 
    29                           ; Redistribution and use in source and binary forms, with or without modification, are
    30                           ; permitted provided that the following conditions are met:
    31                           ; 
    32                           ;     1. Redistributions of source code must retain the above copyright notice, this lis
      +                          t of
    33                           ;        conditions and the following disclaimer.
    34                           ; 
    35                           ;     2. Redistributions in binary form must reproduce the above copyright notice, this 
      +                          list
    36                           ;        of conditions and the following disclaimer in the documentation and/or other
    37                           ;        materials provided with the distribution. Publication is not required when
    38                           ;        this file is used in an embedded application.
    39                           ; 
    40                           ;     3. Microchip's name may not be used to endorse or promote products derived from th
      +                          is
    41                           ;        software without specific prior written permission.
    42                           ; 
    43                           ; THIS SOFTWARE IS PROVIDED BY MICROCHIP "AS IS" AND ANY EXPRESS OR IMPLIED WARRANTIES,
    44                           ; INCLUDING, BUT NOT LIMITED TO, THE IMPLIED WARRANTIES OF MERCHANTABILITY AND FITNESS F
      +                          OR
    45                           ; PURPOSE ARE DISCLAIMED.  IN NO EVENT SHALL MICROCHIP BE LIABLE FOR ANY DIRECT, INDIREC
      +                          T,
    46                           ; INCIDENTAL, SPECIAL, EXEMPLARY, OR CONSEQUENTIAL DAMAGES (INCLUDING BUT NOT LIMITED TO
    47                           ; PROCUREMENT OF SUBSTITUTE GOODS OR SERVICES; LOSS OF USE, DATA OR PROFITS; OR BUSINESS
    48                           ; INTERRUPTION) HOWSOEVER CAUSED AND ON ANY THEORY OF LIABILITY, WHETHER IN CONTRACT, ST
      +                          RICT
    49                           ; LIABILITY, OR TORT (INCLUDING NEGLIGENCE OR OTHERWISE) ARISING IN ANY WAY OUT OF THE U
      +                          SE OF
    50                           ; THIS SOFTWARE, EVEN IF ADVISED OF THE POSSIBILITY OF SUCH DAMAGE.
    51                           ; 
    52                           ; 
    53                           ; Code-generator required, PIC16F887 Definitions
    54                           ; 
    55                           ; SFR Addresses
    56     0000                     	;# 
    57     0001                     	;# 
    58     0002                     	;# 
    59     0003                     	;# 
    60     0004                     	;# 
    61     0005                     	;# 
    62     0006                     	;# 
    63     0007                     	;# 
    64     0008                     	;# 
    65     0009                     	;# 
    66     000A                     	;# 
    67     000B                     	;# 
    68     000C                     	;# 
    69     000D                     	;# 
    70     000E                     	;# 
    71     000E                     	;# 
    72     000F                     	;# 
    73     0010                     	;# 
    74     0011                     	;# 
    75     0012                     	;# 
    76     0013                     	;# 
    77     0014                     	;# 
    78     0015                     	;# 
    79     0015                     	;# 
    80     0016                     	;# 
    81     0017                     	;# 
    82     0018                     	;# 
    83     0019                     	;# 
    84     001A                     	;# 
    85     001B                     	;# 
    86     001B                     	;# 
    87     001C                     	;# 
    88     001D                     	;# 
    89     001E                     	;# 
    90     001F                     	;# 
    91     0081                     	;# 
    92     0085                     	;# 
    93     0086                     	;# 
    94     0087                     	;# 
    95     0088                     	;# 
    96     0089                     	;# 
    97     008C                     	;# 
    98     008D                     	;# 
    99     008E                     	;# 
   100     008F                     	;# 
   101     0090                     	;# 
   102     0091                     	;# 
   103     0092                     	;# 
   104     0093                     	;# 
   105     0093                     	;# 
   106     0093                     	;# 
   107     0094                     	;# 
   108     0095                     	;# 
   109     0096                     	;# 
   110     0097                     	;# 
   111     0098                     	;# 
   112     0099                     	;# 
   113     009A                     	;# 
   114     009B                     	;# 
   115     009C                     	;# 
   116     009D                     	;# 
   117     009E                     	;# 
   118     009F                     	;# 
   119     0105                     	;# 
   120     0107                     	;# 
   121     0108                     	;# 
   122     0109                     	;# 
   123     010C                     	;# 
   124     010C                     	;# 
   125     010D                     	;# 
   126     010E                     	;# 
   127     010F                     	;# 
   128     0185                     	;# 
   129     0187                     	;# 
   130     0188                     	;# 
   131     0189                     	;# 
   132     018C                     	;# 
   133     018D                     	;# 
   134     0000                     	;# 
   135     0001                     	;# 
   136     0002                     	;# 
   137     0003                     	;# 
   138     0004                     	;# 
   139     0005                     	;# 
   140     0006                     	;# 
   141     0007                     	;# 
   142     0008                     	;# 
   143     0009                     	;# 
   144     000A                     	;# 
   145     000B                     	;# 
   146     000C                     	;# 
   147     000D                     	;# 
   148     000E                     	;# 
   149     000E                     	;# 
   150     000F                     	;# 
   151     0010                     	;# 
   152     0011                     	;# 
   153     0012                     	;# 
   154     0013                     	;# 
   155     0014                     	;# 
   156     0015                     	;# 
   157     0015                     	;# 
   158     0016                     	;# 
   159     0017                     	;# 
   160     0018                     	;# 
   161     0019                     	;# 
   162     001A                     	;# 
   163     001B                     	;# 
   164     001B                     	;# 
   165     001C                     	;# 
   166     001D                     	;# 
   167     001E                     	;# 
   168     001F                     	;# 
   169     0081                     	;# 
   170     0085                     	;# 
   171     0086                     	;# 
   172     0087                     	;# 
   173     0088                     	;# 
   174     0089                     	;# 
   175     008C                     	;# 
   176     008D                     	;# 
   177     008E                     	;# 
   178     008F                     	;# 
   179     0090                     	;# 
   180     0091                     	;# 
   181     0092                     	;# 
   182     0093                     	;# 
   183     0093                     	;# 
   184     0093                     	;# 
   185     0094                     	;# 
   186     0095                     	;# 
   187     0096                     	;# 
   188     0097                     	;# 
   189     0098                     	;# 
   190     0099                     	;# 
   191     009A                     	;# 
   192     009B                     	;# 
   193     009C                     	;# 
   194     009D                     	;# 
   195     009E                     	;# 
   196     009F                     	;# 
   197     0105                     	;# 
   198     0107                     	;# 
   199     0108                     	;# 
   200     0109                     	;# 
   201     010C                     	;# 
   202     010C                     	;# 
   203     010D                     	;# 
   204     010E                     	;# 
   205     010F                     	;# 
   206     0185                     	;# 
   207     0187                     	;# 
   208     0188                     	;# 
   209     0189                     	;# 
   210     018C                     	;# 
   211     018D                     	;# 
   212                           
   213                           	psect	idataBANK0
   214     0696                     __pidataBANK0:
   215                           
   216                           ;initializer for _time
   217     0696  3430               	retlw	48
   218     0697  3431               	retlw	49
   219     0698  343A               	retlw	58
   220     0699  3435               	retlw	53
   221     069A  3439               	retlw	57
   222     069B  343A               	retlw	58
   223     069C  3435               	retlw	53
   224     069D  3435               	retlw	53
   225     069E  3400               	retlw	0
   226     0001                     _TMR0	set	1
   227     0009                     _PORTE	set	9
   228     0008                     _PORTD	set	8
   229     005A                     _T0IF	set	90
   230     0048                     _RE0	set	72
   231     0049                     _RE1	set	73
   232     0081                     _OPTION_REG	set	129
   233     0089                     _TRISE	set	137
   234     0088                     _TRISD	set	136
   235     0189                     _ANSELH	set	393
   236     0188                     _ANSEL	set	392
   237                           
   238                           	psect	cinit
   239     07E6                     start_initialization:	
   240                           ; #config settings
   241                           
   242     07E6                     __initialization:
   243                           
   244                           ; Initialize objects allocated to BANK0
   245     07E6  1383               	bcf	3,7	;select IRP bank0
   246     07E7  3029               	movlw	low (__pdataBANK0+9)
   247     07E8  00FD               	movwf	btemp+-1
   248     07E9  3006               	movlw	high __pidataBANK0
   249     07EA  00FE               	movwf	btemp
   250     07EB  3096               	movlw	low __pidataBANK0
   251     07EC  00FF               	movwf	btemp+1
   252     07ED  3020               	movlw	low __pdataBANK0
   253     07EE  0084               	movwf	4
   254     07EF  120A  118A  26BE  120A  118A  	fcall	init_ram0
   255                           
   256                           ; Clear objects allocated to COMMON
   257     07F4  01F0               	clrf	__pbssCOMMON& (0+127)
   258     07F5  01F1               	clrf	(__pbssCOMMON+1)& (0+127)
   259     07F6  01F2               	clrf	(__pbssCOMMON+2)& (0+127)
   260     07F7  01F3               	clrf	(__pbssCOMMON+3)& (0+127)
   261     07F8  01F4               	clrf	(__pbssCOMMON+4)& (0+127)
   262     07F9  01F5               	clrf	(__pbssCOMMON+5)& (0+127)
   263     07FA  01F6               	clrf	(__pbssCOMMON+6)& (0+127)
   264     07FB  01F7               	clrf	(__pbssCOMMON+7)& (0+127)
   265     07FC                     end_of_initialization:	
   266                           ;End of C runtime variable initialization code
   267                           
   268     07FC                     __end_of__initialization:
   269     07FC  0183               	clrf	3
   270     07FD  120A  118A  2F60   	ljmp	_main	;jump to C main() function
   271                           
   272                           	psect	bssCOMMON
   273     0070                     __pbssCOMMON:
   274     0070                     _count:
   275     0070                     	ds	2
   276     0072                     _hr0:
   277     0072                     	ds	1
   278     0073                     _hr1:
   279     0073                     	ds	1
   280     0074                     _min0:
   281     0074                     	ds	1
   282     0075                     _min1:
   283     0075                     	ds	1
   284     0076                     _sec0:
   285     0076                     	ds	1
   286     0077                     _sec1:
   287     0077                     	ds	1
   288                           
   289                           	psect	dataBANK0
   290     0020                     __pdataBANK0:
   291     0020                     _time:
   292     0020                     	ds	9
   293                           
   294                           	psect	inittext
   295     06BA                     init_fetch0:	
   296                           ;	Called with low address in FSR and high address in W
   297                           
   298     06BA  087E               	movf	btemp,w
   299     06BB  008A               	movwf	10
   300     06BC  087F               	movf	btemp+1,w
   301     06BD  0082               	movwf	2
   302     06BE                     init_ram0:	
   303                           ;Called with:
   304                           ;	high address of idata address in btemp 
   305                           ;	low address of idata address in btemp+1 
   306                           ;	low address of data in FSR
   307                           ;	high address + 1 of data in btemp-1
   308                           
   309     06BE  120A  118A  26BA  120A  118A  	fcall	init_fetch0
   310     06C3  0080               	movwf	0
   311     06C4  0A84               	incf	4,f
   312     06C5  0804               	movf	4,w
   313     06C6  067D               	xorwf	btemp+-1,w
   314     06C7  1903               	btfsc	3,2
   315     06C8  3400               	retlw	0
   316     06C9  0AFF               	incf	btemp+1,f
   317     06CA  1903               	btfsc	3,2
   318     06CB  0AFE               	incf	btemp,f
   319     06CC  2EBE               	goto	init_ram0
   320                           
   321                           	psect	cstackCOMMON
   322     0078                     __pcstackCOMMON:
   323     0078                     ?_delay:
   324     0078                     ?_enable:	
   325                           ; 1 bytes @ 0x0
   326                           
   327     0078                     ?_print:	
   328                           ; 1 bytes @ 0x0
   329                           
   330     0078                     ?_timer:	
   331                           ; 1 bytes @ 0x0
   332                           
   333     0078                     ??_timer:	
   334                           ; 1 bytes @ 0x0
   335                           
   336     0078                     ?_hr_inc:	
   337                           ; 1 bytes @ 0x0
   338                           
   339     0078                     ??_hr_inc:	
   340                           ; 1 bytes @ 0x0
   341                           
   342     0078                     ?_min_inc:	
   343                           ; 1 bytes @ 0x0
   344                           
   345     0078                     ??_min_inc:	
   346                           ; 1 bytes @ 0x0
   347                           
   348     0078                     ?_main:	
   349                           ; 1 bytes @ 0x0
   350                           
   351     0078                     delay@t:	
   352                           ; 1 bytes @ 0x0
   353                           
   354                           
   355                           ; 2 bytes @ 0x0
   356     0078                     	ds	2
   357     007A                     ??_delay:
   358     007A                     ??_enable:	
   359                           ; 1 bytes @ 0x2
   360                           
   361     007A                     ??_print:	
   362                           ; 1 bytes @ 0x2
   363                           
   364                           
   365                           ; 1 bytes @ 0x2
   366     007A                     	ds	1
   367     007B                     print@ptr:
   368                           
   369                           ; 1 bytes @ 0x3
   370     007B                     	ds	1
   371     007C                     print@i:
   372                           
   373                           ; 2 bytes @ 0x4
   374     007C                     	ds	2
   375     007E                     ??_main:
   376                           
   377                           	psect	maintext
   378     0760                     __pmaintext:	
   379                           ; 1 bytes @ 0x6
   380 ;;
   381 ;;Main: autosize = 0, tempsize = 0, incstack = 0, save=0
   382 ;;
   383 ;; *************** function _main *****************
   384 ;; Defined at:
   385 ;;		line 106 in file "clock.c"
   386 ;; Parameters:    Size  Location     Type
   387 ;;		None
   388 ;; Auto vars:     Size  Location     Type
   389 ;;		None
   390 ;; Return value:  Size  Location     Type
   391 ;;                  1    wreg      void 
   392 ;; Registers used:
   393 ;;		wreg, fsr0l, fsr0h, status,2, status,0, pclath, cstack
   394 ;; Tracked objects:
   395 ;;		On entry : B00/0
   396 ;;		On exit  : 0/0
   397 ;;		Unchanged: 0/0
   398 ;; Data sizes:     COMMON   BANK0   BANK1   BANK3   BANK2
   399 ;;      Params:         0       0       0       0       0
   400 ;;      Locals:         0       0       0       0       0
   401 ;;      Temps:          0       0       0       0       0
   402 ;;      Totals:         0       0       0       0       0
   403 ;;Total ram usage:        0 bytes
   404 ;; Hardware stack levels required when called: 3
   405 ;; This function calls:
   406 ;;		_enable
   407 ;;		_min_inc
   408 ;;		_print
   409 ;;		_timer
   410 ;; This function is called by:
   411 ;;		Startup code after reset
   412 ;; This function uses a non-reentrant model
   413 ;;
   414                           
   415     0760                     _main:	
   416                           ;psect for function _main
   417                           
   418     0760                     l876:	
   419                           ;incstack = 0
   420                           ; Regs used in _main: [wreg-fsr0h+status,2+status,0+pclath+cstack]
   421                           
   422                           
   423                           ;clock.c: 108:     PORTD=TRISD=0x00;
   424     0760  1683               	bsf	3,5	;RP0=1, select bank1
   425     0761  1303               	bcf	3,6	;RP1=0, select bank1
   426     0762  0188               	clrf	8	;volatile
   427     0763  1283               	bcf	3,5	;RP0=0, select bank0
   428     0764  1303               	bcf	3,6	;RP1=0, select bank0
   429     0765  0188               	clrf	8	;volatile
   430                           
   431                           ;clock.c: 109:     PORTE=TRISE=0x00;
   432     0766  1683               	bsf	3,5	;RP0=1, select bank1
   433     0767  1303               	bcf	3,6	;RP1=0, select bank1
   434     0768  0189               	clrf	9	;volatile
   435     0769  1283               	bcf	3,5	;RP0=0, select bank0
   436     076A  1303               	bcf	3,6	;RP1=0, select bank0
   437     076B  0189               	clrf	9	;volatile
   438                           
   439                           ;clock.c: 110:     ANSEL=ANSELH=0x00;
   440     076C  1683               	bsf	3,5	;RP0=1, select bank3
   441     076D  1703               	bsf	3,6	;RP1=1, select bank3
   442     076E  0189               	clrf	9	;volatile
   443     076F  0188               	clrf	8	;volatile
   444     0770                     l878:
   445                           
   446                           ;clock.c: 111:     OPTION_REG=0x85;
   447     0770  3085               	movlw	133
   448     0771  1683               	bsf	3,5	;RP0=1, select bank1
   449     0772  1303               	bcf	3,6	;RP1=0, select bank1
   450     0773  0081               	movwf	1	;volatile
   451     0774                     l880:
   452                           
   453                           ;clock.c: 112:     TMR0=131;
   454     0774  3083               	movlw	131
   455     0775  1283               	bcf	3,5	;RP0=0, select bank0
   456     0776  1303               	bcf	3,6	;RP1=0, select bank0
   457     0777  0081               	movwf	1	;volatile
   458     0778                     l882:
   459                           
   460                           ;clock.c: 113:     RE0=0;
   461     0778  1009               	bcf	9,0	;volatile
   462     0779                     l884:
   463                           
   464                           ;clock.c: 114:     PORTD=0x38;
   465     0779  3038               	movlw	56
   466     077A  0088               	movwf	8	;volatile
   467     077B                     l886:
   468                           
   469                           ;clock.c: 115:     enable();
   470     077B  120A  118A  26CD  120A  118A  	fcall	_enable
   471     0780                     l888:
   472                           
   473                           ;clock.c: 116:     PORTD=0x0C;
   474     0780  300C               	movlw	12
   475     0781  1283               	bcf	3,5	;RP0=0, select bank0
   476     0782  1303               	bcf	3,6	;RP1=0, select bank0
   477     0783  0088               	movwf	8	;volatile
   478     0784                     l890:
   479                           
   480                           ;clock.c: 117:     enable();
   481     0784  120A  118A  26CD  120A  118A  	fcall	_enable
   482     0789                     l892:
   483                           
   484                           ;clock.c: 119:     sec0=time[7];
   485     0789  1283               	bcf	3,5	;RP0=0, select bank0
   486     078A  1303               	bcf	3,6	;RP1=0, select bank0
   487     078B  0827               	movf	_time+7,w
   488     078C  00F6               	movwf	_sec0
   489     078D                     l894:
   490                           
   491                           ;clock.c: 120:     sec1=time[6];
   492     078D  0826               	movf	_time+6,w
   493     078E  00F7               	movwf	_sec1
   494     078F                     l896:
   495                           
   496                           ;clock.c: 121:     min0=time[4];
   497     078F  0824               	movf	_time+4,w
   498     0790  00F4               	movwf	_min0
   499     0791                     l898:
   500                           
   501                           ;clock.c: 122:     min1=time[3];
   502     0791  0823               	movf	_time+3,w
   503     0792  00F5               	movwf	_min1
   504     0793                     l900:
   505                           
   506                           ;clock.c: 123:     hr1=time[0];
   507     0793  0820               	movf	_time,w
   508     0794  00F3               	movwf	_hr1
   509     0795                     l902:
   510                           
   511                           ;clock.c: 124:     hr0=time[1];
   512     0795  0821               	movf	_time+1,w
   513     0796  00F2               	movwf	_hr0
   514     0797                     l904:
   515                           
   516                           ;clock.c: 126:     time[7]=sec0;
   517     0797  0876               	movf	_sec0,w
   518     0798  00A7               	movwf	_time+7
   519     0799                     l906:
   520                           
   521                           ;clock.c: 127:     time[6]=sec1;
   522     0799  0877               	movf	_sec1,w
   523     079A  00A6               	movwf	_time+6
   524     079B                     l908:
   525                           
   526                           ;clock.c: 128:     time[4]=min0;
   527     079B  0874               	movf	_min0,w
   528     079C  00A4               	movwf	_time+4
   529     079D                     l910:
   530                           
   531                           ;clock.c: 129:     time[3]=min1;
   532     079D  0875               	movf	_min1,w
   533     079E  00A3               	movwf	_time+3
   534     079F                     l912:
   535                           
   536                           ;clock.c: 130:     time[1]=hr0;
   537     079F  0872               	movf	_hr0,w
   538     07A0  00A1               	movwf	_time+1
   539     07A1                     l914:
   540                           
   541                           ;clock.c: 131:     time[0]=hr1;
   542     07A1  0873               	movf	_hr1,w
   543     07A2  00A0               	movwf	_time
   544     07A3                     l916:
   545                           
   546                           ;clock.c: 133:     {;clock.c: 134:         timer();
   547     07A3  120A  118A  269F  120A  118A  	fcall	_timer
   548     07A8                     l918:
   549                           
   550                           ;clock.c: 135:         if(count==125)
   551     07A8  307D               	movlw	125
   552     07A9  0670               	xorwf	_count,w
   553     07AA  0471               	iorwf	_count+1,w
   554     07AB  1D03               	btfss	3,2
   555     07AC  2FAE               	goto	u201
   556     07AD  2FAF               	goto	u200
   557     07AE                     u201:
   558     07AE  2FA3               	goto	l916
   559     07AF                     u200:
   560     07AF                     l920:
   561                           
   562                           ;clock.c: 136:         {;clock.c: 137:             time[7]=sec0;
   563     07AF  0876               	movf	_sec0,w
   564     07B0  1283               	bcf	3,5	;RP0=0, select bank0
   565     07B1  1303               	bcf	3,6	;RP1=0, select bank0
   566     07B2  00A7               	movwf	_time+7
   567                           
   568                           ;clock.c: 138:             time[6]=sec1;
   569     07B3  0877               	movf	_sec1,w
   570     07B4  00A6               	movwf	_time+6
   571                           
   572                           ;clock.c: 139:             time[4]=min0;
   573     07B5  0874               	movf	_min0,w
   574     07B6  00A4               	movwf	_time+4
   575                           
   576                           ;clock.c: 140:             time[3]=min1;
   577     07B7  0875               	movf	_min1,w
   578     07B8  00A3               	movwf	_time+3
   579                           
   580                           ;clock.c: 141:             time[1]=hr0;
   581     07B9  0872               	movf	_hr0,w
   582     07BA  00A1               	movwf	_time+1
   583                           
   584                           ;clock.c: 142:             time[0]=hr1;
   585     07BB  0873               	movf	_hr1,w
   586     07BC  00A0               	movwf	_time
   587     07BD                     l922:
   588                           
   589                           ;clock.c: 143:             print(time);
   590     07BD  3020               	movlw	(low (_time| 0))& (0+255)
   591     07BE  120A  118A  2725  120A  118A  	fcall	_print
   592     07C3                     l924:
   593                           
   594                           ;clock.c: 144:             count=0;
   595     07C3  01F0               	clrf	_count
   596     07C4  01F1               	clrf	_count+1
   597     07C5                     l926:
   598                           
   599                           ;clock.c: 145:             if(sec0=='9')
   600     07C5  3039               	movlw	57
   601     07C6  0676               	xorwf	_sec0,w
   602     07C7  1D03               	btfss	3,2
   603     07C8  2FCA               	goto	u211
   604     07C9  2FCB               	goto	u210
   605     07CA                     u211:
   606     07CA  2FDF               	goto	l938
   607     07CB                     u210:
   608     07CB                     l928:
   609                           
   610                           ;clock.c: 146:             {;clock.c: 147:                 sec0='0';
   611     07CB  3030               	movlw	48
   612     07CC  00F6               	movwf	_sec0
   613     07CD                     l930:
   614                           
   615                           ;clock.c: 148:                 if(sec1=='5')
   616     07CD  3035               	movlw	53
   617     07CE  0677               	xorwf	_sec1,w
   618     07CF  1D03               	btfss	3,2
   619     07D0  2FD2               	goto	u221
   620     07D1  2FD3               	goto	u220
   621     07D2                     u221:
   622     07D2  2FDB               	goto	l936
   623     07D3                     u220:
   624     07D3                     l932:
   625                           
   626                           ;clock.c: 149:                 {;clock.c: 150:                     sec1='0';
   627     07D3  3030               	movlw	48
   628     07D4  00F7               	movwf	_sec1
   629     07D5                     l934:
   630                           
   631                           ;clock.c: 151:                     min_inc();
   632     07D5  120A  118A  26E6  120A  118A  	fcall	_min_inc
   633                           
   634                           ;clock.c: 153:                 }
   635     07DA  2FA3               	goto	l916
   636     07DB                     l936:
   637                           
   638                           ;clock.c: 155:                 {;clock.c: 156:                     sec1=(int)sec1+1;
   639     07DB  0877               	movf	_sec1,w
   640     07DC  3E01               	addlw	1
   641     07DD  00F7               	movwf	_sec1
   642     07DE  2FA3               	goto	l916
   643     07DF                     l938:
   644                           
   645                           ;clock.c: 160:             {;clock.c: 161:                 sec0=(int)sec0+1;
   646     07DF  0876               	movf	_sec0,w
   647     07E0  3E01               	addlw	1
   648     07E1  00F6               	movwf	_sec0
   649     07E2  2FA3               	goto	l916
   650     07E3  120A  118A  2800   	ljmp	start
   651     07E6                     __end_of_main:
   652                           
   653                           	psect	text1
   654     069F                     __ptext1:	
   655 ;; *************** function _timer *****************
   656 ;; Defined at:
   657 ;;		line 56 in file "clock.c"
   658 ;; Parameters:    Size  Location     Type
   659 ;;		None
   660 ;; Auto vars:     Size  Location     Type
   661 ;;		None
   662 ;; Return value:  Size  Location     Type
   663 ;;                  1    wreg      void 
   664 ;; Registers used:
   665 ;;		wreg
   666 ;; Tracked objects:
   667 ;;		On entry : 0/0
   668 ;;		On exit  : 0/0
   669 ;;		Unchanged: 0/0
   670 ;; Data sizes:     COMMON   BANK0   BANK1   BANK3   BANK2
   671 ;;      Params:         0       0       0       0       0
   672 ;;      Locals:         0       0       0       0       0
   673 ;;      Temps:          0       0       0       0       0
   674 ;;      Totals:         0       0       0       0       0
   675 ;;Total ram usage:        0 bytes
   676 ;; Hardware stack levels used: 1
   677 ;; This function calls:
   678 ;;		Nothing
   679 ;; This function is called by:
   680 ;;		_main
   681 ;; This function uses a non-reentrant model
   682 ;;
   683                           
   684     069F                     _timer:	
   685                           ;psect for function _timer
   686                           
   687     069F                     l856:	
   688                           ;incstack = 0
   689                           ; Regs used in _timer: [wreg]
   690                           
   691                           
   692                           ;clock.c: 58:     if(T0IF==1)
   693     069F  1D0B               	btfss	11,2	;volatile
   694     06A0  2EA2               	goto	u171
   695     06A1  2EA3               	goto	u170
   696     06A2                     u171:
   697     06A2  2EAA               	goto	l57
   698     06A3                     u170:
   699     06A3                     l858:
   700                           
   701                           ;clock.c: 59:     {;clock.c: 60:         count++;
   702     06A3  3001               	movlw	1
   703     06A4  07F0               	addwf	_count,f
   704     06A5  1803               	skipnc
   705     06A6  0AF1               	incf	_count+1,f
   706     06A7  3000               	movlw	0
   707     06A8  07F1               	addwf	_count+1,f
   708     06A9                     l860:
   709                           
   710                           ;clock.c: 61:         T0IF=0;
   711     06A9  110B               	bcf	11,2	;volatile
   712     06AA                     l57:
   713     06AA  0008               	return
   714     06AB                     __end_of_timer:
   715                           
   716                           	psect	text2
   717     0725                     __ptext2:	
   718 ;; *************** function _print *****************
   719 ;; Defined at:
   720 ;;		line 39 in file "clock.c"
   721 ;; Parameters:    Size  Location     Type
   722 ;;  ptr             1    wreg     PTR unsigned char 
   723 ;;		 -> time(9), 
   724 ;; Auto vars:     Size  Location     Type
   725 ;;  ptr             1    3[COMMON] PTR unsigned char 
   726 ;;		 -> time(9), 
   727 ;;  i               2    4[COMMON] int 
   728 ;; Return value:  Size  Location     Type
   729 ;;                  1    wreg      void 
   730 ;; Registers used:
   731 ;;		wreg, fsr0l, fsr0h, status,2, status,0, pclath, cstack
   732 ;; Tracked objects:
   733 ;;		On entry : 0/0
   734 ;;		On exit  : 0/0
   735 ;;		Unchanged: 0/0
   736 ;; Data sizes:     COMMON   BANK0   BANK1   BANK3   BANK2
   737 ;;      Params:         0       0       0       0       0
   738 ;;      Locals:         3       0       0       0       0
   739 ;;      Temps:          1       0       0       0       0
   740 ;;      Totals:         4       0       0       0       0
   741 ;;Total ram usage:        4 bytes
   742 ;; Hardware stack levels used: 1
   743 ;; Hardware stack levels required when called: 2
   744 ;; This function calls:
   745 ;;		_enable
   746 ;; This function is called by:
   747 ;;		_main
   748 ;; This function uses a non-reentrant model
   749 ;;
   750                           
   751     0725                     _print:	
   752                           ;psect for function _print
   753                           
   754                           
   755                           ;incstack = 0
   756                           ; Regs used in _print: [wreg-fsr0h+status,2+status,0+pclath+cstack]
   757                           ;print@ptr stored from wreg
   758     0725  00FB               	movwf	print@ptr
   759     0726                     l832:
   760                           
   761                           ;clock.c: 39: void print(char *ptr);clock.c: 40: {;clock.c: 41:     RE0=0;
   762     0726  1283               	bcf	3,5	;RP0=0, select bank0
   763     0727  1303               	bcf	3,6	;RP1=0, select bank0
   764     0728  1009               	bcf	9,0	;volatile
   765     0729                     l834:
   766                           
   767                           ;clock.c: 42:     PORTD=0x01;
   768     0729  3001               	movlw	1
   769     072A  0088               	movwf	8	;volatile
   770     072B                     l836:
   771                           
   772                           ;clock.c: 43:     enable();
   773     072B  120A  118A  26CD  120A  118A  	fcall	_enable
   774     0730                     l838:
   775     0730                     l840:
   776                           
   777                           ;clock.c: 45:     for(i=0;*(ptr+i)!='\0';i++)
   778     0730  01FC               	clrf	print@i
   779     0731  01FD               	clrf	print@i+1
   780     0732  2F54               	goto	l854
   781     0733                     l51:
   782                           
   783                           ;clock.c: 46:     {;clock.c: 47:         RE0=0;
   784     0733  1283               	bcf	3,5	;RP0=0, select bank0
   785     0734  1303               	bcf	3,6	;RP1=0, select bank0
   786     0735  1009               	bcf	9,0	;volatile
   787     0736                     l842:
   788                           
   789                           ;clock.c: 48:         PORTD=0x80+i;
   790     0736  087C               	movf	print@i,w
   791     0737  3E80               	addlw	128
   792     0738  0088               	movwf	8	;volatile
   793     0739                     l844:
   794                           
   795                           ;clock.c: 49:         enable();
   796     0739  120A  118A  26CD  120A  118A  	fcall	_enable
   797     073E                     l846:
   798                           
   799                           ;clock.c: 50:         RE0=1;
   800     073E  1283               	bcf	3,5	;RP0=0, select bank0
   801     073F  1303               	bcf	3,6	;RP1=0, select bank0
   802     0740  1409               	bsf	9,0	;volatile
   803     0741                     l848:
   804                           
   805                           ;clock.c: 51:         PORTD=*(ptr+i);
   806     0741  087C               	movf	print@i,w
   807     0742  077B               	addwf	print@ptr,w
   808     0743  00FA               	movwf	??_print
   809     0744  087A               	movf	??_print,w
   810     0745  0084               	movwf	4
   811     0746  1383               	bcf	3,7	;select IRP bank0
   812     0747  0800               	movf	0,w
   813     0748  0088               	movwf	8	;volatile
   814     0749                     l850:
   815                           
   816                           ;clock.c: 52:         enable();
   817     0749  120A  118A  26CD  120A  118A  	fcall	_enable
   818     074E                     l852:
   819                           
   820                           ;clock.c: 53:     }
   821     074E  3001               	movlw	1
   822     074F  07FC               	addwf	print@i,f
   823     0750  1803               	skipnc
   824     0751  0AFD               	incf	print@i+1,f
   825     0752  3000               	movlw	0
   826     0753  07FD               	addwf	print@i+1,f
   827     0754                     l854:
   828     0754  087C               	movf	print@i,w
   829     0755  077B               	addwf	print@ptr,w
   830     0756  00FA               	movwf	??_print
   831     0757  087A               	movf	??_print,w
   832     0758  0084               	movwf	4
   833     0759  1383               	bcf	3,7	;select IRP bank0
   834     075A  0800               	movf	0,w
   835     075B  1D03               	btfss	3,2
   836     075C  2F5E               	goto	u161
   837     075D  2F5F               	goto	u160
   838     075E                     u161:
   839     075E  2F33               	goto	l51
   840     075F                     u160:
   841     075F                     l53:
   842     075F  0008               	return
   843     0760                     __end_of_print:
   844                           
   845                           	psect	text3
   846     06CD                     __ptext3:	
   847 ;; *************** function _enable *****************
   848 ;; Defined at:
   849 ;;		line 31 in file "clock.c"
   850 ;; Parameters:    Size  Location     Type
   851 ;;		None
   852 ;; Auto vars:     Size  Location     Type
   853 ;;		None
   854 ;; Return value:  Size  Location     Type
   855 ;;                  1    wreg      void 
   856 ;; Registers used:
   857 ;;		wreg, status,2, status,0, pclath, cstack
   858 ;; Tracked objects:
   859 ;;		On entry : 0/0
   860 ;;		On exit  : 0/0
   861 ;;		Unchanged: 0/0
   862 ;; Data sizes:     COMMON   BANK0   BANK1   BANK3   BANK2
   863 ;;      Params:         0       0       0       0       0
   864 ;;      Locals:         0       0       0       0       0
   865 ;;      Temps:          0       0       0       0       0
   866 ;;      Totals:         0       0       0       0       0
   867 ;;Total ram usage:        0 bytes
   868 ;; Hardware stack levels used: 1
   869 ;; Hardware stack levels required when called: 1
   870 ;; This function calls:
   871 ;;		_delay
   872 ;; This function is called by:
   873 ;;		_print
   874 ;;		_main
   875 ;; This function uses a non-reentrant model
   876 ;;
   877                           
   878     06CD                     _enable:	
   879                           ;psect for function _enable
   880                           
   881     06CD                     l812:	
   882                           ;incstack = 0
   883                           ; Regs used in _enable: [wreg+status,2+status,0+pclath+cstack]
   884                           
   885                           
   886                           ;clock.c: 33:     RE1=1;
   887     06CD  1283               	bcf	3,5	;RP0=0, select bank0
   888     06CE  1303               	bcf	3,6	;RP1=0, select bank0
   889     06CF  1489               	bsf	9,1	;volatile
   890     06D0                     l814:
   891                           
   892                           ;clock.c: 34:     delay(35);
   893     06D0  3023               	movlw	35
   894     06D1  00F8               	movwf	delay@t
   895     06D2  3000               	movlw	0
   896     06D3  00F9               	movwf	delay@t+1
   897     06D4  120A  118A  26AB  120A  118A  	fcall	_delay
   898     06D9                     l816:
   899                           
   900                           ;clock.c: 35:     RE1=0;
   901     06D9  1283               	bcf	3,5	;RP0=0, select bank0
   902     06DA  1303               	bcf	3,6	;RP1=0, select bank0
   903     06DB  1089               	bcf	9,1	;volatile
   904                           
   905                           ;clock.c: 36:     delay(35);
   906     06DC  3023               	movlw	35
   907     06DD  00F8               	movwf	delay@t
   908     06DE  3000               	movlw	0
   909     06DF  00F9               	movwf	delay@t+1
   910     06E0  120A  118A  26AB  120A  118A  	fcall	_delay
   911     06E5                     l47:
   912     06E5  0008               	return
   913     06E6                     __end_of_enable:
   914                           
   915                           	psect	text4
   916     06AB                     __ptext4:	
   917 ;; *************** function _delay *****************
   918 ;; Defined at:
   919 ;;		line 26 in file "clock.c"
   920 ;; Parameters:    Size  Location     Type
   921 ;;  t               2    0[COMMON] int 
   922 ;; Auto vars:     Size  Location     Type
   923 ;;		None
   924 ;; Return value:  Size  Location     Type
   925 ;;                  1    wreg      void 
   926 ;; Registers used:
   927 ;;		wreg, status,2, status,0
   928 ;; Tracked objects:
   929 ;;		On entry : 0/0
   930 ;;		On exit  : 0/0
   931 ;;		Unchanged: 0/0
   932 ;; Data sizes:     COMMON   BANK0   BANK1   BANK3   BANK2
   933 ;;      Params:         2       0       0       0       0
   934 ;;      Locals:         0       0       0       0       0
   935 ;;      Temps:          0       0       0       0       0
   936 ;;      Totals:         2       0       0       0       0
   937 ;;Total ram usage:        2 bytes
   938 ;; Hardware stack levels used: 1
   939 ;; This function calls:
   940 ;;		Nothing
   941 ;; This function is called by:
   942 ;;		_enable
   943 ;; This function uses a non-reentrant model
   944 ;;
   945                           
   946     06AB                     _delay:	
   947                           ;psect for function _delay
   948                           
   949     06AB                     l808:	
   950                           ;incstack = 0
   951                           ; Regs used in _delay: [wreg+status,2+status,0]
   952                           
   953     06AB                     l810:	
   954                           ;clock.c: 26: void delay(int t);clock.c: 27: {;clock.c: 28:     while(t--);
   955                           
   956     06AB  30FF               	movlw	255
   957     06AC  07F8               	addwf	delay@t,f
   958     06AD  1803               	skipnc
   959     06AE  0AF9               	incf	delay@t+1,f
   960     06AF  30FF               	movlw	255
   961     06B0  07F9               	addwf	delay@t+1,f
   962     06B1  0A78               	incf	delay@t,w
   963     06B2  1D03               	skipz
   964     06B3  2EB8               	goto	u121
   965     06B4  0A79               	incf	delay@t+1,w
   966     06B5  1D03               	btfss	3,2
   967     06B6  2EB8               	goto	u121
   968     06B7  2EB9               	goto	u120
   969     06B8                     u121:
   970     06B8  2EAB               	goto	l810
   971     06B9                     u120:
   972     06B9                     l44:
   973     06B9  0008               	return
   974     06BA                     __end_of_delay:
   975                           
   976                           	psect	text5
   977     06E6                     __ptext5:	
   978 ;; *************** function _min_inc *****************
   979 ;; Defined at:
   980 ;;		line 83 in file "clock.c"
   981 ;; Parameters:    Size  Location     Type
   982 ;;		None
   983 ;; Auto vars:     Size  Location     Type
   984 ;;		None
   985 ;; Return value:  Size  Location     Type
   986 ;;                  1    wreg      void 
   987 ;; Registers used:
   988 ;;		wreg, status,2, status,0, pclath, cstack
   989 ;; Tracked objects:
   990 ;;		On entry : 0/0
   991 ;;		On exit  : 0/0
   992 ;;		Unchanged: 0/0
   993 ;; Data sizes:     COMMON   BANK0   BANK1   BANK3   BANK2
   994 ;;      Params:         0       0       0       0       0
   995 ;;      Locals:         0       0       0       0       0
   996 ;;      Temps:          0       0       0       0       0
   997 ;;      Totals:         0       0       0       0       0
   998 ;;Total ram usage:        0 bytes
   999 ;; Hardware stack levels used: 1
  1000 ;; Hardware stack levels required when called: 1
  1001 ;; This function calls:
  1002 ;;		_hr_inc
  1003 ;; This function is called by:
  1004 ;;		_main
  1005 ;; This function uses a non-reentrant model
  1006 ;;
  1007                           
  1008     06E6                     _min_inc:	
  1009                           ;psect for function _min_inc
  1010                           
  1011     06E6                     l862:	
  1012                           ;incstack = 0
  1013                           ; Regs used in _min_inc: [wreg+status,2+status,0+pclath+cstack]
  1014                           
  1015                           
  1016                           ;clock.c: 85:     if(min0=='9')
  1017     06E6  3039               	movlw	57
  1018     06E7  0674               	xorwf	_min0,w
  1019     06E8  1D03               	btfss	3,2
  1020     06E9  2EEB               	goto	u181
  1021     06EA  2EEC               	goto	u180
  1022     06EB                     u181:
  1023     06EB  2F00               	goto	l874
  1024     06EC                     u180:
  1025     06EC                     l864:
  1026                           
  1027                           ;clock.c: 86:     {;clock.c: 87:         min0='0';
  1028     06EC  3030               	movlw	48
  1029     06ED  00F4               	movwf	_min0
  1030     06EE                     l866:
  1031                           
  1032                           ;clock.c: 88:         if(min1=='5')
  1033     06EE  3035               	movlw	53
  1034     06EF  0675               	xorwf	_min1,w
  1035     06F0  1D03               	btfss	3,2
  1036     06F1  2EF3               	goto	u191
  1037     06F2  2EF4               	goto	u190
  1038     06F3                     u191:
  1039     06F3  2EFC               	goto	l872
  1040     06F4                     u190:
  1041     06F4                     l868:
  1042                           
  1043                           ;clock.c: 89:         {;clock.c: 90:             min1='0';
  1044     06F4  3030               	movlw	48
  1045     06F5  00F5               	movwf	_min1
  1046     06F6                     l870:
  1047                           
  1048                           ;clock.c: 91:             hr_inc();
  1049     06F6  120A  118A  2704  120A  118A  	fcall	_hr_inc
  1050                           
  1051                           ;clock.c: 92:         }
  1052     06FB  2F03               	goto	l71
  1053     06FC                     l872:
  1054                           
  1055                           ;clock.c: 94:         {;clock.c: 95:             min1=(int)min1+1;
  1056     06FC  0875               	movf	_min1,w
  1057     06FD  3E01               	addlw	1
  1058     06FE  00F5               	movwf	_min1
  1059     06FF  2F03               	goto	l71
  1060     0700                     l874:
  1061                           
  1062                           ;clock.c: 99:     {;clock.c: 100:         min0=(int)min0+1;
  1063     0700  0874               	movf	_min0,w
  1064     0701  3E01               	addlw	1
  1065     0702  00F4               	movwf	_min0
  1066     0703                     l71:
  1067     0703  0008               	return
  1068     0704                     __end_of_min_inc:
  1069                           
  1070                           	psect	text6
  1071     0704                     __ptext6:	
  1072 ;; *************** function _hr_inc *****************
  1073 ;; Defined at:
  1074 ;;		line 65 in file "clock.c"
  1075 ;; Parameters:    Size  Location     Type
  1076 ;;		None
  1077 ;; Auto vars:     Size  Location     Type
  1078 ;;		None
  1079 ;; Return value:  Size  Location     Type
  1080 ;;                  1    wreg      void 
  1081 ;; Registers used:
  1082 ;;		wreg, status,2, status,0
  1083 ;; Tracked objects:
  1084 ;;		On entry : 0/0
  1085 ;;		On exit  : 0/0
  1086 ;;		Unchanged: 0/0
  1087 ;; Data sizes:     COMMON   BANK0   BANK1   BANK3   BANK2
  1088 ;;      Params:         0       0       0       0       0
  1089 ;;      Locals:         0       0       0       0       0
  1090 ;;      Temps:          0       0       0       0       0
  1091 ;;      Totals:         0       0       0       0       0
  1092 ;;Total ram usage:        0 bytes
  1093 ;; Hardware stack levels used: 1
  1094 ;; This function calls:
  1095 ;;		Nothing
  1096 ;; This function is called by:
  1097 ;;		_min_inc
  1098 ;; This function uses a non-reentrant model
  1099 ;;
  1100                           
  1101     0704                     _hr_inc:	
  1102                           ;psect for function _hr_inc
  1103                           
  1104     0704                     l818:	
  1105                           ;incstack = 0
  1106                           ; Regs used in _hr_inc: [wreg+status,2+status,0]
  1107                           
  1108                           
  1109                           ;clock.c: 67:     if(hr1=='1'&hr0=='2')
  1110     0704  3031               	movlw	49
  1111     0705  0673               	xorwf	_hr1,w
  1112     0706  1D03               	btfss	3,2
  1113     0707  2F09               	goto	u131
  1114     0708  2F0A               	goto	u130
  1115     0709                     u131:
  1116     0709  2F15               	goto	l824
  1117     070A                     u130:
  1118     070A                     l820:
  1119     070A  3032               	movlw	50
  1120     070B  0672               	xorwf	_hr0,w
  1121     070C  1D03               	btfss	3,2
  1122     070D  2F0F               	goto	u141
  1123     070E  2F10               	goto	u140
  1124     070F                     u141:
  1125     070F  2F15               	goto	l824
  1126     0710                     u140:
  1127     0710                     l822:
  1128                           
  1129                           ;clock.c: 68:     {;clock.c: 69:         hr1='0';
  1130     0710  3030               	movlw	48
  1131     0711  00F3               	movwf	_hr1
  1132                           
  1133                           ;clock.c: 70:         hr0='0';
  1134     0712  3030               	movlw	48
  1135     0713  00F2               	movwf	_hr0
  1136                           
  1137                           ;clock.c: 71:     }
  1138     0714  2F24               	goto	l64
  1139     0715                     l824:
  1140     0715  3039               	movlw	57
  1141     0716  0672               	xorwf	_hr0,w
  1142     0717  1D03               	btfss	3,2
  1143     0718  2F1A               	goto	u151
  1144     0719  2F1B               	goto	u150
  1145     071A                     u151:
  1146     071A  2F21               	goto	l830
  1147     071B                     u150:
  1148     071B                     l826:
  1149                           
  1150                           ;clock.c: 73:     {;clock.c: 74:         hr1=(int)hr1+1;
  1151     071B  0873               	movf	_hr1,w
  1152     071C  3E01               	addlw	1
  1153     071D  00F3               	movwf	_hr1
  1154     071E                     l828:
  1155                           
  1156                           ;clock.c: 75:         hr0='0';
  1157     071E  3030               	movlw	48
  1158     071F  00F2               	movwf	_hr0
  1159                           
  1160                           ;clock.c: 76:     }
  1161     0720  2F24               	goto	l64
  1162     0721                     l830:
  1163                           
  1164                           ;clock.c: 78:     {;clock.c: 79:         hr0=(int)hr0+1;
  1165     0721  0872               	movf	_hr0,w
  1166     0722  3E01               	addlw	1
  1167     0723  00F2               	movwf	_hr0
  1168     0724                     l64:
  1169     0724  0008               	return
  1170     0725                     __end_of_hr_inc:
  1171     007E                     btemp	set	126	;btemp
  1172     007E                     wtemp0	set	126
  1173                           
  1174                           	psect	idloc
  1175                           
  1176                           ;Config register IDLOC0 @ 0x2000
  1177                           ;	unspecified, using default values
  1178     2000                     	org	8192
  1179     2000  3FFF               	dw	16383
  1180                           
  1181                           ;Config register IDLOC1 @ 0x2001
  1182                           ;	unspecified, using default values
  1183     2001                     	org	8193
  1184     2001  3FFF               	dw	16383
  1185                           
  1186                           ;Config register IDLOC2 @ 0x2002
  1187                           ;	unspecified, using default values
  1188     2002                     	org	8194
  1189     2002  3FFF               	dw	16383
  1190                           
  1191                           ;Config register IDLOC3 @ 0x2003
  1192                           ;	unspecified, using default values
  1193     2003                     	org	8195
  1194     2003  3FFF               	dw	16383
  1195                           
  1196                           	psect	config
  1197                           
  1198                           ;Config register CONFIG1 @ 0x2007
  1199                           ;	Oscillator Selection bits
  1200                           ;	FOSC = INTRC_NOCLKOUT, INTOSCIO oscillator: I/O function on RA6/OSC2/CLKOUT pin, I/O f
      +                          unction on RA7/OSC1/CLKIN
  1201                           ;	Watchdog Timer Enable bit
  1202                           ;	WDTE = OFF, WDT disabled and can be enabled by SWDTEN bit of the WDTCON register
  1203                           ;	Power-up Timer Enable bit
  1204                           ;	PWRTE = ON, PWRT enabled
  1205                           ;	RE3/MCLR pin function select bit
  1206                           ;	MCLRE = ON, RE3/MCLR pin function is MCLR
  1207                           ;	Code Protection bit
  1208                           ;	CP = OFF, Program memory code protection is disabled
  1209                           ;	Data Code Protection bit
  1210                           ;	CPD = OFF, Data memory code protection is disabled
  1211                           ;	Brown Out Reset Selection bits
  1212                           ;	BOREN = OFF, BOR disabled
  1213                           ;	Internal External Switchover bit
  1214                           ;	IESO = ON, Internal/External Switchover mode is enabled
  1215                           ;	Fail-Safe Clock Monitor Enabled bit
  1216                           ;	FCMEN = ON, Fail-Safe Clock Monitor is enabled
  1217                           ;	Low Voltage Programming Enable bit
  1218                           ;	LVP = OFF, RB3 pin has digital I/O, HV on MCLR must be used for programming
  1219                           ;	In-Circuit Debugger Mode bit
  1220                           ;	DEBUG = 0x1, unprogrammed default
  1221     2007                     	org	8199
  1222     2007  2CE4               	dw	11492
  1223                           
  1224                           ;Config register CONFIG2 @ 0x2008
  1225                           ;	Brown-out Reset Selection bit
  1226                           ;	BOR4V = BOR40V, Brown-out Reset set to 4.0V
  1227                           ;	Flash Program Memory Self Write Enable bits
  1228                           ;	WRT = OFF, Write protection off
  1229     2008                     	org	8200
  1230     2008  3FFF               	dw	16383

Data Sizes:
    Strings     0
    Constant    0
    Data        9
    BSS         8
    Persistent  0
    Stack       0

Auto Spaces:
    Space          Size  Autos    Used
    COMMON           14      6      14
    BANK0            80      0       9
    BANK1            80      0       0
    BANK3            96      0       0
    BANK2            96      0       0

Pointer List with Targets:

    print@ptr	PTR unsigned char  size(1) Largest target is 9
		 -> time(BANK0[9]), 


Critical Paths under _main in COMMON

    _main->_print
    _enable->_delay

Critical Paths under _main in BANK0

    None.

Critical Paths under _main in BANK1

    None.

Critical Paths under _main in BANK3

    None.

Critical Paths under _main in BANK2

    None.

Call Graph Tables:

 ---------------------------------------------------------------------------------
 (Depth) Function   	        Calls       Base Space   Used Autos Params    Refs
 ---------------------------------------------------------------------------------
 (0) _main                                                 0     0      0     494
                             _enable
                            _min_inc
                              _print
                              _timer
 ---------------------------------------------------------------------------------
 (1) _timer                                                0     0      0       0
 ---------------------------------------------------------------------------------
 (1) _print                                                4     4      0     320
                                              2 COMMON     4     4      0
                             _enable
 ---------------------------------------------------------------------------------
 (2) _enable                                               0     0      0     174
                              _delay
 ---------------------------------------------------------------------------------
 (3) _delay                                                2     0      2     174
                                              0 COMMON     2     0      2
 ---------------------------------------------------------------------------------
 (1) _min_inc                                              0     0      0       0
                             _hr_inc
 ---------------------------------------------------------------------------------
 (2) _hr_inc                                               0     0      0       0
 ---------------------------------------------------------------------------------
 Estimated maximum stack depth 3
 ---------------------------------------------------------------------------------

 Call Graph Graphs:

 _main (ROOT)
   _enable
     _delay
   _min_inc
     _hr_inc
   _print
     _enable
   _timer

 Address spaces:
Name               Size   Autos  Total    Cost      Usage
BANK3               60      0       0       9        0.0%
BITBANK3            60      0       0       8        0.0%
SFR3                 0      0       0       4        0.0%
BITSFR3              0      0       0       4        0.0%
BANK2               60      0       0      11        0.0%
BITBANK2            60      0       0      10        0.0%
SFR2                 0      0       0       5        0.0%
BITSFR2              0      0       0       5        0.0%
BANK1               50      0       0       7        0.0%
BITBANK1            50      0       0       6        0.0%
SFR1                 0      0       0       2        0.0%
BITSFR1              0      0       0       2        0.0%
BANK0               50      0       9       5       11.2%
BITBANK0            50      0       0       4        0.0%
SFR0                 0      0       0       1        0.0%
BITSFR0              0      0       0       1        0.0%
COMMON               E      6       E       1      100.0%
BITCOMMON            E      0       0       0        0.0%
CODE                 0      0       0       0        0.0%
DATA                 0      0      17      12        0.0%
ABS                  0      0      17       3        0.0%
NULL                 0      0       0       0        0.0%
STACK                0      0       0       2        0.0%
EEDATA             100      0       0       0        0.0%


Microchip Technology PIC Macro Assembler V2.40 build 20220703182018 
Symbol Table                                                                                   Thu May 29 11:29:47 2025

                      pc 0002                       l51 0733                       l44 06B9  
                     l53 075F                       l71 0703                       l47 06E5  
                     l64 0724                       l57 06AA                       fsr 0004  
                    l810 06AB                      l820 070A                      l812 06CD  
                    l900 0793                      l830 0721                      l822 0710  
                    l814 06D0                      l910 079D                      l902 0795  
                    l824 0715                      l808 06AB                      l816 06D9  
                    l840 0730                      l832 0726                      l920 07AF  
                    l912 079F                      l904 0797                      l826 071B  
                    l818 0704                      l850 0749                      l842 0736  
                    l834 0729                      l930 07CD                      l922 07BD  
                    l914 07A1                      l906 0799                      l828 071E  
                    l852 074E                      l844 0739                      l836 072B  
                    l860 06A9                      l932 07D3                      l924 07C3  
                    l916 07A3                      l908 079B                      l870 06F6  
                    l862 06E6                      l846 073E                      l854 0754  
                    l838 0730                      l934 07D5                      l926 07C5  
                    l918 07A8                      l872 06FC                      l864 06EC  
                    l848 0741                      l856 069F                      l936 07DB  
                    l928 07CB                      l880 0774                      l866 06EE  
                    l874 0700                      l858 06A3                      l938 07DF  
                    l890 0784                      l882 0778                      l868 06F4  
                    l892 0789                      l884 0779                      l876 0760  
                    l894 078D                      l886 077B                      l878 0770  
                    l896 078F                      l888 0780                      l898 0791  
                    _RE0 0048                      _RE1 0049                      u120 06B9  
                    u200 07AF                      u121 06B8                      u201 07AE  
                    u130 070A                      u210 07CB                      u131 0709  
                    u211 07CA                      u140 0710                      u220 07D3  
                    u141 070F                      u221 07D2                      u150 071B  
                    u151 071A                      u160 075F                      u161 075E  
                    u170 06A3                      u171 06A2                      u180 06EC  
                    u181 06EB                      u190 06F4                      u191 06F3  
                    _hr0 0072                      _hr1 0073                      fsr0 0004  
                    indf 0000                     _T0IF 005A                     _TMR0 0001  
                   _min0 0074                     _min1 0075                     _sec0 0076  
                   _sec1 0077                     _main 0760                     _time 0020  
                   btemp 007E                     start 0000                    ?_main 0078  
                  _ANSEL 0188                    _PORTD 0008                    _PORTE 0009  
                  _TRISD 0088                    _TRISE 0089                    _delay 06AB  
                  _count 0070          __end_of_min_inc 0704                    _timer 069F  
                  _print 0725                    pclath 000A                    status 0003  
                  wtemp0 007E          __initialization 07E6             __end_of_main 07E6  
                 ??_main 007E                   ?_delay 0078                   ?_timer 0078  
                 ?_print 0078                   _ANSELH 0189                   _enable 06CD  
                 _hr_inc 0704                   delay@t 0078                ??_min_inc 0078  
                 print@i 007C  __end_of__initialization 07FC           __pcstackCOMMON 0078  
           __pidataBANK0 0696            __end_of_delay 06BA            __end_of_timer 06AB  
          __end_of_print 0760                  ??_delay 007A                  ??_timer 0078  
                ??_print 007A               __pmaintext 0760                  ?_enable 0078  
                ?_hr_inc 0078                  __ptext1 069F                  __ptext2 0725  
                __ptext3 06CD                  __ptext4 06AB                  __ptext5 06E6  
                __ptext6 0704                  _min_inc 06E6     end_of_initialization 07FC  
         __end_of_enable 06E6           __end_of_hr_inc 0725      start_initialization 07E6  
             init_fetch0 06BA                 ??_enable 007A              __pdataBANK0 0020  
               ??_hr_inc 0078              __pbssCOMMON 0070                ___latbits 0002  
               ?_min_inc 0078                 init_ram0 06BE                 print@ptr 007B  
             _OPTION_REG 0081  
