

Microchip MPLAB XC8 Assembler V2.40 build 20220703182018 
                                                                                               Fri Jun 27 14:56:54 2025

Microchip MPLAB XC8 C Compiler v2.40 (Free license) build 20220703182018 Og1 
     1                           	processor	16F887
     2                           	pagewidth 120
     3                           	opt	flic
     4                           	psect	idataCOMMON,global,class=CODE,delta=2,noexec
     5                           	psect	cinit,global,class=CODE,merge=1,delta=2
     6                           	psect	bssCOMMON,global,class=COMMON,space=1,delta=1,noexec
     7                           	psect	dataCOMMON,global,class=COMMON,space=1,delta=1,noexec
     8                           	psect	cstackCOMMON,global,class=COMMON,space=1,delta=1,noexec
     9                           	psect	maintext,global,class=CODE,split=1,delta=2
    10                           	psect	text1,local,class=CODE,merge=1,delta=2
    11                           	psect	text2,local,class=CODE,merge=1,delta=2
    12                           	psect	text3,local,class=CODE,merge=1,delta=2
    13                           	psect	idloc,global,abs,ovrld,class=IDLOC,space=5,delta=2,noexec
    14                           	psect	config,global,abs,ovrld,class=CONFIG,space=4,delta=2,noexec
    15                           	dabs	1,0x7E,2
    16     0000                     
    17                           ; Version 2.40
    18                           ; Generated 17/11/2021 GMT
    19                           ; 
    20                           ; Copyright © 2021, Microchip Technology Inc. and its subsidiaries ("Microchip")
    21                           ; All rights reserved.
    22                           ; 
    23                           ; This software is developed by Microchip Technology Inc. and its subsidiaries ("Microch
      +                          ip").
    24                           ; 
    25                           ; Redistribution and use in source and binary forms, with or without modification, are
    26                           ; permitted provided that the following conditions are met:
    27                           ; 
    28                           ;     1. Redistributions of source code must retain the above copyright notice, this lis
      +                          t of
    29                           ;        conditions and the following disclaimer.
    30                           ; 
    31                           ;     2. Redistributions in binary form must reproduce the above copyright notice, this 
      +                          list
    32                           ;        of conditions and the following disclaimer in the documentation and/or other
    33                           ;        materials provided with the distribution. Publication is not required when
    34                           ;        this file is used in an embedded application.
    35                           ; 
    36                           ;     3. Microchip's name may not be used to endorse or promote products derived from th
      +                          is
    37                           ;        software without specific prior written permission.
    38                           ; 
    39                           ; THIS SOFTWARE IS PROVIDED BY MICROCHIP "AS IS" AND ANY EXPRESS OR IMPLIED WARRANTIES,
    40                           ; INCLUDING, BUT NOT LIMITED TO, THE IMPLIED WARRANTIES OF MERCHANTABILITY AND FITNESS F
      +                          OR
    41                           ; PURPOSE ARE DISCLAIMED.  IN NO EVENT SHALL MICROCHIP BE LIABLE FOR ANY DIRECT, INDIREC
      +                          T,
    42                           ; INCIDENTAL, SPECIAL, EXEMPLARY, OR CONSEQUENTIAL DAMAGES (INCLUDING BUT NOT LIMITED TO
    43                           ; PROCUREMENT OF SUBSTITUTE GOODS OR SERVICES; LOSS OF USE, DATA OR PROFITS; OR BUSINESS
    44                           ; INTERRUPTION) HOWSOEVER CAUSED AND ON ANY THEORY OF LIABILITY, WHETHER IN CONTRACT, ST
      +                          RICT
    45                           ; LIABILITY, OR TORT (INCLUDING NEGLIGENCE OR OTHERWISE) ARISING IN ANY WAY OUT OF THE U
      +                          SE OF
    46                           ; THIS SOFTWARE, EVEN IF ADVISED OF THE POSSIBILITY OF SUCH DAMAGE.
    47                           ; 
    48                           ; 
    49                           ; Code-generator required, PIC16F887 Definitions
    50                           ; 
    51                           ; SFR Addresses
    52     0000                     	;# 
    53     0001                     	;# 
    54     0002                     	;# 
    55     0003                     	;# 
    56     0004                     	;# 
    57     0005                     	;# 
    58     0006                     	;# 
    59     0007                     	;# 
    60     0008                     	;# 
    61     0009                     	;# 
    62     000A                     	;# 
    63     000B                     	;# 
    64     000C                     	;# 
    65     000D                     	;# 
    66     000E                     	;# 
    67     000E                     	;# 
    68     000F                     	;# 
    69     0010                     	;# 
    70     0011                     	;# 
    71     0012                     	;# 
    72     0013                     	;# 
    73     0014                     	;# 
    74     0015                     	;# 
    75     0015                     	;# 
    76     0016                     	;# 
    77     0017                     	;# 
    78     0018                     	;# 
    79     0019                     	;# 
    80     001A                     	;# 
    81     001B                     	;# 
    82     001B                     	;# 
    83     001C                     	;# 
    84     001D                     	;# 
    85     001E                     	;# 
    86     001F                     	;# 
    87     0081                     	;# 
    88     0085                     	;# 
    89     0086                     	;# 
    90     0087                     	;# 
    91     0088                     	;# 
    92     0089                     	;# 
    93     008C                     	;# 
    94     008D                     	;# 
    95     008E                     	;# 
    96     008F                     	;# 
    97     0090                     	;# 
    98     0091                     	;# 
    99     0092                     	;# 
   100     0093                     	;# 
   101     0093                     	;# 
   102     0093                     	;# 
   103     0094                     	;# 
   104     0095                     	;# 
   105     0096                     	;# 
   106     0097                     	;# 
   107     0098                     	;# 
   108     0099                     	;# 
   109     009A                     	;# 
   110     009B                     	;# 
   111     009C                     	;# 
   112     009D                     	;# 
   113     009E                     	;# 
   114     009F                     	;# 
   115     0105                     	;# 
   116     0107                     	;# 
   117     0108                     	;# 
   118     0109                     	;# 
   119     010C                     	;# 
   120     010C                     	;# 
   121     010D                     	;# 
   122     010E                     	;# 
   123     010F                     	;# 
   124     0185                     	;# 
   125     0187                     	;# 
   126     0188                     	;# 
   127     0189                     	;# 
   128     018C                     	;# 
   129     018D                     	;# 
   130     0000                     	;# 
   131     0001                     	;# 
   132     0002                     	;# 
   133     0003                     	;# 
   134     0004                     	;# 
   135     0005                     	;# 
   136     0006                     	;# 
   137     0007                     	;# 
   138     0008                     	;# 
   139     0009                     	;# 
   140     000A                     	;# 
   141     000B                     	;# 
   142     000C                     	;# 
   143     000D                     	;# 
   144     000E                     	;# 
   145     000E                     	;# 
   146     000F                     	;# 
   147     0010                     	;# 
   148     0011                     	;# 
   149     0012                     	;# 
   150     0013                     	;# 
   151     0014                     	;# 
   152     0015                     	;# 
   153     0015                     	;# 
   154     0016                     	;# 
   155     0017                     	;# 
   156     0018                     	;# 
   157     0019                     	;# 
   158     001A                     	;# 
   159     001B                     	;# 
   160     001B                     	;# 
   161     001C                     	;# 
   162     001D                     	;# 
   163     001E                     	;# 
   164     001F                     	;# 
   165     0081                     	;# 
   166     0085                     	;# 
   167     0086                     	;# 
   168     0087                     	;# 
   169     0088                     	;# 
   170     0089                     	;# 
   171     008C                     	;# 
   172     008D                     	;# 
   173     008E                     	;# 
   174     008F                     	;# 
   175     0090                     	;# 
   176     0091                     	;# 
   177     0092                     	;# 
   178     0093                     	;# 
   179     0093                     	;# 
   180     0093                     	;# 
   181     0094                     	;# 
   182     0095                     	;# 
   183     0096                     	;# 
   184     0097                     	;# 
   185     0098                     	;# 
   186     0099                     	;# 
   187     009A                     	;# 
   188     009B                     	;# 
   189     009C                     	;# 
   190     009D                     	;# 
   191     009E                     	;# 
   192     009F                     	;# 
   193     0105                     	;# 
   194     0107                     	;# 
   195     0108                     	;# 
   196     0109                     	;# 
   197     010C                     	;# 
   198     010C                     	;# 
   199     010D                     	;# 
   200     010E                     	;# 
   201     010F                     	;# 
   202     0185                     	;# 
   203     0187                     	;# 
   204     0188                     	;# 
   205     0189                     	;# 
   206     018C                     	;# 
   207     018D                     	;# 
   208                           
   209                           	psect	idataCOMMON
   210     0729                     __pidataCOMMON:
   211                           
   212                           ;initializer for _ch
   213     0729  3445               	retlw	69
   214     072A  3446               	retlw	70
   215     072B  3447               	retlw	71
   216     072C  3448               	retlw	72
   217     0013                     _SSPBUF	set	19
   218     0014                     _SSPCON	set	20
   219     0009                     _PORTE	set	9
   220     0007                     _PORTC	set	7
   221     0005                     _PORTA	set	5
   222     0008                     _PORTD	set	8
   223     0063                     _SSPIF	set	99
   224     0048                     _RE0	set	72
   225     0049                     _RE1	set	73
   226     0094                     _SSPSTAT	set	148
   227     0089                     _TRISE	set	137
   228     0088                     _TRISD	set	136
   229     0087                     _TRISC	set	135
   230     0085                     _TRISA	set	133
   231     0189                     _ANSELH	set	393
   232     0188                     _ANSEL	set	392
   233                           
   234                           	psect	cinit
   235     07E3                     start_initialization:	
   236                           ; #config settings
   237                           
   238     07E3                     __initialization:
   239                           
   240                           ; Initialize objects allocated to COMMON
   241     07E3  120A  118A  2729  120A  118A  	fcall	__pidataCOMMON	;fetch initializer
   242     07E8  00F7               	movwf	__pdataCOMMON& (0+127)
   243     07E9  120A  118A  272A  120A  118A  	fcall	__pidataCOMMON+1	;fetch initializer
   244     07EE  00F8               	movwf	(__pdataCOMMON+1)& (0+127)
   245     07EF  120A  118A  272B  120A  118A  	fcall	__pidataCOMMON+2	;fetch initializer
   246     07F4  00F9               	movwf	(__pdataCOMMON+2)& (0+127)
   247     07F5  120A  118A  272C  120A  118A  	fcall	__pidataCOMMON+3	;fetch initializer
   248     07FA  00FA               	movwf	(__pdataCOMMON+3)& (0+127)
   249                           
   250                           ; Clear objects allocated to COMMON
   251     07FB  01FB               	clrf	__pbssCOMMON& (0+127)
   252     07FC                     end_of_initialization:	
   253                           ;End of C runtime variable initialization code
   254                           
   255     07FC                     __end_of__initialization:
   256     07FC  0183               	clrf	3
   257     07FD  120A  118A  2F67   	ljmp	_main	;jump to C main() function
   258                           
   259                           	psect	bssCOMMON
   260     007B                     __pbssCOMMON:
   261     007B                     _dat:
   262     007B                     	ds	1
   263                           
   264                           	psect	dataCOMMON
   265     0077                     __pdataCOMMON:
   266     0077                     _ch:
   267     0077                     	ds	4
   268                           
   269                           	psect	cstackCOMMON
   270     0070                     __pcstackCOMMON:
   271     0070                     ?_delay:
   272     0070                     ?_enable:	
   273                           ; 1 bytes @ 0x0
   274                           
   275     0070                     ?_main:	
   276                           ; 1 bytes @ 0x0
   277                           
   278     0070                     delay@t:	
   279                           ; 1 bytes @ 0x0
   280                           
   281                           
   282                           ; 2 bytes @ 0x0
   283     0070                     	ds	2
   284     0072                     ??_delay:
   285     0072                     ??_enable:	
   286                           ; 1 bytes @ 0x2
   287                           
   288     0072                     ?_lcd:	
   289                           ; 1 bytes @ 0x2
   290                           
   291     0072                     lcd@rs:	
   292                           ; 1 bytes @ 0x2
   293                           
   294                           
   295                           ; 2 bytes @ 0x2
   296     0072                     	ds	2
   297     0074                     lcd@data:
   298                           
   299                           ; 1 bytes @ 0x4
   300     0074                     	ds	1
   301     0075                     ??_lcd:
   302     0075                     ??_main:	
   303                           ; 1 bytes @ 0x5
   304                           
   305     0075                     main@i:	
   306                           ; 1 bytes @ 0x5
   307                           
   308                           
   309                           ; 2 bytes @ 0x5
   310     0075                     	ds	2
   311                           
   312                           	psect	maintext
   313     0767                     __pmaintext:	
   314 ;;
   315 ;;Main: autosize = 0, tempsize = 0, incstack = 0, save=0
   316 ;;
   317 ;; *************** function _main *****************
   318 ;; Defined at:
   319 ;;		line 65 in file "slave2.c"
   320 ;; Parameters:    Size  Location     Type
   321 ;;		None
   322 ;; Auto vars:     Size  Location     Type
   323 ;;  i               2    5[COMMON] int 
   324 ;; Return value:  Size  Location     Type
   325 ;;                  1    wreg      void 
   326 ;; Registers used:
   327 ;;		wreg, fsr0l, fsr0h, status,2, status,0, btemp+1, pclath, cstack
   328 ;; Tracked objects:
   329 ;;		On entry : B00/0
   330 ;;		On exit  : 0/0
   331 ;;		Unchanged: 0/0
   332 ;; Data sizes:     COMMON   BANK0   BANK1   BANK3   BANK2
   333 ;;      Params:         0       0       0       0       0
   334 ;;      Locals:         2       0       0       0       0
   335 ;;      Temps:          0       0       0       0       0
   336 ;;      Totals:         2       0       0       0       0
   337 ;;Total ram usage:        2 bytes
   338 ;; Hardware stack levels required when called: 3
   339 ;; This function calls:
   340 ;;		_delay
   341 ;;		_lcd
   342 ;; This function is called by:
   343 ;;		Startup code after reset
   344 ;; This function uses a non-reentrant model
   345 ;;
   346                           
   347     0767                     _main:	
   348                           ;psect for function _main
   349                           
   350     0767                     l726:	
   351                           ;incstack = 0
   352                           ; Regs used in _main: [wreg-fsr0h+status,2+status,0+btemp+1+pclath+cstack]
   353                           
   354                           
   355                           ;slave2.c: 67:     PORTA=0x00;
   356     0767  1283               	bcf	3,5	;RP0=0, select bank0
   357     0768  1303               	bcf	3,6	;RP1=0, select bank0
   358     0769  0185               	clrf	5	;volatile
   359     076A                     l728:
   360                           
   361                           ;slave2.c: 68:     TRISA=0x20;
   362     076A  3020               	movlw	32
   363     076B  1683               	bsf	3,5	;RP0=1, select bank1
   364     076C  1303               	bcf	3,6	;RP1=0, select bank1
   365     076D  0085               	movwf	5	;volatile
   366     076E                     l730:
   367                           
   368                           ;slave2.c: 69:     PORTC=0x00;
   369     076E  1283               	bcf	3,5	;RP0=0, select bank0
   370     076F  1303               	bcf	3,6	;RP1=0, select bank0
   371     0770  0187               	clrf	7	;volatile
   372                           
   373                           ;slave2.c: 70:     TRISC=0x18;
   374     0771  3018               	movlw	24
   375     0772  1683               	bsf	3,5	;RP0=1, select bank1
   376     0773  1303               	bcf	3,6	;RP1=0, select bank1
   377     0774  0087               	movwf	7	;volatile
   378     0775                     l732:
   379                           
   380                           ;slave2.c: 71:     PORTD=0x00;
   381     0775  1283               	bcf	3,5	;RP0=0, select bank0
   382     0776  1303               	bcf	3,6	;RP1=0, select bank0
   383     0777  0188               	clrf	8	;volatile
   384     0778                     l734:
   385                           
   386                           ;slave2.c: 72:     TRISD=0x00;
   387     0778  1683               	bsf	3,5	;RP0=1, select bank1
   388     0779  1303               	bcf	3,6	;RP1=0, select bank1
   389     077A  0188               	clrf	8	;volatile
   390     077B                     l736:
   391                           
   392                           ;slave2.c: 73:     PORTE=0x00;
   393     077B  1283               	bcf	3,5	;RP0=0, select bank0
   394     077C  1303               	bcf	3,6	;RP1=0, select bank0
   395     077D  0189               	clrf	9	;volatile
   396     077E                     l738:
   397                           
   398                           ;slave2.c: 74:     TRISE=0x00;
   399     077E  1683               	bsf	3,5	;RP0=1, select bank1
   400     077F  1303               	bcf	3,6	;RP1=0, select bank1
   401     0780  0189               	clrf	9	;volatile
   402     0781                     l740:
   403                           
   404                           ;slave2.c: 75:     ANSEL=ANSELH=0x00;
   405     0781  1683               	bsf	3,5	;RP0=1, select bank3
   406     0782  1703               	bsf	3,6	;RP1=1, select bank3
   407     0783  0189               	clrf	9	;volatile
   408     0784  0188               	clrf	8	;volatile
   409     0785                     l742:
   410                           
   411                           ;slave2.c: 77:     SSPCON=0x24;
   412     0785  3024               	movlw	36
   413     0786  1283               	bcf	3,5	;RP0=0, select bank0
   414     0787  1303               	bcf	3,6	;RP1=0, select bank0
   415     0788  0094               	movwf	20	;volatile
   416                           
   417                           ;slave2.c: 78:     SSPSTAT=0x00;
   418     0789  1683               	bsf	3,5	;RP0=1, select bank1
   419     078A  1303               	bcf	3,6	;RP1=0, select bank1
   420     078B  0194               	clrf	20	;volatile
   421     078C                     l744:
   422                           
   423                           ;slave2.c: 80:     lcd(0,0x38);
   424     078C  3000               	movlw	0
   425     078D  00F2               	movwf	lcd@rs
   426     078E  00F3               	movwf	lcd@rs+1
   427     078F  3038               	movlw	56
   428     0790  00F4               	movwf	lcd@data
   429     0791  120A  118A  273C  120A  118A  	fcall	_lcd
   430     0796                     l746:
   431                           
   432                           ;slave2.c: 81:     lcd(0,0x0E);
   433     0796  3000               	movlw	0
   434     0797  00F2               	movwf	lcd@rs
   435     0798  00F3               	movwf	lcd@rs+1
   436     0799  300E               	movlw	14
   437     079A  00F4               	movwf	lcd@data
   438     079B  120A  118A  273C  120A  118A  	fcall	_lcd
   439     07A0                     l748:
   440                           
   441                           ;slave2.c: 82:     lcd(0,0x80);
   442     07A0  3000               	movlw	0
   443     07A1  00F2               	movwf	lcd@rs
   444     07A2  00F3               	movwf	lcd@rs+1
   445     07A3  3080               	movlw	128
   446     07A4  00F4               	movwf	lcd@data
   447     07A5  120A  118A  273C  120A  118A  	fcall	_lcd
   448     07AA                     l750:
   449                           
   450                           ;slave2.c: 85:     {;slave2.c: 86:     for(int i=0;i<5;i++)
   451     07AA  01F5               	clrf	main@i
   452     07AB  01F6               	clrf	main@i+1
   453     07AC                     l756:
   454                           
   455                           ;slave2.c: 87:         {;slave2.c: 88:             SSPBUF=ch[i];
   456     07AC  0875               	movf	main@i,w
   457     07AD  3E77               	addlw	(low (_ch| 0))& (0+255)
   458     07AE  0084               	movwf	4
   459     07AF  0800               	movf	0,w
   460     07B0  1283               	bcf	3,5	;RP0=0, select bank0
   461     07B1  1303               	bcf	3,6	;RP1=0, select bank0
   462     07B2  0093               	movwf	19	;volatile
   463     07B3                     l758:
   464                           
   465                           ;slave2.c: 89:             delay(10000);
   466     07B3  3010               	movlw	16
   467     07B4  00F0               	movwf	delay@t
   468     07B5  3027               	movlw	39
   469     07B6  00F1               	movwf	delay@t+1
   470     07B7  120A  118A  272D  120A  118A  	fcall	_delay
   471     07BC                     l760:
   472                           
   473                           ;slave2.c: 90:             dat=SSPBUF;
   474     07BC  1283               	bcf	3,5	;RP0=0, select bank0
   475     07BD  1303               	bcf	3,6	;RP1=0, select bank0
   476     07BE  0813               	movf	19,w	;volatile
   477     07BF  00FB               	movwf	_dat
   478     07C0                     l762:
   479                           
   480                           ;slave2.c: 91:             SSPIF=0;
   481     07C0  118C               	bcf	12,3	;volatile
   482     07C1                     l764:
   483                           
   484                           ;slave2.c: 92:             lcd(1,dat);
   485     07C1  3001               	movlw	1
   486     07C2  00F2               	movwf	lcd@rs
   487     07C3  3000               	movlw	0
   488     07C4  00F3               	movwf	lcd@rs+1
   489     07C5  087B               	movf	_dat,w
   490     07C6  00F4               	movwf	lcd@data
   491     07C7  120A  118A  273C  120A  118A  	fcall	_lcd
   492     07CC                     l766:
   493                           
   494                           ;slave2.c: 93:         }
   495     07CC  3001               	movlw	1
   496     07CD  07F5               	addwf	main@i,f
   497     07CE  1803               	skipnc
   498     07CF  0AF6               	incf	main@i+1,f
   499     07D0  3000               	movlw	0
   500     07D1  07F6               	addwf	main@i+1,f
   501     07D2                     l768:
   502     07D2  0876               	movf	main@i+1,w
   503     07D3  3A80               	xorlw	128
   504     07D4  00FF               	movwf	btemp+1
   505     07D5  3080               	movlw	128
   506     07D6  027F               	subwf	btemp+1,w
   507     07D7  1D03               	skipz
   508     07D8  2FDB               	goto	u85
   509     07D9  3005               	movlw	5
   510     07DA  0275               	subwf	main@i,w
   511     07DB                     u85:
   512     07DB  1C03               	skipc
   513     07DC  2FDE               	goto	u81
   514     07DD  2FDF               	goto	u80
   515     07DE                     u81:
   516     07DE  2FAC               	goto	l756
   517     07DF                     u80:
   518     07DF  2FAA               	goto	l750
   519     07E0  120A  118A  2800   	ljmp	start
   520     07E3                     __end_of_main:
   521                           
   522                           	psect	text1
   523     073C                     __ptext1:	
   524 ;; *************** function _lcd *****************
   525 ;; Defined at:
   526 ;;		line 35 in file "slave2.c"
   527 ;; Parameters:    Size  Location     Type
   528 ;;  rs              2    2[COMMON] int 
   529 ;;  data            1    4[COMMON] unsigned char 
   530 ;; Auto vars:     Size  Location     Type
   531 ;;		None
   532 ;; Return value:  Size  Location     Type
   533 ;;                  1    wreg      void 
   534 ;; Registers used:
   535 ;;		wreg, status,2, status,0, pclath, cstack
   536 ;; Tracked objects:
   537 ;;		On entry : 0/0
   538 ;;		On exit  : 0/0
   539 ;;		Unchanged: 0/0
   540 ;; Data sizes:     COMMON   BANK0   BANK1   BANK3   BANK2
   541 ;;      Params:         3       0       0       0       0
   542 ;;      Locals:         0       0       0       0       0
   543 ;;      Temps:          0       0       0       0       0
   544 ;;      Totals:         3       0       0       0       0
   545 ;;Total ram usage:        3 bytes
   546 ;; Hardware stack levels used: 1
   547 ;; Hardware stack levels required when called: 2
   548 ;; This function calls:
   549 ;;		_enable
   550 ;; This function is called by:
   551 ;;		_main
   552 ;; This function uses a non-reentrant model
   553 ;;
   554                           
   555     073C                     _lcd:	
   556                           ;psect for function _lcd
   557                           
   558     073C                     l720:	
   559                           ;incstack = 0
   560                           ; Regs used in _lcd: [wreg+status,2+status,0+pclath+cstack]
   561                           
   562                           
   563                           ;slave2.c: 35: void lcd(int rs,char data);slave2.c: 36: {;slave2.c: 37:     RE0=rs;
   564     073C  1872               	btfsc	lcd@rs,0
   565     073D  2F3F               	goto	u61
   566     073E  2F43               	goto	u60
   567     073F                     u61:
   568     073F  1283               	bcf	3,5	;RP0=0, select bank0
   569     0740  1303               	bcf	3,6	;RP1=0, select bank0
   570     0741  1409               	bsf	9,0	;volatile
   571     0742  2F46               	goto	u74
   572     0743                     u60:
   573     0743  1283               	bcf	3,5	;RP0=0, select bank0
   574     0744  1303               	bcf	3,6	;RP1=0, select bank0
   575     0745  1009               	bcf	9,0	;volatile
   576     0746                     u74:
   577     0746                     l722:
   578                           
   579                           ;slave2.c: 38:     PORTD=data;
   580     0746  0874               	movf	lcd@data,w
   581     0747  0088               	movwf	8	;volatile
   582     0748                     l724:
   583                           
   584                           ;slave2.c: 39:     enable();
   585     0748  120A  118A  274E  120A  118A  	fcall	_enable
   586     074D                     l48:
   587     074D  0008               	return
   588     074E                     __end_of_lcd:
   589                           
   590                           	psect	text2
   591     074E                     __ptext2:	
   592 ;; *************** function _enable *****************
   593 ;; Defined at:
   594 ;;		line 28 in file "slave2.c"
   595 ;; Parameters:    Size  Location     Type
   596 ;;		None
   597 ;; Auto vars:     Size  Location     Type
   598 ;;		None
   599 ;; Return value:  Size  Location     Type
   600 ;;                  1    wreg      void 
   601 ;; Registers used:
   602 ;;		wreg, status,2, status,0, pclath, cstack
   603 ;; Tracked objects:
   604 ;;		On entry : 0/0
   605 ;;		On exit  : 0/0
   606 ;;		Unchanged: 0/0
   607 ;; Data sizes:     COMMON   BANK0   BANK1   BANK3   BANK2
   608 ;;      Params:         0       0       0       0       0
   609 ;;      Locals:         0       0       0       0       0
   610 ;;      Temps:          0       0       0       0       0
   611 ;;      Totals:         0       0       0       0       0
   612 ;;Total ram usage:        0 bytes
   613 ;; Hardware stack levels used: 1
   614 ;; Hardware stack levels required when called: 1
   615 ;; This function calls:
   616 ;;		_delay
   617 ;; This function is called by:
   618 ;;		_lcd
   619 ;; This function uses a non-reentrant model
   620 ;;
   621                           
   622     074E                     _enable:	
   623                           ;psect for function _enable
   624                           
   625     074E                     l714:	
   626                           ;incstack = 0
   627                           ; Regs used in _enable: [wreg+status,2+status,0+pclath+cstack]
   628                           
   629                           
   630                           ;slave2.c: 30:     RE1=1;
   631     074E  1283               	bcf	3,5	;RP0=0, select bank0
   632     074F  1303               	bcf	3,6	;RP1=0, select bank0
   633     0750  1489               	bsf	9,1	;volatile
   634     0751                     l716:
   635                           
   636                           ;slave2.c: 31:     delay(10);
   637     0751  300A               	movlw	10
   638     0752  00F0               	movwf	delay@t
   639     0753  3000               	movlw	0
   640     0754  00F1               	movwf	delay@t+1
   641     0755  120A  118A  272D  120A  118A  	fcall	_delay
   642     075A                     l718:
   643                           
   644                           ;slave2.c: 32:     RE1=0;
   645     075A  1283               	bcf	3,5	;RP0=0, select bank0
   646     075B  1303               	bcf	3,6	;RP1=0, select bank0
   647     075C  1089               	bcf	9,1	;volatile
   648                           
   649                           ;slave2.c: 33:     delay(10);
   650     075D  300A               	movlw	10
   651     075E  00F0               	movwf	delay@t
   652     075F  3000               	movlw	0
   653     0760  00F1               	movwf	delay@t+1
   654     0761  120A  118A  272D  120A  118A  	fcall	_delay
   655     0766                     l45:
   656     0766  0008               	return
   657     0767                     __end_of_enable:
   658                           
   659                           	psect	text3
   660     072D                     __ptext3:	
   661 ;; *************** function _delay *****************
   662 ;; Defined at:
   663 ;;		line 24 in file "slave2.c"
   664 ;; Parameters:    Size  Location     Type
   665 ;;  t               2    0[COMMON] unsigned int 
   666 ;; Auto vars:     Size  Location     Type
   667 ;;		None
   668 ;; Return value:  Size  Location     Type
   669 ;;                  1    wreg      void 
   670 ;; Registers used:
   671 ;;		wreg, status,2, status,0
   672 ;; Tracked objects:
   673 ;;		On entry : 0/0
   674 ;;		On exit  : 0/0
   675 ;;		Unchanged: 0/0
   676 ;; Data sizes:     COMMON   BANK0   BANK1   BANK3   BANK2
   677 ;;      Params:         2       0       0       0       0
   678 ;;      Locals:         0       0       0       0       0
   679 ;;      Temps:          0       0       0       0       0
   680 ;;      Totals:         2       0       0       0       0
   681 ;;Total ram usage:        2 bytes
   682 ;; Hardware stack levels used: 1
   683 ;; This function calls:
   684 ;;		Nothing
   685 ;; This function is called by:
   686 ;;		_enable
   687 ;;		_main
   688 ;; This function uses a non-reentrant model
   689 ;;
   690                           
   691     072D                     _delay:	
   692                           ;psect for function _delay
   693                           
   694     072D                     l710:	
   695                           ;incstack = 0
   696                           ; Regs used in _delay: [wreg+status,2+status,0]
   697                           
   698     072D                     l712:	
   699                           ;slave2.c: 24: void delay(unsigned int t);slave2.c: 25: {;slave2.c: 26:     while(t--);
   700                           
   701     072D  3001               	movlw	1
   702     072E  02F0               	subwf	delay@t,f
   703     072F  3000               	movlw	0
   704     0730  1C03               	skipc
   705     0731  03F1               	decf	delay@t+1,f
   706     0732  02F1               	subwf	delay@t+1,f
   707     0733  0A70               	incf	delay@t,w
   708     0734  1D03               	skipz
   709     0735  2F3A               	goto	u51
   710     0736  0A71               	incf	delay@t+1,w
   711     0737  1D03               	btfss	3,2
   712     0738  2F3A               	goto	u51
   713     0739  2F3B               	goto	u50
   714     073A                     u51:
   715     073A  2F2D               	goto	l712
   716     073B                     u50:
   717     073B                     l42:
   718     073B  0008               	return
   719     073C                     __end_of_delay:
   720     007E                     btemp	set	126	;btemp
   721     007E                     wtemp0	set	126
   722                           
   723                           	psect	idloc
   724                           
   725                           ;Config register IDLOC0 @ 0x2000
   726                           ;	unspecified, using default values
   727     2000                     	org	8192
   728     2000  3FFF               	dw	16383
   729                           
   730                           ;Config register IDLOC1 @ 0x2001
   731                           ;	unspecified, using default values
   732     2001                     	org	8193
   733     2001  3FFF               	dw	16383
   734                           
   735                           ;Config register IDLOC2 @ 0x2002
   736                           ;	unspecified, using default values
   737     2002                     	org	8194
   738     2002  3FFF               	dw	16383
   739                           
   740                           ;Config register IDLOC3 @ 0x2003
   741                           ;	unspecified, using default values
   742     2003                     	org	8195
   743     2003  3FFF               	dw	16383
   744                           
   745                           	psect	config
   746                           
   747                           ;Config register CONFIG1 @ 0x2007
   748                           ;	Oscillator Selection bits
   749                           ;	FOSC = INTRC_NOCLKOUT, INTOSCIO oscillator: I/O function on RA6/OSC2/CLKOUT pin, I/O f
      +                          unction on RA7/OSC1/CLKIN
   750                           ;	Watchdog Timer Enable bit
   751                           ;	WDTE = OFF, WDT disabled and can be enabled by SWDTEN bit of the WDTCON register
   752                           ;	Power-up Timer Enable bit
   753                           ;	PWRTE = ON, PWRT enabled
   754                           ;	RE3/MCLR pin function select bit
   755                           ;	MCLRE = ON, RE3/MCLR pin function is MCLR
   756                           ;	Code Protection bit
   757                           ;	CP = OFF, Program memory code protection is disabled
   758                           ;	Data Code Protection bit
   759                           ;	CPD = OFF, Data memory code protection is disabled
   760                           ;	Brown Out Reset Selection bits
   761                           ;	BOREN = OFF, BOR disabled
   762                           ;	Internal External Switchover bit
   763                           ;	IESO = ON, Internal/External Switchover mode is enabled
   764                           ;	Fail-Safe Clock Monitor Enabled bit
   765                           ;	FCMEN = ON, Fail-Safe Clock Monitor is enabled
   766                           ;	Low Voltage Programming Enable bit
   767                           ;	LVP = OFF, RB3 pin has digital I/O, HV on MCLR must be used for programming
   768                           ;	In-Circuit Debugger Mode bit
   769                           ;	DEBUG = 0x1, unprogrammed default
   770     2007                     	org	8199
   771     2007  2CE4               	dw	11492
   772                           
   773                           ;Config register CONFIG2 @ 0x2008
   774                           ;	Brown-out Reset Selection bit
   775                           ;	BOR4V = BOR40V, Brown-out Reset set to 4.0V
   776                           ;	Flash Program Memory Self Write Enable bits
   777                           ;	WRT = OFF, Write protection off
   778     2008                     	org	8200
   779     2008  3FFF               	dw	16383

Data Sizes:
    Strings     0
    Constant    0
    Data        4
    BSS         1
    Persistent  0
    Stack       0

Auto Spaces:
    Space          Size  Autos    Used
    COMMON           14      7      12
    BANK0            80      0       0
    BANK1            80      0       0
    BANK3            96      0       0
    BANK2            96      0       0

Pointer List with Targets:

    None.

Critical Paths under _main in COMMON

    _main->_lcd
    _enable->_delay

Critical Paths under _main in BANK0

    None.

Critical Paths under _main in BANK1

    None.

Critical Paths under _main in BANK3

    None.

Critical Paths under _main in BANK2

    None.

Call Graph Tables:

 ---------------------------------------------------------------------------------
 (Depth) Function   	        Calls       Base Space   Used Autos Params    Refs
 ---------------------------------------------------------------------------------
 (0) _main                                                 2     2      0    1220
                                              5 COMMON     2     2      0
                              _delay
                                _lcd
 ---------------------------------------------------------------------------------
 (1) _lcd                                                  3     0      3     902
                                              2 COMMON     3     0      3
                             _enable
 ---------------------------------------------------------------------------------
 (2) _enable                                               0     0      0     250
                              _delay
 ---------------------------------------------------------------------------------
 (3) _delay                                                2     0      2     250
                                              0 COMMON     2     0      2
 ---------------------------------------------------------------------------------
 Estimated maximum stack depth 3
 ---------------------------------------------------------------------------------

 Call Graph Graphs:

 _main (ROOT)
   _delay
   _lcd
     _enable
       _delay

 Address spaces:
Name               Size   Autos  Total    Cost      Usage
BANK3               60      0       0       9        0.0%
BITBANK3            60      0       0       8        0.0%
SFR3                 0      0       0       4        0.0%
BITSFR3              0      0       0       4        0.0%
BANK2               60      0       0      11        0.0%
BITBANK2            60      0       0      10        0.0%
SFR2                 0      0       0       5        0.0%
BITSFR2              0      0       0       5        0.0%
BANK1               50      0       0       7        0.0%
BITBANK1            50      0       0       6        0.0%
SFR1                 0      0       0       2        0.0%
BITSFR1              0      0       0       2        0.0%
BANK0               50      0       0       5        0.0%
BITBANK0            50      0       0       4        0.0%
SFR0                 0      0       0       1        0.0%
BITSFR0              0      0       0       1        0.0%
COMMON               E      7       C       1       85.7%
BITCOMMON            E      0       0       0        0.0%
CODE                 0      0       0       0        0.0%
DATA                 0      0       C      12        0.0%
ABS                  0      0       C       3        0.0%
NULL                 0      0       0       0        0.0%
STACK                0      0       0       2        0.0%
EEDATA             100      0       0       0        0.0%


Microchip Technology PIC Macro Assembler V2.40 build 20220703182018 
Symbol Table                                                                                   Fri Jun 27 14:56:54 2025

                     l42 073B                       l45 0766                       l48 074D  
                     u50 073B                       u51 073A                       u60 0743  
                     u61 073F                       u80 07DF                       u81 07DE  
                     u74 0746                       u85 07DB                       _ch 0077  
                    l710 072D                      l712 072D                      l720 073C  
                    l714 074E                      l722 0746                      l730 076E  
                    l716 0751                      l724 0748                      l740 0781  
                    l732 0775                      l718 075A                      l750 07AA  
                    l742 0785                      l734 0778                      l726 0767  
                    l760 07BC                      l744 078C                      l736 077B  
                    l728 076A                      l762 07C0                      l746 0796  
                    l738 077E                      l764 07C1                      l756 07AC  
                    l748 07A0                      l766 07CC                      l758 07B3  
                    l768 07D2                      _RE0 0048                      _RE1 0049  
                    _dat 007B                      _lcd 073C                      fsr0 0004  
                    indf 0000                     ?_lcd 0072                     _main 0767  
                   btemp 007E                     start 0000                    ??_lcd 0075  
                  ?_main 0070                    _ANSEL 0188                    _PORTA 0005  
                  _PORTC 0007                    _PORTD 0008                    _PORTE 0009  
                  _TRISA 0085                    _TRISC 0087                    _TRISD 0088  
                  _TRISE 0089                    _SSPIF 0063                    _delay 072D  
                  lcd@rs 0072                    main@i 0075                    status 0003  
                  wtemp0 007E          __initialization 07E3             __end_of_main 07E3  
                 ??_main 0075                   ?_delay 0070                   _ANSELH 0189  
                 _SSPCON 0014                   _SSPBUF 0013                   _enable 074E  
                 delay@t 0070             __pdataCOMMON 0077  __end_of__initialization 07FC  
         __pcstackCOMMON 0070            __end_of_delay 073C                  ??_delay 0072  
             __pmaintext 0767                  ?_enable 0070                  _SSPSTAT 0094  
                __ptext1 073C                  __ptext2 074E                  __ptext3 072D  
                lcd@data 0074     end_of_initialization 07FC            __pidataCOMMON 0729  
         __end_of_enable 0767      start_initialization 07E3              __end_of_lcd 074E  
               ??_enable 0072              __pbssCOMMON 007B                ___latbits 0002  
