

Microchip MPLAB XC8 Assembler V2.40 build 20220703182018 
                                                                                               Tue May 20 14:26:22 2025

Microchip MPLAB XC8 C Compiler v2.40 (Free license) build 20220703182018 Og1 
     1                           	processor	16F887
     2                           	pagewidth 120
     3                           	opt	flic
     4                           	psect	idataCOMMON,global,class=CODE,delta=2,noexec
     5                           	psect	idataBANK0,global,class=CODE,delta=2,noexec
     6                           	psect	cinit,global,class=CODE,merge=1,delta=2
     7                           	psect	bssCOMMON,global,class=COMMON,space=1,delta=1,noexec
     8                           	psect	dataCOMMON,global,class=COMMON,space=1,delta=1,noexec
     9                           	psect	dataBANK0,global,class=BANK0,space=1,delta=1,noexec
    10                           	psect	inittext,global,class=CODE,delta=2
    11                           	psect	cstackCOMMON,global,class=COMMON,space=1,delta=1,noexec
    12                           	psect	cstackBANK0,global,class=BANK0,space=1,delta=1,noexec
    13                           	psect	maintext,global,class=CODE,split=1,delta=2
    14                           	psect	text1,local,class=CODE,merge=1,delta=2
    15                           	psect	text2,local,class=CODE,merge=1,delta=2
    16                           	psect	idloc,global,abs,ovrld,class=IDLOC,space=5,delta=2,noexec
    17                           	psect	config,global,abs,ovrld,class=CONFIG,space=4,delta=2,noexec
    18                           	dabs	1,0x7E,2
    19     0000                     
    20                           ; Version 2.40
    21                           ; Generated 17/11/2021 GMT
    22                           ; 
    23                           ; Copyright © 2021, Microchip Technology Inc. and its subsidiaries ("Microchip")
    24                           ; All rights reserved.
    25                           ; 
    26                           ; This software is developed by Microchip Technology Inc. and its subsidiaries ("Microch
      +                          ip").
    27                           ; 
    28                           ; Redistribution and use in source and binary forms, with or without modification, are
    29                           ; permitted provided that the following conditions are met:
    30                           ; 
    31                           ;     1. Redistributions of source code must retain the above copyright notice, this lis
      +                          t of
    32                           ;        conditions and the following disclaimer.
    33                           ; 
    34                           ;     2. Redistributions in binary form must reproduce the above copyright notice, this 
      +                          list
    35                           ;        of conditions and the following disclaimer in the documentation and/or other
    36                           ;        materials provided with the distribution. Publication is not required when
    37                           ;        this file is used in an embedded application.
    38                           ; 
    39                           ;     3. Microchip's name may not be used to endorse or promote products derived from th
      +                          is
    40                           ;        software without specific prior written permission.
    41                           ; 
    42                           ; THIS SOFTWARE IS PROVIDED BY MICROCHIP "AS IS" AND ANY EXPRESS OR IMPLIED WARRANTIES,
    43                           ; INCLUDING, BUT NOT LIMITED TO, THE IMPLIED WARRANTIES OF MERCHANTABILITY AND FITNESS F
      +                          OR
    44                           ; PURPOSE ARE DISCLAIMED.  IN NO EVENT SHALL MICROCHIP BE LIABLE FOR ANY DIRECT, INDIREC
      +                          T,
    45                           ; INCIDENTAL, SPECIAL, EXEMPLARY, OR CONSEQUENTIAL DAMAGES (INCLUDING BUT NOT LIMITED TO
    46                           ; PROCUREMENT OF SUBSTITUTE GOODS OR SERVICES; LOSS OF USE, DATA OR PROFITS; OR BUSINESS
    47                           ; INTERRUPTION) HOWSOEVER CAUSED AND ON ANY THEORY OF LIABILITY, WHETHER IN CONTRACT, ST
      +                          RICT
    48                           ; LIABILITY, OR TORT (INCLUDING NEGLIGENCE OR OTHERWISE) ARISING IN ANY WAY OUT OF THE U
      +                          SE OF
    49                           ; THIS SOFTWARE, EVEN IF ADVISED OF THE POSSIBILITY OF SUCH DAMAGE.
    50                           ; 
    51                           ; 
    52                           ; Code-generator required, PIC16F887 Definitions
    53                           ; 
    54                           ; SFR Addresses
    55     0000                     	;# 
    56     0001                     	;# 
    57     0002                     	;# 
    58     0003                     	;# 
    59     0004                     	;# 
    60     0005                     	;# 
    61     0006                     	;# 
    62     0007                     	;# 
    63     0008                     	;# 
    64     0009                     	;# 
    65     000A                     	;# 
    66     000B                     	;# 
    67     000C                     	;# 
    68     000D                     	;# 
    69     000E                     	;# 
    70     000E                     	;# 
    71     000F                     	;# 
    72     0010                     	;# 
    73     0011                     	;# 
    74     0012                     	;# 
    75     0013                     	;# 
    76     0014                     	;# 
    77     0015                     	;# 
    78     0015                     	;# 
    79     0016                     	;# 
    80     0017                     	;# 
    81     0018                     	;# 
    82     0019                     	;# 
    83     001A                     	;# 
    84     001B                     	;# 
    85     001B                     	;# 
    86     001C                     	;# 
    87     001D                     	;# 
    88     001E                     	;# 
    89     001F                     	;# 
    90     0081                     	;# 
    91     0085                     	;# 
    92     0086                     	;# 
    93     0087                     	;# 
    94     0088                     	;# 
    95     0089                     	;# 
    96     008C                     	;# 
    97     008D                     	;# 
    98     008E                     	;# 
    99     008F                     	;# 
   100     0090                     	;# 
   101     0091                     	;# 
   102     0092                     	;# 
   103     0093                     	;# 
   104     0093                     	;# 
   105     0093                     	;# 
   106     0094                     	;# 
   107     0095                     	;# 
   108     0096                     	;# 
   109     0097                     	;# 
   110     0098                     	;# 
   111     0099                     	;# 
   112     009A                     	;# 
   113     009B                     	;# 
   114     009C                     	;# 
   115     009D                     	;# 
   116     009E                     	;# 
   117     009F                     	;# 
   118     0105                     	;# 
   119     0107                     	;# 
   120     0108                     	;# 
   121     0109                     	;# 
   122     010C                     	;# 
   123     010C                     	;# 
   124     010D                     	;# 
   125     010E                     	;# 
   126     010F                     	;# 
   127     0185                     	;# 
   128     0187                     	;# 
   129     0188                     	;# 
   130     0189                     	;# 
   131     018C                     	;# 
   132     018D                     	;# 
   133     0000                     	;# 
   134     0001                     	;# 
   135     0002                     	;# 
   136     0003                     	;# 
   137     0004                     	;# 
   138     0005                     	;# 
   139     0006                     	;# 
   140     0007                     	;# 
   141     0008                     	;# 
   142     0009                     	;# 
   143     000A                     	;# 
   144     000B                     	;# 
   145     000C                     	;# 
   146     000D                     	;# 
   147     000E                     	;# 
   148     000E                     	;# 
   149     000F                     	;# 
   150     0010                     	;# 
   151     0011                     	;# 
   152     0012                     	;# 
   153     0013                     	;# 
   154     0014                     	;# 
   155     0015                     	;# 
   156     0015                     	;# 
   157     0016                     	;# 
   158     0017                     	;# 
   159     0018                     	;# 
   160     0019                     	;# 
   161     001A                     	;# 
   162     001B                     	;# 
   163     001B                     	;# 
   164     001C                     	;# 
   165     001D                     	;# 
   166     001E                     	;# 
   167     001F                     	;# 
   168     0081                     	;# 
   169     0085                     	;# 
   170     0086                     	;# 
   171     0087                     	;# 
   172     0088                     	;# 
   173     0089                     	;# 
   174     008C                     	;# 
   175     008D                     	;# 
   176     008E                     	;# 
   177     008F                     	;# 
   178     0090                     	;# 
   179     0091                     	;# 
   180     0092                     	;# 
   181     0093                     	;# 
   182     0093                     	;# 
   183     0093                     	;# 
   184     0094                     	;# 
   185     0095                     	;# 
   186     0096                     	;# 
   187     0097                     	;# 
   188     0098                     	;# 
   189     0099                     	;# 
   190     009A                     	;# 
   191     009B                     	;# 
   192     009C                     	;# 
   193     009D                     	;# 
   194     009E                     	;# 
   195     009F                     	;# 
   196     0105                     	;# 
   197     0107                     	;# 
   198     0108                     	;# 
   199     0109                     	;# 
   200     010C                     	;# 
   201     010C                     	;# 
   202     010D                     	;# 
   203     010E                     	;# 
   204     010F                     	;# 
   205     0185                     	;# 
   206     0187                     	;# 
   207     0188                     	;# 
   208     0189                     	;# 
   209     018C                     	;# 
   210     018D                     	;# 
   211                           
   212                           	psect	idataCOMMON
   213     05A8                     __pidataCOMMON:
   214                           
   215                           ;initializer for _call
   216     05A8  3439               	retlw	57
   217     05A9  3400               	retlw	0
   218     05AA  3477               	retlw	119
   219     05AB  3400               	retlw	0
   220     05AC  3438               	retlw	56
   221     05AD  3400               	retlw	0
   222                           
   223                           	psect	idataBANK0
   224     05D0                     __pidataBANK0:
   225                           
   226                           ;initializer for main@F1299
   227     05D0  3406               	retlw	6
   228     05D1  3400               	retlw	0
   229     05D2  345B               	retlw	91
   230     05D3  3400               	retlw	0
   231     05D4  344F               	retlw	79
   232     05D5  3400               	retlw	0
   233     05D6  3466               	retlw	102
   234     05D7  3400               	retlw	0
   235     05D8  346D               	retlw	109
   236     05D9  3400               	retlw	0
   237     05DA  347D               	retlw	125
   238     05DB  3400               	retlw	0
   239     05DC  3407               	retlw	7
   240     05DD  3400               	retlw	0
   241     05DE  347F               	retlw	127
   242     05DF  3400               	retlw	0
   243     05E0  3467               	retlw	103
   244     05E1  3400               	retlw	0
   245     05E2  343F               	retlw	63
   246     05E3  3400               	retlw	0
   247                           
   248                           ;initializer for _fail
   249     05E4  3471               	retlw	113
   250     05E5  3400               	retlw	0
   251     05E6  3477               	retlw	119
   252     05E7  3400               	retlw	0
   253     05E8  3406               	retlw	6
   254     05E9  3400               	retlw	0
   255     05EA  3438               	retlw	56
   256     05EB  3400               	retlw	0
   257     0008                     _PORTD	set	8
   258     0007                     _PORTC	set	7
   259     0005                     _PORTA	set	5
   260     0006                     _PORTB	set	6
   261     003A                     _RC2	set	58
   262     0039                     _RC1	set	57
   263     0038                     _RC0	set	56
   264     0043                     _RD3	set	67
   265     0042                     _RD2	set	66
   266     0041                     _RD1	set	65
   267     0040                     _RD0	set	64
   268     003E                     _RC6	set	62
   269     003D                     _RC5	set	61
   270     003C                     _RC4	set	60
   271     003B                     _RC3	set	59
   272     0088                     _TRISD	set	136
   273     0087                     _TRISC	set	135
   274     0086                     _TRISB	set	134
   275     0085                     _TRISA	set	133
   276                           
   277                           	psect	cinit
   278     07C8                     start_initialization:	
   279                           ; #config settings
   280                           
   281     07C8                     __initialization:
   282                           
   283                           ; Initialize objects allocated to BANK0
   284     07C8  1383               	bcf	3,7	;select IRP bank0
   285     07C9  303C               	movlw	low (__pdataBANK0+28)
   286     07CA  00FD               	movwf	btemp+-1
   287     07CB  3005               	movlw	high __pidataBANK0
   288     07CC  00FE               	movwf	btemp
   289     07CD  30D0               	movlw	low __pidataBANK0
   290     07CE  00FF               	movwf	btemp+1
   291     07CF  3020               	movlw	low __pdataBANK0
   292     07D0  0084               	movwf	4
   293     07D1  120A  118A  25C1  120A  118A  	fcall	init_ram0
   294                           
   295                           ; Initialize objects allocated to COMMON
   296     07D6  120A  118A  25A8  120A  118A  	fcall	__pidataCOMMON	;fetch initializer
   297     07DB  00F0               	movwf	__pdataCOMMON& (0+127)
   298     07DC  120A  118A  25A9  120A  118A  	fcall	__pidataCOMMON+1	;fetch initializer
   299     07E1  00F1               	movwf	(__pdataCOMMON+1)& (0+127)
   300     07E2  120A  118A  25AA  120A  118A  	fcall	__pidataCOMMON+2	;fetch initializer
   301     07E7  00F2               	movwf	(__pdataCOMMON+2)& (0+127)
   302     07E8  120A  118A  25AB  120A  118A  	fcall	__pidataCOMMON+3	;fetch initializer
   303     07ED  00F3               	movwf	(__pdataCOMMON+3)& (0+127)
   304     07EE  120A  118A  25AC  120A  118A  	fcall	__pidataCOMMON+4	;fetch initializer
   305     07F3  00F4               	movwf	(__pdataCOMMON+4)& (0+127)
   306     07F4  120A  118A  25AD  120A  118A  	fcall	__pidataCOMMON+5	;fetch initializer
   307     07F9  00F5               	movwf	(__pdataCOMMON+5)& (0+127)
   308                           
   309                           ; Clear objects allocated to COMMON
   310     07FA  01FC               	clrf	__pbssCOMMON& (0+127)
   311     07FB  01FD               	clrf	(__pbssCOMMON+1)& (0+127)
   312     07FC                     end_of_initialization:	
   313                           ;End of C runtime variable initialization code
   314                           
   315     07FC                     __end_of__initialization:
   316     07FC  0183               	clrf	3
   317     07FD  120A  118A  2DEC   	ljmp	_main	;jump to C main() function
   318                           
   319                           	psect	bssCOMMON
   320     007C                     __pbssCOMMON:
   321     007C                     _count:
   322     007C                     	ds	2
   323                           
   324                           	psect	dataCOMMON
   325     0070                     __pdataCOMMON:
   326     0070                     _call:
   327     0070                     	ds	6
   328                           
   329                           	psect	dataBANK0
   330     0020                     __pdataBANK0:
   331     0020                     main@F1299:
   332     0020                     	ds	20
   333     0034                     _fail:
   334     0034                     	ds	8
   335                           
   336                           	psect	inittext
   337     05BD                     init_fetch0:	
   338                           ;	Called with low address in FSR and high address in W
   339                           
   340     05BD  087E               	movf	btemp,w
   341     05BE  008A               	movwf	10
   342     05BF  087F               	movf	btemp+1,w
   343     05C0  0082               	movwf	2
   344     05C1                     init_ram0:	
   345                           ;Called with:
   346                           ;	high address of idata address in btemp 
   347                           ;	low address of idata address in btemp+1 
   348                           ;	low address of data in FSR
   349                           ;	high address + 1 of data in btemp-1
   350                           
   351     05C1  120A  118A  25BD  120A  118A  	fcall	init_fetch0
   352     05C6  0080               	movwf	0
   353     05C7  0A84               	incf	4,f
   354     05C8  0804               	movf	4,w
   355     05C9  067D               	xorwf	btemp+-1,w
   356     05CA  1903               	btfsc	3,2
   357     05CB  3400               	retlw	0
   358     05CC  0AFF               	incf	btemp+1,f
   359     05CD  1903               	btfsc	3,2
   360     05CE  0AFE               	incf	btemp,f
   361     05CF  2DC1               	goto	init_ram0
   362                           
   363                           	psect	cstackCOMMON
   364     0076                     __pcstackCOMMON:
   365     0076                     ?_delay:
   366     0076                     ?_dial:	
   367                           ; 1 bytes @ 0x0
   368                           
   369     0076                     ?_main:	
   370                           ; 1 bytes @ 0x0
   371                           
   372     0076                     delay@t:	
   373                           ; 1 bytes @ 0x0
   374                           
   375                           
   376                           ; 2 bytes @ 0x0
   377     0076                     	ds	2
   378     0078                     ??_delay:
   379     0078                     ??_dial:	
   380                           ; 1 bytes @ 0x2
   381                           
   382     0078                     ??_main:	
   383                           ; 1 bytes @ 0x2
   384                           
   385                           
   386                           ; 1 bytes @ 0x2
   387     0078                     	ds	4
   388                           
   389                           	psect	cstackBANK0
   390     003C                     __pcstackBANK0:
   391     003C                     main@arr:
   392                           
   393                           ; 20 bytes @ 0x0
   394     003C                     	ds	20
   395                           
   396                           	psect	maintext
   397     05EC                     __pmaintext:	
   398 ;;
   399 ;;Main: autosize = 0, tempsize = 4, incstack = 0, save=0
   400 ;;
   401 ;; *************** function _main *****************
   402 ;; Defined at:
   403 ;;		line 66 in file "10_num_call.c"
   404 ;; Parameters:    Size  Location     Type
   405 ;;		None
   406 ;; Auto vars:     Size  Location     Type
   407 ;;  arr            20    0[BANK0 ] int [10]
   408 ;; Return value:  Size  Location     Type
   409 ;;                  1    wreg      void 
   410 ;; Registers used:
   411 ;;		wreg, fsr0l, fsr0h, status,2, status,0, pclath, cstack
   412 ;; Tracked objects:
   413 ;;		On entry : B00/0
   414 ;;		On exit  : 0/0
   415 ;;		Unchanged: 0/0
   416 ;; Data sizes:     COMMON   BANK0   BANK1   BANK3   BANK2
   417 ;;      Params:         0       0       0       0       0
   418 ;;      Locals:         0      20       0       0       0
   419 ;;      Temps:          4       0       0       0       0
   420 ;;      Totals:         4      20       0       0       0
   421 ;;Total ram usage:       24 bytes
   422 ;; Hardware stack levels required when called: 2
   423 ;; This function calls:
   424 ;;		_dial
   425 ;; This function is called by:
   426 ;;		Startup code after reset
   427 ;; This function uses a non-reentrant model
   428 ;;
   429                           
   430     05EC                     _main:	
   431                           ;psect for function _main
   432                           
   433     05EC                     l839:	
   434                           ;incstack = 0
   435                           ; Regs used in _main: [wreg-fsr0h+status,2+status,0+pclath+cstack]
   436                           
   437     05EC  1283               	bcf	3,5	;RP0=0, select bank0
   438     05ED  1303               	bcf	3,6	;RP1=0, select bank0
   439     05EE  0185               	clrf	5	;volatile
   440     05EF  0186               	clrf	6	;volatile
   441     05F0  0187               	clrf	7	;volatile
   442     05F1  0188               	clrf	8	;volatile
   443     05F2  1683               	bsf	3,5	;RP0=1, select bank1
   444     05F3  1303               	bcf	3,6	;RP1=0, select bank1
   445     05F4  0185               	clrf	5	;volatile
   446     05F5  0186               	clrf	6	;volatile
   447     05F6                     l841:
   448     05F6  3007               	movlw	7
   449     05F7  0087               	movwf	7	;volatile
   450     05F8                     l843:
   451     05F8  0188               	clrf	8	;volatile
   452     05F9                     l845:
   453     05F9  303C               	movlw	main@arr& (0+255)
   454     05FA  0084               	movwf	4
   455     05FB  3020               	movlw	low main@F1299
   456     05FC  00F8               	movwf	??_main
   457     05FD  0804               	movf	4,w
   458     05FE  00F9               	movwf	??_main+1
   459     05FF  3014               	movlw	20
   460     0600  00FA               	movwf	??_main+2
   461     0601                     u680:
   462     0601  0878               	movf	??_main,w
   463     0602  0084               	movwf	4
   464     0603  1383               	bcf	3,7	;select IRP bank0
   465     0604  0800               	movf	0,w
   466     0605  00FB               	movwf	??_main+3
   467     0606  0AF8               	incf	??_main,f
   468     0607  0879               	movf	??_main+1,w
   469     0608  0084               	movwf	4
   470     0609  087B               	movf	??_main+3,w
   471     060A  0080               	movwf	0
   472     060B  0AF9               	incf	??_main+1,f
   473     060C  0BFA               	decfsz	??_main+2,f
   474     060D  2E01               	goto	u680
   475     060E                     l847:
   476     060E  1283               	bcf	3,5	;RP0=0, select bank0
   477     060F  1408               	bsf	8,0	;volatile
   478     0610                     l849:
   479     0610  1188               	bcf	8,3	;volatile
   480     0611  1108               	bcf	8,2	;volatile
   481     0612  1088               	bcf	8,1	;volatile
   482     0613                     l851:
   483     0613  1C07               	btfss	7,0	;volatile
   484     0614  2E16               	goto	u691
   485     0615  2E17               	goto	u690
   486     0616                     u691:
   487     0616  2E23               	goto	l69
   488     0617                     u690:
   489     0617                     l853:
   490     0617  083C               	movf	main@arr,w
   491     0618  0085               	movwf	5	;volatile
   492     0619  3001               	movlw	1
   493     061A  07FC               	addwf	_count,f
   494     061B  1803               	skipnc
   495     061C  0AFD               	incf	_count+1,f
   496     061D  3000               	movlw	0
   497     061E  07FD               	addwf	_count+1,f
   498     061F                     l70:
   499     061F  1807               	btfsc	7,0	;volatile
   500     0620  2E22               	goto	u701
   501     0621  2E23               	goto	u700
   502     0622                     u701:
   503     0622  2E1F               	goto	l70
   504     0623                     u700:
   505     0623                     l69:
   506     0623  1C87               	btfss	7,1	;volatile
   507     0624  2E26               	goto	u711
   508     0625  2E27               	goto	u710
   509     0626                     u711:
   510     0626  2E33               	goto	l73
   511     0627                     u710:
   512     0627                     l855:
   513     0627  083E               	movf	main@arr+2,w
   514     0628  0085               	movwf	5	;volatile
   515     0629  3001               	movlw	1
   516     062A  07FC               	addwf	_count,f
   517     062B  1803               	skipnc
   518     062C  0AFD               	incf	_count+1,f
   519     062D  3000               	movlw	0
   520     062E  07FD               	addwf	_count+1,f
   521     062F                     l74:
   522     062F  1887               	btfsc	7,1	;volatile
   523     0630  2E32               	goto	u721
   524     0631  2E33               	goto	u720
   525     0632                     u721:
   526     0632  2E2F               	goto	l74
   527     0633                     u720:
   528     0633                     l73:
   529     0633  1D07               	btfss	7,2	;volatile
   530     0634  2E36               	goto	u731
   531     0635  2E37               	goto	u730
   532     0636                     u731:
   533     0636  2E43               	goto	l77
   534     0637                     u730:
   535     0637                     l857:
   536     0637  0840               	movf	main@arr+4,w
   537     0638  0085               	movwf	5	;volatile
   538     0639  3001               	movlw	1
   539     063A  07FC               	addwf	_count,f
   540     063B  1803               	skipnc
   541     063C  0AFD               	incf	_count+1,f
   542     063D  3000               	movlw	0
   543     063E  07FD               	addwf	_count+1,f
   544     063F                     l78:
   545     063F  1907               	btfsc	7,2	;volatile
   546     0640  2E42               	goto	u741
   547     0641  2E43               	goto	u740
   548     0642                     u741:
   549     0642  2E3F               	goto	l78
   550     0643                     u740:
   551     0643                     l77:
   552     0643  1488               	bsf	8,1	;volatile
   553     0644  1008               	bcf	8,0	;volatile
   554     0645  1188               	bcf	8,3	;volatile
   555     0646  1108               	bcf	8,2	;volatile
   556     0647  1C07               	btfss	7,0	;volatile
   557     0648  2E4A               	goto	u751
   558     0649  2E4B               	goto	u750
   559     064A                     u751:
   560     064A  2E57               	goto	l81
   561     064B                     u750:
   562     064B                     l859:
   563     064B  0842               	movf	main@arr+6,w
   564     064C  0085               	movwf	5	;volatile
   565     064D  3001               	movlw	1
   566     064E  07FC               	addwf	_count,f
   567     064F  1803               	skipnc
   568     0650  0AFD               	incf	_count+1,f
   569     0651  3000               	movlw	0
   570     0652  07FD               	addwf	_count+1,f
   571     0653                     l82:
   572     0653  1807               	btfsc	7,0	;volatile
   573     0654  2E56               	goto	u761
   574     0655  2E57               	goto	u760
   575     0656                     u761:
   576     0656  2E53               	goto	l82
   577     0657                     u760:
   578     0657                     l81:
   579     0657  1C87               	btfss	7,1	;volatile
   580     0658  2E5A               	goto	u771
   581     0659  2E5B               	goto	u770
   582     065A                     u771:
   583     065A  2E67               	goto	l85
   584     065B                     u770:
   585     065B                     l861:
   586     065B  0844               	movf	main@arr+8,w
   587     065C  0085               	movwf	5	;volatile
   588     065D  3001               	movlw	1
   589     065E  07FC               	addwf	_count,f
   590     065F  1803               	skipnc
   591     0660  0AFD               	incf	_count+1,f
   592     0661  3000               	movlw	0
   593     0662  07FD               	addwf	_count+1,f
   594     0663                     l86:
   595     0663  1887               	btfsc	7,1	;volatile
   596     0664  2E66               	goto	u781
   597     0665  2E67               	goto	u780
   598     0666                     u781:
   599     0666  2E63               	goto	l86
   600     0667                     u780:
   601     0667                     l85:
   602     0667  1D07               	btfss	7,2	;volatile
   603     0668  2E6A               	goto	u791
   604     0669  2E6B               	goto	u790
   605     066A                     u791:
   606     066A  2E77               	goto	l89
   607     066B                     u790:
   608     066B                     l863:
   609     066B  0846               	movf	main@arr+10,w
   610     066C  0085               	movwf	5	;volatile
   611     066D  3001               	movlw	1
   612     066E  07FC               	addwf	_count,f
   613     066F  1803               	skipnc
   614     0670  0AFD               	incf	_count+1,f
   615     0671  3000               	movlw	0
   616     0672  07FD               	addwf	_count+1,f
   617     0673                     l90:
   618     0673  1907               	btfsc	7,2	;volatile
   619     0674  2E76               	goto	u801
   620     0675  2E77               	goto	u800
   621     0676                     u801:
   622     0676  2E73               	goto	l90
   623     0677                     u800:
   624     0677                     l89:
   625     0677  1508               	bsf	8,2	;volatile
   626     0678  1188               	bcf	8,3	;volatile
   627     0679  1008               	bcf	8,0	;volatile
   628     067A  1088               	bcf	8,1	;volatile
   629     067B  1C07               	btfss	7,0	;volatile
   630     067C  2E7E               	goto	u811
   631     067D  2E7F               	goto	u810
   632     067E                     u811:
   633     067E  2E8B               	goto	l93
   634     067F                     u810:
   635     067F                     l865:
   636     067F  0848               	movf	main@arr+12,w
   637     0680  0085               	movwf	5	;volatile
   638     0681  3001               	movlw	1
   639     0682  07FC               	addwf	_count,f
   640     0683  1803               	skipnc
   641     0684  0AFD               	incf	_count+1,f
   642     0685  3000               	movlw	0
   643     0686  07FD               	addwf	_count+1,f
   644     0687                     l94:
   645     0687  1807               	btfsc	7,0	;volatile
   646     0688  2E8A               	goto	u821
   647     0689  2E8B               	goto	u820
   648     068A                     u821:
   649     068A  2E87               	goto	l94
   650     068B                     u820:
   651     068B                     l93:
   652     068B  1C87               	btfss	7,1	;volatile
   653     068C  2E8E               	goto	u831
   654     068D  2E8F               	goto	u830
   655     068E                     u831:
   656     068E  2E9B               	goto	l97
   657     068F                     u830:
   658     068F                     l867:
   659     068F  084A               	movf	main@arr+14,w
   660     0690  0085               	movwf	5	;volatile
   661     0691  3001               	movlw	1
   662     0692  07FC               	addwf	_count,f
   663     0693  1803               	skipnc
   664     0694  0AFD               	incf	_count+1,f
   665     0695  3000               	movlw	0
   666     0696  07FD               	addwf	_count+1,f
   667     0697                     l98:
   668     0697  1887               	btfsc	7,1	;volatile
   669     0698  2E9A               	goto	u841
   670     0699  2E9B               	goto	u840
   671     069A                     u841:
   672     069A  2E97               	goto	l98
   673     069B                     u840:
   674     069B                     l97:
   675     069B  1D07               	btfss	7,2	;volatile
   676     069C  2E9E               	goto	u851
   677     069D  2E9F               	goto	u850
   678     069E                     u851:
   679     069E  2EAB               	goto	l101
   680     069F                     u850:
   681     069F                     l869:
   682     069F  084C               	movf	main@arr+16,w
   683     06A0  0085               	movwf	5	;volatile
   684     06A1  3001               	movlw	1
   685     06A2  07FC               	addwf	_count,f
   686     06A3  1803               	skipnc
   687     06A4  0AFD               	incf	_count+1,f
   688     06A5  3000               	movlw	0
   689     06A6  07FD               	addwf	_count+1,f
   690     06A7                     l102:
   691     06A7  1907               	btfsc	7,2	;volatile
   692     06A8  2EAA               	goto	u861
   693     06A9  2EAB               	goto	u860
   694     06AA                     u861:
   695     06AA  2EA7               	goto	l102
   696     06AB                     u860:
   697     06AB                     l101:
   698     06AB  1588               	bsf	8,3	;volatile
   699     06AC  1008               	bcf	8,0	;volatile
   700     06AD  1108               	bcf	8,2	;volatile
   701     06AE  1088               	bcf	8,1	;volatile
   702     06AF  1C07               	btfss	7,0	;volatile
   703     06B0  2EB2               	goto	u871
   704     06B1  2EB3               	goto	u870
   705     06B2                     u871:
   706     06B2  2EBE               	goto	l105
   707     06B3                     u870:
   708     06B3                     l871:
   709     06B3  120A  118A  26D2  120A  118A  	fcall	_dial
   710     06B8                     l106:
   711     06B8  1283               	bcf	3,5	;RP0=0, select bank0
   712     06B9  1303               	bcf	3,6	;RP1=0, select bank0
   713     06BA  1807               	btfsc	7,0	;volatile
   714     06BB  2EBD               	goto	u881
   715     06BC  2EBE               	goto	u880
   716     06BD                     u881:
   717     06BD  2EB8               	goto	l106
   718     06BE                     u880:
   719     06BE                     l105:
   720     06BE  1C87               	btfss	7,1	;volatile
   721     06BF  2EC1               	goto	u891
   722     06C0  2EC2               	goto	u890
   723     06C1                     u891:
   724     06C1  2E0E               	goto	l847
   725     06C2                     u890:
   726     06C2                     l873:
   727     06C2  084E               	movf	main@arr+18,w
   728     06C3  0085               	movwf	5	;volatile
   729     06C4  3001               	movlw	1
   730     06C5  07FC               	addwf	_count,f
   731     06C6  1803               	skipnc
   732     06C7  0AFD               	incf	_count+1,f
   733     06C8  3000               	movlw	0
   734     06C9  07FD               	addwf	_count+1,f
   735     06CA                     l110:
   736     06CA  1887               	btfsc	7,1	;volatile
   737     06CB  2ECD               	goto	u901
   738     06CC  2ECE               	goto	u900
   739     06CD                     u901:
   740     06CD  2ECA               	goto	l110
   741     06CE                     u900:
   742     06CE  2E0E               	goto	l847
   743     06CF  120A  118A  2800   	ljmp	start
   744     06D2                     __end_of_main:
   745                           
   746                           	psect	text1
   747     06D2                     __ptext1:	
   748 ;; *************** function _dial *****************
   749 ;; Defined at:
   750 ;;		line 29 in file "10_num_call.c"
   751 ;; Parameters:    Size  Location     Type
   752 ;;		None
   753 ;; Auto vars:     Size  Location     Type
   754 ;;		None
   755 ;; Return value:  Size  Location     Type
   756 ;;                  1    wreg      void 
   757 ;; Registers used:
   758 ;;		wreg, status,2, status,0, pclath, cstack
   759 ;; Tracked objects:
   760 ;;		On entry : 0/0
   761 ;;		On exit  : 0/0
   762 ;;		Unchanged: 0/0
   763 ;; Data sizes:     COMMON   BANK0   BANK1   BANK3   BANK2
   764 ;;      Params:         0       0       0       0       0
   765 ;;      Locals:         0       0       0       0       0
   766 ;;      Temps:          0       0       0       0       0
   767 ;;      Totals:         0       0       0       0       0
   768 ;;Total ram usage:        0 bytes
   769 ;; Hardware stack levels used: 1
   770 ;; Hardware stack levels required when called: 1
   771 ;; This function calls:
   772 ;;		_delay
   773 ;; This function is called by:
   774 ;;		_main
   775 ;; This function uses a non-reentrant model
   776 ;;
   777                           
   778     06D2                     _dial:	
   779                           ;psect for function _dial
   780                           
   781     06D2                     l795:	
   782                           ;incstack = 0
   783                           ; Regs used in _dial: [wreg+status,2+status,0+pclath+cstack]
   784                           
   785     06D2  300A               	movlw	10
   786     06D3  067C               	xorwf	_count,w
   787     06D4  047D               	iorwf	_count+1,w
   788     06D5  1D03               	btfss	3,2
   789     06D6  2ED8               	goto	u471
   790     06D7  2ED9               	goto	u470
   791     06D8                     u471:
   792     06D8  2F3A               	goto	l58
   793     06D9                     u470:
   794     06D9                     l54:
   795     06D9  1283               	bcf	3,5	;RP0=0, select bank0
   796     06DA  1303               	bcf	3,6	;RP1=0, select bank0
   797     06DB  1187               	bcf	7,3	;volatile
   798     06DC  1707               	bsf	7,6	;volatile
   799     06DD  1B07               	btfsc	7,6	;volatile
   800     06DE  2EE0               	goto	u481
   801     06DF  2EE4               	goto	u480
   802     06E0                     u481:
   803     06E0  1283               	bcf	3,5	;RP0=0, select bank0
   804     06E1  1303               	bcf	3,6	;RP1=0, select bank0
   805     06E2  1687               	bsf	7,5	;volatile
   806     06E3  2EE7               	goto	u494
   807     06E4                     u480:
   808     06E4  1283               	bcf	3,5	;RP0=0, select bank0
   809     06E5  1303               	bcf	3,6	;RP1=0, select bank0
   810     06E6  1287               	bcf	7,5	;volatile
   811     06E7                     u494:
   812     06E7  1A87               	btfsc	7,5	;volatile
   813     06E8  2EEA               	goto	u491
   814     06E9  2EEE               	goto	u490
   815     06EA                     u491:
   816     06EA  1283               	bcf	3,5	;RP0=0, select bank0
   817     06EB  1303               	bcf	3,6	;RP1=0, select bank0
   818     06EC  1607               	bsf	7,4	;volatile
   819     06ED  2EF1               	goto	u504
   820     06EE                     u490:
   821     06EE  1283               	bcf	3,5	;RP0=0, select bank0
   822     06EF  1303               	bcf	3,6	;RP1=0, select bank0
   823     06F0  1207               	bcf	7,4	;volatile
   824     06F1                     u504:
   825     06F1                     l797:
   826     06F1  0870               	movf	_call,w
   827     06F2  0086               	movwf	6	;volatile
   828     06F3                     l799:
   829     06F3  3010               	movlw	16
   830     06F4  00F6               	movwf	delay@t
   831     06F5  3027               	movlw	39
   832     06F6  00F7               	movwf	delay@t+1
   833     06F7  120A  118A  25AE  120A  118A  	fcall	_delay
   834     06FC                     l801:
   835     06FC  1283               	bcf	3,5	;RP0=0, select bank0
   836     06FD  1303               	bcf	3,6	;RP1=0, select bank0
   837     06FE  1207               	bcf	7,4	;volatile
   838     06FF                     l803:
   839     06FF  1707               	bsf	7,6	;volatile
   840     0700  1B07               	btfsc	7,6	;volatile
   841     0701  2F03               	goto	u511
   842     0702  2F07               	goto	u510
   843     0703                     u511:
   844     0703  1283               	bcf	3,5	;RP0=0, select bank0
   845     0704  1303               	bcf	3,6	;RP1=0, select bank0
   846     0705  1687               	bsf	7,5	;volatile
   847     0706  2F0A               	goto	u524
   848     0707                     u510:
   849     0707  1283               	bcf	3,5	;RP0=0, select bank0
   850     0708  1303               	bcf	3,6	;RP1=0, select bank0
   851     0709  1287               	bcf	7,5	;volatile
   852     070A                     u524:
   853     070A  1A87               	btfsc	7,5	;volatile
   854     070B  2F0D               	goto	u521
   855     070C  2F11               	goto	u520
   856     070D                     u521:
   857     070D  1283               	bcf	3,5	;RP0=0, select bank0
   858     070E  1303               	bcf	3,6	;RP1=0, select bank0
   859     070F  1587               	bsf	7,3	;volatile
   860     0710  2F14               	goto	u534
   861     0711                     u520:
   862     0711  1283               	bcf	3,5	;RP0=0, select bank0
   863     0712  1303               	bcf	3,6	;RP1=0, select bank0
   864     0713  1187               	bcf	7,3	;volatile
   865     0714                     u534:
   866     0714                     l805:
   867     0714  0872               	movf	_call+2,w
   868     0715  0086               	movwf	6	;volatile
   869     0716  3010               	movlw	16
   870     0717  00F6               	movwf	delay@t
   871     0718  3027               	movlw	39
   872     0719  00F7               	movwf	delay@t+1
   873     071A  120A  118A  25AE  120A  118A  	fcall	_delay
   874     071F                     l807:
   875     071F  1283               	bcf	3,5	;RP0=0, select bank0
   876     0720  1303               	bcf	3,6	;RP1=0, select bank0
   877     0721  1307               	bcf	7,6	;volatile
   878     0722  1287               	bcf	7,5	;volatile
   879     0723                     l809:
   880     0723  1607               	bsf	7,4	;volatile
   881     0724  1A07               	btfsc	7,4	;volatile
   882     0725  2F27               	goto	u541
   883     0726  2F2B               	goto	u540
   884     0727                     u541:
   885     0727  1283               	bcf	3,5	;RP0=0, select bank0
   886     0728  1303               	bcf	3,6	;RP1=0, select bank0
   887     0729  1587               	bsf	7,3	;volatile
   888     072A  2F2E               	goto	u554
   889     072B                     u540:
   890     072B  1283               	bcf	3,5	;RP0=0, select bank0
   891     072C  1303               	bcf	3,6	;RP1=0, select bank0
   892     072D  1187               	bcf	7,3	;volatile
   893     072E                     u554:
   894     072E                     l811:
   895     072E  0874               	movf	_call+4,w
   896     072F  0086               	movwf	6	;volatile
   897     0730                     l813:
   898     0730  30E8               	movlw	232
   899     0731  00F6               	movwf	delay@t
   900     0732  3003               	movlw	3
   901     0733  00F7               	movwf	delay@t+1
   902     0734  120A  118A  25AE  120A  118A  	fcall	_delay
   903     0739  2ED9               	goto	l54
   904     073A                     l58:
   905     073A  1283               	bcf	3,5	;RP0=0, select bank0
   906     073B  1303               	bcf	3,6	;RP1=0, select bank0
   907     073C  1187               	bcf	7,3	;volatile
   908     073D  1707               	bsf	7,6	;volatile
   909     073E  1B07               	btfsc	7,6	;volatile
   910     073F  2F41               	goto	u561
   911     0740  2F45               	goto	u560
   912     0741                     u561:
   913     0741  1283               	bcf	3,5	;RP0=0, select bank0
   914     0742  1303               	bcf	3,6	;RP1=0, select bank0
   915     0743  1687               	bsf	7,5	;volatile
   916     0744  2F48               	goto	u574
   917     0745                     u560:
   918     0745  1283               	bcf	3,5	;RP0=0, select bank0
   919     0746  1303               	bcf	3,6	;RP1=0, select bank0
   920     0747  1287               	bcf	7,5	;volatile
   921     0748                     u574:
   922     0748  1A87               	btfsc	7,5	;volatile
   923     0749  2F4B               	goto	u571
   924     074A  2F4F               	goto	u570
   925     074B                     u571:
   926     074B  1283               	bcf	3,5	;RP0=0, select bank0
   927     074C  1303               	bcf	3,6	;RP1=0, select bank0
   928     074D  1607               	bsf	7,4	;volatile
   929     074E  2F52               	goto	u584
   930     074F                     u570:
   931     074F  1283               	bcf	3,5	;RP0=0, select bank0
   932     0750  1303               	bcf	3,6	;RP1=0, select bank0
   933     0751  1207               	bcf	7,4	;volatile
   934     0752                     u584:
   935     0752                     l815:
   936     0752  0834               	movf	_fail,w
   937     0753  0086               	movwf	6	;volatile
   938     0754                     l817:
   939     0754  3010               	movlw	16
   940     0755  00F6               	movwf	delay@t
   941     0756  3027               	movlw	39
   942     0757  00F7               	movwf	delay@t+1
   943     0758  120A  118A  25AE  120A  118A  	fcall	_delay
   944     075D                     l819:
   945     075D  1283               	bcf	3,5	;RP0=0, select bank0
   946     075E  1303               	bcf	3,6	;RP1=0, select bank0
   947     075F  1207               	bcf	7,4	;volatile
   948     0760                     l821:
   949     0760  1707               	bsf	7,6	;volatile
   950     0761  1B07               	btfsc	7,6	;volatile
   951     0762  2F64               	goto	u591
   952     0763  2F68               	goto	u590
   953     0764                     u591:
   954     0764  1283               	bcf	3,5	;RP0=0, select bank0
   955     0765  1303               	bcf	3,6	;RP1=0, select bank0
   956     0766  1687               	bsf	7,5	;volatile
   957     0767  2F6B               	goto	u604
   958     0768                     u590:
   959     0768  1283               	bcf	3,5	;RP0=0, select bank0
   960     0769  1303               	bcf	3,6	;RP1=0, select bank0
   961     076A  1287               	bcf	7,5	;volatile
   962     076B                     u604:
   963     076B  1A87               	btfsc	7,5	;volatile
   964     076C  2F6E               	goto	u601
   965     076D  2F72               	goto	u600
   966     076E                     u601:
   967     076E  1283               	bcf	3,5	;RP0=0, select bank0
   968     076F  1303               	bcf	3,6	;RP1=0, select bank0
   969     0770  1587               	bsf	7,3	;volatile
   970     0771  2F75               	goto	u614
   971     0772                     u600:
   972     0772  1283               	bcf	3,5	;RP0=0, select bank0
   973     0773  1303               	bcf	3,6	;RP1=0, select bank0
   974     0774  1187               	bcf	7,3	;volatile
   975     0775                     u614:
   976     0775                     l823:
   977     0775  0836               	movf	_fail+2,w
   978     0776  0086               	movwf	6	;volatile
   979     0777  3010               	movlw	16
   980     0778  00F6               	movwf	delay@t
   981     0779  3027               	movlw	39
   982     077A  00F7               	movwf	delay@t+1
   983     077B  120A  118A  25AE  120A  118A  	fcall	_delay
   984     0780                     l825:
   985     0780  1283               	bcf	3,5	;RP0=0, select bank0
   986     0781  1303               	bcf	3,6	;RP1=0, select bank0
   987     0782  1287               	bcf	7,5	;volatile
   988     0783                     l827:
   989     0783  1607               	bsf	7,4	;volatile
   990     0784  1A07               	btfsc	7,4	;volatile
   991     0785  2F87               	goto	u621
   992     0786  2F8B               	goto	u620
   993     0787                     u621:
   994     0787  1283               	bcf	3,5	;RP0=0, select bank0
   995     0788  1303               	bcf	3,6	;RP1=0, select bank0
   996     0789  1587               	bsf	7,3	;volatile
   997     078A  2F8E               	goto	u634
   998     078B                     u620:
   999     078B  1283               	bcf	3,5	;RP0=0, select bank0
  1000     078C  1303               	bcf	3,6	;RP1=0, select bank0
  1001     078D  1187               	bcf	7,3	;volatile
  1002     078E                     u634:
  1003     078E  1987               	btfsc	7,3	;volatile
  1004     078F  2F91               	goto	u631
  1005     0790  2F95               	goto	u630
  1006     0791                     u631:
  1007     0791  1283               	bcf	3,5	;RP0=0, select bank0
  1008     0792  1303               	bcf	3,6	;RP1=0, select bank0
  1009     0793  1707               	bsf	7,6	;volatile
  1010     0794  2F98               	goto	u644
  1011     0795                     u630:
  1012     0795  1283               	bcf	3,5	;RP0=0, select bank0
  1013     0796  1303               	bcf	3,6	;RP1=0, select bank0
  1014     0797  1307               	bcf	7,6	;volatile
  1015     0798                     u644:
  1016     0798                     l829:
  1017     0798  0838               	movf	_fail+4,w
  1018     0799  0086               	movwf	6	;volatile
  1019     079A                     l831:
  1020     079A  3010               	movlw	16
  1021     079B  00F6               	movwf	delay@t
  1022     079C  3027               	movlw	39
  1023     079D  00F7               	movwf	delay@t+1
  1024     079E  120A  118A  25AE  120A  118A  	fcall	_delay
  1025     07A3                     l833:
  1026     07A3  1283               	bcf	3,5	;RP0=0, select bank0
  1027     07A4  1303               	bcf	3,6	;RP1=0, select bank0
  1028     07A5  1307               	bcf	7,6	;volatile
  1029     07A6                     l835:
  1030     07A6  1607               	bsf	7,4	;volatile
  1031     07A7  1A07               	btfsc	7,4	;volatile
  1032     07A8  2FAA               	goto	u651
  1033     07A9  2FAE               	goto	u650
  1034     07AA                     u651:
  1035     07AA  1283               	bcf	3,5	;RP0=0, select bank0
  1036     07AB  1303               	bcf	3,6	;RP1=0, select bank0
  1037     07AC  1587               	bsf	7,3	;volatile
  1038     07AD  2FB1               	goto	u664
  1039     07AE                     u650:
  1040     07AE  1283               	bcf	3,5	;RP0=0, select bank0
  1041     07AF  1303               	bcf	3,6	;RP1=0, select bank0
  1042     07B0  1187               	bcf	7,3	;volatile
  1043     07B1                     u664:
  1044     07B1  1987               	btfsc	7,3	;volatile
  1045     07B2  2FB4               	goto	u661
  1046     07B3  2FB8               	goto	u660
  1047     07B4                     u661:
  1048     07B4  1283               	bcf	3,5	;RP0=0, select bank0
  1049     07B5  1303               	bcf	3,6	;RP1=0, select bank0
  1050     07B6  1687               	bsf	7,5	;volatile
  1051     07B7  2FBB               	goto	u674
  1052     07B8                     u660:
  1053     07B8  1283               	bcf	3,5	;RP0=0, select bank0
  1054     07B9  1303               	bcf	3,6	;RP1=0, select bank0
  1055     07BA  1287               	bcf	7,5	;volatile
  1056     07BB                     u674:
  1057     07BB  083A               	movf	_fail+6,w
  1058     07BC  0086               	movwf	6	;volatile
  1059     07BD                     l837:
  1060     07BD  3010               	movlw	16
  1061     07BE  00F6               	movwf	delay@t
  1062     07BF  3027               	movlw	39
  1063     07C0  00F7               	movwf	delay@t+1
  1064     07C1  120A  118A  25AE  120A  118A  	fcall	_delay
  1065     07C6  2F3A               	goto	l58
  1066     07C7  0008               	return
  1067     07C8                     __end_of_dial:
  1068                           
  1069                           	psect	text2
  1070     05AE                     __ptext2:	
  1071 ;; *************** function _delay *****************
  1072 ;; Defined at:
  1073 ;;		line 24 in file "10_num_call.c"
  1074 ;; Parameters:    Size  Location     Type
  1075 ;;  t               2    0[COMMON] int 
  1076 ;; Auto vars:     Size  Location     Type
  1077 ;;		None
  1078 ;; Return value:  Size  Location     Type
  1079 ;;                  1    wreg      void 
  1080 ;; Registers used:
  1081 ;;		wreg, status,2, status,0
  1082 ;; Tracked objects:
  1083 ;;		On entry : 0/0
  1084 ;;		On exit  : 0/0
  1085 ;;		Unchanged: 0/0
  1086 ;; Data sizes:     COMMON   BANK0   BANK1   BANK3   BANK2
  1087 ;;      Params:         2       0       0       0       0
  1088 ;;      Locals:         0       0       0       0       0
  1089 ;;      Temps:          0       0       0       0       0
  1090 ;;      Totals:         2       0       0       0       0
  1091 ;;Total ram usage:        2 bytes
  1092 ;; Hardware stack levels used: 1
  1093 ;; This function calls:
  1094 ;;		Nothing
  1095 ;; This function is called by:
  1096 ;;		_dial
  1097 ;; This function uses a non-reentrant model
  1098 ;;
  1099                           
  1100     05AE                     _delay:	
  1101                           ;psect for function _delay
  1102                           
  1103     05AE                     l791:	
  1104                           ;incstack = 0
  1105                           ; Regs used in _delay: [wreg+status,2+status,0]
  1106                           
  1107     05AE                     l793:
  1108     05AE  30FF               	movlw	255
  1109     05AF  07F6               	addwf	delay@t,f
  1110     05B0  1803               	skipnc
  1111     05B1  0AF7               	incf	delay@t+1,f
  1112     05B2  30FF               	movlw	255
  1113     05B3  07F7               	addwf	delay@t+1,f
  1114     05B4  0A76               	incf	delay@t,w
  1115     05B5  1D03               	skipz
  1116     05B6  2DBB               	goto	u461
  1117     05B7  0A77               	incf	delay@t+1,w
  1118     05B8  1D03               	btfss	3,2
  1119     05B9  2DBB               	goto	u461
  1120     05BA  2DBC               	goto	u460
  1121     05BB                     u461:
  1122     05BB  2DAE               	goto	l793
  1123     05BC                     u460:
  1124     05BC                     l50:
  1125     05BC  0008               	return
  1126     05BD                     __end_of_delay:
  1127     007E                     btemp	set	126	;btemp
  1128     007E                     wtemp0	set	126
  1129                           
  1130                           	psect	idloc
  1131                           
  1132                           ;Config register IDLOC0 @ 0x2000
  1133                           ;	unspecified, using default values
  1134     2000                     	org	8192
  1135     2000  3FFF               	dw	16383
  1136                           
  1137                           ;Config register IDLOC1 @ 0x2001
  1138                           ;	unspecified, using default values
  1139     2001                     	org	8193
  1140     2001  3FFF               	dw	16383
  1141                           
  1142                           ;Config register IDLOC2 @ 0x2002
  1143                           ;	unspecified, using default values
  1144     2002                     	org	8194
  1145     2002  3FFF               	dw	16383
  1146                           
  1147                           ;Config register IDLOC3 @ 0x2003
  1148                           ;	unspecified, using default values
  1149     2003                     	org	8195
  1150     2003  3FFF               	dw	16383
  1151                           
  1152                           	psect	config
  1153                           
  1154                           ;Config register CONFIG1 @ 0x2007
  1155                           ;	Oscillator Selection bits
  1156                           ;	FOSC = INTRC_NOCLKOUT, INTOSCIO oscillator: I/O function on RA6/OSC2/CLKOUT pin, I/O f
      +                          unction on RA7/OSC1/CLKIN
  1157                           ;	Watchdog Timer Enable bit
  1158                           ;	WDTE = OFF, WDT disabled and can be enabled by SWDTEN bit of the WDTCON register
  1159                           ;	Power-up Timer Enable bit
  1160                           ;	PWRTE = ON, PWRT enabled
  1161                           ;	RE3/MCLR pin function select bit
  1162                           ;	MCLRE = ON, RE3/MCLR pin function is MCLR
  1163                           ;	Code Protection bit
  1164                           ;	CP = OFF, Program memory code protection is disabled
  1165                           ;	Data Code Protection bit
  1166                           ;	CPD = OFF, Data memory code protection is disabled
  1167                           ;	Brown Out Reset Selection bits
  1168                           ;	BOREN = OFF, BOR disabled
  1169                           ;	Internal External Switchover bit
  1170                           ;	IESO = ON, Internal/External Switchover mode is enabled
  1171                           ;	Fail-Safe Clock Monitor Enabled bit
  1172                           ;	FCMEN = ON, Fail-Safe Clock Monitor is enabled
  1173                           ;	Low Voltage Programming Enable bit
  1174                           ;	LVP = OFF, RB3 pin has digital I/O, HV on MCLR must be used for programming
  1175                           ;	In-Circuit Debugger Mode bit
  1176                           ;	DEBUG = 0x1, unprogrammed default
  1177     2007                     	org	8199
  1178     2007  2CE4               	dw	11492
  1179                           
  1180                           ;Config register CONFIG2 @ 0x2008
  1181                           ;	Brown-out Reset Selection bit
  1182                           ;	BOR4V = BOR40V, Brown-out Reset set to 4.0V
  1183                           ;	Flash Program Memory Self Write Enable bits
  1184                           ;	WRT = OFF, Write protection off
  1185     2008                     	org	8200
  1186     2008  3FFF               	dw	16383

Data Sizes:
    Strings     0
    Constant    0
    Data        34
    BSS         2
    Persistent  0
    Stack       0

Auto Spaces:
    Space          Size  Autos    Used
    COMMON           14      6      14
    BANK0            80     20      48
    BANK1            80      0       0
    BANK3            96      0       0
    BANK2            96      0       0

Pointer List with Targets:

    None.

Critical Paths under _main in COMMON

    _dial->_delay

Critical Paths under _main in BANK0

    None.

Critical Paths under _main in BANK1

    None.

Critical Paths under _main in BANK3

    None.

Critical Paths under _main in BANK2

    None.

Call Graph Tables:

 ---------------------------------------------------------------------------------
 (Depth) Function   	        Calls       Base Space   Used Autos Params    Refs
 ---------------------------------------------------------------------------------
 (0) _main                                                24    24      0     784
                                              2 COMMON     4     4      0
                                              0 BANK0     20    20      0
                               _dial
 ---------------------------------------------------------------------------------
 (1) _dial                                                 0     0      0     554
                              _delay
 ---------------------------------------------------------------------------------
 (2) _delay                                                2     0      2     554
                                              0 COMMON     2     0      2
 ---------------------------------------------------------------------------------
 Estimated maximum stack depth 2
 ---------------------------------------------------------------------------------

 Call Graph Graphs:

 _main (ROOT)
   _dial
     _delay

 Address spaces:
Name               Size   Autos  Total    Cost      Usage
BANK3               60      0       0       9        0.0%
BITBANK3            60      0       0       8        0.0%
SFR3                 0      0       0       4        0.0%
BITSFR3              0      0       0       4        0.0%
BANK2               60      0       0      11        0.0%
BITBANK2            60      0       0      10        0.0%
SFR2                 0      0       0       5        0.0%
BITSFR2              0      0       0       5        0.0%
BANK1               50      0       0       7        0.0%
BITBANK1            50      0       0       6        0.0%
SFR1                 0      0       0       2        0.0%
BITSFR1              0      0       0       2        0.0%
BANK0               50     14      30       5       60.0%
BITBANK0            50      0       0       4        0.0%
SFR0                 0      0       0       1        0.0%
BITSFR0              0      0       0       1        0.0%
COMMON               E      6       E       1      100.0%
BITCOMMON            E      0       0       0        0.0%
CODE                 0      0       0       0        0.0%
DATA                 0      0      3E      12        0.0%
ABS                  0      0      3E       3        0.0%
NULL                 0      0       0       0        0.0%
STACK                0      0       0       2        0.0%
EEDATA             100      0       0       0        0.0%


Microchip Technology PIC Macro Assembler V2.40 build 20220703182018 
Symbol Table                                                                                   Tue May 20 14:26:22 2025

                      pc 0002                       l50 05BC                       l54 06D9  
                     l70 061F                       l81 0657                       l73 0633  
                     l58 073A                       l90 0673                       l82 0653  
                     l74 062F                       l93 068B                       l85 0667  
                     l77 0643                       l69 0623                       l94 0687  
                     l86 0663                       l78 063F                       l97 069B  
                     l89 0677                       l98 0697                       fsr 0004  
                    l101 06AB                      l110 06CA                      l102 06A7  
                    l105 06BE                      l106 06B8                      l801 06FC  
                    l811 072E                      l803 06FF                      l821 0760  
                    l813 0730                      l805 0714                      l831 079A  
                    l823 0775                      l815 0752                      l807 071F  
                    l833 07A3                      l825 0780                      l817 0754  
                    l809 0723                      l841 05F6                      l835 07A6  
                    l827 0783                      l819 075D                      l851 0613  
                    l843 05F8                      l837 07BD                      l829 0798  
                    l861 065B                      l853 0617                      l845 05F9  
                    l791 05AE                      l871 06B3                      l863 066B  
                    l855 0627                      l847 060E                      l839 05EC  
                    l793 05AE                      l873 06C2                      l865 067F  
                    l857 0637                      l849 0610                      l795 06D2  
                    l867 068F                      l859 064B                      l797 06F1  
                    l869 069F                      l799 06F3                      _RC0 0038  
                    _RC1 0039                      _RD0 0040                      _RC2 003A  
                    _RC3 003B                      _RD1 0041                      _RC4 003C  
                    _RD2 0042                      _RC5 003D                      _RD3 0043  
                    _RC6 003E                      u510 0707                      u511 0703  
                    u600 0772                      u520 0711                      u504 06F1  
                    u601 076E                      u521 070D                      u460 05BC  
                    u620 078B                      u604 076B                      u540 072B  
                    u524 070A                      u700 0623                      u461 05BB  
                    u621 0787                      u541 0727                      u701 0622  
                    u630 0795                      u614 0775                      u534 0714  
                    u470 06D9                      u710 0627                      u631 0791  
                    u471 06D8                      u711 0626                      u560 0745  
                    u480 06E4                      u800 0677                      u720 0633  
                    u561 0741                      u481 06E0                      u801 0676  
                    u721 0632                      u650 07AE                      u634 078E  
                    u570 074F                      u554 072E                      u490 06EE  
                    u810 067F                      u730 0637                      u651 07AA  
                    u571 074B                      u491 06EA                      u811 067E  
                    u731 0636                      u660 07B8                      u644 0798  
                    u900 06CE                      u820 068B                      u740 0643  
                    u661 07B4                      u901 06CD                      u821 068A  
                    u741 0642                      u590 0768                      u574 0748  
                    u494 06E7                      u830 068F                      u750 064B  
                    u591 0764                      u831 068E                      u751 064A  
                    u664 07B1                      u584 0752                      u840 069B  
                    u760 0657                      u680 0601                      u841 069A  
                    u761 0656                      u674 07BB                      u850 069F  
                    u770 065B                      u690 0617                      u851 069E  
                    u771 065A                      u691 0616                      u860 06AB  
                    u780 0667                      u861 06AA                      u781 0666  
                    u870 06B3                      u790 066B                      u871 06B2  
                    u791 066A                      u880 06BE                      u881 06BD  
                    u890 06C2                      u891 06C1                      fsr0 0004  
                    indf 0000                     _call 0070                     _fail 0034  
                   _dial 06D2                     _main 05EC                     btemp 007E  
                   start 0000                    ?_dial 0076                    ?_main 0076  
                  _PORTA 0005                    _PORTB 0006                    _PORTC 0007  
                  _PORTD 0008                    _TRISA 0085                    _TRISB 0086  
                  _TRISC 0087                    _TRISD 0088                    _delay 05AE  
                  _count 007C                    pclath 000A                    status 0003  
                  wtemp0 007E          __initialization 07C8             __end_of_dial 07C8  
           __end_of_main 06D2                   ??_dial 0078                   ??_main 0078  
                 ?_delay 0076                   delay@t 0076             __pdataCOMMON 0070  
__end_of__initialization 07FC           __pcstackCOMMON 0076             __pidataBANK0 05D0  
          __end_of_delay 05BD                  ??_delay 0078               __pmaintext 05EC  
                __ptext1 06D2                  __ptext2 05AE                  main@arr 003C  
   end_of_initialization 07FC            __pidataCOMMON 05A8      start_initialization 07C8  
             init_fetch0 05BD              __pdataBANK0 0020              __pbssCOMMON 007C  
              ___latbits 0002            __pcstackBANK0 003C                main@F1299 0020  
               init_ram0 05C1  
