

Microchip MPLAB XC8 Assembler V2.40 build 20220703182018 
                                                                                               Tue May 27 13:01:41 2025

Microchip MPLAB XC8 C Compiler v2.40 (Free license) build 20220703182018 Og1 
     1                           	processor	16F887
     2                           	pagewidth 120
     3                           	opt	flic
     4                           	psect	idataBANK0,global,class=CODE,delta=2,noexec
     5                           	psect	cinit,global,class=CODE,merge=1,delta=2
     6                           	psect	bssBANK0,global,class=BANK0,space=1,delta=1,noexec
     7                           	psect	dataBANK0,global,class=BANK0,space=1,delta=1,noexec
     8                           	psect	cstackCOMMON,global,class=COMMON,space=1,delta=1,noexec
     9                           	psect	cstackBANK0,global,class=BANK0,space=1,delta=1,noexec
    10                           	psect	maintext,global,class=CODE,split=1,delta=2
    11                           	psect	text1,local,class=CODE,merge=1,delta=2
    12                           	psect	text2,local,class=CODE,merge=1,delta=2
    13                           	psect	text3,local,class=CODE,merge=1,delta=2
    14                           	psect	text4,local,class=CODE,merge=1,delta=2
    15                           	psect	text5,local,class=CODE,merge=1,delta=2,group=1
    16                           	psect	text6,local,class=CODE,merge=1,delta=2,group=1
    17                           	psect	idloc,global,abs,ovrld,class=IDLOC,space=5,delta=2,noexec
    18                           	psect	config,global,abs,ovrld,class=CONFIG,space=4,delta=2,noexec
    19                           	dabs	1,0x7E,2
    20     0000                     
    21                           ; Version 2.40
    22                           ; Generated 17/11/2021 GMT
    23                           ; 
    24                           ; Copyright © 2021, Microchip Technology Inc. and its subsidiaries ("Microchip")
    25                           ; All rights reserved.
    26                           ; 
    27                           ; This software is developed by Microchip Technology Inc. and its subsidiaries ("Microch
      +                          ip").
    28                           ; 
    29                           ; Redistribution and use in source and binary forms, with or without modification, are
    30                           ; permitted provided that the following conditions are met:
    31                           ; 
    32                           ;     1. Redistributions of source code must retain the above copyright notice, this lis
      +                          t of
    33                           ;        conditions and the following disclaimer.
    34                           ; 
    35                           ;     2. Redistributions in binary form must reproduce the above copyright notice, this 
      +                          list
    36                           ;        of conditions and the following disclaimer in the documentation and/or other
    37                           ;        materials provided with the distribution. Publication is not required when
    38                           ;        this file is used in an embedded application.
    39                           ; 
    40                           ;     3. Microchip's name may not be used to endorse or promote products derived from th
      +                          is
    41                           ;        software without specific prior written permission.
    42                           ; 
    43                           ; THIS SOFTWARE IS PROVIDED BY MICROCHIP "AS IS" AND ANY EXPRESS OR IMPLIED WARRANTIES,
    44                           ; INCLUDING, BUT NOT LIMITED TO, THE IMPLIED WARRANTIES OF MERCHANTABILITY AND FITNESS F
      +                          OR
    45                           ; PURPOSE ARE DISCLAIMED.  IN NO EVENT SHALL MICROCHIP BE LIABLE FOR ANY DIRECT, INDIREC
      +                          T,
    46                           ; INCIDENTAL, SPECIAL, EXEMPLARY, OR CONSEQUENTIAL DAMAGES (INCLUDING BUT NOT LIMITED TO
    47                           ; PROCUREMENT OF SUBSTITUTE GOODS OR SERVICES; LOSS OF USE, DATA OR PROFITS; OR BUSINESS
    48                           ; INTERRUPTION) HOWSOEVER CAUSED AND ON ANY THEORY OF LIABILITY, WHETHER IN CONTRACT, ST
      +                          RICT
    49                           ; LIABILITY, OR TORT (INCLUDING NEGLIGENCE OR OTHERWISE) ARISING IN ANY WAY OUT OF THE U
      +                          SE OF
    50                           ; THIS SOFTWARE, EVEN IF ADVISED OF THE POSSIBILITY OF SUCH DAMAGE.
    51                           ; 
    52                           ; 
    53                           ; Code-generator required, PIC16F887 Definitions
    54                           ; 
    55                           ; SFR Addresses
    56     0000                     	;# 
    57     0001                     	;# 
    58     0002                     	;# 
    59     0003                     	;# 
    60     0004                     	;# 
    61     0005                     	;# 
    62     0006                     	;# 
    63     0007                     	;# 
    64     0008                     	;# 
    65     0009                     	;# 
    66     000A                     	;# 
    67     000B                     	;# 
    68     000C                     	;# 
    69     000D                     	;# 
    70     000E                     	;# 
    71     000E                     	;# 
    72     000F                     	;# 
    73     0010                     	;# 
    74     0011                     	;# 
    75     0012                     	;# 
    76     0013                     	;# 
    77     0014                     	;# 
    78     0015                     	;# 
    79     0015                     	;# 
    80     0016                     	;# 
    81     0017                     	;# 
    82     0018                     	;# 
    83     0019                     	;# 
    84     001A                     	;# 
    85     001B                     	;# 
    86     001B                     	;# 
    87     001C                     	;# 
    88     001D                     	;# 
    89     001E                     	;# 
    90     001F                     	;# 
    91     0081                     	;# 
    92     0085                     	;# 
    93     0086                     	;# 
    94     0087                     	;# 
    95     0088                     	;# 
    96     0089                     	;# 
    97     008C                     	;# 
    98     008D                     	;# 
    99     008E                     	;# 
   100     008F                     	;# 
   101     0090                     	;# 
   102     0091                     	;# 
   103     0092                     	;# 
   104     0093                     	;# 
   105     0093                     	;# 
   106     0093                     	;# 
   107     0094                     	;# 
   108     0095                     	;# 
   109     0096                     	;# 
   110     0097                     	;# 
   111     0098                     	;# 
   112     0099                     	;# 
   113     009A                     	;# 
   114     009B                     	;# 
   115     009C                     	;# 
   116     009D                     	;# 
   117     009E                     	;# 
   118     009F                     	;# 
   119     0105                     	;# 
   120     0107                     	;# 
   121     0108                     	;# 
   122     0109                     	;# 
   123     010C                     	;# 
   124     010C                     	;# 
   125     010D                     	;# 
   126     010E                     	;# 
   127     010F                     	;# 
   128     0185                     	;# 
   129     0187                     	;# 
   130     0188                     	;# 
   131     0189                     	;# 
   132     018C                     	;# 
   133     018D                     	;# 
   134     0000                     	;# 
   135     0001                     	;# 
   136     0002                     	;# 
   137     0003                     	;# 
   138     0004                     	;# 
   139     0005                     	;# 
   140     0006                     	;# 
   141     0007                     	;# 
   142     0008                     	;# 
   143     0009                     	;# 
   144     000A                     	;# 
   145     000B                     	;# 
   146     000C                     	;# 
   147     000D                     	;# 
   148     000E                     	;# 
   149     000E                     	;# 
   150     000F                     	;# 
   151     0010                     	;# 
   152     0011                     	;# 
   153     0012                     	;# 
   154     0013                     	;# 
   155     0014                     	;# 
   156     0015                     	;# 
   157     0015                     	;# 
   158     0016                     	;# 
   159     0017                     	;# 
   160     0018                     	;# 
   161     0019                     	;# 
   162     001A                     	;# 
   163     001B                     	;# 
   164     001B                     	;# 
   165     001C                     	;# 
   166     001D                     	;# 
   167     001E                     	;# 
   168     001F                     	;# 
   169     0081                     	;# 
   170     0085                     	;# 
   171     0086                     	;# 
   172     0087                     	;# 
   173     0088                     	;# 
   174     0089                     	;# 
   175     008C                     	;# 
   176     008D                     	;# 
   177     008E                     	;# 
   178     008F                     	;# 
   179     0090                     	;# 
   180     0091                     	;# 
   181     0092                     	;# 
   182     0093                     	;# 
   183     0093                     	;# 
   184     0093                     	;# 
   185     0094                     	;# 
   186     0095                     	;# 
   187     0096                     	;# 
   188     0097                     	;# 
   189     0098                     	;# 
   190     0099                     	;# 
   191     009A                     	;# 
   192     009B                     	;# 
   193     009C                     	;# 
   194     009D                     	;# 
   195     009E                     	;# 
   196     009F                     	;# 
   197     0105                     	;# 
   198     0107                     	;# 
   199     0108                     	;# 
   200     0109                     	;# 
   201     010C                     	;# 
   202     010C                     	;# 
   203     010D                     	;# 
   204     010E                     	;# 
   205     010F                     	;# 
   206     0185                     	;# 
   207     0187                     	;# 
   208     0188                     	;# 
   209     0189                     	;# 
   210     018C                     	;# 
   211     018D                     	;# 
   212                           
   213                           	psect	idataBANK0
   214     05E3                     __pidataBANK0:
   215                           
   216                           ;initializer for _display
   217     05E3  3430               	retlw	48
   218     05E4  3430               	retlw	48
   219     05E5  3400               	retlw	0
   220     0001                     _TMR0	set	1
   221     0005                     _PORTA	set	5
   222     0009                     _PORTE	set	9
   223     0006                     _PORTB	set	6
   224     0008                     _PORTD	set	8
   225     0030                     _RB0	set	48
   226     002C                     _RA4	set	44
   227     0048                     _RE0	set	72
   228     0049                     _RE1	set	73
   229     0081                     _OPTION_REG	set	129
   230     0085                     _TRISA	set	133
   231     0089                     _TRISE	set	137
   232     0088                     _TRISD	set	136
   233     0086                     _TRISB	set	134
   234     0189                     _ANSELH	set	393
   235     0188                     _ANSEL	set	392
   236                           
   237                           	psect	cinit
   238     07E6                     start_initialization:	
   239                           ; #config settings
   240                           
   241     07E6                     __initialization:
   242                           
   243                           ; Initialize objects allocated to BANK0
   244     07E6  120A  118A  25E3  120A  118A  	fcall	__pidataBANK0	;fetch initializer
   245     07EB  00A4               	movwf	__pdataBANK0& (0+127)
   246     07EC  120A  118A  25E4  120A  118A  	fcall	__pidataBANK0+1	;fetch initializer
   247     07F1  00A5               	movwf	(__pdataBANK0+1)& (0+127)
   248     07F2  120A  118A  25E5  120A  118A  	fcall	__pidataBANK0+2	;fetch initializer
   249     07F7  00A6               	movwf	(__pdataBANK0+2)& (0+127)
   250                           
   251                           ; Clear objects allocated to BANK0
   252     07F8  01A0               	clrf	__pbssBANK0& (0+127)
   253     07F9  01A1               	clrf	(__pbssBANK0+1)& (0+127)
   254     07FA  01A2               	clrf	(__pbssBANK0+2)& (0+127)
   255     07FB  01A3               	clrf	(__pbssBANK0+3)& (0+127)
   256     07FC                     end_of_initialization:	
   257                           ;End of C runtime variable initialization code
   258                           
   259     07FC                     __end_of__initialization:
   260     07FC  0183               	clrf	3
   261     07FD  120A  118A  2F58   	ljmp	_main	;jump to C main() function
   262                           
   263                           	psect	bssBANK0
   264     0020                     __pbssBANK0:
   265     0020                     _count:
   266     0020                     	ds	2
   267     0022                     _prev:
   268     0022                     	ds	2
   269                           
   270                           	psect	dataBANK0
   271     0024                     __pdataBANK0:
   272     0024                     _display:
   273     0024                     	ds	3
   274                           
   275                           	psect	cstackCOMMON
   276     0070                     __pcstackCOMMON:
   277     0070                     ?_delay:
   278     0070                     ?_enable:	
   279                           ; 1 bytes @ 0x0
   280                           
   281     0070                     ?_print:	
   282                           ; 1 bytes @ 0x0
   283                           
   284     0070                     ?_count_display:	
   285                           ; 1 bytes @ 0x0
   286                           
   287     0070                     ?_main:	
   288                           ; 1 bytes @ 0x0
   289                           
   290     0070                     ?___awdiv:	
   291                           ; 1 bytes @ 0x0
   292                           
   293     0070                     ?___awmod:	
   294                           ; 2 bytes @ 0x0
   295                           
   296     0070                     delay@t:	
   297                           ; 2 bytes @ 0x0
   298                           
   299     0070                     ___awdiv@divisor:	
   300                           ; 2 bytes @ 0x0
   301                           
   302     0070                     ___awmod@divisor:	
   303                           ; 2 bytes @ 0x0
   304                           
   305                           
   306                           ; 2 bytes @ 0x0
   307     0070                     	ds	2
   308     0072                     ??_delay:
   309     0072                     ??_enable:	
   310                           ; 1 bytes @ 0x2
   311                           
   312     0072                     ??_print:	
   313                           ; 1 bytes @ 0x2
   314                           
   315     0072                     ___awdiv@dividend:	
   316                           ; 1 bytes @ 0x2
   317                           
   318     0072                     ___awmod@dividend:	
   319                           ; 2 bytes @ 0x2
   320                           
   321                           
   322                           ; 2 bytes @ 0x2
   323     0072                     	ds	1
   324     0073                     print@ptr:
   325                           
   326                           ; 1 bytes @ 0x3
   327     0073                     	ds	1
   328     0074                     ??___awdiv:
   329     0074                     ??___awmod:	
   330                           ; 1 bytes @ 0x4
   331                           
   332     0074                     print@i:	
   333                           ; 1 bytes @ 0x4
   334                           
   335                           
   336                           ; 2 bytes @ 0x4
   337     0074                     	ds	1
   338     0075                     ___awdiv@counter:
   339     0075                     ___awmod@counter:	
   340                           ; 1 bytes @ 0x5
   341                           
   342                           
   343                           ; 1 bytes @ 0x5
   344     0075                     	ds	1
   345     0076                     ___awdiv@sign:
   346     0076                     ___awmod@sign:	
   347                           ; 1 bytes @ 0x6
   348                           
   349                           
   350                           ; 1 bytes @ 0x6
   351     0076                     	ds	1
   352     0077                     ___awdiv@quotient:
   353                           
   354                           ; 2 bytes @ 0x7
   355     0077                     	ds	2
   356     0079                     ??_count_display:
   357     0079                     count_display@j:	
   358                           ; 1 bytes @ 0x9
   359                           
   360                           
   361                           ; 2 bytes @ 0x9
   362     0079                     	ds	2
   363     007B                     count_display@k:
   364                           
   365                           ; 2 bytes @ 0xB
   366     007B                     	ds	2
   367                           
   368                           	psect	cstackBANK0
   369     0027                     __pcstackBANK0:
   370     0027                     ??_main:
   371                           
   372                           ; 1 bytes @ 0x0
   373     0027                     	ds	2
   374                           
   375                           	psect	maintext
   376     0758                     __pmaintext:	
   377 ;;
   378 ;;Main: autosize = 0, tempsize = 2, incstack = 0, save=0
   379 ;;
   380 ;; *************** function _main *****************
   381 ;; Defined at:
   382 ;;		line 72 in file "motor_countr0.c"
   383 ;; Parameters:    Size  Location     Type
   384 ;;		None
   385 ;; Auto vars:     Size  Location     Type
   386 ;;		None
   387 ;; Return value:  Size  Location     Type
   388 ;;                  1    wreg      void 
   389 ;; Registers used:
   390 ;;		wreg, fsr0l, fsr0h, status,2, status,0, pclath, cstack
   391 ;; Tracked objects:
   392 ;;		On entry : B00/0
   393 ;;		On exit  : 0/0
   394 ;;		Unchanged: 0/0
   395 ;; Data sizes:     COMMON   BANK0   BANK1   BANK3   BANK2
   396 ;;      Params:         0       0       0       0       0
   397 ;;      Locals:         0       0       0       0       0
   398 ;;      Temps:          0       2       0       0       0
   399 ;;      Totals:         0       2       0       0       0
   400 ;;Total ram usage:        2 bytes
   401 ;; Hardware stack levels required when called: 3
   402 ;; This function calls:
   403 ;;		___awmod
   404 ;;		_count_display
   405 ;;		_enable
   406 ;;		_print
   407 ;; This function is called by:
   408 ;;		Startup code after reset
   409 ;; This function uses a non-reentrant model
   410 ;;
   411                           
   412     0758                     _main:	
   413                           ;psect for function _main
   414                           
   415     0758                     l965:	
   416                           ;incstack = 0
   417                           ; Regs used in _main: [wreg-fsr0h+status,2+status,0+pclath+cstack]
   418                           
   419                           
   420                           ;motor_countr0.c: 74:     PORTB=TRISB=0x00;
   421     0758  1683               	bsf	3,5	;RP0=1, select bank1
   422     0759  1303               	bcf	3,6	;RP1=0, select bank1
   423     075A  0186               	clrf	6	;volatile
   424     075B  1283               	bcf	3,5	;RP0=0, select bank0
   425     075C  1303               	bcf	3,6	;RP1=0, select bank0
   426     075D  0186               	clrf	6	;volatile
   427                           
   428                           ;motor_countr0.c: 75:     PORTD=TRISD=0x00;
   429     075E  1683               	bsf	3,5	;RP0=1, select bank1
   430     075F  1303               	bcf	3,6	;RP1=0, select bank1
   431     0760  0188               	clrf	8	;volatile
   432     0761  1283               	bcf	3,5	;RP0=0, select bank0
   433     0762  1303               	bcf	3,6	;RP1=0, select bank0
   434     0763  0188               	clrf	8	;volatile
   435                           
   436                           ;motor_countr0.c: 76:     PORTE=TRISE=0x00;
   437     0764  1683               	bsf	3,5	;RP0=1, select bank1
   438     0765  1303               	bcf	3,6	;RP1=0, select bank1
   439     0766  0189               	clrf	9	;volatile
   440     0767  1283               	bcf	3,5	;RP0=0, select bank0
   441     0768  1303               	bcf	3,6	;RP1=0, select bank0
   442     0769  0189               	clrf	9	;volatile
   443     076A                     l967:
   444                           
   445                           ;motor_countr0.c: 77:     PORTA=TRISA=0x10;
   446     076A  3010               	movlw	16
   447     076B  1683               	bsf	3,5	;RP0=1, select bank1
   448     076C  1303               	bcf	3,6	;RP1=0, select bank1
   449     076D  0085               	movwf	5	;volatile
   450     076E  1283               	bcf	3,5	;RP0=0, select bank0
   451     076F  1303               	bcf	3,6	;RP1=0, select bank0
   452     0770  0085               	movwf	5	;volatile
   453     0771                     l969:
   454                           
   455                           ;motor_countr0.c: 78:     ANSEL=ANSELH=0;
   456     0771  1683               	bsf	3,5	;RP0=1, select bank3
   457     0772  1703               	bsf	3,6	;RP1=1, select bank3
   458     0773  0189               	clrf	9	;volatile
   459     0774  0188               	clrf	8	;volatile
   460                           
   461                           ;motor_countr0.c: 79:     OPTION_REG=0xa8;
   462     0775  30A8               	movlw	168
   463     0776  1683               	bsf	3,5	;RP0=1, select bank1
   464     0777  1303               	bcf	3,6	;RP1=0, select bank1
   465     0778  0081               	movwf	1	;volatile
   466     0779                     l971:
   467                           
   468                           ;motor_countr0.c: 80:     TMR0=0;
   469     0779  1283               	bcf	3,5	;RP0=0, select bank0
   470     077A  1303               	bcf	3,6	;RP1=0, select bank0
   471     077B  0181               	clrf	1	;volatile
   472     077C                     l973:
   473                           
   474                           ;motor_countr0.c: 82:     RE0=0;
   475     077C  1009               	bcf	9,0	;volatile
   476     077D                     l975:
   477                           
   478                           ;motor_countr0.c: 83:     PORTD=0x38;
   479     077D  3038               	movlw	56
   480     077E  0088               	movwf	8	;volatile
   481     077F                     l977:
   482                           
   483                           ;motor_countr0.c: 84:     enable();
   484     077F  120A  118A  25F5  120A  118A  	fcall	_enable
   485     0784                     l979:
   486                           
   487                           ;motor_countr0.c: 85:     PORTD=0x0c;
   488     0784  300C               	movlw	12
   489     0785  1283               	bcf	3,5	;RP0=0, select bank0
   490     0786  1303               	bcf	3,6	;RP1=0, select bank0
   491     0787  0088               	movwf	8	;volatile
   492     0788                     l981:
   493                           
   494                           ;motor_countr0.c: 86:     enable();
   495     0788  120A  118A  25F5  120A  118A  	fcall	_enable
   496     078D                     l983:
   497                           
   498                           ;motor_countr0.c: 87:     print(display);
   499     078D  3024               	movlw	(low (_display| 0))& (0+255)
   500     078E  120A  118A  260E  120A  118A  	fcall	_print
   501     0793                     l985:
   502                           
   503                           ;motor_countr0.c: 89:     {;motor_countr0.c: 90:         count=TMR0;
   504     0793  1283               	bcf	3,5	;RP0=0, select bank0
   505     0794  1303               	bcf	3,6	;RP1=0, select bank0
   506     0795  0801               	movf	1,w	;volatile
   507     0796  00A7               	movwf	??_main
   508     0797  01A8               	clrf	??_main+1
   509     0798  0827               	movf	??_main,w
   510     0799  00A0               	movwf	_count
   511     079A  0828               	movf	??_main+1,w
   512     079B  00A1               	movwf	_count+1
   513     079C                     l987:
   514                           
   515                           ;motor_countr0.c: 91:         if(RA4==1)
   516     079C  1E05               	btfss	5,4	;volatile
   517     079D  2F9F               	goto	u511
   518     079E  2FA0               	goto	u510
   519     079F                     u511:
   520     079F  2F93               	goto	l985
   521     07A0                     u510:
   522     07A0                     l989:
   523                           
   524                           ;motor_countr0.c: 92:         {;motor_countr0.c: 93:             count_display();
   525     07A0  120A  118A  2649  120A  118A  	fcall	_count_display
   526     07A5                     l991:
   527                           
   528                           ;motor_countr0.c: 94:             print(display);
   529     07A5  3024               	movlw	(low (_display| 0))& (0+255)
   530     07A6  120A  118A  260E  120A  118A  	fcall	_print
   531     07AB                     l993:
   532                           
   533                           ;motor_countr0.c: 95:             if(count%10==0)
   534     07AB  300A               	movlw	10
   535     07AC  00F0               	movwf	___awmod@divisor
   536     07AD  3000               	movlw	0
   537     07AE  00F1               	movwf	___awmod@divisor+1
   538     07AF  1283               	bcf	3,5	;RP0=0, select bank0
   539     07B0  1303               	bcf	3,6	;RP1=0, select bank0
   540     07B1  0821               	movf	_count+1,w
   541     07B2  00F3               	movwf	___awmod@dividend+1
   542     07B3  0820               	movf	_count,w
   543     07B4  00F2               	movwf	___awmod@dividend
   544     07B5  120A  118A  2698  120A  118A  	fcall	___awmod
   545     07BA  0870               	movf	?___awmod,w
   546     07BB  0471               	iorwf	?___awmod+1,w
   547     07BC  1D03               	btfss	3,2
   548     07BD  2FBF               	goto	u521
   549     07BE  2FC0               	goto	u520
   550     07BF                     u521:
   551     07BF  2FC4               	goto	l997
   552     07C0                     u520:
   553     07C0                     l995:
   554                           
   555                           ;motor_countr0.c: 96:             {;motor_countr0.c: 97:                 RB0=0;
   556     07C0  1283               	bcf	3,5	;RP0=0, select bank0
   557     07C1  1303               	bcf	3,6	;RP1=0, select bank0
   558     07C2  1006               	bcf	6,0	;volatile
   559                           
   560                           ;motor_countr0.c: 98:             }
   561     07C3  2FDC               	goto	l72
   562     07C4                     l997:
   563     07C4  3005               	movlw	5
   564     07C5  00F0               	movwf	___awmod@divisor
   565     07C6  3000               	movlw	0
   566     07C7  00F1               	movwf	___awmod@divisor+1
   567     07C8  1283               	bcf	3,5	;RP0=0, select bank0
   568     07C9  1303               	bcf	3,6	;RP1=0, select bank0
   569     07CA  0821               	movf	_count+1,w
   570     07CB  00F3               	movwf	___awmod@dividend+1
   571     07CC  0820               	movf	_count,w
   572     07CD  00F2               	movwf	___awmod@dividend
   573     07CE  120A  118A  2698  120A  118A  	fcall	___awmod
   574     07D3  0870               	movf	?___awmod,w
   575     07D4  0471               	iorwf	?___awmod+1,w
   576     07D5  1D03               	btfss	3,2
   577     07D6  2FD8               	goto	u531
   578     07D7  2FD9               	goto	u530
   579     07D8                     u531:
   580     07D8  2FDC               	goto	l72
   581     07D9                     u530:
   582     07D9                     l999:
   583                           
   584                           ;motor_countr0.c: 100:             {;motor_countr0.c: 101:                 RB0=1;
   585     07D9  1283               	bcf	3,5	;RP0=0, select bank0
   586     07DA  1303               	bcf	3,6	;RP1=0, select bank0
   587     07DB  1406               	bsf	6,0	;volatile
   588     07DC                     l72:
   589     07DC  1283               	bcf	3,5	;RP0=0, select bank0
   590     07DD  1303               	bcf	3,6	;RP1=0, select bank0
   591     07DE  1A05               	btfsc	5,4	;volatile
   592     07DF  2FE1               	goto	u541
   593     07E0  2FE2               	goto	u540
   594     07E1                     u541:
   595     07E1  2FDC               	goto	l72
   596     07E2                     u540:
   597     07E2  2F93               	goto	l985
   598     07E3  120A  118A  2800   	ljmp	start
   599     07E6                     __end_of_main:
   600                           
   601                           	psect	text1
   602     060E                     __ptext1:	
   603 ;; *************** function _print *****************
   604 ;; Defined at:
   605 ;;		line 39 in file "motor_countr0.c"
   606 ;; Parameters:    Size  Location     Type
   607 ;;  ptr             1    wreg     PTR unsigned char 
   608 ;;		 -> display(3), 
   609 ;; Auto vars:     Size  Location     Type
   610 ;;  ptr             1    3[COMMON] PTR unsigned char 
   611 ;;		 -> display(3), 
   612 ;;  i               2    4[COMMON] int 
   613 ;; Return value:  Size  Location     Type
   614 ;;                  1    wreg      void 
   615 ;; Registers used:
   616 ;;		wreg, fsr0l, fsr0h, status,2, status,0, pclath, cstack
   617 ;; Tracked objects:
   618 ;;		On entry : 0/0
   619 ;;		On exit  : 0/0
   620 ;;		Unchanged: 0/0
   621 ;; Data sizes:     COMMON   BANK0   BANK1   BANK3   BANK2
   622 ;;      Params:         0       0       0       0       0
   623 ;;      Locals:         3       0       0       0       0
   624 ;;      Temps:          1       0       0       0       0
   625 ;;      Totals:         4       0       0       0       0
   626 ;;Total ram usage:        4 bytes
   627 ;; Hardware stack levels used: 1
   628 ;; Hardware stack levels required when called: 2
   629 ;; This function calls:
   630 ;;		_enable
   631 ;; This function is called by:
   632 ;;		_main
   633 ;; This function uses a non-reentrant model
   634 ;;
   635                           
   636     060E                     _print:	
   637                           ;psect for function _print
   638                           
   639                           
   640                           ;incstack = 0
   641                           ; Regs used in _print: [wreg-fsr0h+status,2+status,0+pclath+cstack]
   642                           ;print@ptr stored from wreg
   643     060E  00F3               	movwf	print@ptr
   644     060F                     l927:
   645                           
   646                           ;motor_countr0.c: 39: void print(char *ptr);motor_countr0.c: 40: {;motor_countr0.c: 41: 
      +                              RE0=0;
   647     060F  1283               	bcf	3,5	;RP0=0, select bank0
   648     0610  1303               	bcf	3,6	;RP1=0, select bank0
   649     0611  1009               	bcf	9,0	;volatile
   650     0612                     l929:
   651                           
   652                           ;motor_countr0.c: 42:     PORTD=0x01;
   653     0612  3001               	movlw	1
   654     0613  0088               	movwf	8	;volatile
   655     0614                     l931:
   656                           
   657                           ;motor_countr0.c: 43:     enable();
   658     0614  120A  118A  25F5  120A  118A  	fcall	_enable
   659     0619                     l933:
   660     0619                     l935:
   661                           
   662                           ;motor_countr0.c: 45:     for(i=0;*(ptr+i)!='\0';i++)
   663     0619  01F4               	clrf	print@i
   664     061A  01F5               	clrf	print@i+1
   665     061B  2E3D               	goto	l949
   666     061C                     l51:
   667                           
   668                           ;motor_countr0.c: 46:     {;motor_countr0.c: 47:         RE0=0;
   669     061C  1283               	bcf	3,5	;RP0=0, select bank0
   670     061D  1303               	bcf	3,6	;RP1=0, select bank0
   671     061E  1009               	bcf	9,0	;volatile
   672     061F                     l937:
   673                           
   674                           ;motor_countr0.c: 48:         PORTD=0x80+i;
   675     061F  0874               	movf	print@i,w
   676     0620  3E80               	addlw	128
   677     0621  0088               	movwf	8	;volatile
   678     0622                     l939:
   679                           
   680                           ;motor_countr0.c: 49:         enable();
   681     0622  120A  118A  25F5  120A  118A  	fcall	_enable
   682     0627                     l941:
   683                           
   684                           ;motor_countr0.c: 50:         RE0=1;
   685     0627  1283               	bcf	3,5	;RP0=0, select bank0
   686     0628  1303               	bcf	3,6	;RP1=0, select bank0
   687     0629  1409               	bsf	9,0	;volatile
   688     062A                     l943:
   689                           
   690                           ;motor_countr0.c: 51:         PORTD=*(ptr+i);
   691     062A  0874               	movf	print@i,w
   692     062B  0773               	addwf	print@ptr,w
   693     062C  00F2               	movwf	??_print
   694     062D  0872               	movf	??_print,w
   695     062E  0084               	movwf	4
   696     062F  1383               	bcf	3,7	;select IRP bank0
   697     0630  0800               	movf	0,w
   698     0631  0088               	movwf	8	;volatile
   699     0632                     l945:
   700                           
   701                           ;motor_countr0.c: 52:         enable();
   702     0632  120A  118A  25F5  120A  118A  	fcall	_enable
   703     0637                     l947:
   704                           
   705                           ;motor_countr0.c: 53:     }
   706     0637  3001               	movlw	1
   707     0638  07F4               	addwf	print@i,f
   708     0639  1803               	skipnc
   709     063A  0AF5               	incf	print@i+1,f
   710     063B  3000               	movlw	0
   711     063C  07F5               	addwf	print@i+1,f
   712     063D                     l949:
   713     063D  0874               	movf	print@i,w
   714     063E  0773               	addwf	print@ptr,w
   715     063F  00F2               	movwf	??_print
   716     0640  0872               	movf	??_print,w
   717     0641  0084               	movwf	4
   718     0642  1383               	bcf	3,7	;select IRP bank0
   719     0643  0800               	movf	0,w
   720     0644  1D03               	btfss	3,2
   721     0645  2E47               	goto	u481
   722     0646  2E48               	goto	u480
   723     0647                     u481:
   724     0647  2E1C               	goto	l51
   725     0648                     u480:
   726     0648                     l53:
   727     0648  0008               	return
   728     0649                     __end_of_print:
   729                           
   730                           	psect	text2
   731     05F5                     __ptext2:	
   732 ;; *************** function _enable *****************
   733 ;; Defined at:
   734 ;;		line 31 in file "motor_countr0.c"
   735 ;; Parameters:    Size  Location     Type
   736 ;;		None
   737 ;; Auto vars:     Size  Location     Type
   738 ;;		None
   739 ;; Return value:  Size  Location     Type
   740 ;;                  1    wreg      void 
   741 ;; Registers used:
   742 ;;		wreg, status,2, status,0, pclath, cstack
   743 ;; Tracked objects:
   744 ;;		On entry : 0/0
   745 ;;		On exit  : 0/0
   746 ;;		Unchanged: 0/0
   747 ;; Data sizes:     COMMON   BANK0   BANK1   BANK3   BANK2
   748 ;;      Params:         0       0       0       0       0
   749 ;;      Locals:         0       0       0       0       0
   750 ;;      Temps:          0       0       0       0       0
   751 ;;      Totals:         0       0       0       0       0
   752 ;;Total ram usage:        0 bytes
   753 ;; Hardware stack levels used: 1
   754 ;; Hardware stack levels required when called: 1
   755 ;; This function calls:
   756 ;;		_delay
   757 ;; This function is called by:
   758 ;;		_print
   759 ;;		_main
   760 ;; This function uses a non-reentrant model
   761 ;;
   762                           
   763     05F5                     _enable:	
   764                           ;psect for function _enable
   765                           
   766     05F5                     l839:	
   767                           ;incstack = 0
   768                           ; Regs used in _enable: [wreg+status,2+status,0+pclath+cstack]
   769                           
   770                           
   771                           ;motor_countr0.c: 33:     RE1=1;
   772     05F5  1283               	bcf	3,5	;RP0=0, select bank0
   773     05F6  1303               	bcf	3,6	;RP1=0, select bank0
   774     05F7  1489               	bsf	9,1	;volatile
   775     05F8                     l841:
   776                           
   777                           ;motor_countr0.c: 34:     delay(100);
   778     05F8  3064               	movlw	100
   779     05F9  00F0               	movwf	delay@t
   780     05FA  3000               	movlw	0
   781     05FB  00F1               	movwf	delay@t+1
   782     05FC  120A  118A  25E6  120A  118A  	fcall	_delay
   783     0601                     l843:
   784                           
   785                           ;motor_countr0.c: 35:     RE1=0;
   786     0601  1283               	bcf	3,5	;RP0=0, select bank0
   787     0602  1303               	bcf	3,6	;RP1=0, select bank0
   788     0603  1089               	bcf	9,1	;volatile
   789                           
   790                           ;motor_countr0.c: 36:     delay(100);
   791     0604  3064               	movlw	100
   792     0605  00F0               	movwf	delay@t
   793     0606  3000               	movlw	0
   794     0607  00F1               	movwf	delay@t+1
   795     0608  120A  118A  25E6  120A  118A  	fcall	_delay
   796     060D                     l47:
   797     060D  0008               	return
   798     060E                     __end_of_enable:
   799                           
   800                           	psect	text3
   801     05E6                     __ptext3:	
   802 ;; *************** function _delay *****************
   803 ;; Defined at:
   804 ;;		line 26 in file "motor_countr0.c"
   805 ;; Parameters:    Size  Location     Type
   806 ;;  t               2    0[COMMON] int 
   807 ;; Auto vars:     Size  Location     Type
   808 ;;		None
   809 ;; Return value:  Size  Location     Type
   810 ;;                  1    wreg      void 
   811 ;; Registers used:
   812 ;;		wreg, status,2, status,0
   813 ;; Tracked objects:
   814 ;;		On entry : 0/0
   815 ;;		On exit  : 0/0
   816 ;;		Unchanged: 0/0
   817 ;; Data sizes:     COMMON   BANK0   BANK1   BANK3   BANK2
   818 ;;      Params:         2       0       0       0       0
   819 ;;      Locals:         0       0       0       0       0
   820 ;;      Temps:          0       0       0       0       0
   821 ;;      Totals:         2       0       0       0       0
   822 ;;Total ram usage:        2 bytes
   823 ;; Hardware stack levels used: 1
   824 ;; This function calls:
   825 ;;		Nothing
   826 ;; This function is called by:
   827 ;;		_enable
   828 ;; This function uses a non-reentrant model
   829 ;;
   830                           
   831     05E6                     _delay:	
   832                           ;psect for function _delay
   833                           
   834     05E6                     l835:	
   835                           ;incstack = 0
   836                           ; Regs used in _delay: [wreg+status,2+status,0]
   837                           
   838     05E6                     l837:	
   839                           ;motor_countr0.c: 26: void delay(int t);motor_countr0.c: 27: {;motor_countr0.c: 28:     
      +                          while(t--);
   840                           
   841     05E6  30FF               	movlw	255
   842     05E7  07F0               	addwf	delay@t,f
   843     05E8  1803               	skipnc
   844     05E9  0AF1               	incf	delay@t+1,f
   845     05EA  30FF               	movlw	255
   846     05EB  07F1               	addwf	delay@t+1,f
   847     05EC  0A70               	incf	delay@t,w
   848     05ED  1D03               	skipz
   849     05EE  2DF3               	goto	u281
   850     05EF  0A71               	incf	delay@t+1,w
   851     05F0  1D03               	btfss	3,2
   852     05F1  2DF3               	goto	u281
   853     05F2  2DF4               	goto	u280
   854     05F3                     u281:
   855     05F3  2DE6               	goto	l837
   856     05F4                     u280:
   857     05F4                     l44:
   858     05F4  0008               	return
   859     05F5                     __end_of_delay:
   860                           
   861                           	psect	text4
   862     0649                     __ptext4:	
   863 ;; *************** function _count_display *****************
   864 ;; Defined at:
   865 ;;		line 57 in file "motor_countr0.c"
   866 ;; Parameters:    Size  Location     Type
   867 ;;		None
   868 ;; Auto vars:     Size  Location     Type
   869 ;;  k               2   11[COMMON] int 
   870 ;;  j               2    9[COMMON] int 
   871 ;; Return value:  Size  Location     Type
   872 ;;                  1    wreg      void 
   873 ;; Registers used:
   874 ;;		wreg, status,2, status,0, pclath, cstack
   875 ;; Tracked objects:
   876 ;;		On entry : 0/0
   877 ;;		On exit  : 0/0
   878 ;;		Unchanged: 0/0
   879 ;; Data sizes:     COMMON   BANK0   BANK1   BANK3   BANK2
   880 ;;      Params:         0       0       0       0       0
   881 ;;      Locals:         4       0       0       0       0
   882 ;;      Temps:          0       0       0       0       0
   883 ;;      Totals:         4       0       0       0       0
   884 ;;Total ram usage:        4 bytes
   885 ;; Hardware stack levels used: 1
   886 ;; Hardware stack levels required when called: 1
   887 ;; This function calls:
   888 ;;		___awdiv
   889 ;;		___awmod
   890 ;; This function is called by:
   891 ;;		_main
   892 ;; This function uses a non-reentrant model
   893 ;;
   894                           
   895     0649                     _count_display:	
   896                           ;psect for function _count_display
   897                           
   898     0649                     l951:	
   899                           ;incstack = 0
   900                           ; Regs used in _count_display: [wreg+status,2+status,0+pclath+cstack]
   901                           
   902                           
   903                           ;motor_countr0.c: 59:     int j=0,k=0;
   904     0649  01F9               	clrf	count_display@j
   905     064A  01FA               	clrf	count_display@j+1
   906                           
   907                           ;motor_countr0.c: 60:     for(j=0;j!=(count%10);)
   908     064B  01F9               	clrf	count_display@j
   909     064C  01FA               	clrf	count_display@j+1
   910     064D  2E54               	goto	l955
   911     064E                     l953:
   912                           
   913                           ;motor_countr0.c: 61:     {;motor_countr0.c: 62:         j++;
   914     064E  3001               	movlw	1
   915     064F  07F9               	addwf	count_display@j,f
   916     0650  1803               	skipnc
   917     0651  0AFA               	incf	count_display@j+1,f
   918     0652  3000               	movlw	0
   919     0653  07FA               	addwf	count_display@j+1,f
   920     0654                     l955:
   921     0654  300A               	movlw	10
   922     0655  00F0               	movwf	___awmod@divisor
   923     0656  3000               	movlw	0
   924     0657  00F1               	movwf	___awmod@divisor+1
   925     0658  1283               	bcf	3,5	;RP0=0, select bank0
   926     0659  1303               	bcf	3,6	;RP1=0, select bank0
   927     065A  0821               	movf	_count+1,w
   928     065B  00F3               	movwf	___awmod@dividend+1
   929     065C  0820               	movf	_count,w
   930     065D  00F2               	movwf	___awmod@dividend
   931     065E  120A  118A  2698  120A  118A  	fcall	___awmod
   932     0663  087A               	movf	count_display@j+1,w
   933     0664  0671               	xorwf	?___awmod+1,w
   934     0665  1D03               	skipz
   935     0666  2E69               	goto	u495
   936     0667  0879               	movf	count_display@j,w
   937     0668  0670               	xorwf	?___awmod,w
   938     0669                     u495:
   939     0669  1D03               	skipz
   940     066A  2E6C               	goto	u491
   941     066B  2E6D               	goto	u490
   942     066C                     u491:
   943     066C  2E4E               	goto	l953
   944     066D                     u490:
   945     066D                     l957:
   946                           
   947                           ;motor_countr0.c: 64:     for(k=0;k!=(count/10);)
   948     066D  01FB               	clrf	count_display@k
   949     066E  01FC               	clrf	count_display@k+1
   950     066F  2E76               	goto	l961
   951     0670                     l959:
   952                           
   953                           ;motor_countr0.c: 65:     {;motor_countr0.c: 66:         k++;
   954     0670  3001               	movlw	1
   955     0671  07FB               	addwf	count_display@k,f
   956     0672  1803               	skipnc
   957     0673  0AFC               	incf	count_display@k+1,f
   958     0674  3000               	movlw	0
   959     0675  07FC               	addwf	count_display@k+1,f
   960     0676                     l961:
   961     0676  300A               	movlw	10
   962     0677  00F0               	movwf	___awdiv@divisor
   963     0678  3000               	movlw	0
   964     0679  00F1               	movwf	___awdiv@divisor+1
   965     067A  1283               	bcf	3,5	;RP0=0, select bank0
   966     067B  1303               	bcf	3,6	;RP1=0, select bank0
   967     067C  0821               	movf	_count+1,w
   968     067D  00F3               	movwf	___awdiv@dividend+1
   969     067E  0820               	movf	_count,w
   970     067F  00F2               	movwf	___awdiv@dividend
   971     0680  120A  118A  26F1  120A  118A  	fcall	___awdiv
   972     0685  087C               	movf	count_display@k+1,w
   973     0686  0671               	xorwf	?___awdiv+1,w
   974     0687  1D03               	skipz
   975     0688  2E8B               	goto	u505
   976     0689  087B               	movf	count_display@k,w
   977     068A  0670               	xorwf	?___awdiv,w
   978     068B                     u505:
   979     068B  1D03               	skipz
   980     068C  2E8E               	goto	u501
   981     068D  2E8F               	goto	u500
   982     068E                     u501:
   983     068E  2E70               	goto	l959
   984     068F                     u500:
   985     068F                     l963:
   986                           
   987                           ;motor_countr0.c: 68:     display[0]=(char)(48+k);
   988     068F  087B               	movf	count_display@k,w
   989     0690  3E30               	addlw	48
   990     0691  1283               	bcf	3,5	;RP0=0, select bank0
   991     0692  1303               	bcf	3,6	;RP1=0, select bank0
   992     0693  00A4               	movwf	_display
   993                           
   994                           ;motor_countr0.c: 69:     display[1]=(char)(48+j);
   995     0694  0879               	movf	count_display@j,w
   996     0695  3E30               	addlw	48
   997     0696  00A5               	movwf	_display+1
   998     0697                     l62:
   999     0697  0008               	return
  1000     0698                     __end_of_count_display:
  1001                           
  1002                           	psect	text5
  1003     0698                     __ptext5:	
  1004 ;; *************** function ___awmod *****************
  1005 ;; Defined at:
  1006 ;;		line 5 in file "C:\Program Files\Microchip\xc8\v2.40\pic\sources\c90\common\awmod.c"
  1007 ;; Parameters:    Size  Location     Type
  1008 ;;  divisor         2    0[COMMON] int 
  1009 ;;  dividend        2    2[COMMON] int 
  1010 ;; Auto vars:     Size  Location     Type
  1011 ;;  sign            1    6[COMMON] unsigned char 
  1012 ;;  counter         1    5[COMMON] unsigned char 
  1013 ;; Return value:  Size  Location     Type
  1014 ;;                  2    0[COMMON] int 
  1015 ;; Registers used:
  1016 ;;		wreg, status,2, status,0
  1017 ;; Tracked objects:
  1018 ;;		On entry : 0/0
  1019 ;;		On exit  : 0/0
  1020 ;;		Unchanged: 0/0
  1021 ;; Data sizes:     COMMON   BANK0   BANK1   BANK3   BANK2
  1022 ;;      Params:         4       0       0       0       0
  1023 ;;      Locals:         2       0       0       0       0
  1024 ;;      Temps:          1       0       0       0       0
  1025 ;;      Totals:         7       0       0       0       0
  1026 ;;Total ram usage:        7 bytes
  1027 ;; Hardware stack levels used: 1
  1028 ;; This function calls:
  1029 ;;		Nothing
  1030 ;; This function is called by:
  1031 ;;		_count_display
  1032 ;;		_main
  1033 ;; This function uses a non-reentrant model
  1034 ;;
  1035                           
  1036     0698                     ___awmod:	
  1037                           ;psect for function ___awmod
  1038                           
  1039     0698                     l889:	
  1040                           ;incstack = 0
  1041                           ; Regs used in ___awmod: [wreg+status,2+status,0]
  1042                           
  1043     0698  01F6               	clrf	___awmod@sign
  1044     0699                     l891:
  1045     0699  1FF3               	btfss	___awmod@dividend+1,7
  1046     069A  2E9C               	goto	u391
  1047     069B  2E9D               	goto	u390
  1048     069C                     u391:
  1049     069C  2EA4               	goto	l897
  1050     069D                     u390:
  1051     069D                     l893:
  1052     069D  09F2               	comf	___awmod@dividend,f
  1053     069E  09F3               	comf	___awmod@dividend+1,f
  1054     069F  0AF2               	incf	___awmod@dividend,f
  1055     06A0  1903               	skipnz
  1056     06A1  0AF3               	incf	___awmod@dividend+1,f
  1057     06A2                     l895:
  1058     06A2  01F6               	clrf	___awmod@sign
  1059     06A3  0AF6               	incf	___awmod@sign,f
  1060     06A4                     l897:
  1061     06A4  1FF1               	btfss	___awmod@divisor+1,7
  1062     06A5  2EA7               	goto	u401
  1063     06A6  2EA8               	goto	u400
  1064     06A7                     u401:
  1065     06A7  2EAD               	goto	l901
  1066     06A8                     u400:
  1067     06A8                     l899:
  1068     06A8  09F0               	comf	___awmod@divisor,f
  1069     06A9  09F1               	comf	___awmod@divisor+1,f
  1070     06AA  0AF0               	incf	___awmod@divisor,f
  1071     06AB  1903               	skipnz
  1072     06AC  0AF1               	incf	___awmod@divisor+1,f
  1073     06AD                     l901:
  1074     06AD  0870               	movf	___awmod@divisor,w
  1075     06AE  0471               	iorwf	___awmod@divisor+1,w
  1076     06AF  1903               	btfsc	3,2
  1077     06B0  2EB2               	goto	u411
  1078     06B1  2EB3               	goto	u410
  1079     06B2                     u411:
  1080     06B2  2EE2               	goto	l919
  1081     06B3                     u410:
  1082     06B3                     l903:
  1083     06B3  01F5               	clrf	___awmod@counter
  1084     06B4  0AF5               	incf	___awmod@counter,f
  1085     06B5  2EC1               	goto	l909
  1086     06B6                     l905:
  1087     06B6  3001               	movlw	1
  1088     06B7                     u425:
  1089     06B7  1003               	clrc
  1090     06B8  0DF0               	rlf	___awmod@divisor,f
  1091     06B9  0DF1               	rlf	___awmod@divisor+1,f
  1092     06BA  3EFF               	addlw	-1
  1093     06BB  1D03               	skipz
  1094     06BC  2EB7               	goto	u425
  1095     06BD                     l907:
  1096     06BD  3001               	movlw	1
  1097     06BE  00F4               	movwf	??___awmod
  1098     06BF  0874               	movf	??___awmod,w
  1099     06C0  07F5               	addwf	___awmod@counter,f
  1100     06C1                     l909:
  1101     06C1  1FF1               	btfss	___awmod@divisor+1,7
  1102     06C2  2EC4               	goto	u431
  1103     06C3  2EC5               	goto	u430
  1104     06C4                     u431:
  1105     06C4  2EB6               	goto	l905
  1106     06C5                     u430:
  1107     06C5                     l911:
  1108     06C5  0871               	movf	___awmod@divisor+1,w
  1109     06C6  0273               	subwf	___awmod@dividend+1,w
  1110     06C7  1D03               	skipz
  1111     06C8  2ECB               	goto	u445
  1112     06C9  0870               	movf	___awmod@divisor,w
  1113     06CA  0272               	subwf	___awmod@dividend,w
  1114     06CB                     u445:
  1115     06CB  1C03               	skipc
  1116     06CC  2ECE               	goto	u441
  1117     06CD  2ECF               	goto	u440
  1118     06CE                     u441:
  1119     06CE  2ED5               	goto	l915
  1120     06CF                     u440:
  1121     06CF                     l913:
  1122     06CF  0870               	movf	___awmod@divisor,w
  1123     06D0  02F2               	subwf	___awmod@dividend,f
  1124     06D1  0871               	movf	___awmod@divisor+1,w
  1125     06D2  1C03               	skipc
  1126     06D3  03F3               	decf	___awmod@dividend+1,f
  1127     06D4  02F3               	subwf	___awmod@dividend+1,f
  1128     06D5                     l915:
  1129     06D5  3001               	movlw	1
  1130     06D6                     u455:
  1131     06D6  1003               	clrc
  1132     06D7  0CF1               	rrf	___awmod@divisor+1,f
  1133     06D8  0CF0               	rrf	___awmod@divisor,f
  1134     06D9  3EFF               	addlw	-1
  1135     06DA  1D03               	skipz
  1136     06DB  2ED6               	goto	u455
  1137     06DC                     l917:
  1138     06DC  3001               	movlw	1
  1139     06DD  02F5               	subwf	___awmod@counter,f
  1140     06DE  1D03               	btfss	3,2
  1141     06DF  2EE1               	goto	u461
  1142     06E0  2EE2               	goto	u460
  1143     06E1                     u461:
  1144     06E1  2EC5               	goto	l911
  1145     06E2                     u460:
  1146     06E2                     l919:
  1147     06E2  0876               	movf	___awmod@sign,w
  1148     06E3  1903               	btfsc	3,2
  1149     06E4  2EE6               	goto	u471
  1150     06E5  2EE7               	goto	u470
  1151     06E6                     u471:
  1152     06E6  2EEC               	goto	l923
  1153     06E7                     u470:
  1154     06E7                     l921:
  1155     06E7  09F2               	comf	___awmod@dividend,f
  1156     06E8  09F3               	comf	___awmod@dividend+1,f
  1157     06E9  0AF2               	incf	___awmod@dividend,f
  1158     06EA  1903               	skipnz
  1159     06EB  0AF3               	incf	___awmod@dividend+1,f
  1160     06EC                     l923:
  1161     06EC  0873               	movf	___awmod@dividend+1,w
  1162     06ED  00F1               	movwf	?___awmod+1
  1163     06EE  0872               	movf	___awmod@dividend,w
  1164     06EF  00F0               	movwf	?___awmod
  1165     06F0                     l329:
  1166     06F0  0008               	return
  1167     06F1                     __end_of___awmod:
  1168                           
  1169                           	psect	text6
  1170     06F1                     __ptext6:	
  1171 ;; *************** function ___awdiv *****************
  1172 ;; Defined at:
  1173 ;;		line 5 in file "C:\Program Files\Microchip\xc8\v2.40\pic\sources\c90\common\awdiv.c"
  1174 ;; Parameters:    Size  Location     Type
  1175 ;;  divisor         2    0[COMMON] int 
  1176 ;;  dividend        2    2[COMMON] int 
  1177 ;; Auto vars:     Size  Location     Type
  1178 ;;  quotient        2    7[COMMON] int 
  1179 ;;  sign            1    6[COMMON] unsigned char 
  1180 ;;  counter         1    5[COMMON] unsigned char 
  1181 ;; Return value:  Size  Location     Type
  1182 ;;                  2    0[COMMON] int 
  1183 ;; Registers used:
  1184 ;;		wreg, status,2, status,0
  1185 ;; Tracked objects:
  1186 ;;		On entry : 0/0
  1187 ;;		On exit  : 0/0
  1188 ;;		Unchanged: 0/0
  1189 ;; Data sizes:     COMMON   BANK0   BANK1   BANK3   BANK2
  1190 ;;      Params:         4       0       0       0       0
  1191 ;;      Locals:         4       0       0       0       0
  1192 ;;      Temps:          1       0       0       0       0
  1193 ;;      Totals:         9       0       0       0       0
  1194 ;;Total ram usage:        9 bytes
  1195 ;; Hardware stack levels used: 1
  1196 ;; This function calls:
  1197 ;;		Nothing
  1198 ;; This function is called by:
  1199 ;;		_count_display
  1200 ;; This function uses a non-reentrant model
  1201 ;;
  1202                           
  1203     06F1                     ___awdiv:	
  1204                           ;psect for function ___awdiv
  1205                           
  1206     06F1                     l845:	
  1207                           ;incstack = 0
  1208                           ; Regs used in ___awdiv: [wreg+status,2+status,0]
  1209                           
  1210     06F1  01F6               	clrf	___awdiv@sign
  1211     06F2                     l847:
  1212     06F2  1FF1               	btfss	___awdiv@divisor+1,7
  1213     06F3  2EF5               	goto	u291
  1214     06F4  2EF6               	goto	u290
  1215     06F5                     u291:
  1216     06F5  2EFD               	goto	l853
  1217     06F6                     u290:
  1218     06F6                     l849:
  1219     06F6  09F0               	comf	___awdiv@divisor,f
  1220     06F7  09F1               	comf	___awdiv@divisor+1,f
  1221     06F8  0AF0               	incf	___awdiv@divisor,f
  1222     06F9  1903               	skipnz
  1223     06FA  0AF1               	incf	___awdiv@divisor+1,f
  1224     06FB                     l851:
  1225     06FB  01F6               	clrf	___awdiv@sign
  1226     06FC  0AF6               	incf	___awdiv@sign,f
  1227     06FD                     l853:
  1228     06FD  1FF3               	btfss	___awdiv@dividend+1,7
  1229     06FE  2F00               	goto	u301
  1230     06FF  2F01               	goto	u300
  1231     0700                     u301:
  1232     0700  2F0A               	goto	l859
  1233     0701                     u300:
  1234     0701                     l855:
  1235     0701  09F2               	comf	___awdiv@dividend,f
  1236     0702  09F3               	comf	___awdiv@dividend+1,f
  1237     0703  0AF2               	incf	___awdiv@dividend,f
  1238     0704  1903               	skipnz
  1239     0705  0AF3               	incf	___awdiv@dividend+1,f
  1240     0706                     l857:
  1241     0706  3001               	movlw	1
  1242     0707  00F4               	movwf	??___awdiv
  1243     0708  0874               	movf	??___awdiv,w
  1244     0709  06F6               	xorwf	___awdiv@sign,f
  1245     070A                     l859:
  1246     070A  01F7               	clrf	___awdiv@quotient
  1247     070B  01F8               	clrf	___awdiv@quotient+1
  1248     070C                     l861:
  1249     070C  0870               	movf	___awdiv@divisor,w
  1250     070D  0471               	iorwf	___awdiv@divisor+1,w
  1251     070E  1903               	btfsc	3,2
  1252     070F  2F11               	goto	u311
  1253     0710  2F12               	goto	u310
  1254     0711                     u311:
  1255     0711  2F49               	goto	l881
  1256     0712                     u310:
  1257     0712                     l863:
  1258     0712  01F5               	clrf	___awdiv@counter
  1259     0713  0AF5               	incf	___awdiv@counter,f
  1260     0714  2F20               	goto	l869
  1261     0715                     l865:
  1262     0715  3001               	movlw	1
  1263     0716                     u325:
  1264     0716  1003               	clrc
  1265     0717  0DF0               	rlf	___awdiv@divisor,f
  1266     0718  0DF1               	rlf	___awdiv@divisor+1,f
  1267     0719  3EFF               	addlw	-1
  1268     071A  1D03               	skipz
  1269     071B  2F16               	goto	u325
  1270     071C                     l867:
  1271     071C  3001               	movlw	1
  1272     071D  00F4               	movwf	??___awdiv
  1273     071E  0874               	movf	??___awdiv,w
  1274     071F  07F5               	addwf	___awdiv@counter,f
  1275     0720                     l869:
  1276     0720  1FF1               	btfss	___awdiv@divisor+1,7
  1277     0721  2F23               	goto	u331
  1278     0722  2F24               	goto	u330
  1279     0723                     u331:
  1280     0723  2F15               	goto	l865
  1281     0724                     u330:
  1282     0724                     l871:
  1283     0724  3001               	movlw	1
  1284     0725                     u345:
  1285     0725  1003               	clrc
  1286     0726  0DF7               	rlf	___awdiv@quotient,f
  1287     0727  0DF8               	rlf	___awdiv@quotient+1,f
  1288     0728  3EFF               	addlw	-1
  1289     0729  1D03               	skipz
  1290     072A  2F25               	goto	u345
  1291     072B  0871               	movf	___awdiv@divisor+1,w
  1292     072C  0273               	subwf	___awdiv@dividend+1,w
  1293     072D  1D03               	skipz
  1294     072E  2F31               	goto	u355
  1295     072F  0870               	movf	___awdiv@divisor,w
  1296     0730  0272               	subwf	___awdiv@dividend,w
  1297     0731                     u355:
  1298     0731  1C03               	skipc
  1299     0732  2F34               	goto	u351
  1300     0733  2F35               	goto	u350
  1301     0734                     u351:
  1302     0734  2F3C               	goto	l877
  1303     0735                     u350:
  1304     0735                     l873:
  1305     0735  0870               	movf	___awdiv@divisor,w
  1306     0736  02F2               	subwf	___awdiv@dividend,f
  1307     0737  0871               	movf	___awdiv@divisor+1,w
  1308     0738  1C03               	skipc
  1309     0739  03F3               	decf	___awdiv@dividend+1,f
  1310     073A  02F3               	subwf	___awdiv@dividend+1,f
  1311     073B                     l875:
  1312     073B  1477               	bsf	___awdiv@quotient,0
  1313     073C                     l877:
  1314     073C  3001               	movlw	1
  1315     073D                     u365:
  1316     073D  1003               	clrc
  1317     073E  0CF1               	rrf	___awdiv@divisor+1,f
  1318     073F  0CF0               	rrf	___awdiv@divisor,f
  1319     0740  3EFF               	addlw	-1
  1320     0741  1D03               	skipz
  1321     0742  2F3D               	goto	u365
  1322     0743                     l879:
  1323     0743  3001               	movlw	1
  1324     0744  02F5               	subwf	___awdiv@counter,f
  1325     0745  1D03               	btfss	3,2
  1326     0746  2F48               	goto	u371
  1327     0747  2F49               	goto	u370
  1328     0748                     u371:
  1329     0748  2F24               	goto	l871
  1330     0749                     u370:
  1331     0749                     l881:
  1332     0749  0876               	movf	___awdiv@sign,w
  1333     074A  1903               	btfsc	3,2
  1334     074B  2F4D               	goto	u381
  1335     074C  2F4E               	goto	u380
  1336     074D                     u381:
  1337     074D  2F53               	goto	l885
  1338     074E                     u380:
  1339     074E                     l883:
  1340     074E  09F7               	comf	___awdiv@quotient,f
  1341     074F  09F8               	comf	___awdiv@quotient+1,f
  1342     0750  0AF7               	incf	___awdiv@quotient,f
  1343     0751  1903               	skipnz
  1344     0752  0AF8               	incf	___awdiv@quotient+1,f
  1345     0753                     l885:
  1346     0753  0878               	movf	___awdiv@quotient+1,w
  1347     0754  00F1               	movwf	?___awdiv+1
  1348     0755  0877               	movf	___awdiv@quotient,w
  1349     0756  00F0               	movwf	?___awdiv
  1350     0757                     l316:
  1351     0757  0008               	return
  1352     0758                     __end_of___awdiv:
  1353     007E                     btemp	set	126	;btemp
  1354     007E                     wtemp0	set	126
  1355                           
  1356                           	psect	idloc
  1357                           
  1358                           ;Config register IDLOC0 @ 0x2000
  1359                           ;	unspecified, using default values
  1360     2000                     	org	8192
  1361     2000  3FFF               	dw	16383
  1362                           
  1363                           ;Config register IDLOC1 @ 0x2001
  1364                           ;	unspecified, using default values
  1365     2001                     	org	8193
  1366     2001  3FFF               	dw	16383
  1367                           
  1368                           ;Config register IDLOC2 @ 0x2002
  1369                           ;	unspecified, using default values
  1370     2002                     	org	8194
  1371     2002  3FFF               	dw	16383
  1372                           
  1373                           ;Config register IDLOC3 @ 0x2003
  1374                           ;	unspecified, using default values
  1375     2003                     	org	8195
  1376     2003  3FFF               	dw	16383
  1377                           
  1378                           	psect	config
  1379                           
  1380                           ;Config register CONFIG1 @ 0x2007
  1381                           ;	Oscillator Selection bits
  1382                           ;	FOSC = INTRC_NOCLKOUT, INTOSCIO oscillator: I/O function on RA6/OSC2/CLKOUT pin, I/O f
      +                          unction on RA7/OSC1/CLKIN
  1383                           ;	Watchdog Timer Enable bit
  1384                           ;	WDTE = OFF, WDT disabled and can be enabled by SWDTEN bit of the WDTCON register
  1385                           ;	Power-up Timer Enable bit
  1386                           ;	PWRTE = ON, PWRT enabled
  1387                           ;	RE3/MCLR pin function select bit
  1388                           ;	MCLRE = ON, RE3/MCLR pin function is MCLR
  1389                           ;	Code Protection bit
  1390                           ;	CP = OFF, Program memory code protection is disabled
  1391                           ;	Data Code Protection bit
  1392                           ;	CPD = OFF, Data memory code protection is disabled
  1393                           ;	Brown Out Reset Selection bits
  1394                           ;	BOREN = OFF, BOR disabled
  1395                           ;	Internal External Switchover bit
  1396                           ;	IESO = ON, Internal/External Switchover mode is enabled
  1397                           ;	Fail-Safe Clock Monitor Enabled bit
  1398                           ;	FCMEN = ON, Fail-Safe Clock Monitor is enabled
  1399                           ;	Low Voltage Programming Enable bit
  1400                           ;	LVP = OFF, RB3 pin has digital I/O, HV on MCLR must be used for programming
  1401                           ;	In-Circuit Debugger Mode bit
  1402                           ;	DEBUG = 0x1, unprogrammed default
  1403     2007                     	org	8199
  1404     2007  2CE4               	dw	11492
  1405                           
  1406                           ;Config register CONFIG2 @ 0x2008
  1407                           ;	Brown-out Reset Selection bit
  1408                           ;	BOR4V = BOR40V, Brown-out Reset set to 4.0V
  1409                           ;	Flash Program Memory Self Write Enable bits
  1410                           ;	WRT = OFF, Write protection off
  1411     2008                     	org	8200
  1412     2008  3FFF               	dw	16383

Data Sizes:
    Strings     0
    Constant    0
    Data        3
    BSS         4
    Persistent  0
    Stack       0

Auto Spaces:
    Space          Size  Autos    Used
    COMMON           14     13      13
    BANK0            80      2       9
    BANK1            80      0       0
    BANK3            96      0       0
    BANK2            96      0       0

Pointer List with Targets:

    print@ptr	PTR unsigned char  size(1) Largest target is 3
		 -> display(BANK0[3]), 


Critical Paths under _main in COMMON

    _main->_count_display
    _enable->_delay
    _count_display->___awdiv

Critical Paths under _main in BANK0

    None.

Critical Paths under _main in BANK1

    None.

Critical Paths under _main in BANK3

    None.

Critical Paths under _main in BANK2

    None.

Call Graph Tables:

 ---------------------------------------------------------------------------------
 (Depth) Function   	        Calls       Base Space   Used Autos Params    Refs
 ---------------------------------------------------------------------------------
 (0) _main                                                 2     2      0    2577
                                              0 BANK0      2     2      0
                            ___awmod
                      _count_display
                             _enable
                              _print
 ---------------------------------------------------------------------------------
 (1) _print                                                4     4      0     353
                                              2 COMMON     4     4      0
                             _enable
 ---------------------------------------------------------------------------------
 (2) _enable                                               0     0      0     174
                              _delay
 ---------------------------------------------------------------------------------
 (3) _delay                                                2     0      2     174
                                              0 COMMON     2     0      2
 ---------------------------------------------------------------------------------
 (1) _count_display                                        4     4      0    1298
                                              9 COMMON     4     4      0
                            ___awdiv
                            ___awmod
 ---------------------------------------------------------------------------------
 (2) ___awmod                                              7     3      4     752
                                              0 COMMON     7     3      4
 ---------------------------------------------------------------------------------
 (2) ___awdiv                                              9     5      4     452
                                              0 COMMON     9     5      4
 ---------------------------------------------------------------------------------
 Estimated maximum stack depth 3
 ---------------------------------------------------------------------------------

 Call Graph Graphs:

 _main (ROOT)
   ___awmod
   _count_display
     ___awdiv
     ___awmod
   _enable
     _delay
   _print
     _enable

 Address spaces:
Name               Size   Autos  Total    Cost      Usage
BANK3               60      0       0       9        0.0%
BITBANK3            60      0       0       8        0.0%
SFR3                 0      0       0       4        0.0%
BITSFR3              0      0       0       4        0.0%
BANK2               60      0       0      11        0.0%
BITBANK2            60      0       0      10        0.0%
SFR2                 0      0       0       5        0.0%
BITSFR2              0      0       0       5        0.0%
BANK1               50      0       0       7        0.0%
BITBANK1            50      0       0       6        0.0%
SFR1                 0      0       0       2        0.0%
BITSFR1              0      0       0       2        0.0%
BANK0               50      2       9       5       11.2%
BITBANK0            50      0       0       4        0.0%
SFR0                 0      0       0       1        0.0%
BITSFR0              0      0       0       1        0.0%
COMMON               E      D       D       1       92.9%
BITCOMMON            E      0       0       0        0.0%
CODE                 0      0       0       0        0.0%
DATA                 0      0      16      12        0.0%
ABS                  0      0      16       3        0.0%
NULL                 0      0       0       0        0.0%
STACK                0      0       0       2        0.0%
EEDATA             100      0       0       0        0.0%


Microchip Technology PIC Macro Assembler V2.40 build 20220703182018 
Symbol Table                                                                                   Tue May 27 13:01:41 2025

                     l51 061C                       l44 05F4                       l53 0648  
                     l62 0697                       l47 060D                       l72 07DC  
           ___awdiv@sign 0076                      l316 0757                      l329 06F0  
                    l901 06AD                      l911 06C5                      l903 06B3  
                    l921 06E7                      l913 06CF                      l905 06B6  
                    l841 05F8                      l851 06FB                      l923 06EC  
                    l915 06D5                      l907 06BD                      l835 05E6  
                    l843 0601                      l931 0614                      l861 070C  
                    l853 06FD                      l845 06F1                      l917 06DC  
                    l909 06C1                      l837 05E6                      l941 0627  
                    l933 0619                      l871 0724                      l863 0712  
                    l855 0701                      l847 06F2                      l919 06E2  
                    l951 0649                      l839 05F5                      l943 062A  
                    l935 0619                      l927 060F                      l873 0735  
                    l865 0715                      l881 0749                      l857 0706  
                    l849 06F6                      l961 0676                      l953 064E  
                    l945 0632                      l937 061F                      l929 0612  
                    l883 074E                      l875 073B                      l867 071C  
                    l859 070A                      l891 0699                      l963 068F  
                    l955 0654                      l947 0637                      l939 0622  
                    l971 0779                      l885 0753                      l877 073C  
                    l869 0720                      l893 069D                      l957 066D  
                    l949 063D                      l981 0788                      l973 077C  
                    l965 0758                      l879 0743                      l895 06A2  
                    l959 0670                      l991 07A5                      l983 078D  
                    l975 077D                      l967 076A                      l897 06A4  
                    l889 0698                      l993 07AB                      l985 0793  
                    l977 077F                      l969 0771                      l899 06A8  
                    l995 07C0                      l987 079C                      l979 0784  
                    l997 07C4                      l989 07A0                      l999 07D9  
                    _RB0 0030                      _RA4 002C                      _RE0 0048  
                    _RE1 0049                      u300 0701                      u301 0700  
                    u310 0712                      u311 0711                      u400 06A8  
                    u401 06A7                      u330 0724                      u410 06B3  
                    u331 0723                      u411 06B2                      u500 068F  
                    u325 0716                      u501 068E                      u350 0735  
                    u430 06C5                      u510 07A0                      u351 0734  
                    u431 06C4                      u511 079F                      u440 06CF  
                    u280 05F4                      u520 07C0                      u345 0725  
                    u441 06CE                      u425 06B7                      u505 068B  
                    u281 05F3                      u521 07BF                      u370 0749  
                    u290 06F6                      u530 07D9                      u371 0748  
                    u355 0731                      u291 06F5                      u531 07D8  
                    u380 074E                      u460 06E2                      u540 07E2  
                    u381 074D                      u365 073D                      u461 06E1  
                    u445 06CB                      u541 07E1                      u470 06E7  
                    u390 069D                      u471 06E6                      u455 06D6  
                    u391 069C                      u480 0648                      u481 0647  
                    u490 066D                      u491 066C                      u495 0669  
                    fsr0 0004                      indf 0000             ___awmod@sign 0076  
                   _TMR0 0001                     _main 0758                     _prev 0022  
                   btemp 007E                     start 0000                    ?_main 0070  
        __end_of___awdiv 0758          __end_of___awmod 06F1                    _ANSEL 0188  
        ___awdiv@divisor 0070          ___awdiv@counter 0075                    _PORTA 0005  
                  _PORTB 0006                    _PORTD 0008                    _PORTE 0009  
                  _TRISA 0085                    _TRISB 0086                    _TRISD 0088  
                  _TRISE 0089                    _delay 05E6                    _count 0020  
                  _print 060E                    status 0003                    wtemp0 007E  
        __initialization 07E6             __end_of_main 07E6           count_display@j 0079  
         count_display@k 007B            _count_display 0649                   ??_main 0027  
                 ?_delay 0070         ___awdiv@dividend 0072                   ?_print 0070  
                 _ANSELH 0189                ??___awdiv 0074                ??___awmod 0074  
                 _enable 05F5           ?_count_display 0070                   delay@t 0070  
       ___awdiv@quotient 0077          ___awmod@divisor 0070          ___awmod@counter 0075  
                 print@i 0074  __end_of__initialization 07FC           __pcstackCOMMON 0070  
           __pidataBANK0 05E3            __end_of_delay 05F5            __end_of_print 0649  
                ??_delay 0072                  ??_print 0072               __pbssBANK0 0020  
             __pmaintext 0758          ??_count_display 0079                  ?_enable 0070  
                ___awdiv 06F1                  ___awmod 0698                  __ptext1 060E  
                __ptext2 05F5                  __ptext3 05E6                  __ptext4 0649  
                __ptext5 0698                  __ptext6 06F1                  _display 0024  
       ___awmod@dividend 0072     end_of_initialization 07FC           __end_of_enable 060E  
    start_initialization 07E6                 ??_enable 0072              __pdataBANK0 0024  
              ___latbits 0002            __pcstackBANK0 0027                 ?___awdiv 0070  
               ?___awmod 0070    __end_of_count_display 0698                 print@ptr 0073  
             _OPTION_REG 0081  
