

Microchip MPLAB XC8 Assembler V2.40 build 20220703182018 
                                                                                               Tue May 27 15:20:47 2025

Microchip MPLAB XC8 C Compiler v2.40 (Free license) build 20220703182018 Og1 
     1                           	processor	16F887
     2                           	pagewidth 120
     3                           	opt	flic
     4                           	psect	idataBANK0,global,class=CODE,delta=2,noexec
     5                           	psect	cinit,global,class=CODE,merge=1,delta=2
     6                           	psect	bssBANK0,global,class=BANK0,space=1,delta=1,noexec
     7                           	psect	dataBANK0,global,class=BANK0,space=1,delta=1,noexec
     8                           	psect	cstackCOMMON,global,class=COMMON,space=1,delta=1,noexec
     9                           	psect	maintext,global,class=CODE,split=1,delta=2
    10                           	psect	text1,local,class=CODE,merge=1,delta=2
    11                           	psect	text2,local,class=CODE,merge=1,delta=2
    12                           	psect	text3,local,class=CODE,merge=1,delta=2
    13                           	psect	text4,local,class=CODE,merge=1,delta=2
    14                           	psect	text5,local,class=CODE,merge=1,delta=2,group=1
    15                           	psect	text6,local,class=CODE,merge=1,delta=2,group=1
    16                           	psect	idloc,global,abs,ovrld,class=IDLOC,space=5,delta=2,noexec
    17                           	psect	config,global,abs,ovrld,class=CONFIG,space=4,delta=2,noexec
    18                           	dabs	1,0x7E,2
    19     0000                     
    20                           ; Version 2.40
    21                           ; Generated 17/11/2021 GMT
    22                           ; 
    23                           ; Copyright © 2021, Microchip Technology Inc. and its subsidiaries ("Microchip")
    24                           ; All rights reserved.
    25                           ; 
    26                           ; This software is developed by Microchip Technology Inc. and its subsidiaries ("Microch
      +                          ip").
    27                           ; 
    28                           ; Redistribution and use in source and binary forms, with or without modification, are
    29                           ; permitted provided that the following conditions are met:
    30                           ; 
    31                           ;     1. Redistributions of source code must retain the above copyright notice, this lis
      +                          t of
    32                           ;        conditions and the following disclaimer.
    33                           ; 
    34                           ;     2. Redistributions in binary form must reproduce the above copyright notice, this 
      +                          list
    35                           ;        of conditions and the following disclaimer in the documentation and/or other
    36                           ;        materials provided with the distribution. Publication is not required when
    37                           ;        this file is used in an embedded application.
    38                           ; 
    39                           ;     3. Microchip's name may not be used to endorse or promote products derived from th
      +                          is
    40                           ;        software without specific prior written permission.
    41                           ; 
    42                           ; THIS SOFTWARE IS PROVIDED BY MICROCHIP "AS IS" AND ANY EXPRESS OR IMPLIED WARRANTIES,
    43                           ; INCLUDING, BUT NOT LIMITED TO, THE IMPLIED WARRANTIES OF MERCHANTABILITY AND FITNESS F
      +                          OR
    44                           ; PURPOSE ARE DISCLAIMED.  IN NO EVENT SHALL MICROCHIP BE LIABLE FOR ANY DIRECT, INDIREC
      +                          T,
    45                           ; INCIDENTAL, SPECIAL, EXEMPLARY, OR CONSEQUENTIAL DAMAGES (INCLUDING BUT NOT LIMITED TO
    46                           ; PROCUREMENT OF SUBSTITUTE GOODS OR SERVICES; LOSS OF USE, DATA OR PROFITS; OR BUSINESS
    47                           ; INTERRUPTION) HOWSOEVER CAUSED AND ON ANY THEORY OF LIABILITY, WHETHER IN CONTRACT, ST
      +                          RICT
    48                           ; LIABILITY, OR TORT (INCLUDING NEGLIGENCE OR OTHERWISE) ARISING IN ANY WAY OUT OF THE U
      +                          SE OF
    49                           ; THIS SOFTWARE, EVEN IF ADVISED OF THE POSSIBILITY OF SUCH DAMAGE.
    50                           ; 
    51                           ; 
    52                           ; Code-generator required, PIC16F887 Definitions
    53                           ; 
    54                           ; SFR Addresses
    55     0000                     	;# 
    56     0001                     	;# 
    57     0002                     	;# 
    58     0003                     	;# 
    59     0004                     	;# 
    60     0005                     	;# 
    61     0006                     	;# 
    62     0007                     	;# 
    63     0008                     	;# 
    64     0009                     	;# 
    65     000A                     	;# 
    66     000B                     	;# 
    67     000C                     	;# 
    68     000D                     	;# 
    69     000E                     	;# 
    70     000E                     	;# 
    71     000F                     	;# 
    72     0010                     	;# 
    73     0011                     	;# 
    74     0012                     	;# 
    75     0013                     	;# 
    76     0014                     	;# 
    77     0015                     	;# 
    78     0015                     	;# 
    79     0016                     	;# 
    80     0017                     	;# 
    81     0018                     	;# 
    82     0019                     	;# 
    83     001A                     	;# 
    84     001B                     	;# 
    85     001B                     	;# 
    86     001C                     	;# 
    87     001D                     	;# 
    88     001E                     	;# 
    89     001F                     	;# 
    90     0081                     	;# 
    91     0085                     	;# 
    92     0086                     	;# 
    93     0087                     	;# 
    94     0088                     	;# 
    95     0089                     	;# 
    96     008C                     	;# 
    97     008D                     	;# 
    98     008E                     	;# 
    99     008F                     	;# 
   100     0090                     	;# 
   101     0091                     	;# 
   102     0092                     	;# 
   103     0093                     	;# 
   104     0093                     	;# 
   105     0093                     	;# 
   106     0094                     	;# 
   107     0095                     	;# 
   108     0096                     	;# 
   109     0097                     	;# 
   110     0098                     	;# 
   111     0099                     	;# 
   112     009A                     	;# 
   113     009B                     	;# 
   114     009C                     	;# 
   115     009D                     	;# 
   116     009E                     	;# 
   117     009F                     	;# 
   118     0105                     	;# 
   119     0107                     	;# 
   120     0108                     	;# 
   121     0109                     	;# 
   122     010C                     	;# 
   123     010C                     	;# 
   124     010D                     	;# 
   125     010E                     	;# 
   126     010F                     	;# 
   127     0185                     	;# 
   128     0187                     	;# 
   129     0188                     	;# 
   130     0189                     	;# 
   131     018C                     	;# 
   132     018D                     	;# 
   133     0000                     	;# 
   134     0001                     	;# 
   135     0002                     	;# 
   136     0003                     	;# 
   137     0004                     	;# 
   138     0005                     	;# 
   139     0006                     	;# 
   140     0007                     	;# 
   141     0008                     	;# 
   142     0009                     	;# 
   143     000A                     	;# 
   144     000B                     	;# 
   145     000C                     	;# 
   146     000D                     	;# 
   147     000E                     	;# 
   148     000E                     	;# 
   149     000F                     	;# 
   150     0010                     	;# 
   151     0011                     	;# 
   152     0012                     	;# 
   153     0013                     	;# 
   154     0014                     	;# 
   155     0015                     	;# 
   156     0015                     	;# 
   157     0016                     	;# 
   158     0017                     	;# 
   159     0018                     	;# 
   160     0019                     	;# 
   161     001A                     	;# 
   162     001B                     	;# 
   163     001B                     	;# 
   164     001C                     	;# 
   165     001D                     	;# 
   166     001E                     	;# 
   167     001F                     	;# 
   168     0081                     	;# 
   169     0085                     	;# 
   170     0086                     	;# 
   171     0087                     	;# 
   172     0088                     	;# 
   173     0089                     	;# 
   174     008C                     	;# 
   175     008D                     	;# 
   176     008E                     	;# 
   177     008F                     	;# 
   178     0090                     	;# 
   179     0091                     	;# 
   180     0092                     	;# 
   181     0093                     	;# 
   182     0093                     	;# 
   183     0093                     	;# 
   184     0094                     	;# 
   185     0095                     	;# 
   186     0096                     	;# 
   187     0097                     	;# 
   188     0098                     	;# 
   189     0099                     	;# 
   190     009A                     	;# 
   191     009B                     	;# 
   192     009C                     	;# 
   193     009D                     	;# 
   194     009E                     	;# 
   195     009F                     	;# 
   196     0105                     	;# 
   197     0107                     	;# 
   198     0108                     	;# 
   199     0109                     	;# 
   200     010C                     	;# 
   201     010C                     	;# 
   202     010D                     	;# 
   203     010E                     	;# 
   204     010F                     	;# 
   205     0185                     	;# 
   206     0187                     	;# 
   207     0188                     	;# 
   208     0189                     	;# 
   209     018C                     	;# 
   210     018D                     	;# 
   211                           
   212                           	psect	idataBANK0
   213     061C                     __pidataBANK0:
   214                           
   215                           ;initializer for _display
   216     061C  3430               	retlw	48
   217     061D  3430               	retlw	48
   218     061E  3400               	retlw	0
   219     000E                     _TMR1	set	14
   220     0010                     _T1CON	set	16
   221     0009                     _PORTE	set	9
   222     0007                     _PORTC	set	7
   223     0006                     _PORTB	set	6
   224     0008                     _PORTD	set	8
   225     0030                     _RB0	set	48
   226     0038                     _RC0	set	56
   227     0048                     _RE0	set	72
   228     0049                     _RE1	set	73
   229     0089                     _TRISE	set	137
   230     0088                     _TRISD	set	136
   231     0087                     _TRISC	set	135
   232     0086                     _TRISB	set	134
   233     0189                     _ANSELH	set	393
   234     0188                     _ANSEL	set	392
   235                           
   236                           	psect	cinit
   237     07E8                     start_initialization:	
   238                           ; #config settings
   239                           
   240     07E8                     __initialization:
   241                           
   242                           ; Initialize objects allocated to BANK0
   243     07E8  120A  118A  261C  120A  118A  	fcall	__pidataBANK0	;fetch initializer
   244     07ED  00A0               	movwf	__pdataBANK0& (0+127)
   245     07EE  120A  118A  261D  120A  118A  	fcall	__pidataBANK0+1	;fetch initializer
   246     07F3  00A1               	movwf	(__pdataBANK0+1)& (0+127)
   247     07F4  120A  118A  261E  120A  118A  	fcall	__pidataBANK0+2	;fetch initializer
   248     07F9  00A2               	movwf	(__pdataBANK0+2)& (0+127)
   249                           
   250                           ; Clear objects allocated to BANK0
   251     07FA  01A3               	clrf	__pbssBANK0& (0+127)
   252     07FB  01A4               	clrf	(__pbssBANK0+1)& (0+127)
   253     07FC                     end_of_initialization:	
   254                           ;End of C runtime variable initialization code
   255                           
   256     07FC                     __end_of__initialization:
   257     07FC  0183               	clrf	3
   258     07FD  120A  118A  2ED1   	ljmp	_main	;jump to C main() function
   259                           
   260                           	psect	bssBANK0
   261     0023                     __pbssBANK0:
   262     0023                     _count:
   263     0023                     	ds	2
   264                           
   265                           	psect	dataBANK0
   266     0020                     __pdataBANK0:
   267     0020                     _display:
   268     0020                     	ds	3
   269                           
   270                           	psect	cstackCOMMON
   271     0070                     __pcstackCOMMON:
   272     0070                     ?_delay:
   273     0070                     ?_enable:	
   274                           ; 1 bytes @ 0x0
   275                           
   276     0070                     ?_print:	
   277                           ; 1 bytes @ 0x0
   278                           
   279     0070                     ?_count_display:	
   280                           ; 1 bytes @ 0x0
   281                           
   282     0070                     ?_main:	
   283                           ; 1 bytes @ 0x0
   284                           
   285     0070                     ?___awdiv:	
   286                           ; 1 bytes @ 0x0
   287                           
   288     0070                     ?___awmod:	
   289                           ; 2 bytes @ 0x0
   290                           
   291     0070                     delay@t:	
   292                           ; 2 bytes @ 0x0
   293                           
   294     0070                     ___awdiv@divisor:	
   295                           ; 2 bytes @ 0x0
   296                           
   297     0070                     ___awmod@divisor:	
   298                           ; 2 bytes @ 0x0
   299                           
   300                           
   301                           ; 2 bytes @ 0x0
   302     0070                     	ds	2
   303     0072                     ??_delay:
   304     0072                     ??_enable:	
   305                           ; 1 bytes @ 0x2
   306                           
   307     0072                     ??_print:	
   308                           ; 1 bytes @ 0x2
   309                           
   310     0072                     ___awdiv@dividend:	
   311                           ; 1 bytes @ 0x2
   312                           
   313     0072                     ___awmod@dividend:	
   314                           ; 2 bytes @ 0x2
   315                           
   316                           
   317                           ; 2 bytes @ 0x2
   318     0072                     	ds	1
   319     0073                     print@ptr:
   320                           
   321                           ; 1 bytes @ 0x3
   322     0073                     	ds	1
   323     0074                     ??___awdiv:
   324     0074                     ??___awmod:	
   325                           ; 1 bytes @ 0x4
   326                           
   327     0074                     print@i:	
   328                           ; 1 bytes @ 0x4
   329                           
   330                           
   331                           ; 2 bytes @ 0x4
   332     0074                     	ds	1
   333     0075                     ___awdiv@counter:
   334     0075                     ___awmod@counter:	
   335                           ; 1 bytes @ 0x5
   336                           
   337                           
   338                           ; 1 bytes @ 0x5
   339     0075                     	ds	1
   340     0076                     ___awdiv@sign:
   341     0076                     ___awmod@sign:	
   342                           ; 1 bytes @ 0x6
   343                           
   344                           
   345                           ; 1 bytes @ 0x6
   346     0076                     	ds	1
   347     0077                     ___awdiv@quotient:
   348                           
   349                           ; 2 bytes @ 0x7
   350     0077                     	ds	2
   351     0079                     ??_count_display:
   352     0079                     count_display@j:	
   353                           ; 1 bytes @ 0x9
   354                           
   355                           
   356                           ; 2 bytes @ 0x9
   357     0079                     	ds	2
   358     007B                     count_display@k:
   359                           
   360                           ; 2 bytes @ 0xB
   361     007B                     	ds	2
   362     007D                     ??_main:
   363                           
   364                           	psect	maintext
   365     06D1                     __pmaintext:	
   366                           ; 1 bytes @ 0xD
   367 ;;
   368 ;;Main: autosize = 0, tempsize = 0, incstack = 0, save=0
   369 ;;
   370 ;; *************** function _main *****************
   371 ;; Defined at:
   372 ;;		line 72 in file "led_countr1.c"
   373 ;; Parameters:    Size  Location     Type
   374 ;;		None
   375 ;; Auto vars:     Size  Location     Type
   376 ;;		None
   377 ;; Return value:  Size  Location     Type
   378 ;;                  1    wreg      void 
   379 ;; Registers used:
   380 ;;		wreg, fsr0l, fsr0h, status,2, status,0, pclath, cstack
   381 ;; Tracked objects:
   382 ;;		On entry : B00/0
   383 ;;		On exit  : 0/0
   384 ;;		Unchanged: 0/0
   385 ;; Data sizes:     COMMON   BANK0   BANK1   BANK3   BANK2
   386 ;;      Params:         0       0       0       0       0
   387 ;;      Locals:         0       0       0       0       0
   388 ;;      Temps:          0       0       0       0       0
   389 ;;      Totals:         0       0       0       0       0
   390 ;;Total ram usage:        0 bytes
   391 ;; Hardware stack levels required when called: 3
   392 ;; This function calls:
   393 ;;		_count_display
   394 ;;		_enable
   395 ;;		_print
   396 ;; This function is called by:
   397 ;;		Startup code after reset
   398 ;; This function uses a non-reentrant model
   399 ;;
   400                           
   401     06D1                     _main:	
   402                           ;psect for function _main
   403                           
   404     06D1                     l958:	
   405                           ;incstack = 0
   406                           ; Regs used in _main: [wreg-fsr0h+status,2+status,0+pclath+cstack]
   407                           
   408                           
   409                           ;led_countr1.c: 74:     PORTB=TRISB=0x00;
   410     06D1  1683               	bsf	3,5	;RP0=1, select bank1
   411     06D2  1303               	bcf	3,6	;RP1=0, select bank1
   412     06D3  0186               	clrf	6	;volatile
   413     06D4  1283               	bcf	3,5	;RP0=0, select bank0
   414     06D5  1303               	bcf	3,6	;RP1=0, select bank0
   415     06D6  0186               	clrf	6	;volatile
   416                           
   417                           ;led_countr1.c: 75:     PORTC=0x00;
   418     06D7  0187               	clrf	7	;volatile
   419     06D8                     l960:
   420                           
   421                           ;led_countr1.c: 76:     TRISC=0x01;
   422     06D8  3001               	movlw	1
   423     06D9  1683               	bsf	3,5	;RP0=1, select bank1
   424     06DA  1303               	bcf	3,6	;RP1=0, select bank1
   425     06DB  0087               	movwf	7	;volatile
   426     06DC                     l962:
   427                           
   428                           ;led_countr1.c: 77:     PORTD=TRISD=0x00;
   429     06DC  0188               	clrf	8	;volatile
   430     06DD  1283               	bcf	3,5	;RP0=0, select bank0
   431     06DE  1303               	bcf	3,6	;RP1=0, select bank0
   432     06DF  0188               	clrf	8	;volatile
   433     06E0                     l964:
   434                           
   435                           ;led_countr1.c: 78:     PORTE=TRISE=0x00;
   436     06E0  1683               	bsf	3,5	;RP0=1, select bank1
   437     06E1  1303               	bcf	3,6	;RP1=0, select bank1
   438     06E2  0189               	clrf	9	;volatile
   439     06E3  1283               	bcf	3,5	;RP0=0, select bank0
   440     06E4  1303               	bcf	3,6	;RP1=0, select bank0
   441     06E5  0189               	clrf	9	;volatile
   442     06E6                     l966:
   443                           
   444                           ;led_countr1.c: 79:     ANSEL=ANSELH=0;
   445     06E6  1683               	bsf	3,5	;RP0=1, select bank3
   446     06E7  1703               	bsf	3,6	;RP1=1, select bank3
   447     06E8  0189               	clrf	9	;volatile
   448     06E9  0188               	clrf	8	;volatile
   449                           
   450                           ;led_countr1.c: 80:     T1CON=0x07;
   451     06EA  3007               	movlw	7
   452     06EB  1283               	bcf	3,5	;RP0=0, select bank0
   453     06EC  1303               	bcf	3,6	;RP1=0, select bank0
   454     06ED  0090               	movwf	16	;volatile
   455     06EE                     l968:
   456                           
   457                           ;led_countr1.c: 81:     TMR1=0;
   458     06EE  018E               	clrf	14	;volatile
   459     06EF  018F               	clrf	15	;volatile
   460     06F0                     l970:
   461                           
   462                           ;led_countr1.c: 83:     RE0=0;
   463     06F0  1009               	bcf	9,0	;volatile
   464     06F1                     l972:
   465                           
   466                           ;led_countr1.c: 84:     PORTD=0x38;
   467     06F1  3038               	movlw	56
   468     06F2  0088               	movwf	8	;volatile
   469     06F3                     l974:
   470                           
   471                           ;led_countr1.c: 85:     enable();
   472     06F3  120A  118A  262E  120A  118A  	fcall	_enable
   473     06F8                     l976:
   474                           
   475                           ;led_countr1.c: 86:     PORTD=0x0c;
   476     06F8  300C               	movlw	12
   477     06F9  1283               	bcf	3,5	;RP0=0, select bank0
   478     06FA  1303               	bcf	3,6	;RP1=0, select bank0
   479     06FB  0088               	movwf	8	;volatile
   480     06FC                     l978:
   481                           
   482                           ;led_countr1.c: 87:     enable();
   483     06FC  120A  118A  262E  120A  118A  	fcall	_enable
   484     0701                     l980:
   485                           
   486                           ;led_countr1.c: 88:     print(display);
   487     0701  3020               	movlw	(low (_display| 0))& (0+255)
   488     0702  120A  118A  2647  120A  118A  	fcall	_print
   489     0707                     l982:
   490                           
   491                           ;led_countr1.c: 91:     {;led_countr1.c: 92:         count=TMR1;
   492     0707  1283               	bcf	3,5	;RP0=0, select bank0
   493     0708  1303               	bcf	3,6	;RP1=0, select bank0
   494     0709  080F               	movf	15,w	;volatile
   495     070A  00A4               	movwf	_count+1
   496     070B  080E               	movf	14,w	;volatile
   497     070C  00A3               	movwf	_count
   498     070D                     l984:
   499                           
   500                           ;led_countr1.c: 93:         if(RC0==1)
   501     070D  1C07               	btfss	7,0	;volatile
   502     070E  2F10               	goto	u491
   503     070F  2F11               	goto	u490
   504     0710                     u491:
   505     0710  2F07               	goto	l982
   506     0711                     u490:
   507     0711                     l986:
   508                           
   509                           ;led_countr1.c: 94:         {;led_countr1.c: 95:             RB0=~RB0;
   510     0711  3001               	movlw	1
   511     0712  0686               	xorwf	6,f
   512     0713                     l988:
   513                           
   514                           ;led_countr1.c: 96:             count_display();
   515     0713  120A  118A  2682  120A  118A  	fcall	_count_display
   516     0718                     l990:
   517                           
   518                           ;led_countr1.c: 97:             print(display);
   519     0718  3020               	movlw	(low (_display| 0))& (0+255)
   520     0719  120A  118A  2647  120A  118A  	fcall	_print
   521     071E                     l67:	
   522                           ;led_countr1.c: 98:             while(RC0==1);
   523                           
   524     071E  1283               	bcf	3,5	;RP0=0, select bank0
   525     071F  1303               	bcf	3,6	;RP1=0, select bank0
   526     0720  1807               	btfsc	7,0	;volatile
   527     0721  2F23               	goto	u501
   528     0722  2F24               	goto	u500
   529     0723                     u501:
   530     0723  2F1E               	goto	l67
   531     0724                     u500:
   532     0724  2F07               	goto	l982
   533     0725  120A  118A  2800   	ljmp	start
   534     0728                     __end_of_main:
   535                           
   536                           	psect	text1
   537     0647                     __ptext1:	
   538 ;; *************** function _print *****************
   539 ;; Defined at:
   540 ;;		line 39 in file "led_countr1.c"
   541 ;; Parameters:    Size  Location     Type
   542 ;;  ptr             1    wreg     PTR unsigned char 
   543 ;;		 -> display(3), 
   544 ;; Auto vars:     Size  Location     Type
   545 ;;  ptr             1    3[COMMON] PTR unsigned char 
   546 ;;		 -> display(3), 
   547 ;;  i               2    4[COMMON] int 
   548 ;; Return value:  Size  Location     Type
   549 ;;                  1    wreg      void 
   550 ;; Registers used:
   551 ;;		wreg, fsr0l, fsr0h, status,2, status,0, pclath, cstack
   552 ;; Tracked objects:
   553 ;;		On entry : 0/0
   554 ;;		On exit  : 0/0
   555 ;;		Unchanged: 0/0
   556 ;; Data sizes:     COMMON   BANK0   BANK1   BANK3   BANK2
   557 ;;      Params:         0       0       0       0       0
   558 ;;      Locals:         3       0       0       0       0
   559 ;;      Temps:          1       0       0       0       0
   560 ;;      Totals:         4       0       0       0       0
   561 ;;Total ram usage:        4 bytes
   562 ;; Hardware stack levels used: 1
   563 ;; Hardware stack levels required when called: 2
   564 ;; This function calls:
   565 ;;		_enable
   566 ;; This function is called by:
   567 ;;		_main
   568 ;; This function uses a non-reentrant model
   569 ;;
   570                           
   571     0647                     _print:	
   572                           ;psect for function _print
   573                           
   574                           
   575                           ;incstack = 0
   576                           ; Regs used in _print: [wreg-fsr0h+status,2+status,0+pclath+cstack]
   577                           ;print@ptr stored from wreg
   578     0647  00F3               	movwf	print@ptr
   579     0648                     l920:
   580                           
   581                           ;led_countr1.c: 39: void print(char *ptr);led_countr1.c: 40: {;led_countr1.c: 41:     RE
      +                          0=0;
   582     0648  1283               	bcf	3,5	;RP0=0, select bank0
   583     0649  1303               	bcf	3,6	;RP1=0, select bank0
   584     064A  1009               	bcf	9,0	;volatile
   585     064B                     l922:
   586                           
   587                           ;led_countr1.c: 42:     PORTD=0x01;
   588     064B  3001               	movlw	1
   589     064C  0088               	movwf	8	;volatile
   590     064D                     l924:
   591                           
   592                           ;led_countr1.c: 43:     enable();
   593     064D  120A  118A  262E  120A  118A  	fcall	_enable
   594     0652                     l926:
   595     0652                     l928:
   596                           
   597                           ;led_countr1.c: 45:     for(i=0;*(ptr+i)!='\0';i++)
   598     0652  01F4               	clrf	print@i
   599     0653  01F5               	clrf	print@i+1
   600     0654  2E76               	goto	l942
   601     0655                     l49:
   602                           
   603                           ;led_countr1.c: 46:     {;led_countr1.c: 47:         RE0=0;
   604     0655  1283               	bcf	3,5	;RP0=0, select bank0
   605     0656  1303               	bcf	3,6	;RP1=0, select bank0
   606     0657  1009               	bcf	9,0	;volatile
   607     0658                     l930:
   608                           
   609                           ;led_countr1.c: 48:         PORTD=0x80+i;
   610     0658  0874               	movf	print@i,w
   611     0659  3E80               	addlw	128
   612     065A  0088               	movwf	8	;volatile
   613     065B                     l932:
   614                           
   615                           ;led_countr1.c: 49:         enable();
   616     065B  120A  118A  262E  120A  118A  	fcall	_enable
   617     0660                     l934:
   618                           
   619                           ;led_countr1.c: 50:         RE0=1;
   620     0660  1283               	bcf	3,5	;RP0=0, select bank0
   621     0661  1303               	bcf	3,6	;RP1=0, select bank0
   622     0662  1409               	bsf	9,0	;volatile
   623     0663                     l936:
   624                           
   625                           ;led_countr1.c: 51:         PORTD=*(ptr+i);
   626     0663  0874               	movf	print@i,w
   627     0664  0773               	addwf	print@ptr,w
   628     0665  00F2               	movwf	??_print
   629     0666  0872               	movf	??_print,w
   630     0667  0084               	movwf	4
   631     0668  1383               	bcf	3,7	;select IRP bank0
   632     0669  0800               	movf	0,w
   633     066A  0088               	movwf	8	;volatile
   634     066B                     l938:
   635                           
   636                           ;led_countr1.c: 52:         enable();
   637     066B  120A  118A  262E  120A  118A  	fcall	_enable
   638     0670                     l940:
   639                           
   640                           ;led_countr1.c: 53:     }
   641     0670  3001               	movlw	1
   642     0671  07F4               	addwf	print@i,f
   643     0672  1803               	skipnc
   644     0673  0AF5               	incf	print@i+1,f
   645     0674  3000               	movlw	0
   646     0675  07F5               	addwf	print@i+1,f
   647     0676                     l942:
   648     0676  0874               	movf	print@i,w
   649     0677  0773               	addwf	print@ptr,w
   650     0678  00F2               	movwf	??_print
   651     0679  0872               	movf	??_print,w
   652     067A  0084               	movwf	4
   653     067B  1383               	bcf	3,7	;select IRP bank0
   654     067C  0800               	movf	0,w
   655     067D  1D03               	btfss	3,2
   656     067E  2E80               	goto	u461
   657     067F  2E81               	goto	u460
   658     0680                     u461:
   659     0680  2E55               	goto	l49
   660     0681                     u460:
   661     0681                     l51:
   662     0681  0008               	return
   663     0682                     __end_of_print:
   664                           
   665                           	psect	text2
   666     062E                     __ptext2:	
   667 ;; *************** function _enable *****************
   668 ;; Defined at:
   669 ;;		line 31 in file "led_countr1.c"
   670 ;; Parameters:    Size  Location     Type
   671 ;;		None
   672 ;; Auto vars:     Size  Location     Type
   673 ;;		None
   674 ;; Return value:  Size  Location     Type
   675 ;;                  1    wreg      void 
   676 ;; Registers used:
   677 ;;		wreg, status,2, status,0, pclath, cstack
   678 ;; Tracked objects:
   679 ;;		On entry : 0/0
   680 ;;		On exit  : 0/0
   681 ;;		Unchanged: 0/0
   682 ;; Data sizes:     COMMON   BANK0   BANK1   BANK3   BANK2
   683 ;;      Params:         0       0       0       0       0
   684 ;;      Locals:         0       0       0       0       0
   685 ;;      Temps:          0       0       0       0       0
   686 ;;      Totals:         0       0       0       0       0
   687 ;;Total ram usage:        0 bytes
   688 ;; Hardware stack levels used: 1
   689 ;; Hardware stack levels required when called: 1
   690 ;; This function calls:
   691 ;;		_delay
   692 ;; This function is called by:
   693 ;;		_print
   694 ;;		_main
   695 ;; This function uses a non-reentrant model
   696 ;;
   697                           
   698     062E                     _enable:	
   699                           ;psect for function _enable
   700                           
   701     062E                     l832:	
   702                           ;incstack = 0
   703                           ; Regs used in _enable: [wreg+status,2+status,0+pclath+cstack]
   704                           
   705                           
   706                           ;led_countr1.c: 33:     RE1=1;
   707     062E  1283               	bcf	3,5	;RP0=0, select bank0
   708     062F  1303               	bcf	3,6	;RP1=0, select bank0
   709     0630  1489               	bsf	9,1	;volatile
   710     0631                     l834:
   711                           
   712                           ;led_countr1.c: 34:     delay(100);
   713     0631  3064               	movlw	100
   714     0632  00F0               	movwf	delay@t
   715     0633  3000               	movlw	0
   716     0634  00F1               	movwf	delay@t+1
   717     0635  120A  118A  261F  120A  118A  	fcall	_delay
   718     063A                     l836:
   719                           
   720                           ;led_countr1.c: 35:     RE1=0;
   721     063A  1283               	bcf	3,5	;RP0=0, select bank0
   722     063B  1303               	bcf	3,6	;RP1=0, select bank0
   723     063C  1089               	bcf	9,1	;volatile
   724                           
   725                           ;led_countr1.c: 36:     delay(100);
   726     063D  3064               	movlw	100
   727     063E  00F0               	movwf	delay@t
   728     063F  3000               	movlw	0
   729     0640  00F1               	movwf	delay@t+1
   730     0641  120A  118A  261F  120A  118A  	fcall	_delay
   731     0646                     l45:
   732     0646  0008               	return
   733     0647                     __end_of_enable:
   734                           
   735                           	psect	text3
   736     061F                     __ptext3:	
   737 ;; *************** function _delay *****************
   738 ;; Defined at:
   739 ;;		line 26 in file "led_countr1.c"
   740 ;; Parameters:    Size  Location     Type
   741 ;;  t               2    0[COMMON] int 
   742 ;; Auto vars:     Size  Location     Type
   743 ;;		None
   744 ;; Return value:  Size  Location     Type
   745 ;;                  1    wreg      void 
   746 ;; Registers used:
   747 ;;		wreg, status,2, status,0
   748 ;; Tracked objects:
   749 ;;		On entry : 0/0
   750 ;;		On exit  : 0/0
   751 ;;		Unchanged: 0/0
   752 ;; Data sizes:     COMMON   BANK0   BANK1   BANK3   BANK2
   753 ;;      Params:         2       0       0       0       0
   754 ;;      Locals:         0       0       0       0       0
   755 ;;      Temps:          0       0       0       0       0
   756 ;;      Totals:         2       0       0       0       0
   757 ;;Total ram usage:        2 bytes
   758 ;; Hardware stack levels used: 1
   759 ;; This function calls:
   760 ;;		Nothing
   761 ;; This function is called by:
   762 ;;		_enable
   763 ;; This function uses a non-reentrant model
   764 ;;
   765                           
   766     061F                     _delay:	
   767                           ;psect for function _delay
   768                           
   769     061F                     l828:	
   770                           ;incstack = 0
   771                           ; Regs used in _delay: [wreg+status,2+status,0]
   772                           
   773     061F                     l830:	
   774                           ;led_countr1.c: 26: void delay(int t);led_countr1.c: 27: {;led_countr1.c: 28:     while(
      +                          t--);
   775                           
   776     061F  30FF               	movlw	255
   777     0620  07F0               	addwf	delay@t,f
   778     0621  1803               	skipnc
   779     0622  0AF1               	incf	delay@t+1,f
   780     0623  30FF               	movlw	255
   781     0624  07F1               	addwf	delay@t+1,f
   782     0625  0A70               	incf	delay@t,w
   783     0626  1D03               	skipz
   784     0627  2E2C               	goto	u261
   785     0628  0A71               	incf	delay@t+1,w
   786     0629  1D03               	btfss	3,2
   787     062A  2E2C               	goto	u261
   788     062B  2E2D               	goto	u260
   789     062C                     u261:
   790     062C  2E1F               	goto	l830
   791     062D                     u260:
   792     062D                     l42:
   793     062D  0008               	return
   794     062E                     __end_of_delay:
   795                           
   796                           	psect	text4
   797     0682                     __ptext4:	
   798 ;; *************** function _count_display *****************
   799 ;; Defined at:
   800 ;;		line 57 in file "led_countr1.c"
   801 ;; Parameters:    Size  Location     Type
   802 ;;		None
   803 ;; Auto vars:     Size  Location     Type
   804 ;;  k               2   11[COMMON] int 
   805 ;;  j               2    9[COMMON] int 
   806 ;; Return value:  Size  Location     Type
   807 ;;                  1    wreg      void 
   808 ;; Registers used:
   809 ;;		wreg, status,2, status,0, pclath, cstack
   810 ;; Tracked objects:
   811 ;;		On entry : 0/0
   812 ;;		On exit  : 0/0
   813 ;;		Unchanged: 0/0
   814 ;; Data sizes:     COMMON   BANK0   BANK1   BANK3   BANK2
   815 ;;      Params:         0       0       0       0       0
   816 ;;      Locals:         4       0       0       0       0
   817 ;;      Temps:          0       0       0       0       0
   818 ;;      Totals:         4       0       0       0       0
   819 ;;Total ram usage:        4 bytes
   820 ;; Hardware stack levels used: 1
   821 ;; Hardware stack levels required when called: 1
   822 ;; This function calls:
   823 ;;		___awdiv
   824 ;;		___awmod
   825 ;; This function is called by:
   826 ;;		_main
   827 ;; This function uses a non-reentrant model
   828 ;;
   829                           
   830     0682                     _count_display:	
   831                           ;psect for function _count_display
   832                           
   833     0682                     l944:	
   834                           ;incstack = 0
   835                           ; Regs used in _count_display: [wreg+status,2+status,0+pclath+cstack]
   836                           
   837                           
   838                           ;led_countr1.c: 59:     int j=0,k=0;
   839     0682  01F9               	clrf	count_display@j
   840     0683  01FA               	clrf	count_display@j+1
   841                           
   842                           ;led_countr1.c: 60:     for(j=0;j!=(count%10);)
   843     0684  01F9               	clrf	count_display@j
   844     0685  01FA               	clrf	count_display@j+1
   845     0686  2E8D               	goto	l948
   846     0687                     l946:
   847                           
   848                           ;led_countr1.c: 61:     {;led_countr1.c: 62:         j++;
   849     0687  3001               	movlw	1
   850     0688  07F9               	addwf	count_display@j,f
   851     0689  1803               	skipnc
   852     068A  0AFA               	incf	count_display@j+1,f
   853     068B  3000               	movlw	0
   854     068C  07FA               	addwf	count_display@j+1,f
   855     068D                     l948:
   856     068D  300A               	movlw	10
   857     068E  00F0               	movwf	___awmod@divisor
   858     068F  3000               	movlw	0
   859     0690  00F1               	movwf	___awmod@divisor+1
   860     0691  1283               	bcf	3,5	;RP0=0, select bank0
   861     0692  1303               	bcf	3,6	;RP1=0, select bank0
   862     0693  0824               	movf	_count+1,w
   863     0694  00F3               	movwf	___awmod@dividend+1
   864     0695  0823               	movf	_count,w
   865     0696  00F2               	movwf	___awmod@dividend
   866     0697  120A  118A  2728  120A  118A  	fcall	___awmod
   867     069C  087A               	movf	count_display@j+1,w
   868     069D  0671               	xorwf	?___awmod+1,w
   869     069E  1D03               	skipz
   870     069F  2EA2               	goto	u475
   871     06A0  0879               	movf	count_display@j,w
   872     06A1  0670               	xorwf	?___awmod,w
   873     06A2                     u475:
   874     06A2  1D03               	skipz
   875     06A3  2EA5               	goto	u471
   876     06A4  2EA6               	goto	u470
   877     06A5                     u471:
   878     06A5  2E87               	goto	l946
   879     06A6                     u470:
   880     06A6                     l950:
   881                           
   882                           ;led_countr1.c: 64:     for(k=0;k!=(count/10);)
   883     06A6  01FB               	clrf	count_display@k
   884     06A7  01FC               	clrf	count_display@k+1
   885     06A8  2EAF               	goto	l954
   886     06A9                     l952:
   887                           
   888                           ;led_countr1.c: 65:     {;led_countr1.c: 66:         k++;
   889     06A9  3001               	movlw	1
   890     06AA  07FB               	addwf	count_display@k,f
   891     06AB  1803               	skipnc
   892     06AC  0AFC               	incf	count_display@k+1,f
   893     06AD  3000               	movlw	0
   894     06AE  07FC               	addwf	count_display@k+1,f
   895     06AF                     l954:
   896     06AF  300A               	movlw	10
   897     06B0  00F0               	movwf	___awdiv@divisor
   898     06B1  3000               	movlw	0
   899     06B2  00F1               	movwf	___awdiv@divisor+1
   900     06B3  1283               	bcf	3,5	;RP0=0, select bank0
   901     06B4  1303               	bcf	3,6	;RP1=0, select bank0
   902     06B5  0824               	movf	_count+1,w
   903     06B6  00F3               	movwf	___awdiv@dividend+1
   904     06B7  0823               	movf	_count,w
   905     06B8  00F2               	movwf	___awdiv@dividend
   906     06B9  120A  118A  2781  120A  118A  	fcall	___awdiv
   907     06BE  087C               	movf	count_display@k+1,w
   908     06BF  0671               	xorwf	?___awdiv+1,w
   909     06C0  1D03               	skipz
   910     06C1  2EC4               	goto	u485
   911     06C2  087B               	movf	count_display@k,w
   912     06C3  0670               	xorwf	?___awdiv,w
   913     06C4                     u485:
   914     06C4  1D03               	skipz
   915     06C5  2EC7               	goto	u481
   916     06C6  2EC8               	goto	u480
   917     06C7                     u481:
   918     06C7  2EA9               	goto	l952
   919     06C8                     u480:
   920     06C8                     l956:
   921                           
   922                           ;led_countr1.c: 68:     display[0]=(char)(48+k);
   923     06C8  087B               	movf	count_display@k,w
   924     06C9  3E30               	addlw	48
   925     06CA  1283               	bcf	3,5	;RP0=0, select bank0
   926     06CB  1303               	bcf	3,6	;RP1=0, select bank0
   927     06CC  00A0               	movwf	_display
   928                           
   929                           ;led_countr1.c: 69:     display[1]=(char)(48+j);
   930     06CD  0879               	movf	count_display@j,w
   931     06CE  3E30               	addlw	48
   932     06CF  00A1               	movwf	_display+1
   933     06D0                     l60:
   934     06D0  0008               	return
   935     06D1                     __end_of_count_display:
   936                           
   937                           	psect	text5
   938     0728                     __ptext5:	
   939 ;; *************** function ___awmod *****************
   940 ;; Defined at:
   941 ;;		line 5 in file "C:\Program Files\Microchip\xc8\v2.40\pic\sources\c90\common\awmod.c"
   942 ;; Parameters:    Size  Location     Type
   943 ;;  divisor         2    0[COMMON] int 
   944 ;;  dividend        2    2[COMMON] int 
   945 ;; Auto vars:     Size  Location     Type
   946 ;;  sign            1    6[COMMON] unsigned char 
   947 ;;  counter         1    5[COMMON] unsigned char 
   948 ;; Return value:  Size  Location     Type
   949 ;;                  2    0[COMMON] int 
   950 ;; Registers used:
   951 ;;		wreg, status,2, status,0
   952 ;; Tracked objects:
   953 ;;		On entry : 0/0
   954 ;;		On exit  : 0/0
   955 ;;		Unchanged: 0/0
   956 ;; Data sizes:     COMMON   BANK0   BANK1   BANK3   BANK2
   957 ;;      Params:         4       0       0       0       0
   958 ;;      Locals:         2       0       0       0       0
   959 ;;      Temps:          1       0       0       0       0
   960 ;;      Totals:         7       0       0       0       0
   961 ;;Total ram usage:        7 bytes
   962 ;; Hardware stack levels used: 1
   963 ;; This function calls:
   964 ;;		Nothing
   965 ;; This function is called by:
   966 ;;		_count_display
   967 ;; This function uses a non-reentrant model
   968 ;;
   969                           
   970     0728                     ___awmod:	
   971                           ;psect for function ___awmod
   972                           
   973     0728                     l882:	
   974                           ;incstack = 0
   975                           ; Regs used in ___awmod: [wreg+status,2+status,0]
   976                           
   977     0728  01F6               	clrf	___awmod@sign
   978     0729                     l884:
   979     0729  1FF3               	btfss	___awmod@dividend+1,7
   980     072A  2F2C               	goto	u371
   981     072B  2F2D               	goto	u370
   982     072C                     u371:
   983     072C  2F34               	goto	l890
   984     072D                     u370:
   985     072D                     l886:
   986     072D  09F2               	comf	___awmod@dividend,f
   987     072E  09F3               	comf	___awmod@dividend+1,f
   988     072F  0AF2               	incf	___awmod@dividend,f
   989     0730  1903               	skipnz
   990     0731  0AF3               	incf	___awmod@dividend+1,f
   991     0732                     l888:
   992     0732  01F6               	clrf	___awmod@sign
   993     0733  0AF6               	incf	___awmod@sign,f
   994     0734                     l890:
   995     0734  1FF1               	btfss	___awmod@divisor+1,7
   996     0735  2F37               	goto	u381
   997     0736  2F38               	goto	u380
   998     0737                     u381:
   999     0737  2F3D               	goto	l894
  1000     0738                     u380:
  1001     0738                     l892:
  1002     0738  09F0               	comf	___awmod@divisor,f
  1003     0739  09F1               	comf	___awmod@divisor+1,f
  1004     073A  0AF0               	incf	___awmod@divisor,f
  1005     073B  1903               	skipnz
  1006     073C  0AF1               	incf	___awmod@divisor+1,f
  1007     073D                     l894:
  1008     073D  0870               	movf	___awmod@divisor,w
  1009     073E  0471               	iorwf	___awmod@divisor+1,w
  1010     073F  1903               	btfsc	3,2
  1011     0740  2F42               	goto	u391
  1012     0741  2F43               	goto	u390
  1013     0742                     u391:
  1014     0742  2F72               	goto	l912
  1015     0743                     u390:
  1016     0743                     l896:
  1017     0743  01F5               	clrf	___awmod@counter
  1018     0744  0AF5               	incf	___awmod@counter,f
  1019     0745  2F51               	goto	l902
  1020     0746                     l898:
  1021     0746  3001               	movlw	1
  1022     0747                     u405:
  1023     0747  1003               	clrc
  1024     0748  0DF0               	rlf	___awmod@divisor,f
  1025     0749  0DF1               	rlf	___awmod@divisor+1,f
  1026     074A  3EFF               	addlw	-1
  1027     074B  1D03               	skipz
  1028     074C  2F47               	goto	u405
  1029     074D                     l900:
  1030     074D  3001               	movlw	1
  1031     074E  00F4               	movwf	??___awmod
  1032     074F  0874               	movf	??___awmod,w
  1033     0750  07F5               	addwf	___awmod@counter,f
  1034     0751                     l902:
  1035     0751  1FF1               	btfss	___awmod@divisor+1,7
  1036     0752  2F54               	goto	u411
  1037     0753  2F55               	goto	u410
  1038     0754                     u411:
  1039     0754  2F46               	goto	l898
  1040     0755                     u410:
  1041     0755                     l904:
  1042     0755  0871               	movf	___awmod@divisor+1,w
  1043     0756  0273               	subwf	___awmod@dividend+1,w
  1044     0757  1D03               	skipz
  1045     0758  2F5B               	goto	u425
  1046     0759  0870               	movf	___awmod@divisor,w
  1047     075A  0272               	subwf	___awmod@dividend,w
  1048     075B                     u425:
  1049     075B  1C03               	skipc
  1050     075C  2F5E               	goto	u421
  1051     075D  2F5F               	goto	u420
  1052     075E                     u421:
  1053     075E  2F65               	goto	l908
  1054     075F                     u420:
  1055     075F                     l906:
  1056     075F  0870               	movf	___awmod@divisor,w
  1057     0760  02F2               	subwf	___awmod@dividend,f
  1058     0761  0871               	movf	___awmod@divisor+1,w
  1059     0762  1C03               	skipc
  1060     0763  03F3               	decf	___awmod@dividend+1,f
  1061     0764  02F3               	subwf	___awmod@dividend+1,f
  1062     0765                     l908:
  1063     0765  3001               	movlw	1
  1064     0766                     u435:
  1065     0766  1003               	clrc
  1066     0767  0CF1               	rrf	___awmod@divisor+1,f
  1067     0768  0CF0               	rrf	___awmod@divisor,f
  1068     0769  3EFF               	addlw	-1
  1069     076A  1D03               	skipz
  1070     076B  2F66               	goto	u435
  1071     076C                     l910:
  1072     076C  3001               	movlw	1
  1073     076D  02F5               	subwf	___awmod@counter,f
  1074     076E  1D03               	btfss	3,2
  1075     076F  2F71               	goto	u441
  1076     0770  2F72               	goto	u440
  1077     0771                     u441:
  1078     0771  2F55               	goto	l904
  1079     0772                     u440:
  1080     0772                     l912:
  1081     0772  0876               	movf	___awmod@sign,w
  1082     0773  1903               	btfsc	3,2
  1083     0774  2F76               	goto	u451
  1084     0775  2F77               	goto	u450
  1085     0776                     u451:
  1086     0776  2F7C               	goto	l916
  1087     0777                     u450:
  1088     0777                     l914:
  1089     0777  09F2               	comf	___awmod@dividend,f
  1090     0778  09F3               	comf	___awmod@dividend+1,f
  1091     0779  0AF2               	incf	___awmod@dividend,f
  1092     077A  1903               	skipnz
  1093     077B  0AF3               	incf	___awmod@dividend+1,f
  1094     077C                     l916:
  1095     077C  0873               	movf	___awmod@dividend+1,w
  1096     077D  00F1               	movwf	?___awmod+1
  1097     077E  0872               	movf	___awmod@dividend,w
  1098     077F  00F0               	movwf	?___awmod
  1099     0780                     l324:
  1100     0780  0008               	return
  1101     0781                     __end_of___awmod:
  1102                           
  1103                           	psect	text6
  1104     0781                     __ptext6:	
  1105 ;; *************** function ___awdiv *****************
  1106 ;; Defined at:
  1107 ;;		line 5 in file "C:\Program Files\Microchip\xc8\v2.40\pic\sources\c90\common\awdiv.c"
  1108 ;; Parameters:    Size  Location     Type
  1109 ;;  divisor         2    0[COMMON] int 
  1110 ;;  dividend        2    2[COMMON] int 
  1111 ;; Auto vars:     Size  Location     Type
  1112 ;;  quotient        2    7[COMMON] int 
  1113 ;;  sign            1    6[COMMON] unsigned char 
  1114 ;;  counter         1    5[COMMON] unsigned char 
  1115 ;; Return value:  Size  Location     Type
  1116 ;;                  2    0[COMMON] int 
  1117 ;; Registers used:
  1118 ;;		wreg, status,2, status,0
  1119 ;; Tracked objects:
  1120 ;;		On entry : 0/0
  1121 ;;		On exit  : 0/0
  1122 ;;		Unchanged: 0/0
  1123 ;; Data sizes:     COMMON   BANK0   BANK1   BANK3   BANK2
  1124 ;;      Params:         4       0       0       0       0
  1125 ;;      Locals:         4       0       0       0       0
  1126 ;;      Temps:          1       0       0       0       0
  1127 ;;      Totals:         9       0       0       0       0
  1128 ;;Total ram usage:        9 bytes
  1129 ;; Hardware stack levels used: 1
  1130 ;; This function calls:
  1131 ;;		Nothing
  1132 ;; This function is called by:
  1133 ;;		_count_display
  1134 ;; This function uses a non-reentrant model
  1135 ;;
  1136                           
  1137     0781                     ___awdiv:	
  1138                           ;psect for function ___awdiv
  1139                           
  1140     0781                     l838:	
  1141                           ;incstack = 0
  1142                           ; Regs used in ___awdiv: [wreg+status,2+status,0]
  1143                           
  1144     0781  01F6               	clrf	___awdiv@sign
  1145     0782                     l840:
  1146     0782  1FF1               	btfss	___awdiv@divisor+1,7
  1147     0783  2F85               	goto	u271
  1148     0784  2F86               	goto	u270
  1149     0785                     u271:
  1150     0785  2F8D               	goto	l846
  1151     0786                     u270:
  1152     0786                     l842:
  1153     0786  09F0               	comf	___awdiv@divisor,f
  1154     0787  09F1               	comf	___awdiv@divisor+1,f
  1155     0788  0AF0               	incf	___awdiv@divisor,f
  1156     0789  1903               	skipnz
  1157     078A  0AF1               	incf	___awdiv@divisor+1,f
  1158     078B                     l844:
  1159     078B  01F6               	clrf	___awdiv@sign
  1160     078C  0AF6               	incf	___awdiv@sign,f
  1161     078D                     l846:
  1162     078D  1FF3               	btfss	___awdiv@dividend+1,7
  1163     078E  2F90               	goto	u281
  1164     078F  2F91               	goto	u280
  1165     0790                     u281:
  1166     0790  2F9A               	goto	l852
  1167     0791                     u280:
  1168     0791                     l848:
  1169     0791  09F2               	comf	___awdiv@dividend,f
  1170     0792  09F3               	comf	___awdiv@dividend+1,f
  1171     0793  0AF2               	incf	___awdiv@dividend,f
  1172     0794  1903               	skipnz
  1173     0795  0AF3               	incf	___awdiv@dividend+1,f
  1174     0796                     l850:
  1175     0796  3001               	movlw	1
  1176     0797  00F4               	movwf	??___awdiv
  1177     0798  0874               	movf	??___awdiv,w
  1178     0799  06F6               	xorwf	___awdiv@sign,f
  1179     079A                     l852:
  1180     079A  01F7               	clrf	___awdiv@quotient
  1181     079B  01F8               	clrf	___awdiv@quotient+1
  1182     079C                     l854:
  1183     079C  0870               	movf	___awdiv@divisor,w
  1184     079D  0471               	iorwf	___awdiv@divisor+1,w
  1185     079E  1903               	btfsc	3,2
  1186     079F  2FA1               	goto	u291
  1187     07A0  2FA2               	goto	u290
  1188     07A1                     u291:
  1189     07A1  2FD9               	goto	l874
  1190     07A2                     u290:
  1191     07A2                     l856:
  1192     07A2  01F5               	clrf	___awdiv@counter
  1193     07A3  0AF5               	incf	___awdiv@counter,f
  1194     07A4  2FB0               	goto	l862
  1195     07A5                     l858:
  1196     07A5  3001               	movlw	1
  1197     07A6                     u305:
  1198     07A6  1003               	clrc
  1199     07A7  0DF0               	rlf	___awdiv@divisor,f
  1200     07A8  0DF1               	rlf	___awdiv@divisor+1,f
  1201     07A9  3EFF               	addlw	-1
  1202     07AA  1D03               	skipz
  1203     07AB  2FA6               	goto	u305
  1204     07AC                     l860:
  1205     07AC  3001               	movlw	1
  1206     07AD  00F4               	movwf	??___awdiv
  1207     07AE  0874               	movf	??___awdiv,w
  1208     07AF  07F5               	addwf	___awdiv@counter,f
  1209     07B0                     l862:
  1210     07B0  1FF1               	btfss	___awdiv@divisor+1,7
  1211     07B1  2FB3               	goto	u311
  1212     07B2  2FB4               	goto	u310
  1213     07B3                     u311:
  1214     07B3  2FA5               	goto	l858
  1215     07B4                     u310:
  1216     07B4                     l864:
  1217     07B4  3001               	movlw	1
  1218     07B5                     u325:
  1219     07B5  1003               	clrc
  1220     07B6  0DF7               	rlf	___awdiv@quotient,f
  1221     07B7  0DF8               	rlf	___awdiv@quotient+1,f
  1222     07B8  3EFF               	addlw	-1
  1223     07B9  1D03               	skipz
  1224     07BA  2FB5               	goto	u325
  1225     07BB  0871               	movf	___awdiv@divisor+1,w
  1226     07BC  0273               	subwf	___awdiv@dividend+1,w
  1227     07BD  1D03               	skipz
  1228     07BE  2FC1               	goto	u335
  1229     07BF  0870               	movf	___awdiv@divisor,w
  1230     07C0  0272               	subwf	___awdiv@dividend,w
  1231     07C1                     u335:
  1232     07C1  1C03               	skipc
  1233     07C2  2FC4               	goto	u331
  1234     07C3  2FC5               	goto	u330
  1235     07C4                     u331:
  1236     07C4  2FCC               	goto	l870
  1237     07C5                     u330:
  1238     07C5                     l866:
  1239     07C5  0870               	movf	___awdiv@divisor,w
  1240     07C6  02F2               	subwf	___awdiv@dividend,f
  1241     07C7  0871               	movf	___awdiv@divisor+1,w
  1242     07C8  1C03               	skipc
  1243     07C9  03F3               	decf	___awdiv@dividend+1,f
  1244     07CA  02F3               	subwf	___awdiv@dividend+1,f
  1245     07CB                     l868:
  1246     07CB  1477               	bsf	___awdiv@quotient,0
  1247     07CC                     l870:
  1248     07CC  3001               	movlw	1
  1249     07CD                     u345:
  1250     07CD  1003               	clrc
  1251     07CE  0CF1               	rrf	___awdiv@divisor+1,f
  1252     07CF  0CF0               	rrf	___awdiv@divisor,f
  1253     07D0  3EFF               	addlw	-1
  1254     07D1  1D03               	skipz
  1255     07D2  2FCD               	goto	u345
  1256     07D3                     l872:
  1257     07D3  3001               	movlw	1
  1258     07D4  02F5               	subwf	___awdiv@counter,f
  1259     07D5  1D03               	btfss	3,2
  1260     07D6  2FD8               	goto	u351
  1261     07D7  2FD9               	goto	u350
  1262     07D8                     u351:
  1263     07D8  2FB4               	goto	l864
  1264     07D9                     u350:
  1265     07D9                     l874:
  1266     07D9  0876               	movf	___awdiv@sign,w
  1267     07DA  1903               	btfsc	3,2
  1268     07DB  2FDD               	goto	u361
  1269     07DC  2FDE               	goto	u360
  1270     07DD                     u361:
  1271     07DD  2FE3               	goto	l878
  1272     07DE                     u360:
  1273     07DE                     l876:
  1274     07DE  09F7               	comf	___awdiv@quotient,f
  1275     07DF  09F8               	comf	___awdiv@quotient+1,f
  1276     07E0  0AF7               	incf	___awdiv@quotient,f
  1277     07E1  1903               	skipnz
  1278     07E2  0AF8               	incf	___awdiv@quotient+1,f
  1279     07E3                     l878:
  1280     07E3  0878               	movf	___awdiv@quotient+1,w
  1281     07E4  00F1               	movwf	?___awdiv+1
  1282     07E5  0877               	movf	___awdiv@quotient,w
  1283     07E6  00F0               	movwf	?___awdiv
  1284     07E7                     l311:
  1285     07E7  0008               	return
  1286     07E8                     __end_of___awdiv:
  1287     007E                     btemp	set	126	;btemp
  1288     007E                     wtemp0	set	126
  1289                           
  1290                           	psect	idloc
  1291                           
  1292                           ;Config register IDLOC0 @ 0x2000
  1293                           ;	unspecified, using default values
  1294     2000                     	org	8192
  1295     2000  3FFF               	dw	16383
  1296                           
  1297                           ;Config register IDLOC1 @ 0x2001
  1298                           ;	unspecified, using default values
  1299     2001                     	org	8193
  1300     2001  3FFF               	dw	16383
  1301                           
  1302                           ;Config register IDLOC2 @ 0x2002
  1303                           ;	unspecified, using default values
  1304     2002                     	org	8194
  1305     2002  3FFF               	dw	16383
  1306                           
  1307                           ;Config register IDLOC3 @ 0x2003
  1308                           ;	unspecified, using default values
  1309     2003                     	org	8195
  1310     2003  3FFF               	dw	16383
  1311                           
  1312                           	psect	config
  1313                           
  1314                           ;Config register CONFIG1 @ 0x2007
  1315                           ;	Oscillator Selection bits
  1316                           ;	FOSC = INTRC_NOCLKOUT, INTOSCIO oscillator: I/O function on RA6/OSC2/CLKOUT pin, I/O f
      +                          unction on RA7/OSC1/CLKIN
  1317                           ;	Watchdog Timer Enable bit
  1318                           ;	WDTE = OFF, WDT disabled and can be enabled by SWDTEN bit of the WDTCON register
  1319                           ;	Power-up Timer Enable bit
  1320                           ;	PWRTE = ON, PWRT enabled
  1321                           ;	RE3/MCLR pin function select bit
  1322                           ;	MCLRE = ON, RE3/MCLR pin function is MCLR
  1323                           ;	Code Protection bit
  1324                           ;	CP = OFF, Program memory code protection is disabled
  1325                           ;	Data Code Protection bit
  1326                           ;	CPD = OFF, Data memory code protection is disabled
  1327                           ;	Brown Out Reset Selection bits
  1328                           ;	BOREN = OFF, BOR disabled
  1329                           ;	Internal External Switchover bit
  1330                           ;	IESO = ON, Internal/External Switchover mode is enabled
  1331                           ;	Fail-Safe Clock Monitor Enabled bit
  1332                           ;	FCMEN = ON, Fail-Safe Clock Monitor is enabled
  1333                           ;	Low Voltage Programming Enable bit
  1334                           ;	LVP = OFF, RB3 pin has digital I/O, HV on MCLR must be used for programming
  1335                           ;	In-Circuit Debugger Mode bit
  1336                           ;	DEBUG = 0x1, unprogrammed default
  1337     2007                     	org	8199
  1338     2007  2CE4               	dw	11492
  1339                           
  1340                           ;Config register CONFIG2 @ 0x2008
  1341                           ;	Brown-out Reset Selection bit
  1342                           ;	BOR4V = BOR40V, Brown-out Reset set to 4.0V
  1343                           ;	Flash Program Memory Self Write Enable bits
  1344                           ;	WRT = OFF, Write protection off
  1345     2008                     	org	8200
  1346     2008  3FFF               	dw	16383

Data Sizes:
    Strings     0
    Constant    0
    Data        3
    BSS         2
    Persistent  0
    Stack       0

Auto Spaces:
    Space          Size  Autos    Used
    COMMON           14     13      13
    BANK0            80      0       5
    BANK1            80      0       0
    BANK3            96      0       0
    BANK2            96      0       0

Pointer List with Targets:

    print@ptr	PTR unsigned char  size(1) Largest target is 3
		 -> display(BANK0[3]), 


Critical Paths under _main in COMMON

    _main->_count_display
    _enable->_delay
    _count_display->___awdiv

Critical Paths under _main in BANK0

    None.

Critical Paths under _main in BANK1

    None.

Critical Paths under _main in BANK3

    None.

Critical Paths under _main in BANK2

    None.

Call Graph Tables:

 ---------------------------------------------------------------------------------
 (Depth) Function   	        Calls       Base Space   Used Autos Params    Refs
 ---------------------------------------------------------------------------------
 (0) _main                                                 0     0      0    1521
                      _count_display
                             _enable
                              _print
 ---------------------------------------------------------------------------------
 (1) _print                                                4     4      0     353
                                              2 COMMON     4     4      0
                             _enable
 ---------------------------------------------------------------------------------
 (2) _enable                                               0     0      0     174
                              _delay
 ---------------------------------------------------------------------------------
 (3) _delay                                                2     0      2     174
                                              0 COMMON     2     0      2
 ---------------------------------------------------------------------------------
 (1) _count_display                                        4     4      0     994
                                              9 COMMON     4     4      0
                            ___awdiv
                            ___awmod
 ---------------------------------------------------------------------------------
 (2) ___awmod                                              7     3      4     448
                                              0 COMMON     7     3      4
 ---------------------------------------------------------------------------------
 (2) ___awdiv                                              9     5      4     452
                                              0 COMMON     9     5      4
 ---------------------------------------------------------------------------------
 Estimated maximum stack depth 3
 ---------------------------------------------------------------------------------

 Call Graph Graphs:

 _main (ROOT)
   _count_display
     ___awdiv
     ___awmod
   _enable
     _delay
   _print
     _enable

 Address spaces:
Name               Size   Autos  Total    Cost      Usage
BANK3               60      0       0       9        0.0%
BITBANK3            60      0       0       8        0.0%
SFR3                 0      0       0       4        0.0%
BITSFR3              0      0       0       4        0.0%
BANK2               60      0       0      11        0.0%
BITBANK2            60      0       0      10        0.0%
SFR2                 0      0       0       5        0.0%
BITSFR2              0      0       0       5        0.0%
BANK1               50      0       0       7        0.0%
BITBANK1            50      0       0       6        0.0%
SFR1                 0      0       0       2        0.0%
BITSFR1              0      0       0       2        0.0%
BANK0               50      0       5       5        6.2%
BITBANK0            50      0       0       4        0.0%
SFR0                 0      0       0       1        0.0%
BITSFR0              0      0       0       1        0.0%
COMMON               E      D       D       1       92.9%
BITCOMMON            E      0       0       0        0.0%
CODE                 0      0       0       0        0.0%
DATA                 0      0      12      12        0.0%
ABS                  0      0      12       3        0.0%
NULL                 0      0       0       0        0.0%
STACK                0      0       0       2        0.0%
EEDATA             100      0       0       0        0.0%


Microchip Technology PIC Macro Assembler V2.40 build 20220703182018 
Symbol Table                                                                                   Tue May 27 15:20:47 2025

                     l42 062D                       l51 0681                       l60 06D0  
                     l45 0646                       l49 0655                       l67 071E  
           ___awdiv@sign 0076                      l311 07E7                      l324 0780  
                    l900 074D                      l910 076C                      l902 0751  
                    l830 061F                      l840 0782                      l904 0755  
                    l912 0772                      l832 062E                      l920 0648  
                    l850 0796                      l842 0786                      l914 0777  
                    l906 075F                      l834 0631                      l930 0658  
                    l922 064B                      l860 07AC                      l852 079A  
                    l844 078B                      l916 077C                      l908 0765  
                    l828 061F                      l836 063A                      l940 0670  
                    l932 065B                      l924 064D                      l870 07CC  
                    l862 07B0                      l854 079C                      l846 078D  
                    l838 0781                      l950 06A6                      l934 0660  
                    l942 0676                      l926 0652                      l872 07D3  
                    l864 07B4                      l856 07A2                      l848 0791  
                    l952 06A9                      l944 0682                      l936 0663  
                    l928 0652                      l960 06D8                      l866 07C5  
                    l858 07A5                      l874 07D9                      l890 0734  
                    l882 0728                      l954 06AF                      l946 0687  
                    l938 066B                      l970 06F0                      l962 06DC  
                    l876 07DE                      l868 07CB                      l892 0738  
                    l884 0729                      l956 06C8                      l948 068D  
                    l980 0701                      l972 06F1                      l964 06E0  
                    l878 07E3                      l894 073D                      l886 072D  
                    l990 0718                      l982 0707                      l974 06F3  
                    l966 06E6                      l958 06D1                      l896 0743  
                    l888 0732                      l984 070D                      l976 06F8  
                    l968 06EE                      l898 0746                      l986 0711  
                    l978 06FC                      l988 0713                      _RB0 0030  
                    _RC0 0038                      _RE0 0048                      _RE1 0049  
                    u310 07B4                      u311 07B3                      u305 07A6  
                    u330 07C5                      u410 0755                      u331 07C4  
                    u411 0754                      u420 075F                      u260 062D  
                    u500 0724                      u325 07B5                      u421 075E  
                    u405 0747                      u261 062C                      u501 0723  
                    u350 07D9                      u270 0786                      u351 07D8  
                    u335 07C1                      u271 0785                      u360 07DE  
                    u280 0791                      u440 0772                      u361 07DD  
                    u345 07CD                      u281 0790                      u441 0771  
                    u425 075B                      u290 07A2                      u450 0777  
                    u370 072D                      u291 07A1                      u451 0776  
                    u435 0766                      u371 072C                      u380 0738  
                    u460 0681                      u381 0737                      u461 0680  
                    u390 0743                      u470 06A6                      u391 0742  
                    u471 06A5                      u480 06C8                      u481 06C7  
                    u490 0711                      u475 06A2                      u491 0710  
                    u485 06C4                      fsr0 0004                      indf 0000  
           ___awmod@sign 0076                     _TMR1 000E                     _main 06D1  
                   btemp 007E                     start 0000                    ?_main 0070  
        __end_of___awdiv 07E8          __end_of___awmod 0781                    _ANSEL 0188  
        ___awdiv@divisor 0070                    _T1CON 0010          ___awdiv@counter 0075  
                  _PORTB 0006                    _PORTC 0007                    _PORTD 0008  
                  _PORTE 0009                    _TRISB 0086                    _TRISC 0087  
                  _TRISD 0088                    _TRISE 0089                    _delay 061F  
                  _count 0023                    _print 0647                    status 0003  
                  wtemp0 007E          __initialization 07E8             __end_of_main 0728  
         count_display@j 0079           count_display@k 007B            _count_display 0682  
                 ??_main 007D                   ?_delay 0070         ___awdiv@dividend 0072  
                 ?_print 0070                   _ANSELH 0189                ??___awdiv 0074  
              ??___awmod 0074                   _enable 062E           ?_count_display 0070  
                 delay@t 0070         ___awdiv@quotient 0077          ___awmod@divisor 0070  
        ___awmod@counter 0075                   print@i 0074  __end_of__initialization 07FC  
         __pcstackCOMMON 0070             __pidataBANK0 061C            __end_of_delay 062E  
          __end_of_print 0682                  ??_delay 0072                  ??_print 0072  
             __pbssBANK0 0023               __pmaintext 06D1          ??_count_display 0079  
                ?_enable 0070                  ___awdiv 0781                  ___awmod 0728  
                __ptext1 0647                  __ptext2 062E                  __ptext3 061F  
                __ptext4 0682                  __ptext5 0728                  __ptext6 0781  
                _display 0020         ___awmod@dividend 0072     end_of_initialization 07FC  
         __end_of_enable 0647      start_initialization 07E8                 ??_enable 0072  
            __pdataBANK0 0020                ___latbits 0002                 ?___awdiv 0070  
               ?___awmod 0070    __end_of_count_display 06D1                 print@ptr 0073  
